T31E4 5240:066.909   SEGGER J-Link V7.52a Log File
T31E4 5240:066.977   DLL Compiled: Jul 28 2021 11:08:12
T31E4 5240:067.002   Logging started @ 2023-03-15 19:37
T31E4 5240:067.024 - 51174.214ms
T31E4 5240:075.329 JLINK_ExecCommand("Device = AT91SAM4SD32C", ...). 
T31E4 5240:075.978   Device "ATSAM4SD32C" selected.
T31E4 5240:076.438 - 1.070ms returns 0x00
T31E4 5240:113.422 JLINK_TIF_Select(JLINKARM_TIF_JTAG)
T31E4 5240:114.760 - 1.364ms returns 0x00
T31E4 5240:114.804 JLINK_ConfigJTAG(IRPre = 0, DRPre = 0)
T31E4 5240:114.857 - 0.067ms
T31E4 5240:114.886 JLINK_SetSpeed(4000)
T31E4 5240:115.028 - 0.165ms
T31E4 5240:115.070 JLINK_ResetPullsRESET(OFF)
T31E4 5240:115.094 - 0.035ms
T31E4 5240:115.119 JLINK_Connect()
T31E4 5240:116.863   TotalIRLen = 4, IRPrint = 0x01
T31E4 5240:117.523   JTAG chain detection found 1 devices:
T31E4 5240:117.548    #0 Id: 0x4BA00477, IRLen: 04, CoreSight JTAG-DP
T31E4 5240:122.118   Old FW that does not support reading DPIDR via DAP jobs
T31E4 5240:125.971   DPv0 detected
T31E4 5240:126.008   Scanning AP map to find all available APs
T31E4 5240:128.706   AP[1]: Stopped AP scan as end of AP map has been reached
T31E4 5240:128.733   AP[0]: AHB-AP (IDR: 0x24770011)
T31E4 5240:128.778   Iterating through AP map to find AHB-AP to use
T31E4 5240:133.297   AP[0]: Core found
T31E4 5240:133.328   AP[0]: AHB-AP ROM base: 0xE00FF000
T31E4 5240:135.549   CPUID register: 0x410FC241. Implementer code: 0x41 (ARM)
T31E4 5240:135.576   Found Cortex-M4 r0p1, Little endian.
T31E4 5240:135.980   -- Max. mem block: 0x000023B8
T31E4 5240:136.097   CPU_ReadMem(4 bytes @ 0xE000EDF0)
T31E4 5240:139.689   CPU_WriteMem(4 bytes @ 0xE000EDF0)
T31E4 5240:140.156   CPU_ReadMem(4 bytes @ 0xE0002000)
T31E4 5240:140.776   FPUnit: 6 code (BP) slots and 2 literal slots
T31E4 5240:140.795   CPU_ReadMem(4 bytes @ 0xE000EDFC)
T31E4 5240:141.334   CPU_WriteMem(4 bytes @ 0xE000EDFC)
T31E4 5240:141.813   CPU_ReadMem(4 bytes @ 0xE0001000)
T31E4 5240:142.327   CPU_WriteMem(4 bytes @ 0xE0001000)
T31E4 5240:142.784   CPU_ReadMem(4 bytes @ 0xE000ED88)
T31E4 5240:143.312   CPU_WriteMem(4 bytes @ 0xE000ED88)
T31E4 5240:143.767   CPU_ReadMem(4 bytes @ 0xE000ED88)
T31E4 5240:144.265   CPU_WriteMem(4 bytes @ 0xE000ED88)
T31E4 5240:144.728   CoreSight components:
T31E4 5240:144.754   ROMTbl[0] @ E00FF000
T31E4 5240:144.768   CPU_ReadMem(64 bytes @ 0xE00FF000)
T31E4 5240:145.565   CPU_ReadMem(32 bytes @ 0xE000EFE0)
T31E4 5240:146.250   ROMTbl[0][0]: E000E000, CID: B105E00D, PID: 000BB000 SCS
T31E4 5240:146.285   CPU_ReadMem(32 bytes @ 0xE0001FE0)
T31E4 5240:146.951   ROMTbl[0][1]: E0001000, CID: B105E00D, PID: 003BB002 DWT
T31E4 5240:146.984   CPU_ReadMem(32 bytes @ 0xE0002FE0)
T31E4 5240:147.670   ROMTbl[0][2]: E0002000, CID: B105E00D, PID: 002BB003 FPB
T31E4 5240:147.707   CPU_ReadMem(32 bytes @ 0xE0000FE0)
T31E4 5240:148.419   ROMTbl[0][3]: E0000000, CID: B105E00D, PID: 003BB001 ITM
T31E4 5240:148.439   CPU_ReadMem(32 bytes @ 0xE0040FE0)
T31E4 5240:149.183   ROMTbl[0][4]: E0040000, CID: B105900D, PID: 000BB9A1 TPIU
T31E4 5240:149.236 - 34.121ms returns 0x00
T31E4 5240:149.329 JLINK_Halt()
T31E4 5240:152.736 - 3.438ms returns 0x00
T31E4 5240:152.889 JLINK_BeginDownload(Flags = 0x00000000)
T31E4 5240:152.917 - 0.032ms
T31E4 5240:152.940 JLINK_WriteMem(0x400E0A04, 0x4 Bytes, ...)
T31E4 5240:152.950   Data:  0B 01 00 5A
T31E4 5240:153.529   CPU_WriteMem(4 bytes @ 0x400E0A04)
T31E4 5240:154.034 - 1.117ms returns 0x4
T31E4 5240:154.092 JLINK_EndDownload()
T31E4 5240:154.121 - 0.032ms returns 0 (0x0)
T31E4 5240:154.131 JLINK_ReadMemHW(0x400E0A08, 0x0004 Bytes, ...)
T31E4 5240:154.143   CPU_ReadMem(4 bytes @ 0x400E0A08)
T31E4 5240:154.745   Data:  01 00 00 00
T31E4 5240:154.764 - 0.636ms returns 0
T31E4 5240:154.795 JLINK_BeginDownload(Flags = 0x00000000)
T31E4 5240:154.805 - 0.014ms
T31E4 5240:154.826 JLINK_WriteMem(0x400E0A04, 0x4 Bytes, ...)
T31E4 5240:154.835   Data:  0C 02 00 5A
T31E4 5240:154.853   CPU_WriteMem(4 bytes @ 0x400E0A04)
T31E4 5240:155.318 - 0.502ms returns 0x4
T31E4 5240:155.395 JLINK_EndDownload()
T31E4 5240:155.409 - 0.018ms returns 0 (0x0)
T31E4 5240:155.419 JLINK_ReadMemHW(0x400E0A08, 0x0004 Bytes, ...)
T31E4 5240:155.430   CPU_ReadMem(4 bytes @ 0x400E0A08)
T31E4 5240:155.976   Data:  01 00 00 00
T31E4 5240:155.995 - 0.580ms returns 0
T31E4 5240:156.057 JLINK_SetResetType(JLINKARM_CM3_RESET_TYPE_NORMAL)
T31E4 5240:156.068 - 0.014ms returns JLINKARM_CM3_RESET_TYPE_NORMAL
T31E4 5240:156.078 JLINK_Reset()
T31E4 5240:156.468   CPU_ReadMem(16 bytes @ 0x20000000)
T31E4 5240:157.057   CPU_WriteMem(16 bytes @ 0x20000000)
T31E4 5240:157.632   CPU_ReadMem(4 bytes @ 0xE000EDFC)
T31E4 5240:158.197   CPU_WriteMem(4 bytes @ 0xE000EDFC)
T31E4 5240:158.671   CPU_ReadMem(4 bytes @ 0xE0001000)
T31E4 5240:174.306   CPU_WriteMem(4 bytes @ 0xE000EDFC)
T31E4 5240:174.715   CPU_WriteMem(16 bytes @ 0x20000000)
T31E4 5240:178.392   CPU_WriteMem(4 bytes @ 0xE0002000)
T31E4 5240:178.822   CPU_ReadMem(4 bytes @ 0xE000EDFC)
T31E4 5240:179.350   CPU_ReadMem(4 bytes @ 0xE0001000)
T31E4 5240:179.929 - 23.861ms
T31E4 5240:180.967 JLINK_JTAG_GetDeviceID(DeviceIndex = 0)
T31E4 5240:180.983 - 0.019ms returns 1268778103
T31E4 5240:180.994 JLINK_ReadMemU32(0x400E0740, 0x1 Items)
T31E4 5240:181.009   CPU_ReadMem(4 bytes @ 0x400E0740)
T31E4 5240:181.514   Data:  E0 0E A7 29
T31E4 5240:181.532 - 0.542ms returns 1 (0x1)
T31E4 5240:181.563 JLINK_ReadMemU32(0x400E0744, 0x1 Items)
T31E4 5240:181.577   CPU_ReadMem(4 bytes @ 0x400E0744)
T31E4 5240:182.099   Data:  00 00 00 00
T31E4 5240:182.117 - 0.558ms returns 1 (0x1)
T31E4 5240:182.174 JLINK_BeginDownload(Flags = 0x00000000)
T31E4 5240:182.184 - 0.014ms
T31E4 5240:182.221 JLINK_WriteMem(0x400E0A04, 0x4 Bytes, ...)
T31E4 5240:182.231   Data:  05 00 00 5A
T31E4 5240:182.248   CPU_WriteMem(4 bytes @ 0x400E0A04)
T31E4 5240:182.715 - 0.504ms returns 0x4
T31E4 5240:182.762 JLINK_WriteMem(0x400E0C04, 0x4 Bytes, ...)
T31E4 5240:182.773   Data:  05 00 00 5A
T31E4 5240:182.790   CPU_WriteMem(4 bytes @ 0x400E0C04)
T31E4 5240:183.242 - 0.489ms returns 0x4
T31E4 5240:183.280 JLINK_EndDownload()
T31E4 5240:183.291 - 0.015ms returns 0 (0x0)
T31E4 5240:183.302 JLINK_ReadMemHW(0x400E0A08, 0x0004 Bytes, ...)
T31E4 5240:183.312   CPU_ReadMem(4 bytes @ 0x400E0A08)
T31E4 5240:183.826   Data:  00 00 00 00
T31E4 5240:183.844 - 0.547ms returns 0
T31E4 5240:185.069 JLINK_ReadMemHW(0x400E0A08, 0x0004 Bytes, ...)
T31E4 5240:185.112   CPU_ReadMem(4 bytes @ 0x400E0A08)
T31E4 5240:185.767   Data:  00 00 00 00
T31E4 5240:185.802 - 0.737ms returns 0
T4430 5240:193.891 JLINK_IsHalted()
T4430 5240:193.941 - 0.054ms returns TRUE
T4430 5240:193.956 JLINK_GetMOEs(...)
T4430 5240:193.969   CPU_ReadMem(4 bytes @ 0xE000ED30)
T4430 5240:194.653 - 0.722ms returns 0x01
T4430 5240:194.695 JLINK_ReadReg(R15 (PC))
T4430 5240:194.720 - 0.048ms returns 0x004008D8
T31E4 5240:194.754 JLINK_ReadMemHW(0x400E0A08, 0x0004 Bytes, ...)
T31E4 5240:194.794   CPU_ReadMem(4 bytes @ 0x400E0A08)
T31E4 5240:195.534   Data:  00 00 00 00
T31E4 5240:195.568 - 0.818ms returns 0
T31E4 5240:212.420 JLINK_ReadMemHW(0x400E0A08, 0x0004 Bytes, ...)
T31E4 5240:212.461   CPU_ReadMem(4 bytes @ 0x400E0A08)
T31E4 5240:213.251   Data:  00 00 00 00
T31E4 5240:213.284 - 0.869ms returns 0
T31E4 5240:277.163 JLINK_ReadMemHW(0x400E0A08, 0x0004 Bytes, ...)
T31E4 5240:277.266   CPU_ReadMem(4 bytes @ 0x400E0A08)
T31E4 5240:277.882   Data:  00 00 00 00
T31E4 5240:277.927 - 0.769ms returns 0
T4430 5240:395.806 JLINK_IsHalted()
T4430 5240:395.852 - 0.050ms returns TRUE
T31E4 5240:535.179 JLINK_ReadMemHW(0x400E0A08, 0x0004 Bytes, ...)
T31E4 5240:535.253   CPU_ReadMem(4 bytes @ 0x400E0A08)
T31E4 5240:535.802   Data:  00 00 00 00
T31E4 5240:535.831 - 0.657ms returns 0
T4430 5240:596.590 JLINK_IsHalted()
T4430 5240:596.623 - 0.038ms returns TRUE
T4430 5240:800.540 JLINK_IsHalted()
T4430 5240:801.222 - 0.706ms returns TRUE
T4430 5241:003.880 JLINK_IsHalted()
T4430 5241:003.913 - 0.051ms returns TRUE
T4430 5241:203.918 JLINK_IsHalted()
T4430 5241:203.981 - 0.067ms returns TRUE
T4430 5241:405.092 JLINK_IsHalted()
T4430 5241:405.811 - 0.746ms returns TRUE
T31E4 5241:535.672 JLINK_ReadMemHW(0x400E0A08, 0x0004 Bytes, ...)
T31E4 5241:535.717   CPU_ReadMem(4 bytes @ 0x400E0A08)
T31E4 5241:536.299   Data:  00 00 00 00
T31E4 5241:536.323 - 0.656ms returns 0
T31E4 5241:536.409 JLINK_ReadMemHW(0x400E0C08, 0x0004 Bytes, ...)
T31E4 5241:536.425   CPU_ReadMem(4 bytes @ 0x400E0C08)
T31E4 5241:536.919   Data:  00 00 00 00
T31E4 5241:536.942 - 0.538ms returns 0
T31E4 5241:543.274 JLINK_ReadMemHW(0x400E0C08, 0x0004 Bytes, ...)
T31E4 5241:543.306   CPU_ReadMem(4 bytes @ 0x400E0C08)
T31E4 5241:543.814   Data:  00 00 00 00
T31E4 5241:543.836 - 0.565ms returns 0
T31E4 5241:549.081 JLINK_ReadMemHW(0x400E0C08, 0x0004 Bytes, ...)
T31E4 5241:549.121   CPU_ReadMem(4 bytes @ 0x400E0C08)
T31E4 5241:549.635   Data:  00 00 00 00
T31E4 5241:549.651 - 0.574ms returns 0
T31E4 5241:565.808 JLINK_ReadMemHW(0x400E0C08, 0x0004 Bytes, ...)
T31E4 5241:565.853   CPU_ReadMem(4 bytes @ 0x400E0C08)
T31E4 5241:566.577   Data:  00 00 00 00
T31E4 5241:566.611 - 0.807ms returns 0
T4430 5241:607.802 JLINK_IsHalted()
T4430 5241:607.848 - 0.050ms returns TRUE
T31E4 5241:633.942 JLINK_ReadMemHW(0x400E0C08, 0x0004 Bytes, ...)
T31E4 5241:633.985   CPU_ReadMem(4 bytes @ 0x400E0C08)
T31E4 5241:634.828   Data:  00 00 00 00
T31E4 5241:634.862 - 0.924ms returns 0
T4430 5241:807.919 JLINK_IsHalted()
T4430 5241:807.970 - 0.056ms returns TRUE
T31E4 5241:891.196 JLINK_ReadMemHW(0x400E0C08, 0x0004 Bytes, ...)
T31E4 5241:891.251   CPU_ReadMem(4 bytes @ 0x400E0C08)
T31E4 5241:892.074   Data:  00 00 00 00
T31E4 5241:892.107 - 0.914ms returns 0
T4430 5242:010.186 JLINK_IsHalted()
T4430 5242:010.992 - 0.845ms returns TRUE
T4430 5242:211.737 JLINK_IsHalted()
T4430 5242:211.783 - 0.053ms returns TRUE
T4430 5242:411.829 JLINK_IsHalted()
T4430 5242:411.878 - 0.054ms returns TRUE
T4430 5242:613.939 JLINK_IsHalted()
T4430 5242:614.586 - 0.679ms returns TRUE
T4430 5242:814.655 JLINK_IsHalted()
T4430 5242:814.688 - 0.037ms returns TRUE
T31E4 5242:893.819 JLINK_ReadMemHW(0x400E0C08, 0x0004 Bytes, ...)
T31E4 5242:893.861   CPU_ReadMem(4 bytes @ 0x400E0C08)
T31E4 5242:894.681   Data:  00 00 00 00
T31E4 5242:894.714 - 0.900ms returns 0
T31E4 5242:894.811 JLINK_ReadMemHW(0x400E0A08, 0x0004 Bytes, ...)
T31E4 5242:894.836   CPU_ReadMem(4 bytes @ 0x400E0A08)
T31E4 5242:895.419   Data:  00 00 00 00
T31E4 5242:895.444 - 0.637ms returns 0
T31E4 5242:895.950 JLINK_ReadMemHW(0x400E0A08, 0x0004 Bytes, ...)
T31E4 5242:895.994   CPU_ReadMem(4 bytes @ 0x400E0A08)
T31E4 5242:896.817   Data:  00 00 00 00
T31E4 5242:896.850 - 0.904ms returns 0
T31E4 5242:903.296 JLINK_ReadMemHW(0x400E0A08, 0x0004 Bytes, ...)
T31E4 5242:903.337   CPU_ReadMem(4 bytes @ 0x400E0A08)
T31E4 5242:904.150   Data:  00 00 00 00
T31E4 5242:904.184 - 0.892ms returns 0
T31E4 5242:920.193 JLINK_ReadMemHW(0x400E0A08, 0x0004 Bytes, ...)
T31E4 5242:920.248   CPU_ReadMem(4 bytes @ 0x400E0A08)
T31E4 5242:921.075   Data:  00 00 00 00
T31E4 5242:921.108 - 0.919ms returns 0
T31E4 5242:985.172 JLINK_ReadMemHW(0x400E0A08, 0x0004 Bytes, ...)
T31E4 5242:985.213   CPU_ReadMem(4 bytes @ 0x400E0A08)
T31E4 5242:985.964   Data:  00 00 00 00
T31E4 5242:985.996 - 0.828ms returns 0
T4430 5243:015.563 JLINK_IsHalted()
T4430 5243:015.609 - 0.050ms returns TRUE
T4430 5243:216.081 JLINK_IsHalted()
T4430 5243:216.815 - 0.825ms returns TRUE
T31E4 5243:242.273 JLINK_ReadMemHW(0x400E0A08, 0x0004 Bytes, ...)
T31E4 5243:242.313   CPU_ReadMem(4 bytes @ 0x400E0A08)
T31E4 5243:243.108   Data:  00 00 00 00
T31E4 5243:243.142 - 0.873ms returns 0
T4430 5243:419.855 JLINK_IsHalted()
T4430 5243:419.914 - 0.063ms returns TRUE
T4430 5243:620.214 JLINK_IsHalted()
T4430 5243:620.248 - 0.038ms returns TRUE
T4430 5243:823.638 JLINK_IsHalted()
T4430 5243:824.219 - 0.615ms returns TRUE
T4430 5244:024.739 JLINK_IsHalted()
T4430 5244:024.802 - 0.066ms returns TRUE
T4430 5244:225.152 JLINK_IsHalted()
T4430 5244:225.199 - 0.050ms returns TRUE
T31E4 5244:243.885 JLINK_ReadMemHW(0x400E0A08, 0x0004 Bytes, ...)
T31E4 5244:243.998   CPU_ReadMem(4 bytes @ 0x400E0A08)
T31E4 5244:244.796   Data:  00 00 00 00
T31E4 5244:244.830 - 0.948ms returns 0
T31E4 5244:244.926 JLINK_ReadMemHW(0x400E0C08, 0x0004 Bytes, ...)
T31E4 5244:244.946   CPU_ReadMem(4 bytes @ 0x400E0C08)
T31E4 5244:245.533   Data:  00 00 00 00
T31E4 5244:245.556 - 0.634ms returns 0
T31E4 5244:246.065 JLINK_ReadMemHW(0x400E0C08, 0x0004 Bytes, ...)
T31E4 5244:246.119   CPU_ReadMem(4 bytes @ 0x400E0C08)
T31E4 5244:246.996   Data:  00 00 00 00
T31E4 5244:247.029 - 0.969ms returns 0
T31E4 5244:251.422 JLINK_ReadMemHW(0x400E0C08, 0x0004 Bytes, ...)
T31E4 5244:251.498   CPU_ReadMem(4 bytes @ 0x400E0C08)
T31E4 5244:252.342   Data:  01 00 00 00
T31E4 5244:252.409 - 0.991ms returns 0
T31E4 5244:252.464 JLINK_ReadMemHW(0x400E0A08, 0x0004 Bytes, ...)
T31E4 5244:252.481   CPU_ReadMem(4 bytes @ 0x400E0A08)
T31E4 5244:253.327   Data:  00 00 00 00
T31E4 5244:253.364 - 0.903ms returns 0
T31E4 5244:254.648 JLINK_ReadMemHW(0x400E0A08, 0x0004 Bytes, ...)
T31E4 5244:254.709   CPU_ReadMem(4 bytes @ 0x400E0A08)
T31E4 5244:255.529   Data:  00 00 00 00
T31E4 5244:255.576 - 0.931ms returns 0
T31E4 5244:261.645 JLINK_ReadMemHW(0x400E0A08, 0x0004 Bytes, ...)
T31E4 5244:261.740   CPU_ReadMem(4 bytes @ 0x400E0A08)
T31E4 5244:262.605   Data:  00 00 00 00
T31E4 5244:262.639 - 0.997ms returns 0
T31E4 5244:278.787 JLINK_ReadMemHW(0x400E0A08, 0x0004 Bytes, ...)
T31E4 5244:278.849   CPU_ReadMem(4 bytes @ 0x400E0A08)
T31E4 5244:279.428   Data:  00 00 00 00
T31E4 5244:279.471 - 0.687ms returns 0
T31E4 5244:343.596 JLINK_ReadMemHW(0x400E0A08, 0x0004 Bytes, ...)
T31E4 5244:343.663   CPU_ReadMem(4 bytes @ 0x400E0A08)
T31E4 5244:344.475   Data:  00 00 00 00
T31E4 5244:344.508 - 0.916ms returns 0
T4430 5244:426.187 JLINK_IsHalted()
T4430 5244:426.990 - 0.827ms returns TRUE
T31E4 5244:602.085 JLINK_ReadMemHW(0x400E0A08, 0x0004 Bytes, ...)
T31E4 5244:602.140   CPU_ReadMem(4 bytes @ 0x400E0A08)
T31E4 5244:602.980   Data:  00 00 00 00
T31E4 5244:603.014 - 0.933ms returns 0
T4430 5244:628.030 JLINK_IsHalted()
T4430 5244:628.076 - 0.050ms returns TRUE
T4430 5244:833.272 JLINK_IsHalted()
T4430 5244:833.319 - 0.051ms returns TRUE
T4430 5245:033.790 JLINK_IsHalted()
T4430 5245:034.505 - 0.742ms returns TRUE
T4430 5245:235.457 JLINK_IsHalted()
T4430 5245:235.485 - 0.032ms returns TRUE
T4430 5245:435.603 JLINK_IsHalted()
T4430 5245:435.636 - 0.037ms returns TRUE
T31E4 5245:602.164 JLINK_ReadMemHW(0x400E0A08, 0x0004 Bytes, ...)
T31E4 5245:602.217   CPU_ReadMem(4 bytes @ 0x400E0A08)
T31E4 5245:603.039   Data:  01 00 00 00
T31E4 5245:603.072 - 0.912ms returns 0
T4430 5245:636.134 JLINK_IsHalted()
T4430 5245:636.883 - 0.774ms returns TRUE
T31E4 5245:637.826 JLINK_ResetPullsRESET(ON)
T31E4 5245:637.875 - 0.056ms
T31E4 5245:637.892 JLINK_ResetNoHalt()
T31E4 5245:639.509   TotalIRLen = 4, IRPrint = 0x01
T31E4 5245:640.333   JTAG chain detection found 1 devices:
T31E4 5245:640.389    #0 Id: 0x4BA00477, IRLen: 04, CoreSight JTAG-DP
T31E4 5245:645.273   Old FW that does not support reading DPIDR via DAP jobs
T31E4 5245:648.740   DPv0 detected
T31E4 5245:648.766   AP map detection skipped. Manually configured AP map found.
T31E4 5245:648.787   AP[0]: AHB-AP (IDR: Not set)
T31E4 5245:653.127   AP[0]: Core found
T31E4 5245:653.151   AP[0]: AHB-AP ROM base: 0xE00FF000
T31E4 5245:655.463   CPUID register: 0x410FC241. Implementer code: 0x41 (ARM)
T31E4 5245:655.486   Found Cortex-M4 r0p1, Little endian.
T31E4 5245:655.668   -- Max. mem block: 0x00001F48
T31E4 5245:655.690   CPU_ReadMem(4 bytes @ 0xE000EDF0)
T31E4 5245:656.148   CPU_ReadMem(4 bytes @ 0xE0002000)
T31E4 5245:656.690   FPUnit: 6 code (BP) slots and 2 literal slots
T31E4 5245:656.706   CPU_ReadMem(4 bytes @ 0xE000EDFC)
T31E4 5245:657.181   CPU_ReadMem(4 bytes @ 0xE0001000)
T31E4 5245:657.724   CPU_ReadMem(4 bytes @ 0xE000ED88)
T31E4 5245:658.250   CPU_WriteMem(4 bytes @ 0xE000ED88)
T31E4 5245:658.717   CPU_ReadMem(4 bytes @ 0xE000ED88)
T31E4 5245:659.188   CPU_WriteMem(4 bytes @ 0xE000ED88)
T31E4 5245:659.647   CoreSight components:
T31E4 5245:659.670   ROMTbl[0] @ E00FF000
T31E4 5245:659.699   CPU_ReadMem(64 bytes @ 0xE00FF000)
T31E4 5245:660.899   CPU_ReadMem(32 bytes @ 0xE000EFE0)
T31E4 5245:661.642   ROMTbl[0][0]: E000E000, CID: B105E00D, PID: 000BB000 SCS
T31E4 5245:661.659   CPU_WriteMem(4 bytes @ 0xE0001000)
T31E4 5245:662.056   CPU_ReadMem(32 bytes @ 0xE0001FE0)
T31E4 5245:662.808   ROMTbl[0][1]: E0001000, CID: B105E00D, PID: 003BB002 DWT
T31E4 5245:662.827   CPU_ReadMem(32 bytes @ 0xE0002FE0)
T31E4 5245:663.513   ROMTbl[0][2]: E0002000, CID: B105E00D, PID: 002BB003 FPB
T31E4 5245:663.532   CPU_ReadMem(32 bytes @ 0xE0000FE0)
T31E4 5245:664.334   ROMTbl[0][3]: E0000000, CID: B105E00D, PID: 003BB001 ITM
T31E4 5245:664.358   CPU_ReadMem(32 bytes @ 0xE0040FE0)
T31E4 5245:665.040   ROMTbl[0][4]: E0040000, CID: B105900D, PID: 000BB9A1 TPIU
T31E4 5245:665.064   JLINK_Reset()
T31E4 5245:665.191     CPU_ReadMem(16 bytes @ 0x20000000)
T31E4 5245:665.760     CPU_WriteMem(16 bytes @ 0x20000000)
T31E4 5245:666.342     CPU_ReadMem(4 bytes @ 0xE000EDFC)
T31E4 5245:666.864     CPU_WriteMem(4 bytes @ 0xE000EDFC)
T31E4 5245:667.314     CPU_ReadMem(4 bytes @ 0xE0001000)
T31E4 5245:667.829     CPU_WriteMem(4 bytes @ 0xE0001004)
T31E4 5245:683.132     CPU_WriteMem(4 bytes @ 0xE000EDFC)
T31E4 5245:683.795     CPU_WriteMem(16 bytes @ 0x20000000)
T31E4 5245:688.307     CPU_WriteMem(4 bytes @ 0xE0002000)
T31E4 5245:689.088     CPU_ReadMem(4 bytes @ 0xE000EDFC)
T31E4 5245:689.861     CPU_ReadMem(4 bytes @ 0xE0001000)
T31E4 5245:690.690   - 25.651ms
T31E4 5245:690.724   JLINK_Go()
T31E4 5245:690.737     CPU_ReadMem(4 bytes @ 0xE0001000)
T31E4 5245:691.545     CPU_WriteMem(4 bytes @ 0xE0001004)
T31E4 5245:693.067   - 2.367ms
T31E4 5245:693.098 - 55.209ms
T31E4 5245:693.422 JLINK_TIF_Select(JLINKARM_TIF_JTAG)
T31E4 5245:693.443 - 0.027ms returns 0x00
T31E4 5245:693.460 JLINK_ConfigJTAG(IRPre = 0, DRPre = 0)
T31E4 5245:693.477 - 0.022ms
T31E4 5245:693.489 JLINK_SetSpeed(4000)
T31E4 5245:693.680 - 0.219ms
T31E4 5245:693.718 JLINK_ResetPullsRESET(OFF)
T31E4 5245:693.727 - 0.012ms
T31E4 5245:693.736 JLINK_Connect()
T31E4 5245:695.156   TotalIRLen = 4, IRPrint = 0x01
T31E4 5245:696.092   JTAG chain detection found 1 devices:
T31E4 5245:696.148    #0 Id: 0x4BA00477, IRLen: 04, CoreSight JTAG-DP
T31E4 5245:702.224   Old FW that does not support reading DPIDR via DAP jobs
T31E4 5245:706.049   DPv0 detected
T31E4 5245:706.080   AP map detection skipped. Manually configured AP map found.
T31E4 5245:706.101   AP[0]: AHB-AP (IDR: Not set)
T31E4 5245:710.549   AP[0]: Core found
T31E4 5245:710.573   AP[0]: AHB-AP ROM base: 0xE00FF000
T31E4 5245:712.842   CPUID register: 0x410FC241. Implementer code: 0x41 (ARM)
T31E4 5245:712.867   Found Cortex-M4 r0p1, Little endian.
T31E4 5245:713.052   -- Max. mem block: 0x00001F48
T31E4 5245:713.072   CPU_ReadMem(4 bytes @ 0xE000EDF0)
T31E4 5245:713.588   CPU_ReadMem(4 bytes @ 0xE0002000)
T31E4 5245:714.127   FPUnit: 6 code (BP) slots and 2 literal slots
T31E4 5245:714.144   CPU_ReadMem(4 bytes @ 0xE000EDFC)
T31E4 5245:714.674   CPU_ReadMem(4 bytes @ 0xE0001000)
T31E4 5245:715.144   CPU_WriteMem(4 bytes @ 0xE0001000)
T31E4 5245:715.570   CPU_ReadMem(4 bytes @ 0xE000ED88)
T31E4 5245:716.060   CPU_WriteMem(4 bytes @ 0xE000ED88)
T31E4 5245:716.542   CPU_ReadMem(4 bytes @ 0xE000ED88)
T31E4 5245:717.062   CPU_WriteMem(4 bytes @ 0xE000ED88)
T31E4 5245:717.506   CoreSight components:
T31E4 5245:717.529   ROMTbl[0] @ E00FF000
T31E4 5245:717.559   CPU_ReadMem(64 bytes @ 0xE00FF000)
T31E4 5245:718.760   CPU_ReadMem(32 bytes @ 0xE000EFE0)
T31E4 5245:719.457   ROMTbl[0][0]: E000E000, CID: B105E00D, PID: 000BB000 SCS
T31E4 5245:719.474   CPU_ReadMem(32 bytes @ 0xE0001FE0)
T31E4 5245:720.133   ROMTbl[0][1]: E0001000, CID: B105E00D, PID: 003BB002 DWT
T31E4 5245:720.152   CPU_ReadMem(32 bytes @ 0xE0002FE0)
T31E4 5245:720.894   ROMTbl[0][2]: E0002000, CID: B105E00D, PID: 002BB003 FPB
T31E4 5245:720.914   CPU_ReadMem(32 bytes @ 0xE0000FE0)
T31E4 5245:721.704   ROMTbl[0][3]: E0000000, CID: B105E00D, PID: 003BB001 ITM
T31E4 5245:721.724   CPU_ReadMem(32 bytes @ 0xE0040FE0)
T31E4 5245:722.547   ROMTbl[0][4]: E0040000, CID: B105900D, PID: 000BB9A1 TPIU
T31E4 5245:722.568 - 28.836ms returns 0x00
T31E4 5245:722.616 JLINK_Halt()
T31E4 5245:725.982 - 3.383ms returns 0x00
T31E4 5245:726.129 JLINK_BeginDownload(Flags = 0x00000000)
T31E4 5245:726.142 - 0.017ms
T31E4 5245:726.168 JLINK_WriteMem(0x400E0A04, 0x4 Bytes, ...)
T31E4 5245:726.178   Data:  0B 01 00 5A
T31E4 5245:726.343   CPU_WriteMem(4 bytes @ 0x400E0A04)
T31E4 5245:726.918 - 0.762ms returns 0x4
T31E4 5245:726.967 JLINK_EndDownload()
T31E4 5245:726.978 - 0.015ms returns 0 (0x0)
T31E4 5245:726.989 JLINK_ReadMemHW(0x400E0A08, 0x0004 Bytes, ...)
T31E4 5245:727.000   CPU_ReadMem(4 bytes @ 0x400E0A08)
T31E4 5245:727.587   Data:  01 00 00 00
T31E4 5245:727.622 - 0.637ms returns 0
T31E4 5245:727.659 JLINK_BeginDownload(Flags = 0x00000000)
T31E4 5245:727.669 - 0.013ms
T31E4 5245:727.692 JLINK_WriteMem(0x400E0A04, 0x4 Bytes, ...)
T31E4 5245:727.701   Data:  0C 02 00 5A
T31E4 5245:727.719   CPU_WriteMem(4 bytes @ 0x400E0A04)
T31E4 5245:728.167 - 0.485ms returns 0x4
T31E4 5245:728.207 JLINK_EndDownload()
T31E4 5245:728.218 - 0.014ms returns 0 (0x0)
T31E4 5245:728.228 JLINK_ReadMemHW(0x400E0A08, 0x0004 Bytes, ...)
T31E4 5245:728.239   CPU_ReadMem(4 bytes @ 0x400E0A08)
T31E4 5245:728.895   Data:  01 00 00 00
T31E4 5245:728.911 - 0.687ms returns 0
T31E4 5245:728.941 JLINK_SetResetType(JLINKARM_CM3_RESET_TYPE_NORMAL)
T31E4 5245:728.951 - 0.013ms returns JLINKARM_CM3_RESET_TYPE_NORMAL
T31E4 5245:728.961 JLINK_Reset()
T31E4 5245:728.973   CPU_ReadMem(16 bytes @ 0x20000000)
T31E4 5245:729.665   CPU_WriteMem(16 bytes @ 0x20000000)
T31E4 5245:730.313   CPU_ReadMem(4 bytes @ 0xE000EDFC)
T31E4 5245:730.940   CPU_WriteMem(4 bytes @ 0xE000EDFC)
T31E4 5245:731.507   CPU_ReadMem(4 bytes @ 0xE0001000)
T31E4 5245:747.564   CPU_WriteMem(4 bytes @ 0xE000EDFC)
T31E4 5245:748.365   CPU_WriteMem(16 bytes @ 0x20000000)
T31E4 5245:752.917   CPU_WriteMem(4 bytes @ 0xE0002000)
T31E4 5245:753.617   CPU_ReadMem(4 bytes @ 0xE000EDFC)
T31E4 5245:754.410   CPU_ReadMem(4 bytes @ 0xE0001000)
T31E4 5245:755.240 - 26.304ms
T31E4 5245:756.744 JLINK_JTAG_GetDeviceID(DeviceIndex = 0)
T31E4 5245:756.788 - 0.052ms returns 1268778103
T31E4 5245:756.809 JLINK_ReadMemU32(0x400E0740, 0x1 Items)
T31E4 5245:756.841   CPU_ReadMem(4 bytes @ 0x400E0740)
T31E4 5245:757.377   Data:  E0 0E A7 29
T31E4 5245:757.396 - 0.590ms returns 1 (0x1)
T31E4 5245:757.426 JLINK_ReadMemU32(0x400E0744, 0x1 Items)
T31E4 5245:757.455   CPU_ReadMem(4 bytes @ 0x400E0744)
T31E4 5245:757.933   Data:  00 00 00 00
T31E4 5245:757.952 - 0.530ms returns 1 (0x1)
T31E4 5245:767.335 JLINK_BeginDownload(Flags = 0x00000000)
T31E4 5245:767.359 - 0.028ms
T31E4 5245:767.380 JLINK_WriteMem(0x00400000, 0x4000 Bytes, ...)
T31E4 5245:767.412   Data:  C0 3A 00 20 D9 08 40 00 D5 08 40 00 D5 08 40 00 ...
T31E4 5245:767.863   completely In flash
T31E4 5245:767.900    -- Read from flash cache (16384 bytes @ 0x00400000)
T31E4 5245:767.915 - 0.539ms returns 0x4000
T31E4 5245:767.940 JLINK_WriteMem(0x00404000, 0x170 Bytes, ...)
T31E4 5245:767.950   Data:  34 35 36 37 38 39 61 62 63 64 65 66 00 00 00 00 ...
T31E4 5245:767.963   completely In flash
T31E4 5245:767.976    -- Read from flash cache (368 bytes @ 0x00404000)
T31E4 5245:767.988 - 0.051ms returns 0x170
T31E4 5245:768.168 JLINK_WriteMem(0x00404170, 0x8 Bytes, ...)
T31E4 5245:768.186   Data:  40 FB FF 7F 01 00 00 00
T31E4 5245:768.211   completely In flash
T31E4 5245:768.247 - 0.087ms returns 0x8
T31E4 5245:768.469 JLINK_WriteMem(0x00404178, 0x9C0 Bytes, ...)
T31E4 5245:768.491   Data:  00 09 3D 00 00 C2 01 00 C0 00 00 00 00 08 00 00 ...
T31E4 5245:768.519   completely In flash
T31E4 5245:768.563    -- Read from flash cache (2496 bytes @ 0x00404178)
T31E4 5245:768.588 - 0.126ms returns 0x9C0
T36E8 5245:769.644 JLINK_IsHalted()
T36E8 5245:769.666 - 0.062ms returns TRUE
T36E8 5245:769.695 JLINK_GetMOEs(...)
T36E8 5245:769.718   CPU_ReadMem(4 bytes @ 0xE000ED30)
T36E8 5245:770.243 - 0.558ms returns 0x01
T36E8 5245:770.278 JLINK_ReadReg(R15 (PC))
T36E8 5245:770.544   Old firmware which does not support pausing periodic actions during flash download
T36E8 5245:770.565   CPU_ReadMem(4 bytes @ 0xE000ED90)
T36E8 5245:771.066   CPU_ReadMem(4 bytes @ 0xE000ED94)
T36E8 5245:771.568    -- --------------------------------------
T36E8 5245:771.636   Flash bank @ 0x00400000: Default: L2 verify disabled because algorithm performs L1 verify
T36E8 5245:771.653    -- Start of determining dirty areas in flash cache
T36E8 5245:772.241    -- End of determining dirty areas
T36E8 5245:772.273    -- Start of preparing flash programming
T36E8 5245:772.285    -- Calculating RAM usage
T36E8 5245:772.301    -- RAM usage = 4060 Bytes
T36E8 5245:772.313    -- Preserving CPU registers
T36E8 5245:772.337    -- Preparing memory
T36E8 5245:772.349    -- Preparing target
T36E8 5245:931.921    -- Preserving target RAM temporarily used for programming
T36E8 5245:945.056    -- Downloading RAMCode
T36E8 5245:957.706    -- Preparing RAMCode
T36E8 5245:964.694    -- Checking target RAM
T36E8 5245:966.223    -- End of preparing flash programming
T36E8 5245:966.360   Looking for J-Link GUI Server exe at: S:\Program Files (x86)\Atmel\Studio\7.0\atbackend\JLinkGUIServer.exe
T36E8 5245:966.405   Looking for J-Link GUI Server exe at: \JLinkGUIServer.exe
T36E8 5246:268.116   Failed to connect to J-Link GUI Server.
T36E8 5246:273.061    -- CPU is running at 90000 kHz.
T36E8 5246:273.109    -- Start of comparing flash
T36E8 5246:273.123    -- CRC check was estimated as fastest method
T36E8 5246:273.138    -- Comparing range 0x400000 - 0x403FFF (32 Sectors, 16 KiB), using multi-block CRC calculation
T36E8 5246:277.818    -- CRC does not match for sectors 0-31
T36E8 5246:277.879    -- Comparing range 0x404000 - 0x404FFF (1 Sector, 4 KiB), using multi-block CRC calculation
T36E8 5246:279.945    -- CRC does not match for sector 0
T36E8 5246:279.968    -- End of comparing flash
T36E8 5246:279.983    -- Start of erasing sectors
T36E8 5246:279.996    -- End of erasing sectors
T36E8 5246:280.008    -- Start of flash programming
T36E8 5246:280.022    -- Programming range 0x00400000 - 0x00403FFF ( 32 Sectors, 16 KB)
T36E8 5246:349.518    -- Programming range 0x00404000 - 0x00404FFF (  1 Sector, 4 KB)
T36E8 5246:363.570    -- End of flash programming
T36E8 5246:363.603    -- 0x400000 - 0x403FFF ( 32 Sectors, 16 KoB)
T36E8 5246:363.617    -- 0x404000 - 0x404FFF (  1 Sector, 4 KoB)
T36E8 5246:363.630    -- Start of restoring
T36E8 5246:363.642    -- Restoring RAMCode
T36E8 5246:375.411    -- Restoring target memory
T36E8 5246:387.911    -- Restore target
T36E8 5246:439.365    -- Restore memory
T36E8 5246:439.397    -- Restoring CPU registers
T36E8 5246:439.420    -- End of restoring
T36E8 5246:439.470    -- Bank 0 @ 0x00400000: 2 ranges affected (20480 bytes)
T36E8 5246:439.514    -- Total: 0.667s (Prepare: 0.500s, Compare: 0.006s, Erase: 0.000s, Program & Verify: 0.091s, Restore: 0.068s)
T36E8 5246:439.537    -- Program & Verify speed: 220 KiB/s
T36E8 5246:442.931 - 672.699ms returns 0xFFFFFFFE
T31E4 5246:443.954 JLINK_EndDownload()
T31E4 5246:443.969 - 0.020ms returns 0 (0x0)
T31E4 5246:443.992 JLINK_ResetPullsRESET(ON)
T31E4 5246:444.002 - 0.014ms
T31E4 5246:444.012 JLINK_ResetNoHalt()
T31E4 5246:445.300   TotalIRLen = 4, IRPrint = 0x01
T31E4 5246:445.861   JTAG chain detection found 1 devices:
T31E4 5246:445.886    #0 Id: 0x4BA00477, IRLen: 04, CoreSight JTAG-DP
T31E4 5246:450.143   Old FW that does not support reading DPIDR via DAP jobs
T31E4 5246:453.519   DPv0 detected
T31E4 5246:453.553   AP map detection skipped. Manually configured AP map found.
T31E4 5246:453.574   AP[0]: AHB-AP (IDR: Not set)
T31E4 5246:458.138   AP[0]: Core found
T31E4 5246:458.165   AP[0]: AHB-AP ROM base: 0xE00FF000
T31E4 5246:460.481   CPUID register: 0x410FC241. Implementer code: 0x41 (ARM)
T31E4 5246:460.505   Found Cortex-M4 r0p1, Little endian.
T31E4 5246:460.762   -- Max. mem block: 0x00001F48
T31E4 5246:460.782   CPU_ReadMem(4 bytes @ 0xE000EDF0)
T31E4 5246:461.213   CPU_ReadMem(4 bytes @ 0xE0002000)
T31E4 5246:461.680   FPUnit: 6 code (BP) slots and 2 literal slots
T31E4 5246:461.712   CPU_ReadMem(4 bytes @ 0xE000EDFC)
T31E4 5246:462.161   CPU_ReadMem(4 bytes @ 0xE0001000)
T31E4 5246:462.723   CPU_ReadMem(4 bytes @ 0xE000ED88)
T31E4 5246:463.233   CPU_WriteMem(4 bytes @ 0xE000ED88)
T31E4 5246:463.669   CPU_ReadMem(4 bytes @ 0xE000ED88)
T31E4 5246:464.155   CPU_WriteMem(4 bytes @ 0xE000ED88)
T31E4 5246:464.585   CoreSight components:
T31E4 5246:464.610   ROMTbl[0] @ E00FF000
T31E4 5246:464.630   CPU_ReadMem(64 bytes @ 0xE00FF000)
T31E4 5246:465.778   CPU_ReadMem(32 bytes @ 0xE000EFE0)
T31E4 5246:466.587   ROMTbl[0][0]: E000E000, CID: B105E00D, PID: 000BB000 SCS
T31E4 5246:466.636   CPU_WriteMem(4 bytes @ 0xE0001000)
T31E4 5246:467.199   CPU_ReadMem(32 bytes @ 0xE0001FE0)
T31E4 5246:467.939   ROMTbl[0][1]: E0001000, CID: B105E00D, PID: 003BB002 DWT
T31E4 5246:467.974   CPU_ReadMem(32 bytes @ 0xE0002FE0)
T31E4 5246:468.742   ROMTbl[0][2]: E0002000, CID: B105E00D, PID: 002BB003 FPB
T31E4 5246:468.776   CPU_ReadMem(32 bytes @ 0xE0000FE0)
T31E4 5246:469.488   ROMTbl[0][3]: E0000000, CID: B105E00D, PID: 003BB001 ITM
T31E4 5246:469.523   CPU_ReadMem(32 bytes @ 0xE0040FE0)
T31E4 5246:470.232   ROMTbl[0][4]: E0040000, CID: B105900D, PID: 000BB9A1 TPIU
T31E4 5246:470.259   JLINK_Reset()
T31E4 5246:470.811     CPU_ReadMem(16 bytes @ 0x20000000)
T31E4 5246:471.435     CPU_WriteMem(16 bytes @ 0x20000000)
T31E4 5246:471.981     CPU_ReadMem(4 bytes @ 0xE000EDFC)
T31E4 5246:472.552     CPU_WriteMem(4 bytes @ 0xE000EDFC)
T31E4 5246:472.995     CPU_ReadMem(4 bytes @ 0xE0001000)
T31E4 5246:489.523     CPU_WriteMem(4 bytes @ 0xE000EDFC)
T31E4 5246:490.206     CPU_WriteMem(16 bytes @ 0x20000000)
T31E4 5246:494.646     CPU_WriteMem(4 bytes @ 0xE0002000)
T31E4 5246:495.311     CPU_ReadMem(4 bytes @ 0xE000EDFC)
T31E4 5246:496.072     CPU_ReadMem(4 bytes @ 0xE0001000)
T31E4 5246:496.900   - 26.666ms
T31E4 5246:496.934   JLINK_Go()
T31E4 5246:496.948     CPU_ReadMem(4 bytes @ 0xE0001000)
T31E4 5246:497.564     CPU_WriteMem(4 bytes @ 0xE0001004)
T31E4 5246:498.591   - 1.680ms
T31E4 5246:498.621 - 54.612ms
T31E4 5246:512.746 JLINK_Close()
T31E4 5246:528.606 - 15.887ms
T31E4 5246:528.641   
T31E4 5246:528.651   Closed
