T31E4 5182:229.077   SEGGER J-Link V7.52a Log File
T31E4 5182:229.144   DLL Compiled: Jul 28 2021 11:08:12
T31E4 5182:229.169   Logging started @ 2023-03-15 19:37
T31E4 5182:229.192 - 49751.990ms
T31E4 5182:236.797 JLINK_ExecCommand("Device = AT91SAM4SD32C", ...). 
T31E4 5182:237.307   Device "ATSAM4SD32C" selected.
T31E4 5182:237.631 - 0.804ms returns 0x00
T31E4 5182:269.969 JLINK_TIF_Select(JLINKARM_TIF_JTAG)
T31E4 5182:271.199 - 1.263ms returns 0x00
T31E4 5182:271.251 JLINK_ConfigJTAG(IRPre = 0, DRPre = 0)
T31E4 5182:271.297 - 0.061ms
T31E4 5182:271.326 JLINK_SetSpeed(4000)
T31E4 5182:271.440 - 0.139ms
T31E4 5182:271.483 JLINK_ResetPullsRESET(OFF)
T31E4 5182:271.507 - 0.034ms
T31E4 5182:271.531 JLINK_Connect()
T31E4 5182:273.223   TotalIRLen = 4, IRPrint = 0x01
T31E4 5182:273.929   JTAG chain detection found 1 devices:
T31E4 5182:273.971    #0 Id: 0x4BA00477, IRLen: 04, CoreSight JTAG-DP
T31E4 5182:277.981   Old FW that does not support reading DPIDR via DAP jobs
T31E4 5182:281.533   DPv0 detected
T31E4 5182:281.576   Scanning AP map to find all available APs
T31E4 5182:284.279   AP[1]: Stopped AP scan as end of AP map has been reached
T31E4 5182:284.306   AP[0]: AHB-AP (IDR: 0x24770011)
T31E4 5182:284.328   Iterating through AP map to find AHB-AP to use
T31E4 5182:288.890   AP[0]: Core found
T31E4 5182:288.918   AP[0]: AHB-AP ROM base: 0xE00FF000
T31E4 5182:291.140   CPUID register: 0x410FC241. Implementer code: 0x41 (ARM)
T31E4 5182:291.166   Found Cortex-M4 r0p1, Little endian.
T31E4 5182:291.531   -- Max. mem block: 0x000023B8
T31E4 5182:291.647   CPU_ReadMem(4 bytes @ 0xE000EDF0)
T31E4 5182:295.274   CPU_WriteMem(4 bytes @ 0xE000EDF0)
T31E4 5182:295.706   CPU_ReadMem(4 bytes @ 0xE0002000)
T31E4 5182:296.219   FPUnit: 6 code (BP) slots and 2 literal slots
T31E4 5182:296.238   CPU_ReadMem(4 bytes @ 0xE000EDFC)
T31E4 5182:296.728   CPU_WriteMem(4 bytes @ 0xE000EDFC)
T31E4 5182:297.118   CPU_ReadMem(4 bytes @ 0xE0001000)
T31E4 5182:297.601   CPU_WriteMem(4 bytes @ 0xE0001000)
T31E4 5182:298.014   CPU_ReadMem(4 bytes @ 0xE000ED88)
T31E4 5182:298.483   CPU_WriteMem(4 bytes @ 0xE000ED88)
T31E4 5182:298.870   CPU_ReadMem(4 bytes @ 0xE000ED88)
T31E4 5182:299.350   CPU_WriteMem(4 bytes @ 0xE000ED88)
T31E4 5182:299.766   CoreSight components:
T31E4 5182:299.793   ROMTbl[0] @ E00FF000
T31E4 5182:299.807   CPU_ReadMem(64 bytes @ 0xE00FF000)
T31E4 5182:300.595   CPU_ReadMem(32 bytes @ 0xE000EFE0)
T31E4 5182:301.270   ROMTbl[0][0]: E000E000, CID: B105E00D, PID: 000BB000 SCS
T31E4 5182:301.289   CPU_ReadMem(32 bytes @ 0xE0001FE0)
T31E4 5182:301.985   ROMTbl[0][1]: E0001000, CID: B105E00D, PID: 003BB002 DWT
T31E4 5182:302.010   CPU_ReadMem(32 bytes @ 0xE0002FE0)
T31E4 5182:302.689   ROMTbl[0][2]: E0002000, CID: B105E00D, PID: 002BB003 FPB
T31E4 5182:302.708   CPU_ReadMem(32 bytes @ 0xE0000FE0)
T31E4 5182:303.381   ROMTbl[0][3]: E0000000, CID: B105E00D, PID: 003BB001 ITM
T31E4 5182:303.414   CPU_ReadMem(32 bytes @ 0xE0040FE0)
T31E4 5182:304.079   ROMTbl[0][4]: E0040000, CID: B105900D, PID: 000BB9A1 TPIU
T31E4 5182:304.102 - 32.575ms returns 0x00
T31E4 5182:304.171 JLINK_Halt()
T31E4 5182:307.428 - 3.271ms returns 0x00
T31E4 5182:307.570 JLINK_BeginDownload(Flags = 0x00000000)
T31E4 5182:307.582 - 0.016ms
T31E4 5182:307.621 JLINK_WriteMem(0x400E0A04, 0x4 Bytes, ...)
T31E4 5182:307.631   Data:  0B 01 00 5A
T31E4 5182:307.988   CPU_WriteMem(4 bytes @ 0x400E0A04)
T31E4 5182:308.409 - 0.798ms returns 0x4
T31E4 5182:308.450 JLINK_EndDownload()
T31E4 5182:308.461 - 0.016ms returns 0 (0x0)
T31E4 5182:308.473 JLINK_ReadMemHW(0x400E0A08, 0x0004 Bytes, ...)
T31E4 5182:308.500   CPU_ReadMem(4 bytes @ 0x400E0A08)
T31E4 5182:308.973   Data:  01 00 00 00
T31E4 5182:308.991 - 0.522ms returns 0
T31E4 5182:309.022 JLINK_BeginDownload(Flags = 0x00000000)
T31E4 5182:309.032 - 0.014ms
T31E4 5182:309.069 JLINK_WriteMem(0x400E0A04, 0x4 Bytes, ...)
T31E4 5182:309.078   Data:  0C 02 00 5A
T31E4 5182:309.095   CPU_WriteMem(4 bytes @ 0x400E0A04)
T31E4 5182:309.574 - 0.515ms returns 0x4
T31E4 5182:309.650 JLINK_EndDownload()
T31E4 5182:309.664 - 0.018ms returns 0 (0x0)
T31E4 5182:309.675 JLINK_ReadMemHW(0x400E0A08, 0x0004 Bytes, ...)
T31E4 5182:309.686   CPU_ReadMem(4 bytes @ 0x400E0A08)
T31E4 5182:310.222   Data:  01 00 00 00
T31E4 5182:310.241 - 0.570ms returns 0
T31E4 5182:310.276 JLINK_SetResetType(JLINKARM_CM3_RESET_TYPE_NORMAL)
T31E4 5182:310.303 - 0.031ms returns JLINKARM_CM3_RESET_TYPE_NORMAL
T31E4 5182:310.313 JLINK_Reset()
T31E4 5182:310.713   CPU_ReadMem(16 bytes @ 0x20000000)
T31E4 5182:311.356   CPU_WriteMem(16 bytes @ 0x20000000)
T31E4 5182:312.012   CPU_ReadMem(4 bytes @ 0xE000EDFC)
T31E4 5182:312.572   CPU_WriteMem(4 bytes @ 0xE000EDFC)
T31E4 5182:313.031   CPU_ReadMem(4 bytes @ 0xE0001000)
T31E4 5182:328.389   CPU_WriteMem(4 bytes @ 0xE000EDFC)
T31E4 5182:328.978   CPU_WriteMem(16 bytes @ 0x20000000)
T31E4 5182:333.242   CPU_WriteMem(4 bytes @ 0xE0002000)
T31E4 5182:333.729   CPU_ReadMem(4 bytes @ 0xE000EDFC)
T31E4 5182:334.372   CPU_ReadMem(4 bytes @ 0xE0001000)
T31E4 5182:335.011 - 24.711ms
T31E4 5182:336.486 JLINK_JTAG_GetDeviceID(DeviceIndex = 0)
T31E4 5182:336.512 - 0.030ms returns 1268778103
T31E4 5182:336.525 JLINK_ReadMemU32(0x400E0740, 0x1 Items)
T31E4 5182:336.544   CPU_ReadMem(4 bytes @ 0x400E0740)
T31E4 5182:337.025   Data:  E0 0E A7 29
T31E4 5182:337.044 - 0.523ms returns 1 (0x1)
T31E4 5182:337.074 JLINK_ReadMemU32(0x400E0744, 0x1 Items)
T31E4 5182:337.088   CPU_ReadMem(4 bytes @ 0x400E0744)
T31E4 5182:337.613   Data:  00 00 00 00
T31E4 5182:337.631 - 0.561ms returns 1 (0x1)
T31E4 5182:337.694 JLINK_BeginDownload(Flags = 0x00000000)
T31E4 5182:337.720 - 0.030ms
T31E4 5182:337.741 JLINK_WriteMem(0x400E0A04, 0x4 Bytes, ...)
T31E4 5182:337.751   Data:  05 00 00 5A
T31E4 5182:337.769   CPU_WriteMem(4 bytes @ 0x400E0A04)
T31E4 5182:338.208 - 0.477ms returns 0x4
T31E4 5182:338.255 JLINK_WriteMem(0x400E0C04, 0x4 Bytes, ...)
T31E4 5182:338.266   Data:  05 00 00 5A
T31E4 5182:338.283   CPU_WriteMem(4 bytes @ 0x400E0C04)
T31E4 5182:338.733 - 0.488ms returns 0x4
T31E4 5182:338.771 JLINK_EndDownload()
T31E4 5182:338.796 - 0.029ms returns 0 (0x0)
T31E4 5182:338.820 JLINK_ReadMemHW(0x400E0A08, 0x0004 Bytes, ...)
T31E4 5182:338.831   CPU_ReadMem(4 bytes @ 0x400E0A08)
T31E4 5182:339.451   Data:  00 00 00 00
T31E4 5182:339.470 - 0.654ms returns 0
T31E4 5182:340.467 JLINK_ReadMemHW(0x400E0A08, 0x0004 Bytes, ...)
T31E4 5182:340.486   CPU_ReadMem(4 bytes @ 0x400E0A08)
T31E4 5182:341.112   Data:  00 00 00 00
T31E4 5182:341.131 - 0.668ms returns 0
T31E4 5182:346.290 JLINK_ReadMemHW(0x400E0A08, 0x0004 Bytes, ...)
T31E4 5182:346.342   CPU_ReadMem(4 bytes @ 0x400E0A08)
T31E4 5182:346.882   Data:  00 00 00 00
T31E4 5182:346.902 - 0.616ms returns 0
T0720 5182:346.952 JLINK_IsHalted()
T0720 5182:346.968 - 0.021ms returns TRUE
T0720 5182:346.981 JLINK_GetMOEs(...)
T0720 5182:346.992   CPU_ReadMem(4 bytes @ 0xE000ED30)
T0720 5182:347.515 - 0.544ms returns 0x01
T0720 5182:347.535 JLINK_ReadReg(R15 (PC))
T0720 5182:347.547 - 0.016ms returns 0x004008D8
T31E4 5182:363.779 JLINK_ReadMemHW(0x400E0A08, 0x0004 Bytes, ...)
T31E4 5182:363.830   CPU_ReadMem(4 bytes @ 0x400E0A08)
T31E4 5182:364.399   Data:  00 00 00 00
T31E4 5182:364.422 - 0.647ms returns 0
T31E4 5182:431.984 JLINK_ReadMemHW(0x400E0A08, 0x0004 Bytes, ...)
T31E4 5182:432.025   CPU_ReadMem(4 bytes @ 0x400E0A08)
T31E4 5182:432.863   Data:  00 00 00 00
T31E4 5182:432.899 - 0.921ms returns 0
T0720 5182:550.235 JLINK_IsHalted()
T0720 5182:550.281 - 0.050ms returns TRUE
T31E4 5182:690.377 JLINK_ReadMemHW(0x400E0A08, 0x0004 Bytes, ...)
T31E4 5182:690.433   CPU_ReadMem(4 bytes @ 0x400E0A08)
T31E4 5182:691.229   Data:  00 00 00 00
T31E4 5182:691.262 - 0.888ms returns 0
T0720 5182:751.050 JLINK_IsHalted()
T0720 5182:751.098 - 0.053ms returns TRUE
T0720 5182:953.678 JLINK_IsHalted()
T0720 5182:954.155 - 0.498ms returns TRUE
T0720 5183:154.615 JLINK_IsHalted()
T0720 5183:154.651 - 0.040ms returns TRUE
T0720 5183:354.747 JLINK_IsHalted()
T0720 5183:354.782 - 0.040ms returns TRUE
T0720 5183:554.968 JLINK_IsHalted()
T0720 5183:555.576 - 0.646ms returns TRUE
T31E4 5183:690.926 JLINK_ReadMemHW(0x400E0A08, 0x0004 Bytes, ...)
T31E4 5183:691.002   CPU_ReadMem(4 bytes @ 0x400E0A08)
T31E4 5183:691.832   Data:  00 00 00 00
T31E4 5183:691.866 - 0.944ms returns 0
T31E4 5183:691.975 JLINK_ReadMemHW(0x400E0C08, 0x0004 Bytes, ...)
T31E4 5183:691.996   CPU_ReadMem(4 bytes @ 0x400E0C08)
T31E4 5183:692.637   Data:  00 00 00 00
T31E4 5183:692.660 - 0.689ms returns 0
T31E4 5183:693.880 JLINK_ReadMemHW(0x400E0C08, 0x0004 Bytes, ...)
T31E4 5183:693.922   CPU_ReadMem(4 bytes @ 0x400E0C08)
T31E4 5183:694.744   Data:  00 00 00 00
T31E4 5183:694.777 - 0.902ms returns 0
T31E4 5183:701.221 JLINK_ReadMemHW(0x400E0C08, 0x0004 Bytes, ...)
T31E4 5183:701.262   CPU_ReadMem(4 bytes @ 0x400E0C08)
T31E4 5183:702.055   Data:  00 00 00 00
T31E4 5183:702.089 - 0.873ms returns 0
T31E4 5183:718.472 JLINK_ReadMemHW(0x400E0C08, 0x0004 Bytes, ...)
T31E4 5183:718.526   CPU_ReadMem(4 bytes @ 0x400E0C08)
T31E4 5183:719.356   Data:  00 00 00 00
T31E4 5183:719.389 - 0.921ms returns 0
T0720 5183:756.432 JLINK_IsHalted()
T0720 5183:756.479 - 0.050ms returns TRUE
T31E4 5183:783.714 JLINK_ReadMemHW(0x400E0C08, 0x0004 Bytes, ...)
T31E4 5183:783.767   CPU_ReadMem(4 bytes @ 0x400E0C08)
T31E4 5183:784.563   Data:  00 00 00 00
T31E4 5183:784.600 - 0.890ms returns 0
T0720 5183:958.346 JLINK_IsHalted()
T0720 5183:958.393 - 0.051ms returns TRUE
T31E4 5184:041.590 JLINK_ReadMemHW(0x400E0C08, 0x0004 Bytes, ...)
T31E4 5184:041.650   CPU_ReadMem(4 bytes @ 0x400E0C08)
T31E4 5184:042.234   Data:  00 00 00 00
T31E4 5184:042.273 - 0.687ms returns 0
T0720 5184:159.618 JLINK_IsHalted()
T0720 5184:160.410 - 0.817ms returns TRUE
T0720 5184:362.911 JLINK_IsHalted()
T0720 5184:362.964 - 0.060ms returns TRUE
T0720 5184:563.362 JLINK_IsHalted()
T0720 5184:563.390 - 0.032ms returns TRUE
T0720 5184:764.240 JLINK_IsHalted()
T0720 5184:764.717 - 0.487ms returns TRUE
T0720 5184:965.056 JLINK_IsHalted()
T0720 5184:965.114 - 0.062ms returns TRUE
T31E4 5185:043.121 JLINK_ReadMemHW(0x400E0C08, 0x0004 Bytes, ...)
T31E4 5185:043.161   CPU_ReadMem(4 bytes @ 0x400E0C08)
T31E4 5185:043.916   Data:  00 00 00 00
T31E4 5185:043.949 - 0.832ms returns 0
T31E4 5185:044.067 JLINK_ReadMemHW(0x400E0A08, 0x0004 Bytes, ...)
T31E4 5185:044.115   CPU_ReadMem(4 bytes @ 0x400E0A08)
T31E4 5185:044.755   Data:  00 00 00 00
T31E4 5185:044.779 - 0.716ms returns 0
T31E4 5185:046.304 JLINK_ReadMemHW(0x400E0A08, 0x0004 Bytes, ...)
T31E4 5185:046.359   CPU_ReadMem(4 bytes @ 0x400E0A08)
T31E4 5185:047.135   Data:  00 00 00 00
T31E4 5185:047.167 - 0.867ms returns 0
T31E4 5185:051.794 JLINK_ReadMemHW(0x400E0A08, 0x0004 Bytes, ...)
T31E4 5185:051.849   CPU_ReadMem(4 bytes @ 0x400E0A08)
T31E4 5185:052.572   Data:  00 00 00 00
T31E4 5185:052.605 - 0.814ms returns 0
T31E4 5185:069.594 JLINK_ReadMemHW(0x400E0A08, 0x0004 Bytes, ...)
T31E4 5185:069.649   CPU_ReadMem(4 bytes @ 0x400E0A08)
T31E4 5185:070.497   Data:  00 00 00 00
T31E4 5185:070.530 - 0.939ms returns 0
T31E4 5185:134.691 JLINK_ReadMemHW(0x400E0A08, 0x0004 Bytes, ...)
T31E4 5185:134.733   CPU_ReadMem(4 bytes @ 0x400E0A08)
T31E4 5185:135.578   Data:  00 00 00 00
T31E4 5185:135.623 - 0.936ms returns 0
T0720 5185:165.814 JLINK_IsHalted()
T0720 5185:165.905 - 0.097ms returns TRUE
T0720 5185:366.387 JLINK_IsHalted()
T0720 5185:366.884 - 0.523ms returns TRUE
T31E4 5185:392.940 JLINK_ReadMemHW(0x400E0A08, 0x0004 Bytes, ...)
T31E4 5185:392.980   CPU_ReadMem(4 bytes @ 0x400E0A08)
T31E4 5185:393.805   Data:  00 00 00 00
T31E4 5185:393.841 - 0.904ms returns 0
T0720 5185:567.737 JLINK_IsHalted()
T0720 5185:567.811 - 0.080ms returns TRUE
T0720 5185:770.891 JLINK_IsHalted()
T0720 5185:770.936 - 0.049ms returns TRUE
T0720 5185:971.645 JLINK_IsHalted()
T0720 5185:972.356 - 0.735ms returns TRUE
T0720 5186:173.177 JLINK_IsHalted()
T0720 5186:173.226 - 0.067ms returns TRUE
T0720 5186:373.959 JLINK_IsHalted()
T0720 5186:374.014 - 0.073ms returns TRUE
T31E4 5186:393.865 JLINK_ReadMemHW(0x400E0A08, 0x0004 Bytes, ...)
T31E4 5186:393.913   CPU_ReadMem(4 bytes @ 0x400E0A08)
T31E4 5186:394.700   Data:  00 00 00 00
T31E4 5186:394.733 - 0.872ms returns 0
T31E4 5186:394.849 JLINK_ReadMemHW(0x400E0C08, 0x0004 Bytes, ...)
T31E4 5186:394.871   CPU_ReadMem(4 bytes @ 0x400E0C08)
T31E4 5186:395.488   Data:  01 00 00 00
T31E4 5186:395.511 - 0.666ms returns 0
T31E4 5186:395.538 JLINK_ReadMemHW(0x400E0A08, 0x0004 Bytes, ...)
T31E4 5186:395.552   CPU_ReadMem(4 bytes @ 0x400E0A08)
T31E4 5186:396.196   Data:  00 00 00 00
T31E4 5186:396.228 - 0.694ms returns 0
T31E4 5186:397.062 JLINK_ReadMemHW(0x400E0A08, 0x0004 Bytes, ...)
T31E4 5186:397.117   CPU_ReadMem(4 bytes @ 0x400E0A08)
T31E4 5186:397.903   Data:  00 00 00 00
T31E4 5186:397.950 - 0.892ms returns 0
T31E4 5186:403.936 JLINK_ReadMemHW(0x400E0A08, 0x0004 Bytes, ...)
T31E4 5186:403.977   CPU_ReadMem(4 bytes @ 0x400E0A08)
T31E4 5186:404.737   Data:  00 00 00 00
T31E4 5186:404.771 - 0.839ms returns 0
T31E4 5186:420.382 JLINK_ReadMemHW(0x400E0A08, 0x0004 Bytes, ...)
T31E4 5186:420.440   CPU_ReadMem(4 bytes @ 0x400E0A08)
T31E4 5186:421.252   Data:  00 00 00 00
T31E4 5186:421.284 - 0.906ms returns 0
T31E4 5186:486.089 JLINK_ReadMemHW(0x400E0A08, 0x0004 Bytes, ...)
T31E4 5186:486.143   CPU_ReadMem(4 bytes @ 0x400E0A08)
T31E4 5186:486.966   Data:  00 00 00 00
T31E4 5186:486.999 - 0.915ms returns 0
T0720 5186:574.167 JLINK_IsHalted()
T0720 5186:574.550 - 0.392ms returns TRUE
T31E4 5186:743.201 JLINK_ReadMemHW(0x400E0A08, 0x0004 Bytes, ...)
T31E4 5186:743.255   CPU_ReadMem(4 bytes @ 0x400E0A08)
T31E4 5186:744.172   Data:  00 00 00 00
T31E4 5186:744.219 - 1.022ms returns 0
T0720 5186:774.622 JLINK_IsHalted()
T0720 5186:774.668 - 0.050ms returns TRUE
T0720 5186:974.966 JLINK_IsHalted()
T0720 5186:975.012 - 0.050ms returns TRUE
T0720 5187:176.088 JLINK_IsHalted()
T0720 5187:176.798 - 0.734ms returns TRUE
T0720 5187:378.115 JLINK_IsHalted()
T0720 5187:378.160 - 0.050ms returns TRUE
T0720 5187:578.685 JLINK_IsHalted()
T0720 5187:578.732 - 0.051ms returns TRUE
T31E4 5187:745.074 JLINK_ReadMemHW(0x400E0A08, 0x0004 Bytes, ...)
T31E4 5187:745.128   CPU_ReadMem(4 bytes @ 0x400E0A08)
T31E4 5187:745.911   Data:  01 00 00 00
T31E4 5187:745.957 - 0.887ms returns 0
T0720 5187:779.218 JLINK_IsHalted()
T0720 5187:779.760 - 0.560ms returns TRUE
T31E4 5187:780.538 JLINK_ResetPullsRESET(ON)
T31E4 5187:780.564 - 0.033ms
T31E4 5187:780.582 JLINK_ResetNoHalt()
T31E4 5187:782.174   TotalIRLen = 4, IRPrint = 0x01
T31E4 5187:783.008   JTAG chain detection found 1 devices:
T31E4 5187:783.042    #0 Id: 0x4BA00477, IRLen: 04, CoreSight JTAG-DP
T31E4 5187:787.494   Old FW that does not support reading DPIDR via DAP jobs
T31E4 5187:791.057   DPv0 detected
T31E4 5187:791.091   AP map detection skipped. Manually configured AP map found.
T31E4 5187:791.112   AP[0]: AHB-AP (IDR: Not set)
T31E4 5187:795.910   AP[0]: Core found
T31E4 5187:795.939   AP[0]: AHB-AP ROM base: 0xE00FF000
T31E4 5187:798.483   CPUID register: 0x410FC241. Implementer code: 0x41 (ARM)
T31E4 5187:798.510   Found Cortex-M4 r0p1, Little endian.
T31E4 5187:798.702   -- Max. mem block: 0x00001F48
T31E4 5187:798.724   CPU_ReadMem(4 bytes @ 0xE000EDF0)
T31E4 5187:799.145   CPU_ReadMem(4 bytes @ 0xE0002000)
T31E4 5187:799.696   FPUnit: 6 code (BP) slots and 2 literal slots
T31E4 5187:799.728   CPU_ReadMem(4 bytes @ 0xE000EDFC)
T31E4 5187:800.175   CPU_ReadMem(4 bytes @ 0xE0001000)
T31E4 5187:800.773   CPU_ReadMem(4 bytes @ 0xE000ED88)
T31E4 5187:801.280   CPU_WriteMem(4 bytes @ 0xE000ED88)
T31E4 5187:801.717   CPU_ReadMem(4 bytes @ 0xE000ED88)
T31E4 5187:802.221   CPU_WriteMem(4 bytes @ 0xE000ED88)
T31E4 5187:802.663   CoreSight components:
T31E4 5187:802.691   ROMTbl[0] @ E00FF000
T31E4 5187:802.721   CPU_ReadMem(64 bytes @ 0xE00FF000)
T31E4 5187:803.913   CPU_ReadMem(32 bytes @ 0xE000EFE0)
T31E4 5187:804.670   ROMTbl[0][0]: E000E000, CID: B105E00D, PID: 000BB000 SCS
T31E4 5187:804.702   CPU_WriteMem(4 bytes @ 0xE0001000)
T31E4 5187:805.135   CPU_ReadMem(32 bytes @ 0xE0001FE0)
T31E4 5187:805.876   ROMTbl[0][1]: E0001000, CID: B105E00D, PID: 003BB002 DWT
T31E4 5187:805.895   CPU_ReadMem(32 bytes @ 0xE0002FE0)
T31E4 5187:806.624   ROMTbl[0][2]: E0002000, CID: B105E00D, PID: 002BB003 FPB
T31E4 5187:806.643   CPU_ReadMem(32 bytes @ 0xE0000FE0)
T31E4 5187:807.419   ROMTbl[0][3]: E0000000, CID: B105E00D, PID: 003BB001 ITM
T31E4 5187:807.438   CPU_ReadMem(32 bytes @ 0xE0040FE0)
T31E4 5187:808.121   ROMTbl[0][4]: E0040000, CID: B105900D, PID: 000BB9A1 TPIU
T31E4 5187:808.145   JLINK_Reset()
T31E4 5187:808.277     CPU_ReadMem(16 bytes @ 0x20000000)
T31E4 5187:808.842     CPU_WriteMem(16 bytes @ 0x20000000)
T31E4 5187:809.358     CPU_ReadMem(4 bytes @ 0xE000EDFC)
T31E4 5187:809.876     CPU_WriteMem(4 bytes @ 0xE000EDFC)
T31E4 5187:810.319     CPU_ReadMem(4 bytes @ 0xE0001000)
T31E4 5187:810.840     CPU_WriteMem(4 bytes @ 0xE0001004)
T31E4 5187:825.976     CPU_WriteMem(4 bytes @ 0xE000EDFC)
T31E4 5187:826.578     CPU_WriteMem(16 bytes @ 0x20000000)
T31E4 5187:830.525     CPU_WriteMem(4 bytes @ 0xE0002000)
T31E4 5187:831.200     CPU_ReadMem(4 bytes @ 0xE000EDFC)
T31E4 5187:831.992     CPU_ReadMem(4 bytes @ 0xE0001000)
T31E4 5187:832.828   - 24.708ms
T31E4 5187:832.862   JLINK_Go()
T31E4 5187:832.876     CPU_ReadMem(4 bytes @ 0xE0001000)
T31E4 5187:833.659     CPU_WriteMem(4 bytes @ 0xE0001004)
T31E4 5187:834.759   - 1.910ms
T31E4 5187:834.778 - 54.200ms
T31E4 5187:835.053 JLINK_TIF_Select(JLINKARM_TIF_JTAG)
T31E4 5187:835.075 - 0.028ms returns 0x00
T31E4 5187:835.092 JLINK_ConfigJTAG(IRPre = 0, DRPre = 0)
T31E4 5187:835.108 - 0.022ms
T31E4 5187:835.121 JLINK_SetSpeed(4000)
T31E4 5187:835.280 - 0.172ms
T31E4 5187:835.302 JLINK_ResetPullsRESET(OFF)
T31E4 5187:835.311 - 0.012ms
T31E4 5187:835.321 JLINK_Connect()
T31E4 5187:836.808   TotalIRLen = 4, IRPrint = 0x01
T31E4 5187:837.590   JTAG chain detection found 1 devices:
T31E4 5187:837.631    #0 Id: 0x4BA00477, IRLen: 04, CoreSight JTAG-DP
T31E4 5187:842.363   Old FW that does not support reading DPIDR via DAP jobs
T31E4 5187:845.895   DPv0 detected
T31E4 5187:845.919   AP map detection skipped. Manually configured AP map found.
T31E4 5187:845.955   AP[0]: AHB-AP (IDR: Not set)
T31E4 5187:850.828   AP[0]: Core found
T31E4 5187:850.885   AP[0]: AHB-AP ROM base: 0xE00FF000
T31E4 5187:853.244   CPUID register: 0x410FC241. Implementer code: 0x41 (ARM)
T31E4 5187:853.269   Found Cortex-M4 r0p1, Little endian.
T31E4 5187:853.458   -- Max. mem block: 0x00001F48
T31E4 5187:853.479   CPU_ReadMem(4 bytes @ 0xE000EDF0)
T31E4 5187:853.996   CPU_ReadMem(4 bytes @ 0xE0002000)
T31E4 5187:854.508   FPUnit: 6 code (BP) slots and 2 literal slots
T31E4 5187:854.524   CPU_ReadMem(4 bytes @ 0xE000EDFC)
T31E4 5187:855.005   CPU_ReadMem(4 bytes @ 0xE0001000)
T31E4 5187:855.486   CPU_WriteMem(4 bytes @ 0xE0001000)
T31E4 5187:855.904   CPU_ReadMem(4 bytes @ 0xE000ED88)
T31E4 5187:856.498   CPU_WriteMem(4 bytes @ 0xE000ED88)
T31E4 5187:856.900   CPU_ReadMem(4 bytes @ 0xE000ED88)
T31E4 5187:857.474   CPU_WriteMem(4 bytes @ 0xE000ED88)
T31E4 5187:857.888   CoreSight components:
T31E4 5187:857.915   ROMTbl[0] @ E00FF000
T31E4 5187:857.930   CPU_ReadMem(64 bytes @ 0xE00FF000)
T31E4 5187:859.137   CPU_ReadMem(32 bytes @ 0xE000EFE0)
T31E4 5187:859.795   ROMTbl[0][0]: E000E000, CID: B105E00D, PID: 000BB000 SCS
T31E4 5187:859.814   CPU_ReadMem(32 bytes @ 0xE0001FE0)
T31E4 5187:860.535   ROMTbl[0][1]: E0001000, CID: B105E00D, PID: 003BB002 DWT
T31E4 5187:860.554   CPU_ReadMem(32 bytes @ 0xE0002FE0)
T31E4 5187:861.222   ROMTbl[0][2]: E0002000, CID: B105E00D, PID: 002BB003 FPB
T31E4 5187:861.241   CPU_ReadMem(32 bytes @ 0xE0000FE0)
T31E4 5187:861.927   ROMTbl[0][3]: E0000000, CID: B105E00D, PID: 003BB001 ITM
T31E4 5187:861.947   CPU_ReadMem(32 bytes @ 0xE0040FE0)
T31E4 5187:862.629   ROMTbl[0][4]: E0040000, CID: B105900D, PID: 000BB9A1 TPIU
T31E4 5187:862.650 - 27.356ms returns 0x00
T31E4 5187:862.746 JLINK_Halt()
T31E4 5187:865.983 - 3.247ms returns 0x00
T31E4 5187:866.097 JLINK_BeginDownload(Flags = 0x00000000)
T31E4 5187:866.108 - 0.077ms
T31E4 5187:866.211 JLINK_WriteMem(0x400E0A04, 0x4 Bytes, ...)
T31E4 5187:866.237   Data:  0B 01 00 5A
T31E4 5187:866.369   CPU_WriteMem(4 bytes @ 0x400E0A04)
T31E4 5187:866.837 - 0.635ms returns 0x4
T31E4 5187:866.875 JLINK_EndDownload()
T31E4 5187:866.886 - 0.015ms returns 0 (0x0)
T31E4 5187:866.897 JLINK_ReadMemHW(0x400E0A08, 0x0004 Bytes, ...)
T31E4 5187:866.908   CPU_ReadMem(4 bytes @ 0x400E0A08)
T31E4 5187:867.409   Data:  01 00 00 00
T31E4 5187:867.428 - 0.535ms returns 0
T31E4 5187:867.457 JLINK_BeginDownload(Flags = 0x00000000)
T31E4 5187:867.467 - 0.013ms
T31E4 5187:867.488 JLINK_WriteMem(0x400E0A04, 0x4 Bytes, ...)
T31E4 5187:867.497   Data:  0C 02 00 5A
T31E4 5187:867.513   CPU_WriteMem(4 bytes @ 0x400E0A04)
T31E4 5187:867.945 - 0.467ms returns 0x4
T31E4 5187:867.987 JLINK_EndDownload()
T31E4 5187:868.022 - 0.038ms returns 0 (0x0)
T31E4 5187:868.033 JLINK_ReadMemHW(0x400E0A08, 0x0004 Bytes, ...)
T31E4 5187:868.057   CPU_ReadMem(4 bytes @ 0x400E0A08)
T31E4 5187:868.570   Data:  01 00 00 00
T31E4 5187:868.588 - 0.559ms returns 0
T31E4 5187:868.621 JLINK_SetResetType(JLINKARM_CM3_RESET_TYPE_NORMAL)
T31E4 5187:868.631 - 0.014ms returns JLINKARM_CM3_RESET_TYPE_NORMAL
T31E4 5187:868.641 JLINK_Reset()
T31E4 5187:868.654   CPU_ReadMem(16 bytes @ 0x20000000)
T31E4 5187:869.510   CPU_WriteMem(16 bytes @ 0x20000000)
T31E4 5187:870.155   CPU_ReadMem(4 bytes @ 0xE000EDFC)
T31E4 5187:870.788   CPU_WriteMem(4 bytes @ 0xE000EDFC)
T31E4 5187:871.398   CPU_ReadMem(4 bytes @ 0xE0001000)
T31E4 5187:887.483   CPU_WriteMem(4 bytes @ 0xE000EDFC)
T31E4 5187:888.201   CPU_WriteMem(16 bytes @ 0x20000000)
T31E4 5187:892.547   CPU_WriteMem(4 bytes @ 0xE0002000)
T31E4 5187:893.219   CPU_ReadMem(4 bytes @ 0xE000EDFC)
T31E4 5187:893.945   CPU_ReadMem(4 bytes @ 0xE0001000)
T31E4 5187:894.731 - 26.114ms
T31E4 5187:896.134 JLINK_JTAG_GetDeviceID(DeviceIndex = 0)
T31E4 5187:896.152 - 0.022ms returns 1268778103
T31E4 5187:896.163 JLINK_ReadMemU32(0x400E0740, 0x1 Items)
T31E4 5187:896.182   CPU_ReadMem(4 bytes @ 0x400E0740)
T31E4 5187:896.706   Data:  E0 0E A7 29
T31E4 5187:896.725 - 0.565ms returns 1 (0x1)
T31E4 5187:896.755 JLINK_ReadMemU32(0x400E0744, 0x1 Items)
T31E4 5187:896.769   CPU_ReadMem(4 bytes @ 0x400E0744)
T31E4 5187:897.314   Data:  00 00 00 00
T31E4 5187:897.332 - 0.581ms returns 1 (0x1)
T2EF4 5187:905.461 JLINK_IsHalted()
T2EF4 5187:905.492 - 0.046ms returns TRUE
T2EF4 5187:905.504 JLINK_GetMOEs(...)
T2EF4 5187:905.517   CPU_ReadMem(4 bytes @ 0xE000ED30)
T2EF4 5187:906.060 - 0.567ms returns 0x01
T2EF4 5187:906.082 JLINK_ReadReg(R15 (PC))
T2EF4 5187:906.095 - 0.017ms returns 0xFFFFFFFE
T31E4 5187:906.997 JLINK_BeginDownload(Flags = 0x00000000)
T31E4 5187:907.012 - 0.019ms
T31E4 5187:907.033 JLINK_WriteMem(0x00400000, 0x4000 Bytes, ...)
T31E4 5187:907.043   Data:  C0 3A 00 20 D9 08 40 00 D5 08 40 00 D5 08 40 00 ...
T31E4 5187:907.518   completely In flash
T31E4 5187:907.555    -- Read from flash cache (16384 bytes @ 0x00400000)
T31E4 5187:907.570 - 0.540ms returns 0x4000
T31E4 5187:907.594 JLINK_WriteMem(0x00404000, 0x170 Bytes, ...)
T31E4 5187:907.604   Data:  34 35 36 37 38 39 61 62 63 64 65 66 00 00 00 00 ...
T31E4 5187:907.617   completely In flash
T31E4 5187:907.629    -- Read from flash cache (368 bytes @ 0x00404000)
T31E4 5187:907.641 - 0.051ms returns 0x170
T31E4 5187:907.895 JLINK_WriteMem(0x00404170, 0x8 Bytes, ...)
T31E4 5187:907.915   Data:  40 FB FF 7F 01 00 00 00
T31E4 5187:907.938   completely In flash
T31E4 5187:907.956 - 0.066ms returns 0x8
T31E4 5187:908.126 JLINK_WriteMem(0x00404178, 0x9C0 Bytes, ...)
T31E4 5187:908.146   Data:  00 09 3D 00 00 C2 01 00 C0 00 00 00 00 08 00 00 ...
T31E4 5187:908.182   completely In flash
T31E4 5187:908.206    -- Read from flash cache (2496 bytes @ 0x00404178)
T31E4 5187:908.227 - 0.107ms returns 0x9C0
T2EF4 5188:106.076 JLINK_IsHalted()
T2EF4 5188:106.121 - 0.050ms returns TRUE
T31E4 5188:106.779 JLINK_EndDownload()
T31E4 5188:107.063   Old firmware which does not support pausing periodic actions during flash download
T31E4 5188:107.097   CPU_ReadMem(4 bytes @ 0xE000ED90)
T31E4 5188:107.755   CPU_ReadMem(4 bytes @ 0xE000ED94)
T31E4 5188:108.576    -- --------------------------------------
T31E4 5188:108.610   Flash bank @ 0x00400000: Default: L2 verify disabled because algorithm performs L1 verify
T31E4 5188:108.622    -- Start of determining dirty areas in flash cache
T31E4 5188:109.029    -- End of determining dirty areas
T31E4 5188:109.043    -- Start of preparing flash programming
T31E4 5188:109.055    -- Calculating RAM usage
T31E4 5188:109.072    -- RAM usage = 4060 Bytes
T31E4 5188:109.083    -- Preserving CPU registers
T31E4 5188:109.108    -- Preparing memory
T31E4 5188:109.121    -- Preparing target
T31E4 5188:269.556    -- Preserving target RAM temporarily used for programming
T31E4 5188:282.838    -- Downloading RAMCode
T31E4 5188:295.349    -- Preparing RAMCode
T31E4 5188:302.064    -- Checking target RAM
T31E4 5188:303.597    -- End of preparing flash programming
T31E4 5188:303.765   Looking for J-Link GUI Server exe at: S:\Program Files (x86)\Atmel\Studio\7.0\atbackend\JLinkGUIServer.exe
T31E4 5188:303.816   Looking for J-Link GUI Server exe at: \JLinkGUIServer.exe
T31E4 5188:605.224   Failed to connect to J-Link GUI Server.
T31E4 5188:612.094    -- CPU is running at 90000 kHz.
T31E4 5188:612.126    -- Start of comparing flash
T31E4 5188:612.139    -- CRC check was estimated as fastest method
T31E4 5188:612.155    -- Comparing range 0x400000 - 0x403FFF (32 Sectors, 16 KiB), using multi-block CRC calculation
T31E4 5188:616.728    -- CRC does not match for sectors 0-31
T31E4 5188:616.754    -- Comparing range 0x404000 - 0x404FFF (1 Sector, 4 KiB), using multi-block CRC calculation
T31E4 5188:618.881    -- CRC does not match for sector 0
T31E4 5188:618.903    -- End of comparing flash
T31E4 5188:618.916    -- Start of erasing sectors
T31E4 5188:618.929    -- End of erasing sectors
T31E4 5188:618.956    -- Start of flash programming
T31E4 5188:618.969    -- Programming range 0x00400000 - 0x00403FFF ( 32 Sectors, 16 KB)
T31E4 5188:686.635    -- Programming range 0x00404000 - 0x00404FFF (  1 Sector, 4 KB)
T31E4 5188:700.623    -- End of flash programming
T31E4 5188:700.659    -- 0x400000 - 0x403FFF ( 32 Sectors, 16 KoB)
T31E4 5188:700.672    -- 0x404000 - 0x404FFF (  1 Sector, 4 KoB)
T31E4 5188:700.685    -- Start of restoring
T31E4 5188:700.697    -- Restoring RAMCode
T31E4 5188:712.200    -- Restoring target memory
T31E4 5188:724.705    -- Restore target
T31E4 5188:776.289    -- Restore memory
T31E4 5188:776.350    -- Restoring CPU registers
T31E4 5188:776.376    -- End of restoring
T31E4 5188:776.453    -- Bank 0 @ 0x00400000: 2 ranges affected (20480 bytes)
T31E4 5188:776.488    -- Total: 0.667s (Prepare: 0.503s, Compare: 0.006s, Erase: 0.000s, Program & Verify: 0.089s, Restore: 0.068s)
T31E4 5188:776.516    -- Program & Verify speed: 225 KiB/s
T31E4 5188:778.809 - 672.048ms returns 20480 (0x5000)
T31E4 5188:779.686 JLINK_ResetPullsRESET(ON)
T31E4 5188:779.703 - 0.021ms
T31E4 5188:779.715 JLINK_ResetNoHalt()
T31E4 5188:781.030   TotalIRLen = 4, IRPrint = 0x01
T31E4 5188:781.555   JTAG chain detection found 1 devices:
T31E4 5188:781.580    #0 Id: 0x4BA00477, IRLen: 04, CoreSight JTAG-DP
T31E4 5188:785.434   Old FW that does not support reading DPIDR via DAP jobs
T31E4 5188:788.862   DPv0 detected
T31E4 5188:788.903   AP map detection skipped. Manually configured AP map found.
T31E4 5188:788.925   AP[0]: AHB-AP (IDR: Not set)
T31E4 5188:793.805   AP[0]: Core found
T31E4 5188:793.943   AP[0]: AHB-AP ROM base: 0xE00FF000
T31E4 5188:796.737   CPUID register: 0x410FC241. Implementer code: 0x41 (ARM)
T31E4 5188:796.776   Found Cortex-M4 r0p1, Little endian.
T31E4 5188:796.999   -- Max. mem block: 0x00001F48
T31E4 5188:797.021   CPU_ReadMem(4 bytes @ 0xE000EDF0)
T31E4 5188:797.563   CPU_ReadMem(4 bytes @ 0xE0002000)
T31E4 5188:798.111   FPUnit: 6 code (BP) slots and 2 literal slots
T31E4 5188:798.143   CPU_ReadMem(4 bytes @ 0xE000EDFC)
T31E4 5188:798.654   CPU_ReadMem(4 bytes @ 0xE0001000)
T31E4 5188:799.242   CPU_ReadMem(4 bytes @ 0xE000ED88)
T31E4 5188:799.760   CPU_WriteMem(4 bytes @ 0xE000ED88)
T31E4 5188:800.149   CPU_ReadMem(4 bytes @ 0xE000ED88)
T31E4 5188:800.711   CPU_WriteMem(4 bytes @ 0xE000ED88)
T31E4 5188:801.168   CoreSight components:
T31E4 5188:801.209   ROMTbl[0] @ E00FF000
T31E4 5188:801.223   CPU_ReadMem(64 bytes @ 0xE00FF000)
T31E4 5188:802.449   CPU_ReadMem(32 bytes @ 0xE000EFE0)
T31E4 5188:803.188   ROMTbl[0][0]: E000E000, CID: B105E00D, PID: 000BB000 SCS
T31E4 5188:803.220   CPU_WriteMem(4 bytes @ 0xE0001000)
T31E4 5188:803.629   CPU_ReadMem(32 bytes @ 0xE0001FE0)
T31E4 5188:804.439   ROMTbl[0][1]: E0001000, CID: B105E00D, PID: 003BB002 DWT
T31E4 5188:804.455   CPU_ReadMem(32 bytes @ 0xE0002FE0)
T31E4 5188:805.167   ROMTbl[0][2]: E0002000, CID: B105E00D, PID: 002BB003 FPB
T31E4 5188:805.184   CPU_ReadMem(32 bytes @ 0xE0000FE0)
T31E4 5188:805.906   ROMTbl[0][3]: E0000000, CID: B105E00D, PID: 003BB001 ITM
T31E4 5188:805.939   CPU_ReadMem(32 bytes @ 0xE0040FE0)
T31E4 5188:806.583   ROMTbl[0][4]: E0040000, CID: B105900D, PID: 000BB9A1 TPIU
T31E4 5188:806.621   JLINK_Reset()
T31E4 5188:807.134     CPU_ReadMem(16 bytes @ 0x20000000)
T31E4 5188:807.807     CPU_WriteMem(16 bytes @ 0x20000000)
T31E4 5188:808.468     CPU_ReadMem(4 bytes @ 0xE000EDFC)
T31E4 5188:808.930     CPU_WriteMem(4 bytes @ 0xE000EDFC)
T31E4 5188:809.394     CPU_ReadMem(4 bytes @ 0xE0001000)
T31E4 5188:825.764     CPU_WriteMem(4 bytes @ 0xE000EDFC)
T31E4 5188:826.442     CPU_WriteMem(16 bytes @ 0x20000000)
T31E4 5188:830.899     CPU_WriteMem(4 bytes @ 0xE0002000)
T31E4 5188:831.672     CPU_ReadMem(4 bytes @ 0xE000EDFC)
T31E4 5188:832.456     CPU_ReadMem(4 bytes @ 0xE0001000)
T31E4 5188:833.280   - 26.684ms
T31E4 5188:833.315   JLINK_Go()
T31E4 5188:833.329     CPU_ReadMem(4 bytes @ 0xE0001000)
T31E4 5188:833.905     CPU_WriteMem(4 bytes @ 0xE0001004)
T31E4 5188:835.222   - 1.931ms
T31E4 5188:835.253 - 55.541ms
T31E4 5188:846.945 JLINK_Close()
T31E4 5188:862.384 - 15.472ms
T31E4 5188:862.424   
T31E4 5188:862.435   Closed
