T31E4 5125:607.163   SEGGER J-Link V7.52a Log File
T31E4 5125:607.248   DLL Compiled: Jul 28 2021 11:08:12
T31E4 5125:607.284   Logging started @ 2023-03-15 19:36
T31E4 5125:607.317 - 41729.540ms
T31E4 5125:614.910 JLINK_ExecCommand("Device = AT91SAM4SD32C", ...). 
T31E4 5125:615.436   Device "ATSAM4SD32C" selected.
T31E4 5125:615.783 - 0.842ms returns 0x00
T31E4 5125:647.303 JLINK_TIF_Select(JLINKARM_TIF_JTAG)
T31E4 5125:648.546 - 1.269ms returns 0x00
T31E4 5125:648.604 JLINK_ConfigJTAG(IRPre = 0, DRPre = 0)
T31E4 5125:648.667 - 0.078ms
T31E4 5125:648.697 JLINK_SetSpeed(4000)
T31E4 5125:648.820 - 0.147ms
T31E4 5125:648.862 JLINK_ResetPullsRESET(OFF)
T31E4 5125:648.901 - 0.050ms
T31E4 5125:648.926 JLINK_Connect()
T31E4 5125:650.643   TotalIRLen = 4, IRPrint = 0x01
T31E4 5125:651.332   JTAG chain detection found 1 devices:
T31E4 5125:651.357    #0 Id: 0x4BA00477, IRLen: 04, CoreSight JTAG-DP
T31E4 5125:656.196   Old FW that does not support reading DPIDR via DAP jobs
T31E4 5125:659.988   DPv0 detected
T31E4 5125:660.064   Scanning AP map to find all available APs
T31E4 5125:663.148   AP[1]: Stopped AP scan as end of AP map has been reached
T31E4 5125:663.176   AP[0]: AHB-AP (IDR: 0x24770011)
T31E4 5125:663.220   Iterating through AP map to find AHB-AP to use
T31E4 5125:668.294   AP[0]: Core found
T31E4 5125:668.320   AP[0]: AHB-AP ROM base: 0xE00FF000
T31E4 5125:670.566   CPUID register: 0x410FC241. Implementer code: 0x41 (ARM)
T31E4 5125:670.592   Found Cortex-M4 r0p1, Little endian.
T31E4 5125:670.953   -- Max. mem block: 0x000023B8
T31E4 5125:671.087   CPU_ReadMem(4 bytes @ 0xE000EDF0)
T31E4 5125:674.681   CPU_WriteMem(4 bytes @ 0xE000EDF0)
T31E4 5125:675.109   CPU_ReadMem(4 bytes @ 0xE0002000)
T31E4 5125:675.625   FPUnit: 6 code (BP) slots and 2 literal slots
T31E4 5125:675.644   CPU_ReadMem(4 bytes @ 0xE000EDFC)
T31E4 5125:676.094   CPU_WriteMem(4 bytes @ 0xE000EDFC)
T31E4 5125:676.503   CPU_ReadMem(4 bytes @ 0xE0001000)
T31E4 5125:676.979   CPU_WriteMem(4 bytes @ 0xE0001000)
T31E4 5125:677.423   CPU_ReadMem(4 bytes @ 0xE000ED88)
T31E4 5125:678.000   CPU_WriteMem(4 bytes @ 0xE000ED88)
T31E4 5125:678.454   CPU_ReadMem(4 bytes @ 0xE000ED88)
T31E4 5125:678.979   CPU_WriteMem(4 bytes @ 0xE000ED88)
T31E4 5125:679.436   CoreSight components:
T31E4 5125:679.475   ROMTbl[0] @ E00FF000
T31E4 5125:679.488   CPU_ReadMem(64 bytes @ 0xE00FF000)
T31E4 5125:680.272   CPU_ReadMem(32 bytes @ 0xE000EFE0)
T31E4 5125:681.014   ROMTbl[0][0]: E000E000, CID: B105E00D, PID: 000BB000 SCS
T31E4 5125:681.031   CPU_ReadMem(32 bytes @ 0xE0001FE0)
T31E4 5125:681.713   ROMTbl[0][1]: E0001000, CID: B105E00D, PID: 003BB002 DWT
T31E4 5125:681.729   CPU_ReadMem(32 bytes @ 0xE0002FE0)
T31E4 5125:682.400   ROMTbl[0][2]: E0002000, CID: B105E00D, PID: 002BB003 FPB
T31E4 5125:682.417   CPU_ReadMem(32 bytes @ 0xE0000FE0)
T31E4 5125:683.096   ROMTbl[0][3]: E0000000, CID: B105E00D, PID: 003BB001 ITM
T31E4 5125:683.113   CPU_ReadMem(32 bytes @ 0xE0040FE0)
T31E4 5125:683.821   ROMTbl[0][4]: E0040000, CID: B105900D, PID: 000BB9A1 TPIU
T31E4 5125:683.840 - 34.919ms returns 0x00
T31E4 5125:683.920 JLINK_Halt()
T31E4 5125:687.129 - 3.219ms returns 0x00
T31E4 5125:687.261 JLINK_BeginDownload(Flags = 0x00000000)
T31E4 5125:687.273 - 0.015ms
T31E4 5125:687.295 JLINK_WriteMem(0x400E0A04, 0x4 Bytes, ...)
T31E4 5125:687.305   Data:  0B 01 00 5A
T31E4 5125:687.737   CPU_WriteMem(4 bytes @ 0x400E0A04)
T31E4 5125:688.194 - 0.911ms returns 0x4
T31E4 5125:688.259 JLINK_EndDownload()
T31E4 5125:688.287 - 0.031ms returns 0 (0x0)
T31E4 5125:688.298 JLINK_ReadMemHW(0x400E0A08, 0x0004 Bytes, ...)
T31E4 5125:688.309   CPU_ReadMem(4 bytes @ 0x400E0A08)
T31E4 5125:688.898   Data:  01 00 00 00
T31E4 5125:688.924 - 0.630ms returns 0
T31E4 5125:688.960 JLINK_BeginDownload(Flags = 0x00000000)
T31E4 5125:688.987 - 0.048ms
T31E4 5125:689.029 JLINK_WriteMem(0x400E0A04, 0x4 Bytes, ...)
T31E4 5125:689.038   Data:  0C 02 00 5A
T31E4 5125:689.056   CPU_WriteMem(4 bytes @ 0x400E0A04)
T31E4 5125:689.494 - 0.474ms returns 0x4
T31E4 5125:689.584 JLINK_EndDownload()
T31E4 5125:689.599 - 0.019ms returns 0 (0x0)
T31E4 5125:689.610 JLINK_ReadMemHW(0x400E0A08, 0x0004 Bytes, ...)
T31E4 5125:689.621   CPU_ReadMem(4 bytes @ 0x400E0A08)
T31E4 5125:690.167   Data:  01 00 00 00
T31E4 5125:690.183 - 0.577ms returns 0
T31E4 5125:690.215 JLINK_SetResetType(JLINKARM_CM3_RESET_TYPE_NORMAL)
T31E4 5125:690.225 - 0.013ms returns JLINKARM_CM3_RESET_TYPE_NORMAL
T31E4 5125:690.235 JLINK_Reset()
T31E4 5125:690.671   CPU_ReadMem(16 bytes @ 0x20000000)
T31E4 5125:691.273   CPU_WriteMem(16 bytes @ 0x20000000)
T31E4 5125:691.831   CPU_ReadMem(4 bytes @ 0xE000EDFC)
T31E4 5125:692.366   CPU_WriteMem(4 bytes @ 0xE000EDFC)
T31E4 5125:692.856   CPU_ReadMem(4 bytes @ 0xE0001000)
T31E4 5125:708.162   CPU_WriteMem(4 bytes @ 0xE000EDFC)
T31E4 5125:708.620   CPU_WriteMem(16 bytes @ 0x20000000)
T31E4 5125:712.234   CPU_WriteMem(4 bytes @ 0xE0002000)
T31E4 5125:712.727   CPU_ReadMem(4 bytes @ 0xE000EDFC)
T31E4 5125:713.244   CPU_ReadMem(4 bytes @ 0xE0001000)
T31E4 5125:713.888 - 23.678ms
T31E4 5125:715.549 JLINK_JTAG_GetDeviceID(DeviceIndex = 0)
T31E4 5125:715.591 - 0.050ms returns 1268778103
T31E4 5125:715.627 JLINK_ReadMemU32(0x400E0740, 0x1 Items)
T31E4 5125:715.658   CPU_ReadMem(4 bytes @ 0x400E0740)
T31E4 5125:716.196   Data:  E0 0E A7 29
T31E4 5125:716.215 - 0.592ms returns 1 (0x1)
T31E4 5125:716.251 JLINK_ReadMemU32(0x400E0744, 0x1 Items)
T31E4 5125:716.265   CPU_ReadMem(4 bytes @ 0x400E0744)
T31E4 5125:716.724   Data:  00 00 00 00
T31E4 5125:716.742 - 0.496ms returns 1 (0x1)
T31E4 5125:716.820 JLINK_BeginDownload(Flags = 0x00000000)
T31E4 5125:716.841 - 0.029ms
T31E4 5125:716.885 JLINK_WriteMem(0x400E0A04, 0x4 Bytes, ...)
T31E4 5125:716.906   Data:  05 00 00 5A
T31E4 5125:716.938   CPU_WriteMem(4 bytes @ 0x400E0A04)
T31E4 5125:717.364 - 0.489ms returns 0x4
T31E4 5125:717.412 JLINK_WriteMem(0x400E0C04, 0x4 Bytes, ...)
T31E4 5125:717.422   Data:  05 00 00 5A
T31E4 5125:717.440   CPU_WriteMem(4 bytes @ 0x400E0C04)
T31E4 5125:717.894 - 0.492ms returns 0x4
T31E4 5125:717.947 JLINK_EndDownload()
T31E4 5125:717.958 - 0.015ms returns 0 (0x0)
T31E4 5125:717.968 JLINK_ReadMemHW(0x400E0A08, 0x0004 Bytes, ...)
T31E4 5125:717.978   CPU_ReadMem(4 bytes @ 0x400E0A08)
T31E4 5125:718.608   Data:  00 00 00 00
T31E4 5125:718.626 - 0.662ms returns 0
T31E4 5125:723.855 JLINK_ReadMemHW(0x400E0A08, 0x0004 Bytes, ...)
T31E4 5125:723.897   CPU_ReadMem(4 bytes @ 0x400E0A08)
T31E4 5125:724.658   Data:  00 00 00 00
T31E4 5125:724.691 - 0.840ms returns 0
T29A0 5125:724.841 JLINK_IsHalted()
T29A0 5125:724.859 - 0.024ms returns TRUE
T29A0 5125:724.879 JLINK_GetMOEs(...)
T29A0 5125:724.890   CPU_ReadMem(4 bytes @ 0xE000ED30)
T29A0 5125:725.623 - 0.770ms returns 0x01
T29A0 5125:725.662 JLINK_ReadReg(R15 (PC))
T29A0 5125:725.675 - 0.018ms returns 0x004008D8
T31E4 5125:728.153 JLINK_ReadMemHW(0x400E0A08, 0x0004 Bytes, ...)
T31E4 5125:728.244   CPU_ReadMem(4 bytes @ 0x400E0A08)
T31E4 5125:728.856   Data:  00 00 00 00
T31E4 5125:728.889 - 0.740ms returns 0
T31E4 5125:744.618 JLINK_ReadMemHW(0x400E0A08, 0x0004 Bytes, ...)
T31E4 5125:744.672   CPU_ReadMem(4 bytes @ 0x400E0A08)
T31E4 5125:745.236   Data:  00 00 00 00
T31E4 5125:745.255 - 0.641ms returns 0
T31E4 5125:808.709 JLINK_ReadMemHW(0x400E0A08, 0x0004 Bytes, ...)
T31E4 5125:808.754   CPU_ReadMem(4 bytes @ 0x400E0A08)
T31E4 5125:809.249   Data:  00 00 00 00
T31E4 5125:809.271 - 0.567ms returns 0
T29A0 5125:925.546 JLINK_IsHalted()
T29A0 5125:925.626 - 0.086ms returns TRUE
T31E4 5126:064.855 JLINK_ReadMemHW(0x400E0A08, 0x0004 Bytes, ...)
T31E4 5126:064.909   CPU_ReadMem(4 bytes @ 0x400E0A08)
T31E4 5126:065.721   Data:  00 00 00 00
T31E4 5126:065.767 - 0.916ms returns 0
T29A0 5126:125.704 JLINK_IsHalted()
T29A0 5126:125.749 - 0.050ms returns TRUE
T29A0 5126:326.411 JLINK_IsHalted()
T29A0 5126:327.185 - 0.815ms returns TRUE
T29A0 5126:531.327 JLINK_IsHalted()
T29A0 5126:531.372 - 0.049ms returns TRUE
T29A0 5126:732.656 JLINK_IsHalted()
T29A0 5126:732.702 - 0.051ms returns TRUE
T29A0 5126:933.491 JLINK_IsHalted()
T29A0 5126:934.248 - 0.794ms returns TRUE
T31E4 5127:066.143 JLINK_ReadMemHW(0x400E0A08, 0x0004 Bytes, ...)
T31E4 5127:066.198   CPU_ReadMem(4 bytes @ 0x400E0A08)
T31E4 5127:067.011   Data:  00 00 00 00
T31E4 5127:067.057 - 0.918ms returns 0
T31E4 5127:067.164 JLINK_ReadMemHW(0x400E0C08, 0x0004 Bytes, ...)
T31E4 5127:067.186   CPU_ReadMem(4 bytes @ 0x400E0C08)
T31E4 5127:067.783   Data:  00 00 00 00
T31E4 5127:067.814 - 0.654ms returns 0
T31E4 5127:069.159 JLINK_ReadMemHW(0x400E0C08, 0x0004 Bytes, ...)
T31E4 5127:069.213   CPU_ReadMem(4 bytes @ 0x400E0C08)
T31E4 5127:070.031   Data:  00 00 00 00
T31E4 5127:070.064 - 0.909ms returns 0
T31E4 5127:075.152 JLINK_ReadMemHW(0x400E0C08, 0x0004 Bytes, ...)
T31E4 5127:075.208   CPU_ReadMem(4 bytes @ 0x400E0C08)
T31E4 5127:076.003   Data:  00 00 00 00
T31E4 5127:076.054 - 0.922ms returns 0
T31E4 5127:093.837 JLINK_ReadMemHW(0x400E0C08, 0x0004 Bytes, ...)
T31E4 5127:093.876   CPU_ReadMem(4 bytes @ 0x400E0C08)
T31E4 5127:094.650   Data:  00 00 00 00
T31E4 5127:094.697 - 0.864ms returns 0
T29A0 5127:133.750 JLINK_IsHalted()
T29A0 5127:133.809 - 0.063ms returns TRUE
T31E4 5127:161.075 JLINK_ReadMemHW(0x400E0C08, 0x0004 Bytes, ...)
T31E4 5127:161.128   CPU_ReadMem(4 bytes @ 0x400E0C08)
T31E4 5127:161.919   Data:  00 00 00 00
T31E4 5127:161.952 - 0.881ms returns 0
T29A0 5127:334.215 JLINK_IsHalted()
T29A0 5127:334.262 - 0.051ms returns TRUE
T31E4 5127:422.219 JLINK_ReadMemHW(0x400E0C08, 0x0004 Bytes, ...)
T31E4 5127:422.274   CPU_ReadMem(4 bytes @ 0x400E0C08)
T31E4 5127:423.067   Data:  00 00 00 00
T31E4 5127:423.101 - 0.886ms returns 0
T29A0 5127:534.572 JLINK_IsHalted()
T29A0 5127:535.345 - 0.843ms returns TRUE
T29A0 5127:735.397 JLINK_IsHalted()
T29A0 5127:735.443 - 0.051ms returns TRUE
T29A0 5127:935.967 JLINK_IsHalted()
T29A0 5127:936.000 - 0.037ms returns TRUE
T29A0 5128:138.027 JLINK_IsHalted()
T29A0 5128:138.749 - 0.746ms returns TRUE
T29A0 5128:340.272 JLINK_IsHalted()
T29A0 5128:340.319 - 0.052ms returns TRUE
T31E4 5128:423.624 JLINK_ReadMemHW(0x400E0C08, 0x0004 Bytes, ...)
T31E4 5128:423.693   CPU_ReadMem(4 bytes @ 0x400E0C08)
T31E4 5128:424.525   Data:  00 00 00 00
T31E4 5128:424.558 - 0.938ms returns 0
T31E4 5128:424.713 JLINK_ReadMemHW(0x400E0A08, 0x0004 Bytes, ...)
T31E4 5128:424.735   CPU_ReadMem(4 bytes @ 0x400E0A08)
T31E4 5128:425.532   Data:  00 00 00 00
T31E4 5128:425.586 - 0.877ms returns 0
T31E4 5128:428.177 JLINK_ReadMemHW(0x400E0A08, 0x0004 Bytes, ...)
T31E4 5128:428.245   CPU_ReadMem(4 bytes @ 0x400E0A08)
T31E4 5128:429.042   Data:  00 00 00 00
T31E4 5128:429.075 - 0.902ms returns 0
T31E4 5128:434.417 JLINK_ReadMemHW(0x400E0A08, 0x0004 Bytes, ...)
T31E4 5128:434.487   CPU_ReadMem(4 bytes @ 0x400E0A08)
T31E4 5128:435.319   Data:  00 00 00 00
T31E4 5128:435.351 - 0.938ms returns 0
T31E4 5128:453.944 JLINK_ReadMemHW(0x400E0A08, 0x0004 Bytes, ...)
T31E4 5128:453.986   CPU_ReadMem(4 bytes @ 0x400E0A08)
T31E4 5128:454.861   Data:  00 00 00 00
T31E4 5128:454.895 - 0.956ms returns 0
T31E4 5128:519.700 JLINK_ReadMemHW(0x400E0A08, 0x0004 Bytes, ...)
T31E4 5128:519.753   CPU_ReadMem(4 bytes @ 0x400E0A08)
T31E4 5128:520.582   Data:  00 00 00 00
T31E4 5128:520.615 - 0.919ms returns 0
T29A0 5128:541.111 JLINK_IsHalted()
T29A0 5128:541.157 - 0.050ms returns TRUE
T29A0 5128:743.944 JLINK_IsHalted()
T29A0 5128:744.592 - 0.672ms returns TRUE
T31E4 5128:777.163 JLINK_ReadMemHW(0x400E0A08, 0x0004 Bytes, ...)
T31E4 5128:777.204   CPU_ReadMem(4 bytes @ 0x400E0A08)
T31E4 5128:777.882   Data:  00 00 00 00
T31E4 5128:777.927 - 0.769ms returns 0
T29A0 5128:944.920 JLINK_IsHalted()
T29A0 5128:944.968 - 0.052ms returns TRUE
T29A0 5129:145.705 JLINK_IsHalted()
T29A0 5129:145.738 - 0.037ms returns TRUE
T29A0 5129:346.124 JLINK_IsHalted()
T29A0 5129:346.807 - 0.720ms returns TRUE
T29A0 5129:550.453 JLINK_IsHalted()
T29A0 5129:550.502 - 0.053ms returns TRUE
T29A0 5129:750.711 JLINK_IsHalted()
T29A0 5129:750.735 - 0.028ms returns TRUE
T31E4 5129:778.410 JLINK_ReadMemHW(0x400E0A08, 0x0004 Bytes, ...)
T31E4 5129:778.468   CPU_ReadMem(4 bytes @ 0x400E0A08)
T31E4 5129:779.302   Data:  00 00 00 00
T31E4 5129:779.335 - 0.929ms returns 0
T31E4 5129:779.512 JLINK_ReadMemHW(0x400E0C08, 0x0004 Bytes, ...)
T31E4 5129:779.540   CPU_ReadMem(4 bytes @ 0x400E0C08)
T31E4 5129:780.132   Data:  00 00 00 00
T31E4 5129:780.162 - 0.654ms returns 0
T31E4 5129:781.651 JLINK_ReadMemHW(0x400E0C08, 0x0004 Bytes, ...)
T31E4 5129:781.712   CPU_ReadMem(4 bytes @ 0x400E0C08)
T31E4 5129:782.322   Data:  00 00 00 00
T31E4 5129:782.358 - 0.712ms returns 0
T31E4 5129:787.096 JLINK_ReadMemHW(0x400E0C08, 0x0004 Bytes, ...)
T31E4 5129:787.151   CPU_ReadMem(4 bytes @ 0x400E0C08)
T31E4 5129:787.969   Data:  00 00 00 00
T31E4 5129:788.001 - 0.909ms returns 0
T31E4 5129:805.136 JLINK_ReadMemHW(0x400E0C08, 0x0004 Bytes, ...)
T31E4 5129:805.190   CPU_ReadMem(4 bytes @ 0x400E0C08)
T31E4 5129:806.002   Data:  00 00 00 00
T31E4 5129:806.047 - 0.915ms returns 0
T31E4 5129:870.880 JLINK_ReadMemHW(0x400E0C08, 0x0004 Bytes, ...)
T31E4 5129:870.954   CPU_ReadMem(4 bytes @ 0x400E0C08)
T31E4 5129:871.783   Data:  00 00 00 00
T31E4 5129:871.827 - 0.952ms returns 0
T29A0 5129:953.939 JLINK_IsHalted()
T29A0 5129:954.681 - 0.779ms returns TRUE
T31E4 5130:132.028 JLINK_ReadMemHW(0x400E0C08, 0x0004 Bytes, ...)
T31E4 5130:132.083   CPU_ReadMem(4 bytes @ 0x400E0C08)
T31E4 5130:132.885   Data:  01 00 00 00
T31E4 5130:132.921 - 0.898ms returns 0
T31E4 5130:132.947 JLINK_ReadMemHW(0x400E0A08, 0x0004 Bytes, ...)
T31E4 5130:132.963   CPU_ReadMem(4 bytes @ 0x400E0A08)
T31E4 5130:133.775   Data:  00 00 00 00
T31E4 5130:133.808 - 0.865ms returns 0
T31E4 5130:135.243 JLINK_ReadMemHW(0x400E0A08, 0x0004 Bytes, ...)
T31E4 5130:135.296   CPU_ReadMem(4 bytes @ 0x400E0A08)
T31E4 5130:136.123   Data:  00 00 00 00
T31E4 5130:136.156 - 0.918ms returns 0
T31E4 5130:141.367 JLINK_ReadMemHW(0x400E0A08, 0x0004 Bytes, ...)
T31E4 5130:141.407   CPU_ReadMem(4 bytes @ 0x400E0A08)
T31E4 5130:142.195   Data:  00 00 00 00
T31E4 5130:142.228 - 0.865ms returns 0
T29A0 5130:154.741 JLINK_IsHalted()
T29A0 5130:154.786 - 0.049ms returns TRUE
T31E4 5130:161.958 JLINK_ReadMemHW(0x400E0A08, 0x0004 Bytes, ...)
T31E4 5130:162.016   CPU_ReadMem(4 bytes @ 0x400E0A08)
T31E4 5130:162.788   Data:  00 00 00 00
T31E4 5130:162.821 - 0.867ms returns 0
T31E4 5130:226.097 JLINK_ReadMemHW(0x400E0A08, 0x0004 Bytes, ...)
T31E4 5130:226.152   CPU_ReadMem(4 bytes @ 0x400E0A08)
T31E4 5130:226.955   Data:  00 00 00 00
T31E4 5130:226.987 - 0.894ms returns 0
T29A0 5130:355.463 JLINK_IsHalted()
T29A0 5130:355.509 - 0.050ms returns TRUE
T31E4 5130:483.957 JLINK_ReadMemHW(0x400E0A08, 0x0004 Bytes, ...)
T31E4 5130:483.999   CPU_ReadMem(4 bytes @ 0x400E0A08)
T31E4 5130:484.832   Data:  00 00 00 00
T31E4 5130:484.865 - 0.912ms returns 0
T29A0 5130:556.125 JLINK_IsHalted()
T29A0 5130:556.779 - 0.679ms returns TRUE
T29A0 5130:757.124 JLINK_IsHalted()
T29A0 5130:757.174 - 0.071ms returns TRUE
T29A0 5130:958.417 JLINK_IsHalted()
T29A0 5130:958.496 - 0.084ms returns TRUE
T29A0 5131:159.284 JLINK_IsHalted()
T29A0 5131:160.064 - 0.805ms returns TRUE
T29A0 5131:363.944 JLINK_IsHalted()
T29A0 5131:363.978 - 0.039ms returns TRUE
T31E4 5131:484.888 JLINK_ReadMemHW(0x400E0A08, 0x0004 Bytes, ...)
T31E4 5131:484.942   CPU_ReadMem(4 bytes @ 0x400E0A08)
T31E4 5131:485.775   Data:  01 00 00 00
T31E4 5131:485.821 - 0.937ms returns 0
T29A0 5131:564.885 JLINK_IsHalted()
T29A0 5131:564.932 - 0.050ms returns TRUE
T31E4 5131:565.743 JLINK_ResetPullsRESET(ON)
T31E4 5131:565.767 - 0.028ms
T31E4 5131:565.779 JLINK_ResetNoHalt()
T31E4 5131:567.335   TotalIRLen = 4, IRPrint = 0x01
T31E4 5131:568.143   JTAG chain detection found 1 devices:
T31E4 5131:568.171    #0 Id: 0x4BA00477, IRLen: 04, CoreSight JTAG-DP
T31E4 5131:573.003   Old FW that does not support reading DPIDR via DAP jobs
T31E4 5131:576.421   DPv0 detected
T31E4 5131:576.446   AP map detection skipped. Manually configured AP map found.
T31E4 5131:576.467   AP[0]: AHB-AP (IDR: Not set)
T31E4 5131:581.436   AP[0]: Core found
T31E4 5131:581.523   AP[0]: AHB-AP ROM base: 0xE00FF000
T31E4 5131:583.853   CPUID register: 0x410FC241. Implementer code: 0x41 (ARM)
T31E4 5131:583.878   Found Cortex-M4 r0p1, Little endian.
T31E4 5131:584.050   -- Max. mem block: 0x00001F48
T31E4 5131:584.071   CPU_ReadMem(4 bytes @ 0xE000EDF0)
T31E4 5131:584.492   CPU_ReadMem(4 bytes @ 0xE0002000)
T31E4 5131:585.031   FPUnit: 6 code (BP) slots and 2 literal slots
T31E4 5131:585.047   CPU_ReadMem(4 bytes @ 0xE000EDFC)
T31E4 5131:585.490   CPU_ReadMem(4 bytes @ 0xE0001000)
T31E4 5131:585.989   CPU_ReadMem(4 bytes @ 0xE000ED88)
T31E4 5131:586.469   CPU_WriteMem(4 bytes @ 0xE000ED88)
T31E4 5131:586.872   CPU_ReadMem(4 bytes @ 0xE000ED88)
T31E4 5131:587.374   CPU_WriteMem(4 bytes @ 0xE000ED88)
T31E4 5131:587.835   CoreSight components:
T31E4 5131:587.858   ROMTbl[0] @ E00FF000
T31E4 5131:587.888   CPU_ReadMem(64 bytes @ 0xE00FF000)
T31E4 5131:589.080   CPU_ReadMem(32 bytes @ 0xE000EFE0)
T31E4 5131:589.788   ROMTbl[0][0]: E000E000, CID: B105E00D, PID: 000BB000 SCS
T31E4 5131:589.804   CPU_WriteMem(4 bytes @ 0xE0001000)
T31E4 5131:590.216   CPU_ReadMem(32 bytes @ 0xE0001FE0)
T31E4 5131:590.862   ROMTbl[0][1]: E0001000, CID: B105E00D, PID: 003BB002 DWT
T31E4 5131:590.881   CPU_ReadMem(32 bytes @ 0xE0002FE0)
T31E4 5131:591.610   ROMTbl[0][2]: E0002000, CID: B105E00D, PID: 002BB003 FPB
T31E4 5131:591.629   CPU_ReadMem(32 bytes @ 0xE0000FE0)
T31E4 5131:592.309   ROMTbl[0][3]: E0000000, CID: B105E00D, PID: 003BB001 ITM
T31E4 5131:592.328   CPU_ReadMem(32 bytes @ 0xE0040FE0)
T31E4 5131:593.051   ROMTbl[0][4]: E0040000, CID: B105900D, PID: 000BB9A1 TPIU
T31E4 5131:593.093   JLINK_Reset()
T31E4 5131:593.240     CPU_ReadMem(16 bytes @ 0x20000000)
T31E4 5131:593.880     CPU_WriteMem(16 bytes @ 0x20000000)
T31E4 5131:594.410     CPU_ReadMem(4 bytes @ 0xE000EDFC)
T31E4 5131:594.938     CPU_WriteMem(4 bytes @ 0xE000EDFC)
T31E4 5131:595.375     CPU_ReadMem(4 bytes @ 0xE0001000)
T31E4 5131:596.051     CPU_WriteMem(4 bytes @ 0xE0001004)
T31E4 5131:611.644     CPU_WriteMem(4 bytes @ 0xE000EDFC)
T31E4 5131:612.376     CPU_WriteMem(16 bytes @ 0x20000000)
T31E4 5131:616.279     CPU_WriteMem(4 bytes @ 0xE0002000)
T31E4 5131:616.965     CPU_ReadMem(4 bytes @ 0xE000EDFC)
T31E4 5131:617.637     CPU_ReadMem(4 bytes @ 0xE0001000)
T31E4 5131:618.266   - 25.185ms
T31E4 5131:618.288   JLINK_Go()
T31E4 5131:618.301     CPU_ReadMem(4 bytes @ 0xE0001000)
T31E4 5131:618.957     CPU_WriteMem(4 bytes @ 0xE0001004)
T31E4 5131:620.091   - 1.815ms
T31E4 5131:620.109 - 54.333ms
T31E4 5131:620.725 JLINK_TIF_Select(JLINKARM_TIF_JTAG)
T31E4 5131:620.756 - 0.035ms returns 0x00
T31E4 5131:620.767 JLINK_ConfigJTAG(IRPre = 0, DRPre = 0)
T31E4 5131:620.775 - 0.011ms
T31E4 5131:620.785 JLINK_SetSpeed(4000)
T31E4 5131:620.922 - 0.149ms
T31E4 5131:620.943 JLINK_ResetPullsRESET(OFF)
T31E4 5131:620.951 - 0.012ms
T31E4 5131:620.961 JLINK_Connect()
T31E4 5131:622.377   TotalIRLen = 4, IRPrint = 0x01
T31E4 5131:623.052   JTAG chain detection found 1 devices:
T31E4 5131:623.078    #0 Id: 0x4BA00477, IRLen: 04, CoreSight JTAG-DP
T31E4 5131:627.298   Old FW that does not support reading DPIDR via DAP jobs
T31E4 5131:630.771   DPv0 detected
T31E4 5131:630.799   AP map detection skipped. Manually configured AP map found.
T31E4 5131:630.836   AP[0]: AHB-AP (IDR: Not set)
T31E4 5131:635.288   AP[0]: Core found
T31E4 5131:635.312   AP[0]: AHB-AP ROM base: 0xE00FF000
T31E4 5131:637.650   CPUID register: 0x410FC241. Implementer code: 0x41 (ARM)
T31E4 5131:637.674   Found Cortex-M4 r0p1, Little endian.
T31E4 5131:637.940   -- Max. mem block: 0x00001F48
T31E4 5131:637.960   CPU_ReadMem(4 bytes @ 0xE000EDF0)
T31E4 5131:638.450   CPU_ReadMem(4 bytes @ 0xE0002000)
T31E4 5131:638.950   FPUnit: 6 code (BP) slots and 2 literal slots
T31E4 5131:638.966   CPU_ReadMem(4 bytes @ 0xE000EDFC)
T31E4 5131:639.413   CPU_ReadMem(4 bytes @ 0xE0001000)
T31E4 5131:639.913   CPU_WriteMem(4 bytes @ 0xE0001000)
T31E4 5131:640.350   CPU_ReadMem(4 bytes @ 0xE000ED88)
T31E4 5131:640.848   CPU_WriteMem(4 bytes @ 0xE000ED88)
T31E4 5131:641.238   CPU_ReadMem(4 bytes @ 0xE000ED88)
T31E4 5131:641.729   CPU_WriteMem(4 bytes @ 0xE000ED88)
T31E4 5131:642.208   CoreSight components:
T31E4 5131:642.249   ROMTbl[0] @ E00FF000
T31E4 5131:642.263   CPU_ReadMem(64 bytes @ 0xE00FF000)
T31E4 5131:643.357   CPU_ReadMem(32 bytes @ 0xE000EFE0)
T31E4 5131:644.027   ROMTbl[0][0]: E000E000, CID: B105E00D, PID: 000BB000 SCS
T31E4 5131:644.044   CPU_ReadMem(32 bytes @ 0xE0001FE0)
T31E4 5131:644.762   ROMTbl[0][1]: E0001000, CID: B105E00D, PID: 003BB002 DWT
T31E4 5131:644.781   CPU_ReadMem(32 bytes @ 0xE0002FE0)
T31E4 5131:645.572   ROMTbl[0][2]: E0002000, CID: B105E00D, PID: 002BB003 FPB
T31E4 5131:645.591   CPU_ReadMem(32 bytes @ 0xE0000FE0)
T31E4 5131:646.327   ROMTbl[0][3]: E0000000, CID: B105E00D, PID: 003BB001 ITM
T31E4 5131:646.346   CPU_ReadMem(32 bytes @ 0xE0040FE0)
T31E4 5131:647.092   ROMTbl[0][4]: E0040000, CID: B105900D, PID: 000BB9A1 TPIU
T31E4 5131:647.112 - 26.155ms returns 0x00
T31E4 5131:647.167 JLINK_Halt()
T31E4 5131:650.478 - 3.321ms returns 0x00
T31E4 5131:650.586 JLINK_BeginDownload(Flags = 0x00000000)
T31E4 5131:650.598 - 0.015ms
T31E4 5131:650.620 JLINK_WriteMem(0x400E0A04, 0x4 Bytes, ...)
T31E4 5131:650.630   Data:  0B 01 00 5A
T31E4 5131:650.771   CPU_WriteMem(4 bytes @ 0x400E0A04)
T31E4 5131:651.221 - 0.610ms returns 0x4
T31E4 5131:651.258 JLINK_EndDownload()
T31E4 5131:651.284 - 0.029ms returns 0 (0x0)
T31E4 5131:651.294 JLINK_ReadMemHW(0x400E0A08, 0x0004 Bytes, ...)
T31E4 5131:651.305   CPU_ReadMem(4 bytes @ 0x400E0A08)
T31E4 5131:651.899   Data:  01 00 00 00
T31E4 5131:651.916 - 0.626ms returns 0
T31E4 5131:651.947 JLINK_BeginDownload(Flags = 0x00000000)
T31E4 5131:651.972 - 0.028ms
T31E4 5131:651.994 JLINK_WriteMem(0x400E0A04, 0x4 Bytes, ...)
T31E4 5131:652.004   Data:  0C 02 00 5A
T31E4 5131:652.021   CPU_WriteMem(4 bytes @ 0x400E0A04)
T31E4 5131:652.437 - 0.453ms returns 0x4
T31E4 5131:652.476 JLINK_EndDownload()
T31E4 5131:652.487 - 0.015ms returns 0 (0x0)
T31E4 5131:652.497 JLINK_ReadMemHW(0x400E0A08, 0x0004 Bytes, ...)
T31E4 5131:652.509   CPU_ReadMem(4 bytes @ 0x400E0A08)
T31E4 5131:653.085   Data:  01 00 00 00
T31E4 5131:653.103 - 0.609ms returns 0
T31E4 5131:653.135 JLINK_SetResetType(JLINKARM_CM3_RESET_TYPE_NORMAL)
T31E4 5131:653.160 - 0.028ms returns JLINKARM_CM3_RESET_TYPE_NORMAL
T31E4 5131:653.170 JLINK_Reset()
T31E4 5131:653.183   CPU_ReadMem(16 bytes @ 0x20000000)
T31E4 5131:653.981   CPU_WriteMem(16 bytes @ 0x20000000)
T31E4 5131:654.884   CPU_ReadMem(4 bytes @ 0xE000EDFC)
T31E4 5131:655.486   CPU_WriteMem(4 bytes @ 0xE000EDFC)
T31E4 5131:656.177   CPU_ReadMem(4 bytes @ 0xE0001000)
T31E4 5131:672.384   CPU_WriteMem(4 bytes @ 0xE000EDFC)
T31E4 5131:673.014   CPU_WriteMem(16 bytes @ 0x20000000)
T31E4 5131:677.301   CPU_WriteMem(4 bytes @ 0xE0002000)
T31E4 5131:677.806   CPU_ReadMem(4 bytes @ 0xE000EDFC)
T31E4 5131:678.468   CPU_ReadMem(4 bytes @ 0xE0001000)
T31E4 5131:679.103 - 25.945ms
T31E4 5131:680.421 JLINK_JTAG_GetDeviceID(DeviceIndex = 0)
T31E4 5131:680.438 - 0.021ms returns 1268778103
T31E4 5131:680.449 JLINK_ReadMemU32(0x400E0740, 0x1 Items)
T31E4 5131:680.481   CPU_ReadMem(4 bytes @ 0x400E0740)
T31E4 5131:681.015   Data:  E0 0E A7 29
T31E4 5131:681.034 - 0.588ms returns 1 (0x1)
T31E4 5131:681.064 JLINK_ReadMemU32(0x400E0744, 0x1 Items)
T31E4 5131:681.078   CPU_ReadMem(4 bytes @ 0x400E0744)
T31E4 5131:681.608   Data:  00 00 00 00
T31E4 5131:681.627 - 0.567ms returns 1 (0x1)
T31E4 5131:690.598 JLINK_BeginDownload(Flags = 0x00000000)
T31E4 5131:690.632 - 0.039ms
T31E4 5131:690.655 JLINK_WriteMem(0x00400000, 0x4000 Bytes, ...)
T31E4 5131:690.665   Data:  C0 3A 00 20 D9 08 40 00 D5 08 40 00 D5 08 40 00 ...
T31E4 5131:691.207   completely In flash
T31E4 5131:691.260    -- Read from flash cache (16384 bytes @ 0x00400000)
T31E4 5131:691.276 - 0.625ms returns 0x4000
T31E4 5131:691.319 JLINK_WriteMem(0x00404000, 0x170 Bytes, ...)
T31E4 5131:691.344   Data:  34 35 36 37 38 39 61 62 63 64 65 66 00 00 00 00 ...
T31E4 5131:691.365   completely In flash
T31E4 5131:691.379    -- Read from flash cache (368 bytes @ 0x00404000)
T31E4 5131:691.391 - 0.076ms returns 0x170
T31E4 5131:691.636 JLINK_WriteMem(0x00404170, 0x8 Bytes, ...)
T31E4 5131:691.656   Data:  40 FB FF 7F 01 00 00 00
T31E4 5131:691.678   completely In flash
T31E4 5131:691.694 - 0.065ms returns 0x8
T31E4 5131:691.835 JLINK_WriteMem(0x00404178, 0x9C0 Bytes, ...)
T31E4 5131:691.852   Data:  00 09 3D 00 00 C2 01 00 C0 00 00 00 00 08 00 00 ...
T31E4 5131:691.875   completely In flash
T31E4 5131:691.893    -- Read from flash cache (2496 bytes @ 0x00404178)
T31E4 5131:691.906 - 0.075ms returns 0x9C0
T0D80 5131:692.112 JLINK_IsHalted()
T0D80 5131:692.140 - 0.044ms returns TRUE
T0D80 5131:692.172 JLINK_GetMOEs(...)
T0D80 5131:692.211   CPU_ReadMem(4 bytes @ 0xE000ED30)
T0D80 5131:692.813 - 0.675ms returns 0x01
T0D80 5131:692.857 JLINK_ReadReg(R15 (PC))
T0D80 5131:693.168   Old firmware which does not support pausing periodic actions during flash download
T0D80 5131:693.218   CPU_ReadMem(4 bytes @ 0xE000ED90)
T0D80 5131:693.750   CPU_ReadMem(4 bytes @ 0xE000ED94)
T0D80 5131:694.310    -- --------------------------------------
T0D80 5131:694.348   Flash bank @ 0x00400000: Default: L2 verify disabled because algorithm performs L1 verify
T0D80 5131:694.365    -- Start of determining dirty areas in flash cache
T0D80 5131:695.206    -- End of determining dirty areas
T0D80 5131:695.225    -- Start of preparing flash programming
T0D80 5131:695.242    -- Calculating RAM usage
T0D80 5131:695.267    -- RAM usage = 4060 Bytes
T0D80 5131:695.284    -- Preserving CPU registers
T0D80 5131:695.316    -- Preparing memory
T0D80 5131:695.334    -- Preparing target
T0D80 5131:855.047    -- Preserving target RAM temporarily used for programming
T0D80 5131:868.136    -- Downloading RAMCode
T0D80 5131:880.838    -- Preparing RAMCode
T0D80 5131:887.626    -- Checking target RAM
T0D80 5131:889.158    -- End of preparing flash programming
T0D80 5131:889.297   Looking for J-Link GUI Server exe at: S:\Program Files (x86)\Atmel\Studio\7.0\atbackend\JLinkGUIServer.exe
T0D80 5131:889.345   Looking for J-Link GUI Server exe at: \JLinkGUIServer.exe
T0D80 5132:190.105   Failed to connect to J-Link GUI Server.
T0D80 5132:196.319    -- CPU is running at 90000 kHz.
T0D80 5132:196.353    -- Start of comparing flash
T0D80 5132:196.366    -- CRC check was estimated as fastest method
T0D80 5132:196.382    -- Comparing range 0x400000 - 0x403FFF (32 Sectors, 16 KiB), using multi-block CRC calculation
T0D80 5132:200.823    -- CRC does not match for sectors 0-31
T0D80 5132:200.860    -- Comparing range 0x404000 - 0x404FFF (1 Sector, 4 KiB), using multi-block CRC calculation
T0D80 5132:202.986    -- CRC does not match for sector 0
T0D80 5132:203.011    -- End of comparing flash
T0D80 5132:203.028    -- Start of erasing sectors
T0D80 5132:203.041    -- End of erasing sectors
T0D80 5132:203.053    -- Start of flash programming
T0D80 5132:203.066    -- Programming range 0x00400000 - 0x00403FFF ( 32 Sectors, 16 KB)
T0D80 5132:272.929    -- Programming range 0x00404000 - 0x00404FFF (  1 Sector, 4 KB)
T0D80 5132:288.275    -- End of flash programming
T0D80 5132:288.310    -- 0x400000 - 0x403FFF ( 32 Sectors, 16 KoB)
T0D80 5132:288.323    -- 0x404000 - 0x404FFF (  1 Sector, 4 KoB)
T0D80 5132:288.336    -- Start of restoring
T0D80 5132:288.356    -- Restoring RAMCode
T0D80 5132:299.755    -- Restoring target memory
T0D80 5132:312.408    -- Restore target
T0D80 5132:364.321    -- Restore memory
T0D80 5132:364.355    -- Restoring CPU registers
T0D80 5132:364.379    -- End of restoring
T0D80 5132:364.431    -- Bank 0 @ 0x00400000: 2 ranges affected (20480 bytes)
T0D80 5132:364.473    -- Total: 0.669s (Prepare: 0.501s, Compare: 0.006s, Erase: 0.000s, Program & Verify: 0.092s, Restore: 0.068s)
T0D80 5132:364.496    -- Program & Verify speed: 217 KiB/s
T0D80 5132:366.770 - 673.932ms returns 0xFFFFFFFE
T31E4 5132:367.705 JLINK_EndDownload()
T31E4 5132:367.730 - 0.036ms returns 0 (0x0)
T31E4 5132:367.769 JLINK_ResetPullsRESET(ON)
T31E4 5132:367.783 - 0.018ms
T31E4 5132:367.797 JLINK_ResetNoHalt()
T31E4 5132:369.015   TotalIRLen = 4, IRPrint = 0x01
T31E4 5132:369.711   JTAG chain detection found 1 devices:
T31E4 5132:369.762    #0 Id: 0x4BA00477, IRLen: 04, CoreSight JTAG-DP
T31E4 5132:373.703   Old FW that does not support reading DPIDR via DAP jobs
T31E4 5132:377.124   DPv0 detected
T31E4 5132:377.152   AP map detection skipped. Manually configured AP map found.
T31E4 5132:377.174   AP[0]: AHB-AP (IDR: Not set)
T31E4 5132:381.704   AP[0]: Core found
T31E4 5132:381.727   AP[0]: AHB-AP ROM base: 0xE00FF000
T31E4 5132:384.057   CPUID register: 0x410FC241. Implementer code: 0x41 (ARM)
T31E4 5132:384.083   Found Cortex-M4 r0p1, Little endian.
T31E4 5132:384.310   -- Max. mem block: 0x00001F48
T31E4 5132:384.336   CPU_ReadMem(4 bytes @ 0xE000EDF0)
T31E4 5132:384.853   CPU_ReadMem(4 bytes @ 0xE0002000)
T31E4 5132:385.363   FPUnit: 6 code (BP) slots and 2 literal slots
T31E4 5132:385.384   CPU_ReadMem(4 bytes @ 0xE000EDFC)
T31E4 5132:385.942   CPU_ReadMem(4 bytes @ 0xE0001000)
T31E4 5132:386.359   CPU_ReadMem(4 bytes @ 0xE000ED88)
T31E4 5132:386.861   CPU_WriteMem(4 bytes @ 0xE000ED88)
T31E4 5132:387.286   CPU_ReadMem(4 bytes @ 0xE000ED88)
T31E4 5132:387.761   CPU_WriteMem(4 bytes @ 0xE000ED88)
T31E4 5132:388.212   CoreSight components:
T31E4 5132:388.236   ROMTbl[0] @ E00FF000
T31E4 5132:388.265   CPU_ReadMem(64 bytes @ 0xE00FF000)
T31E4 5132:389.407   CPU_ReadMem(32 bytes @ 0xE000EFE0)
T31E4 5132:390.175   ROMTbl[0][0]: E000E000, CID: B105E00D, PID: 000BB000 SCS
T31E4 5132:390.192   CPU_WriteMem(4 bytes @ 0xE0001000)
T31E4 5132:390.566   CPU_ReadMem(32 bytes @ 0xE0001FE0)
T31E4 5132:391.255   ROMTbl[0][1]: E0001000, CID: B105E00D, PID: 003BB002 DWT
T31E4 5132:391.272   CPU_ReadMem(32 bytes @ 0xE0002FE0)
T31E4 5132:392.054   ROMTbl[0][2]: E0002000, CID: B105E00D, PID: 002BB003 FPB
T31E4 5132:392.073   CPU_ReadMem(32 bytes @ 0xE0000FE0)
T31E4 5132:392.846   ROMTbl[0][3]: E0000000, CID: B105E00D, PID: 003BB001 ITM
T31E4 5132:392.865   CPU_ReadMem(32 bytes @ 0xE0040FE0)
T31E4 5132:393.573   ROMTbl[0][4]: E0040000, CID: B105900D, PID: 000BB9A1 TPIU
T31E4 5132:393.598   JLINK_Reset()
T31E4 5132:394.090     CPU_ReadMem(16 bytes @ 0x20000000)
T31E4 5132:394.718     CPU_WriteMem(16 bytes @ 0x20000000)
T31E4 5132:395.332     CPU_ReadMem(4 bytes @ 0xE000EDFC)
T31E4 5132:395.818     CPU_WriteMem(4 bytes @ 0xE000EDFC)
T31E4 5132:396.266     CPU_ReadMem(4 bytes @ 0xE0001000)
T31E4 5132:412.591     CPU_WriteMem(4 bytes @ 0xE000EDFC)
T31E4 5132:413.268     CPU_WriteMem(16 bytes @ 0x20000000)
T31E4 5132:417.180     CPU_WriteMem(4 bytes @ 0xE0002000)
T31E4 5132:417.701     CPU_ReadMem(4 bytes @ 0xE000EDFC)
T31E4 5132:418.316     CPU_ReadMem(4 bytes @ 0xE0001000)
T31E4 5132:418.941   - 25.374ms
T31E4 5132:418.983   JLINK_Go()
T31E4 5132:419.002     CPU_ReadMem(4 bytes @ 0xE0001000)
T31E4 5132:419.606     CPU_WriteMem(4 bytes @ 0xE0001004)
T31E4 5132:420.695   - 1.721ms
T31E4 5132:420.710 - 52.917ms
T31E4 5132:430.808 JLINK_Close()
T31E4 5132:446.221 - 15.437ms
T31E4 5132:446.253   
T31E4 5132:446.263   Closed
