T3EA0 2820:419.452   SEGGER J-Link V7.52a Log File
T3EA0 2820:419.555   DLL Compiled: Jul 28 2021 11:08:12
T3EA0 2820:419.582   Logging started @ 2023-04-05 18:55
T3EA0 2820:419.606 - 7031.896ms
T3EA0 2820:446.865 JLINK_ExecCommand("Device = AT91SAM4SD32C", ...). 
T3EA0 2820:447.414   Device "ATSAM4SD32C" selected.
T3EA0 2820:447.937 - 1.029ms returns 0x00
T3EA0 2820:471.608 JLINK_TIF_Select(JLINKARM_TIF_JTAG)
T3EA0 2820:472.766 - 1.185ms returns 0x00
T3EA0 2820:472.812 JLINK_ConfigJTAG(IRPre = 0, DRPre = 0)
T3EA0 2820:472.861 - 0.065ms
T3EA0 2820:472.892 JLINK_SetSpeed(4000)
T3EA0 2820:473.042 - 0.175ms
T3EA0 2820:473.085 JLINK_ResetPullsRESET(OFF)
T3EA0 2820:473.110 - 0.036ms
T3EA0 2820:473.136 JLINK_Connect()
T3EA0 2820:474.766   TotalIRLen = 4, IRPrint = 0x01
T3EA0 2820:475.377   JTAG chain detection found 1 devices:
T3EA0 2820:475.405    #0 Id: 0x4BA00477, IRLen: 04, CoreSight JTAG-DP
T3EA0 2820:479.727   Old FW that does not support reading DPIDR via DAP jobs
T3EA0 2820:483.231   DPv0 detected
T3EA0 2820:483.269   Scanning AP map to find all available APs
T3EA0 2820:485.794   AP[1]: Stopped AP scan as end of AP map has been reached
T3EA0 2820:485.821   AP[0]: AHB-AP (IDR: 0x24770011)
T3EA0 2820:485.841   Iterating through AP map to find AHB-AP to use
T3EA0 2820:490.144   AP[0]: Core found
T3EA0 2820:490.170   AP[0]: AHB-AP ROM base: 0xE00FF000
T3EA0 2820:492.314   CPUID register: 0x410FC241. Implementer code: 0x41 (ARM)
T3EA0 2820:492.357   Found Cortex-M4 r0p1, Little endian.
T3EA0 2820:492.765   -- Max. mem block: 0x000023B8
T3EA0 2820:492.892   CPU_ReadMem(4 bytes @ 0xE000EDF0)
T3EA0 2820:496.543   CPU_WriteMem(4 bytes @ 0xE000EDF0)
T3EA0 2820:496.966   CPU_ReadMem(4 bytes @ 0xE0002000)
T3EA0 2820:497.588   FPUnit: 6 code (BP) slots and 2 literal slots
T3EA0 2820:497.606   CPU_ReadMem(4 bytes @ 0xE000EDFC)
T3EA0 2820:498.164   CPU_WriteMem(4 bytes @ 0xE000EDFC)
T3EA0 2820:498.626   CPU_ReadMem(4 bytes @ 0xE0001000)
T3EA0 2820:499.152   CPU_WriteMem(4 bytes @ 0xE0001000)
T3EA0 2820:499.633   CPU_ReadMem(4 bytes @ 0xE000ED88)
T3EA0 2820:500.139   CPU_WriteMem(4 bytes @ 0xE000ED88)
T3EA0 2820:500.633   CPU_ReadMem(4 bytes @ 0xE000ED88)
T3EA0 2820:501.138   CPU_WriteMem(4 bytes @ 0xE000ED88)
T3EA0 2820:501.587   CoreSight components:
T3EA0 2820:501.611   ROMTbl[0] @ E00FF000
T3EA0 2820:501.625   CPU_ReadMem(64 bytes @ 0xE00FF000)
T3EA0 2820:502.403   CPU_ReadMem(32 bytes @ 0xE000EFE0)
T3EA0 2820:503.087   ROMTbl[0][0]: E000E000, CID: B105E00D, PID: 000BB000 SCS
T3EA0 2820:503.103   CPU_ReadMem(32 bytes @ 0xE0001FE0)
T3EA0 2820:503.766   ROMTbl[0][1]: E0001000, CID: B105E00D, PID: 003BB002 DWT
T3EA0 2820:503.782   CPU_ReadMem(32 bytes @ 0xE0002FE0)
T3EA0 2820:504.464   ROMTbl[0][2]: E0002000, CID: B105E00D, PID: 002BB003 FPB
T3EA0 2820:504.481   CPU_ReadMem(32 bytes @ 0xE0000FE0)
T3EA0 2820:505.150   ROMTbl[0][3]: E0000000, CID: B105E00D, PID: 003BB001 ITM
T3EA0 2820:505.182   CPU_ReadMem(32 bytes @ 0xE0040FE0)
T3EA0 2820:505.928   ROMTbl[0][4]: E0040000, CID: B105900D, PID: 000BB9A1 TPIU
T3EA0 2820:505.948 - 32.816ms returns 0x00
T3EA0 2820:505.996 JLINK_Halt()
T3EA0 2820:509.296 - 3.313ms returns 0x00
T3EA0 2820:509.479 JLINK_BeginDownload(Flags = 0x00000000)
T3EA0 2820:509.491 - 0.016ms
T3EA0 2820:509.515 JLINK_WriteMem(0x400E0A04, 0x4 Bytes, ...)
T3EA0 2820:509.524   Data:  0B 01 00 5A
T3EA0 2820:509.965   CPU_WriteMem(4 bytes @ 0x400E0A04)
T3EA0 2820:510.459 - 0.954ms returns 0x4
T3EA0 2820:510.512 JLINK_EndDownload()
T3EA0 2820:510.524 - 0.016ms returns 0 (0x0)
T3EA0 2820:510.535 JLINK_ReadMemHW(0x400E0A08, 0x0004 Bytes, ...)
T3EA0 2820:510.546   CPU_ReadMem(4 bytes @ 0x400E0A08)
T3EA0 2820:511.056   Data:  01 00 00 00
T3EA0 2820:511.075 - 0.544ms returns 0
T3EA0 2820:511.105 JLINK_BeginDownload(Flags = 0x00000000)
T3EA0 2820:511.128 - 0.027ms
T3EA0 2820:511.151 JLINK_WriteMem(0x400E0A04, 0x4 Bytes, ...)
T3EA0 2820:511.161   Data:  0C 02 00 5A
T3EA0 2820:511.177   CPU_WriteMem(4 bytes @ 0x400E0A04)
T3EA0 2820:511.605 - 0.464ms returns 0x4
T3EA0 2820:511.644 JLINK_EndDownload()
T3EA0 2820:511.730 - 0.090ms returns 0 (0x0)
T3EA0 2820:511.741 JLINK_ReadMemHW(0x400E0A08, 0x0004 Bytes, ...)
T3EA0 2820:511.752   CPU_ReadMem(4 bytes @ 0x400E0A08)
T3EA0 2820:512.260   Data:  01 00 00 00
T3EA0 2820:512.292 - 0.555ms returns 0
T3EA0 2820:512.325 JLINK_SetResetType(JLINKARM_CM3_RESET_TYPE_NORMAL)
T3EA0 2820:512.334 - 0.013ms returns JLINKARM_CM3_RESET_TYPE_NORMAL
T3EA0 2820:512.345 JLINK_Reset()
T3EA0 2820:512.820   CPU_ReadMem(16 bytes @ 0x20000000)
T3EA0 2820:513.387   CPU_WriteMem(16 bytes @ 0x20000000)
T3EA0 2820:513.930   CPU_ReadMem(4 bytes @ 0xE000EDFC)
T3EA0 2820:514.440   CPU_WriteMem(4 bytes @ 0xE000EDFC)
T3EA0 2820:514.849   CPU_ReadMem(4 bytes @ 0xE0001000)
T3EA0 2820:530.375   CPU_WriteMem(4 bytes @ 0xE000EDFC)
T3EA0 2820:530.868   CPU_WriteMem(16 bytes @ 0x20000000)
T3EA0 2820:534.478   CPU_WriteMem(4 bytes @ 0xE0002000)
T3EA0 2820:534.945   CPU_ReadMem(4 bytes @ 0xE000EDFC)
T3EA0 2820:535.533   CPU_ReadMem(4 bytes @ 0xE0001000)
T3EA0 2820:536.030 - 23.696ms
T3EA0 2820:537.505 JLINK_JTAG_GetDeviceID(DeviceIndex = 0)
T3EA0 2820:537.542 - 0.045ms returns 1268778103
T3EA0 2820:537.562 JLINK_ReadMemU32(0x400E0740, 0x1 Items)
T3EA0 2820:537.591   CPU_ReadMem(4 bytes @ 0x400E0740)
T3EA0 2820:538.094   Data:  E0 0E A7 29
T3EA0 2820:538.112 - 0.555ms returns 1 (0x1)
T3EA0 2820:538.145 JLINK_ReadMemU32(0x400E0744, 0x1 Items)
T3EA0 2820:538.160   CPU_ReadMem(4 bytes @ 0x400E0744)
T3EA0 2820:538.684   Data:  00 00 00 00
T3EA0 2820:538.704 - 0.562ms returns 1 (0x1)
T3EA0 2820:538.763 JLINK_BeginDownload(Flags = 0x00000000)
T3EA0 2820:538.774 - 0.015ms
T3EA0 2820:538.796 JLINK_WriteMem(0x400E0A04, 0x4 Bytes, ...)
T3EA0 2820:538.806   Data:  05 00 00 5A
T3EA0 2820:538.824   CPU_WriteMem(4 bytes @ 0x400E0A04)
T3EA0 2820:539.217 - 0.436ms returns 0x4
T3EA0 2820:539.327 JLINK_WriteMem(0x400E0C04, 0x4 Bytes, ...)
T3EA0 2820:539.345   Data:  05 00 00 5A
T3EA0 2820:539.376   CPU_WriteMem(4 bytes @ 0x400E0C04)
T3EA0 2820:539.806 - 0.488ms returns 0x4
T3EA0 2820:539.843 JLINK_EndDownload()
T3EA0 2820:539.868 - 0.035ms returns 0 (0x0)
T3EA0 2820:539.895 JLINK_ReadMemHW(0x400E0A08, 0x0004 Bytes, ...)
T3EA0 2820:539.918   CPU_ReadMem(4 bytes @ 0x400E0A08)
T3EA0 2820:540.466   Data:  00 00 00 00
T3EA0 2820:540.496 - 0.606ms returns 0
T3EA0 2820:545.175 JLINK_ReadMemHW(0x400E0A08, 0x0004 Bytes, ...)
T3EA0 2820:545.201   CPU_ReadMem(4 bytes @ 0x400E0A08)
T3EA0 2820:545.633   Data:  00 00 00 00
T3EA0 2820:545.650 - 0.479ms returns 0
T3058 2820:547.168 JLINK_IsHalted()
T3058 2820:547.186 - 0.023ms returns TRUE
T3058 2820:547.198 JLINK_GetMOEs(...)
T3058 2820:547.209   CPU_ReadMem(4 bytes @ 0xE000ED30)
T3058 2820:547.631 - 0.442ms returns 0x01
T3058 2820:547.651 JLINK_ReadReg(R15 (PC))
T3058 2820:547.664 - 0.017ms returns 0x00400A14
T3EA0 2820:550.171 JLINK_ReadMemHW(0x400E0A08, 0x0004 Bytes, ...)
T3EA0 2820:550.209   CPU_ReadMem(4 bytes @ 0x400E0A08)
T3EA0 2820:550.661   Data:  00 00 00 00
T3EA0 2820:550.682 - 0.515ms returns 0
T3EA0 2820:567.136 JLINK_ReadMemHW(0x400E0A08, 0x0004 Bytes, ...)
T3EA0 2820:567.190   CPU_ReadMem(4 bytes @ 0x400E0A08)
T3EA0 2820:567.712   Data:  00 00 00 00
T3EA0 2820:567.731 - 0.599ms returns 0
T3EA0 2820:632.504 JLINK_ReadMemHW(0x400E0A08, 0x0004 Bytes, ...)
T3EA0 2820:632.567   CPU_ReadMem(4 bytes @ 0x400E0A08)
T3EA0 2820:633.164   Data:  00 00 00 00
T3EA0 2820:633.199 - 0.699ms returns 0
T3058 2820:747.208 JLINK_IsHalted()
T3058 2820:747.243 - 0.039ms returns TRUE
T3EA0 2820:888.920 JLINK_ReadMemHW(0x400E0A08, 0x0004 Bytes, ...)
T3EA0 2820:888.976   CPU_ReadMem(4 bytes @ 0x400E0A08)
T3EA0 2820:889.820   Data:  00 00 00 00
T3EA0 2820:889.853 - 0.938ms returns 0
T3058 2820:949.029 JLINK_IsHalted()
T3058 2820:949.057 - 0.032ms returns TRUE
T3058 2821:153.846 JLINK_IsHalted()
T3058 2821:154.510 - 0.689ms returns TRUE
T3058 2821:355.941 JLINK_IsHalted()
T3058 2821:355.988 - 0.051ms returns TRUE
T3058 2821:557.129 JLINK_IsHalted()
T3058 2821:557.193 - 0.068ms returns TRUE
T3058 2821:761.855 JLINK_IsHalted()
T3058 2821:762.551 - 0.720ms returns TRUE
T3EA0 2821:893.053 JLINK_ReadMemHW(0x400E0A08, 0x0004 Bytes, ...)
T3EA0 2821:893.094   CPU_ReadMem(4 bytes @ 0x400E0A08)
T3EA0 2821:893.925   Data:  00 00 00 00
T3EA0 2821:893.958 - 0.909ms returns 0
T3EA0 2821:894.065 JLINK_ReadMemHW(0x400E0C08, 0x0004 Bytes, ...)
T3EA0 2821:894.087   CPU_ReadMem(4 bytes @ 0x400E0C08)
T3EA0 2821:894.684   Data:  00 00 00 00
T3EA0 2821:894.706 - 0.644ms returns 0
T3EA0 2821:895.922 JLINK_ReadMemHW(0x400E0C08, 0x0004 Bytes, ...)
T3EA0 2821:895.977   CPU_ReadMem(4 bytes @ 0x400E0C08)
T3EA0 2821:896.811   Data:  00 00 00 00
T3EA0 2821:896.845 - 0.927ms returns 0
T3EA0 2821:905.984 JLINK_ReadMemHW(0x400E0C08, 0x0004 Bytes, ...)
T3EA0 2821:906.039   CPU_ReadMem(4 bytes @ 0x400E0C08)
T3EA0 2821:906.860   Data:  00 00 00 00
T3EA0 2821:906.894 - 0.914ms returns 0
T3EA0 2821:926.201 JLINK_ReadMemHW(0x400E0C08, 0x0004 Bytes, ...)
T3EA0 2821:926.256   CPU_ReadMem(4 bytes @ 0x400E0C08)
T3EA0 2821:926.793   Data:  00 00 00 00
T3EA0 2821:926.812 - 0.616ms returns 0
T3058 2821:963.244 JLINK_IsHalted()
T3058 2821:963.289 - 0.049ms returns TRUE
T3EA0 2821:990.249 JLINK_ReadMemHW(0x400E0C08, 0x0004 Bytes, ...)
T3EA0 2821:990.325   CPU_ReadMem(4 bytes @ 0x400E0C08)
T3EA0 2821:990.958   Data:  00 00 00 00
T3EA0 2821:991.001 - 0.757ms returns 0
T3058 2822:165.974 JLINK_IsHalted()
T3058 2822:166.020 - 0.050ms returns TRUE
T3EA0 2822:247.229 JLINK_ReadMemHW(0x400E0C08, 0x0004 Bytes, ...)
T3EA0 2822:247.284   CPU_ReadMem(4 bytes @ 0x400E0C08)
T3EA0 2822:248.073   Data:  00 00 00 00
T3EA0 2822:248.106 - 0.881ms returns 0
T3058 2822:366.981 JLINK_IsHalted()
T3058 2822:367.644 - 0.688ms returns TRUE
T3058 2822:567.313 JLINK_IsHalted()
T3058 2822:567.392 - 0.085ms returns TRUE
T3058 2822:768.157 JLINK_IsHalted()
T3058 2822:768.214 - 0.061ms returns TRUE
T3058 2822:971.304 JLINK_IsHalted()
T3058 2822:971.969 - 0.702ms returns TRUE
T3058 2823:171.846 JLINK_IsHalted()
T3058 2823:171.892 - 0.050ms returns TRUE
T3EA0 2823:253.703 JLINK_ReadMemHW(0x400E0C08, 0x0004 Bytes, ...)
T3EA0 2823:253.764   CPU_ReadMem(4 bytes @ 0x400E0C08)
T3EA0 2823:254.334   Data:  00 00 00 00
T3EA0 2823:254.378 - 0.679ms returns 0
T3EA0 2823:254.483 JLINK_ReadMemHW(0x400E0A08, 0x0004 Bytes, ...)
T3EA0 2823:254.506   CPU_ReadMem(4 bytes @ 0x400E0A08)
T3EA0 2823:255.131   Data:  00 00 00 00
T3EA0 2823:255.153 - 0.673ms returns 0
T3EA0 2823:255.861 JLINK_ReadMemHW(0x400E0A08, 0x0004 Bytes, ...)
T3EA0 2823:255.917   CPU_ReadMem(4 bytes @ 0x400E0A08)
T3EA0 2823:256.680   Data:  00 00 00 00
T3EA0 2823:256.716 - 0.859ms returns 0
T3EA0 2823:265.977 JLINK_ReadMemHW(0x400E0A08, 0x0004 Bytes, ...)
T3EA0 2823:266.043   CPU_ReadMem(4 bytes @ 0x400E0A08)
T3EA0 2823:266.833   Data:  00 00 00 00
T3EA0 2823:266.866 - 0.893ms returns 0
T3EA0 2823:282.085 JLINK_ReadMemHW(0x400E0A08, 0x0004 Bytes, ...)
T3EA0 2823:282.125   CPU_ReadMem(4 bytes @ 0x400E0A08)
T3EA0 2823:282.931   Data:  00 00 00 00
T3EA0 2823:282.963 - 0.882ms returns 0
T3EA0 2823:349.130 JLINK_ReadMemHW(0x400E0A08, 0x0004 Bytes, ...)
T3EA0 2823:349.185   CPU_ReadMem(4 bytes @ 0x400E0A08)
T3EA0 2823:349.954   Data:  00 00 00 00
T3EA0 2823:349.987 - 0.861ms returns 0
T3058 2823:372.460 JLINK_IsHalted()
T3058 2823:372.506 - 0.050ms returns TRUE
T3058 2823:573.135 JLINK_IsHalted()
T3058 2823:573.835 - 0.725ms returns TRUE
T3EA0 2823:605.994 JLINK_ReadMemHW(0x400E0A08, 0x0004 Bytes, ...)
T3EA0 2823:606.048   CPU_ReadMem(4 bytes @ 0x400E0A08)
T3EA0 2823:606.859   Data:  00 00 00 00
T3EA0 2823:606.893 - 0.903ms returns 0
T3058 2823:774.092 JLINK_IsHalted()
T3058 2823:774.140 - 0.064ms returns TRUE
T3058 2823:974.689 JLINK_IsHalted()
T3058 2823:974.735 - 0.051ms returns TRUE
T3058 2824:175.760 JLINK_IsHalted()
T3058 2824:176.441 - 0.705ms returns TRUE
T3058 2824:376.054 JLINK_IsHalted()
T3058 2824:376.084 - 0.034ms returns TRUE
T3058 2824:575.964 JLINK_IsHalted()
T3058 2824:576.009 - 0.050ms returns TRUE
T3EA0 2824:607.148 JLINK_ReadMemHW(0x400E0A08, 0x0004 Bytes, ...)
T3EA0 2824:607.196   CPU_ReadMem(4 bytes @ 0x400E0A08)
T3EA0 2824:608.026   Data:  00 00 00 00
T3EA0 2824:608.059 - 0.915ms returns 0
T3EA0 2824:608.166 JLINK_ReadMemHW(0x400E0C08, 0x0004 Bytes, ...)
T3EA0 2824:608.187   CPU_ReadMem(4 bytes @ 0x400E0C08)
T3EA0 2824:608.775   Data:  01 00 00 00
T3EA0 2824:608.797 - 0.635ms returns 0
T3EA0 2824:608.816 JLINK_ReadMemHW(0x400E0A08, 0x0004 Bytes, ...)
T3EA0 2824:608.831   CPU_ReadMem(4 bytes @ 0x400E0A08)
T3EA0 2824:609.641   Data:  00 00 00 00
T3EA0 2824:609.674 - 0.862ms returns 0
T3EA0 2824:612.447 JLINK_ReadMemHW(0x400E0A08, 0x0004 Bytes, ...)
T3EA0 2824:612.514   CPU_ReadMem(4 bytes @ 0x400E0A08)
T3EA0 2824:613.330   Data:  00 00 00 00
T3EA0 2824:613.363 - 0.920ms returns 0
T3EA0 2824:616.681 JLINK_ReadMemHW(0x400E0A08, 0x0004 Bytes, ...)
T3EA0 2824:616.724   CPU_ReadMem(4 bytes @ 0x400E0A08)
T3EA0 2824:617.542   Data:  00 00 00 00
T3EA0 2824:617.575 - 0.898ms returns 0
T3EA0 2824:635.954 JLINK_ReadMemHW(0x400E0A08, 0x0004 Bytes, ...)
T3EA0 2824:636.009   CPU_ReadMem(4 bytes @ 0x400E0A08)
T3EA0 2824:636.749   Data:  00 00 00 00
T3EA0 2824:636.795 - 0.845ms returns 0
T3EA0 2824:705.358 JLINK_ReadMemHW(0x400E0A08, 0x0004 Bytes, ...)
T3EA0 2824:705.395   CPU_ReadMem(4 bytes @ 0x400E0A08)
T3EA0 2824:705.917   Data:  00 00 00 00
T3EA0 2824:705.953 - 0.599ms returns 0
T3058 2824:777.122 JLINK_IsHalted()
T3058 2824:777.790 - 0.692ms returns TRUE
T3EA0 2824:965.983 JLINK_ReadMemHW(0x400E0A08, 0x0004 Bytes, ...)
T3EA0 2824:966.037   CPU_ReadMem(4 bytes @ 0x400E0A08)
T3EA0 2824:966.825   Data:  01 00 00 00
T3EA0 2824:966.858 - 0.880ms returns 0
T3058 2824:979.198 JLINK_IsHalted()
T3058 2824:979.262 - 0.068ms returns TRUE
T3EA0 2824:980.063 JLINK_ResetPullsRESET(ON)
T3EA0 2824:980.097 - 0.055ms
T3EA0 2824:980.145 JLINK_ResetNoHalt()
T3EA0 2824:981.889   TotalIRLen = 4, IRPrint = 0x01
T3EA0 2824:982.811   JTAG chain detection found 1 devices:
T3EA0 2824:982.866    #0 Id: 0x4BA00477, IRLen: 04, CoreSight JTAG-DP
T3EA0 2824:987.725   Old FW that does not support reading DPIDR via DAP jobs
T3EA0 2824:991.265   DPv0 detected
T3EA0 2824:991.295   AP map detection skipped. Manually configured AP map found.
T3EA0 2824:991.317   AP[0]: AHB-AP (IDR: Not set)
T3EA0 2824:995.783   AP[0]: Core found
T3EA0 2824:995.812   AP[0]: AHB-AP ROM base: 0xE00FF000
T3EA0 2824:997.951   CPUID register: 0x410FC241. Implementer code: 0x41 (ARM)
T3EA0 2824:997.975   Found Cortex-M4 r0p1, Little endian.
T3EA0 2824:998.173   -- Max. mem block: 0x00001F48
T3EA0 2824:998.195   CPU_ReadMem(4 bytes @ 0xE000EDF0)
T3EA0 2824:998.629   CPU_ReadMem(4 bytes @ 0xE0002000)
T3EA0 2824:999.098   FPUnit: 6 code (BP) slots and 2 literal slots
T3EA0 2824:999.130   CPU_ReadMem(4 bytes @ 0xE000EDFC)
T3EA0 2824:999.580   CPU_ReadMem(4 bytes @ 0xE0001000)
T3EA0 2825:000.054   CPU_ReadMem(4 bytes @ 0xE000ED88)
T3EA0 2825:000.606   CPU_WriteMem(4 bytes @ 0xE000ED88)
T3EA0 2825:001.001   CPU_ReadMem(4 bytes @ 0xE000ED88)
T3EA0 2825:001.503   CPU_WriteMem(4 bytes @ 0xE000ED88)
T3EA0 2825:001.912   CoreSight components:
T3EA0 2825:001.936   ROMTbl[0] @ E00FF000
T3EA0 2825:001.951   CPU_ReadMem(64 bytes @ 0xE00FF000)
T3EA0 2825:003.176   CPU_ReadMem(32 bytes @ 0xE000EFE0)
T3EA0 2825:003.880   ROMTbl[0][0]: E000E000, CID: B105E00D, PID: 000BB000 SCS
T3EA0 2825:003.897   CPU_WriteMem(4 bytes @ 0xE0001000)
T3EA0 2825:004.319   CPU_ReadMem(32 bytes @ 0xE0001FE0)
T3EA0 2825:005.056   ROMTbl[0][1]: E0001000, CID: B105E00D, PID: 003BB002 DWT
T3EA0 2825:005.073   CPU_ReadMem(32 bytes @ 0xE0002FE0)
T3EA0 2825:005.738   ROMTbl[0][2]: E0002000, CID: B105E00D, PID: 002BB003 FPB
T3EA0 2825:005.755   CPU_ReadMem(32 bytes @ 0xE0000FE0)
T3EA0 2825:006.420   ROMTbl[0][3]: E0000000, CID: B105E00D, PID: 003BB001 ITM
T3EA0 2825:006.437   CPU_ReadMem(32 bytes @ 0xE0040FE0)
T3EA0 2825:007.101   ROMTbl[0][4]: E0040000, CID: B105900D, PID: 000BB9A1 TPIU
T3EA0 2825:007.122   JLINK_Reset()
T3EA0 2825:007.239     CPU_ReadMem(16 bytes @ 0x20000000)
T3EA0 2825:007.795     CPU_WriteMem(16 bytes @ 0x20000000)
T3EA0 2825:008.512     CPU_ReadMem(4 bytes @ 0xE000EDFC)
T3EA0 2825:009.134     CPU_WriteMem(4 bytes @ 0xE000EDFC)
T3EA0 2825:009.706     CPU_ReadMem(4 bytes @ 0xE0001000)
T3EA0 2825:010.322     CPU_WriteMem(4 bytes @ 0xE0001004)
T3EA0 2825:025.803     CPU_WriteMem(4 bytes @ 0xE000EDFC)
T3EA0 2825:026.472     CPU_WriteMem(16 bytes @ 0x20000000)
T3EA0 2825:030.423     CPU_WriteMem(4 bytes @ 0xE0002000)
T3EA0 2825:030.936     CPU_ReadMem(4 bytes @ 0xE000EDFC)
T3EA0 2825:031.677     CPU_ReadMem(4 bytes @ 0xE0001000)
T3EA0 2825:032.340   - 25.230ms
T3EA0 2825:032.362   JLINK_Go()
T3EA0 2825:032.375     CPU_ReadMem(4 bytes @ 0xE0001000)
T3EA0 2825:033.007     CPU_WriteMem(4 bytes @ 0xE0001004)
T3EA0 2825:034.135   - 1.785ms
T3EA0 2825:034.153 - 54.011ms
T3EA0 2825:034.473 JLINK_TIF_Select(JLINKARM_TIF_JTAG)
T3EA0 2825:034.489 - 0.020ms returns 0x00
T3EA0 2825:034.500 JLINK_ConfigJTAG(IRPre = 0, DRPre = 0)
T3EA0 2825:034.509 - 0.012ms
T3EA0 2825:034.519 JLINK_SetSpeed(4000)
T3EA0 2825:034.712 - 0.206ms
T3EA0 2825:034.735 JLINK_ResetPullsRESET(OFF)
T3EA0 2825:034.743 - 0.012ms
T3EA0 2825:034.753 JLINK_Connect()
T3EA0 2825:036.308   TotalIRLen = 4, IRPrint = 0x01
T3EA0 2825:037.070   JTAG chain detection found 1 devices:
T3EA0 2825:037.114    #0 Id: 0x4BA00477, IRLen: 04, CoreSight JTAG-DP
T3EA0 2825:041.414   Old FW that does not support reading DPIDR via DAP jobs
T3EA0 2825:044.965   DPv0 detected
T3EA0 2825:044.994   AP map detection skipped. Manually configured AP map found.
T3EA0 2825:045.028   AP[0]: AHB-AP (IDR: Not set)
T3EA0 2825:049.522   AP[0]: Core found
T3EA0 2825:049.549   AP[0]: AHB-AP ROM base: 0xE00FF000
T3EA0 2825:051.893   CPUID register: 0x410FC241. Implementer code: 0x41 (ARM)
T3EA0 2825:051.920   Found Cortex-M4 r0p1, Little endian.
T3EA0 2825:052.074   -- Max. mem block: 0x00001F48
T3EA0 2825:052.095   CPU_ReadMem(4 bytes @ 0xE000EDF0)
T3EA0 2825:052.530   CPU_ReadMem(4 bytes @ 0xE0002000)
T3EA0 2825:052.986   FPUnit: 6 code (BP) slots and 2 literal slots
T3EA0 2825:053.003   CPU_ReadMem(4 bytes @ 0xE000EDFC)
T3EA0 2825:053.511   CPU_ReadMem(4 bytes @ 0xE0001000)
T3EA0 2825:053.955   CPU_WriteMem(4 bytes @ 0xE0001000)
T3EA0 2825:054.320   CPU_ReadMem(4 bytes @ 0xE000ED88)
T3EA0 2825:054.780   CPU_WriteMem(4 bytes @ 0xE000ED88)
T3EA0 2825:055.180   CPU_ReadMem(4 bytes @ 0xE000ED88)
T3EA0 2825:055.654   CPU_WriteMem(4 bytes @ 0xE000ED88)
T3EA0 2825:056.105   CoreSight components:
T3EA0 2825:056.128   ROMTbl[0] @ E00FF000
T3EA0 2825:056.158   CPU_ReadMem(64 bytes @ 0xE00FF000)
T3EA0 2825:057.280   CPU_ReadMem(32 bytes @ 0xE000EFE0)
T3EA0 2825:057.976   ROMTbl[0][0]: E000E000, CID: B105E00D, PID: 000BB000 SCS
T3EA0 2825:057.993   CPU_ReadMem(32 bytes @ 0xE0001FE0)
T3EA0 2825:058.701   ROMTbl[0][1]: E0001000, CID: B105E00D, PID: 003BB002 DWT
T3EA0 2825:058.720   CPU_ReadMem(32 bytes @ 0xE0002FE0)
T3EA0 2825:059.413   ROMTbl[0][2]: E0002000, CID: B105E00D, PID: 002BB003 FPB
T3EA0 2825:059.431   CPU_ReadMem(32 bytes @ 0xE0000FE0)
T3EA0 2825:060.349   ROMTbl[0][3]: E0000000, CID: B105E00D, PID: 003BB001 ITM
T3EA0 2825:060.385   CPU_ReadMem(32 bytes @ 0xE0040FE0)
T3EA0 2825:061.420   ROMTbl[0][4]: E0040000, CID: B105900D, PID: 000BB9A1 TPIU
T3EA0 2825:061.453 - 26.705ms returns 0x00
T3EA0 2825:061.492 JLINK_Halt()
T3EA0 2825:065.173 - 3.705ms returns 0x00
T3EA0 2825:065.319 JLINK_BeginDownload(Flags = 0x00000000)
T3EA0 2825:065.333 - 0.018ms
T3EA0 2825:065.356 JLINK_WriteMem(0x400E0A04, 0x4 Bytes, ...)
T3EA0 2825:065.366   Data:  0B 01 00 5A
T3EA0 2825:065.514   CPU_WriteMem(4 bytes @ 0x400E0A04)
T3EA0 2825:066.209 - 0.877ms returns 0x4
T3EA0 2825:066.290 JLINK_EndDownload()
T3EA0 2825:066.304 - 0.018ms returns 0 (0x0)
T3EA0 2825:066.314 JLINK_ReadMemHW(0x400E0A08, 0x0004 Bytes, ...)
T3EA0 2825:066.328   CPU_ReadMem(4 bytes @ 0x400E0A08)
T3EA0 2825:067.092   Data:  01 00 00 00
T3EA0 2825:067.126 - 0.815ms returns 0
T3EA0 2825:067.180 JLINK_BeginDownload(Flags = 0x00000000)
T3EA0 2825:067.192 - 0.016ms
T3EA0 2825:067.280 JLINK_WriteMem(0x400E0A04, 0x4 Bytes, ...)
T3EA0 2825:067.296   Data:  0C 02 00 5A
T3EA0 2825:067.319   CPU_WriteMem(4 bytes @ 0x400E0A04)
T3EA0 2825:067.963 - 0.708ms returns 0x4
T3EA0 2825:068.042 JLINK_EndDownload()
T3EA0 2825:068.056 - 0.018ms returns 0 (0x0)
T3EA0 2825:068.074 JLINK_ReadMemHW(0x400E0A08, 0x0004 Bytes, ...)
T3EA0 2825:068.088   CPU_ReadMem(4 bytes @ 0x400E0A08)
T3EA0 2825:068.873   Data:  01 00 00 00
T3EA0 2825:068.907 - 0.836ms returns 0
T3EA0 2825:068.964 JLINK_SetResetType(JLINKARM_CM3_RESET_TYPE_NORMAL)
T3EA0 2825:068.974 - 0.014ms returns JLINKARM_CM3_RESET_TYPE_NORMAL
T3EA0 2825:068.984 JLINK_Reset()
T3EA0 2825:069.002   CPU_ReadMem(16 bytes @ 0x20000000)
T3EA0 2825:069.840   CPU_WriteMem(16 bytes @ 0x20000000)
T3EA0 2825:070.650   CPU_ReadMem(4 bytes @ 0xE000EDFC)
T3EA0 2825:071.218   CPU_WriteMem(4 bytes @ 0xE000EDFC)
T3EA0 2825:071.843   CPU_ReadMem(4 bytes @ 0xE0001000)
T3EA0 2825:087.649   CPU_WriteMem(4 bytes @ 0xE000EDFC)
T3EA0 2825:088.363   CPU_WriteMem(16 bytes @ 0x20000000)
T3EA0 2825:092.874   CPU_WriteMem(4 bytes @ 0xE0002000)
T3EA0 2825:093.629   CPU_ReadMem(4 bytes @ 0xE000EDFC)
T3EA0 2825:094.197   CPU_ReadMem(4 bytes @ 0xE0001000)
T3EA0 2825:095.033 - 26.085ms
T3EA0 2825:096.409 JLINK_JTAG_GetDeviceID(DeviceIndex = 0)
T3EA0 2825:096.436 - 0.032ms returns 1268778103
T3EA0 2825:096.449 JLINK_ReadMemU32(0x400E0740, 0x1 Items)
T3EA0 2825:096.468   CPU_ReadMem(4 bytes @ 0x400E0740)
T3EA0 2825:096.969   Data:  E0 0E A7 29
T3EA0 2825:096.987 - 0.542ms returns 1 (0x1)
T3EA0 2825:097.017 JLINK_ReadMemU32(0x400E0744, 0x1 Items)
T3EA0 2825:097.032   CPU_ReadMem(4 bytes @ 0x400E0744)
T3EA0 2825:097.537   Data:  00 00 00 00
T3EA0 2825:097.555 - 0.541ms returns 1 (0x1)
T0F3C 2825:106.847 JLINK_IsHalted()
T0F3C 2825:106.879 - 0.036ms returns TRUE
T0F3C 2825:106.904 JLINK_GetMOEs(...)
T0F3C 2825:106.918   CPU_ReadMem(4 bytes @ 0xE000ED30)
T0F3C 2825:107.432 - 0.554ms returns 0x01
T0F3C 2825:107.493 JLINK_ReadReg(R15 (PC))
T0F3C 2825:107.506 - 0.017ms returns 0xFFFFFFFE
T3EA0 2825:107.591 JLINK_BeginDownload(Flags = 0x00000000)
T3EA0 2825:107.607 - 0.020ms
T3EA0 2825:107.636 JLINK_WriteMem(0x00400000, 0xFF4 Bytes, ...)
T3EA0 2825:107.646   Data:  18 35 00 20 BD 09 40 00 BB 09 40 00 BB 09 40 00 ...
T3EA0 2825:108.170   completely In flash
T3EA0 2825:108.191    -- Read from flash cache (4084 bytes @ 0x00400000)
T3EA0 2825:108.204 - 0.572ms returns 0xFF4
T3EA0 2825:108.375 JLINK_WriteMem(0x00400FF4, 0x434 Bytes, ...)
T3EA0 2825:108.388   Data:  00 09 3D 00 00 00 00 00 00 00 00 00 F4 02 00 20 ...
T3EA0 2825:108.402   completely In flash
T3EA0 2825:108.417    -- Read from flash cache (1076 bytes @ 0x00400FF4)
T3EA0 2825:108.429 - 0.057ms returns 0x434
T0F3C 2825:306.913 JLINK_IsHalted()
T0F3C 2825:306.939 - 0.029ms returns TRUE
T3EA0 2825:307.624 JLINK_EndDownload()
T3EA0 2825:307.882   Old firmware which does not support pausing periodic actions during flash download
T3EA0 2825:307.905   CPU_ReadMem(4 bytes @ 0xE000ED90)
T3EA0 2825:308.409   CPU_ReadMem(4 bytes @ 0xE000ED94)
T3EA0 2825:309.134    -- --------------------------------------
T3EA0 2825:309.168   Flash bank @ 0x00400000: Default: L2 verify disabled because algorithm performs L1 verify
T3EA0 2825:309.180    -- Start of determining dirty areas in flash cache
T3EA0 2825:309.573    -- End of determining dirty areas
T3EA0 2825:309.586    -- Start of preparing flash programming
T3EA0 2825:309.598    -- Calculating RAM usage
T3EA0 2825:309.623    -- RAM usage = 3036 Bytes
T3EA0 2825:309.634    -- Preserving CPU registers
T3EA0 2825:309.659    -- Preparing memory
T3EA0 2825:309.671    -- Preparing target
T3EA0 2825:471.182    -- Preserving target RAM temporarily used for programming
T3EA0 2825:481.197    -- Downloading RAMCode
T3EA0 2825:493.713    -- Preparing RAMCode
T3EA0 2825:500.544    -- Checking target RAM
T3EA0 2825:502.036    -- End of preparing flash programming
T3EA0 2825:502.164   Looking for J-Link GUI Server exe at: S:\Program Files (x86)\Atmel\Studio\7.0\atbackend\JLinkGUIServer.exe
T3EA0 2825:502.268   Looking for J-Link GUI Server exe at: \JLinkGUIServer.exe
T3EA0 2825:803.152   Failed to connect to J-Link GUI Server.
T3EA0 2825:809.590    -- CPU is running at 90000 kHz.
T3EA0 2825:809.650    -- Start of comparing flash
T3EA0 2825:809.677    -- CRC check was estimated as fastest method
T3EA0 2825:809.693    -- Comparing range 0x400000 - 0x4015FF (11 Sectors, 5 KiB), using multi-block CRC calculation
T3EA0 2825:812.739    -- CRC does not match for sectors 0-10
T3EA0 2825:812.765    -- End of comparing flash
T3EA0 2825:812.777    -- Start of erasing sectors
T3EA0 2825:812.789    -- End of erasing sectors
T3EA0 2825:812.800    -- Start of flash programming
T3EA0 2825:812.813    -- Programming range 0x00400000 - 0x004015FF ( 11 Sectors, 5 KB)
T3EA0 2825:843.193    -- End of flash programming
T3EA0 2825:843.227    -- 0x400000 - 0x4015FF ( 11 Sectors, 5 KoB)
T3EA0 2825:843.240    -- Start of restoring
T3EA0 2825:843.253    -- Restoring RAMCode
T3EA0 2825:852.521    -- Restoring target memory
T3EA0 2825:862.260    -- Restore target
T3EA0 2825:914.416    -- Restore memory
T3EA0 2825:914.450    -- Restoring CPU registers
T3EA0 2825:914.476    -- End of restoring
T3EA0 2825:914.527    -- Bank 0 @ 0x00400000: 1 range affected (5632 bytes)
T3EA0 2825:914.552    -- Total: 0.604s (Prepare: 0.500s, Compare: 0.003s, Erase: 0.000s, Program & Verify: 0.035s, Restore: 0.066s)
T3EA0 2825:914.573    -- Program & Verify speed: 156 KiB/s
T3EA0 2825:916.951 - 609.359ms returns 5632 (0x1600)
T3EA0 2825:917.548 JLINK_ResetPullsRESET(ON)
T3EA0 2825:917.561 - 0.017ms
T3EA0 2825:917.571 JLINK_ResetNoHalt()
T3EA0 2825:918.627   TotalIRLen = 4, IRPrint = 0x01
T3EA0 2825:919.108   JTAG chain detection found 1 devices:
T3EA0 2825:919.136    #0 Id: 0x4BA00477, IRLen: 04, CoreSight JTAG-DP
T3EA0 2825:922.526   Old FW that does not support reading DPIDR via DAP jobs
T3EA0 2825:925.745   DPv0 detected
T3EA0 2825:925.786   AP map detection skipped. Manually configured AP map found.
T3EA0 2825:925.822   AP[0]: AHB-AP (IDR: Not set)
T3EA0 2825:930.588   AP[0]: Core found
T3EA0 2825:930.633   AP[0]: AHB-AP ROM base: 0xE00FF000
T3EA0 2825:932.790   CPUID register: 0x410FC241. Implementer code: 0x41 (ARM)
T3EA0 2825:932.814   Found Cortex-M4 r0p1, Little endian.
T3EA0 2825:933.002   -- Max. mem block: 0x00001F48
T3EA0 2825:933.036   CPU_ReadMem(4 bytes @ 0xE000EDF0)
T3EA0 2825:933.591   CPU_ReadMem(4 bytes @ 0xE0002000)
T3EA0 2825:934.160   FPUnit: 6 code (BP) slots and 2 literal slots
T3EA0 2825:934.177   CPU_ReadMem(4 bytes @ 0xE000EDFC)
T3EA0 2825:934.655   CPU_ReadMem(4 bytes @ 0xE0001000)
T3EA0 2825:935.088   CPU_ReadMem(4 bytes @ 0xE000ED88)
T3EA0 2825:935.550   CPU_WriteMem(4 bytes @ 0xE000ED88)
T3EA0 2825:935.928   CPU_ReadMem(4 bytes @ 0xE000ED88)
T3EA0 2825:936.364   CPU_WriteMem(4 bytes @ 0xE000ED88)
T3EA0 2825:936.858   CoreSight components:
T3EA0 2825:936.882   ROMTbl[0] @ E00FF000
T3EA0 2825:936.895   CPU_ReadMem(64 bytes @ 0xE00FF000)
T3EA0 2825:938.107   CPU_ReadMem(32 bytes @ 0xE000EFE0)
T3EA0 2825:938.838   ROMTbl[0][0]: E000E000, CID: B105E00D, PID: 000BB000 SCS
T3EA0 2825:938.854   CPU_WriteMem(4 bytes @ 0xE0001000)
T3EA0 2825:939.237   CPU_ReadMem(32 bytes @ 0xE0001FE0)
T3EA0 2825:939.938   ROMTbl[0][1]: E0001000, CID: B105E00D, PID: 003BB002 DWT
T3EA0 2825:939.954   CPU_ReadMem(32 bytes @ 0xE0002FE0)
T3EA0 2825:940.622   ROMTbl[0][2]: E0002000, CID: B105E00D, PID: 002BB003 FPB
T3EA0 2825:940.641   CPU_ReadMem(32 bytes @ 0xE0000FE0)
T3EA0 2825:941.357   ROMTbl[0][3]: E0000000, CID: B105E00D, PID: 003BB001 ITM
T3EA0 2825:941.375   CPU_ReadMem(32 bytes @ 0xE0040FE0)
T3EA0 2825:942.073   ROMTbl[0][4]: E0040000, CID: B105900D, PID: 000BB9A1 TPIU
T3EA0 2825:942.098   JLINK_Reset()
T3EA0 2825:942.609     CPU_ReadMem(16 bytes @ 0x20000000)
T3EA0 2825:943.186     CPU_WriteMem(16 bytes @ 0x20000000)
T3EA0 2825:943.723     CPU_ReadMem(4 bytes @ 0xE000EDFC)
T3EA0 2825:944.235     CPU_WriteMem(4 bytes @ 0xE000EDFC)
T3EA0 2825:944.686     CPU_ReadMem(4 bytes @ 0xE0001000)
T3EA0 2825:961.508     CPU_WriteMem(4 bytes @ 0xE000EDFC)
T3EA0 2825:962.083     CPU_WriteMem(16 bytes @ 0x20000000)
T3EA0 2825:965.978     CPU_WriteMem(4 bytes @ 0xE0002000)
T3EA0 2825:966.529     CPU_ReadMem(4 bytes @ 0xE000EDFC)
T3EA0 2825:967.103     CPU_ReadMem(4 bytes @ 0xE0001000)
T3EA0 2825:967.714   - 25.625ms
T3EA0 2825:967.732   JLINK_Go()
T3EA0 2825:967.744     CPU_ReadMem(4 bytes @ 0xE0001000)
T3EA0 2825:968.359     CPU_WriteMem(4 bytes @ 0xE0001004)
T3EA0 2825:969.488   - 1.765ms
T3EA0 2825:969.503 - 51.936ms
T3EA0 2825:979.166 JLINK_Close()
T3EA0 2825:996.187 - 17.047ms
T3EA0 2825:996.221   
T3EA0 2825:996.231   Closed
