T0A10 2437:240.854   SEGGER J-Link V7.52a Log File
T0A10 2437:240.943   DLL Compiled: Jul 28 2021 11:08:12
T0A10 2437:240.969   Logging started @ 2023-03-08 18:51
T0A10 2437:241.006 - 20294.251ms
T0A10 2437:266.797 JLINK_ExecCommand("Device = AT91SAM4SD32C", ...). 
T0A10 2437:267.327   Device "ATSAM4SD32C" selected.
T0A10 2437:267.701 - 0.873ms returns 0x00
T0A10 2437:285.596 JLINK_TIF_Select(JLINKARM_TIF_JTAG)
T0A10 2437:286.779 - 1.208ms returns 0x00
T0A10 2437:286.822 JLINK_ConfigJTAG(IRPre = 0, DRPre = 0)
T0A10 2437:286.871 - 0.064ms
T0A10 2437:286.901 JLINK_SetSpeed(4000)
T0A10 2437:287.032 - 0.155ms
T0A10 2437:287.075 JLINK_ResetPullsRESET(OFF)
T0A10 2437:287.099 - 0.035ms
T0A10 2437:287.124 JLINK_Connect()
T0A10 2437:289.683   TotalIRLen = 4, IRPrint = 0x01
T0A10 2437:290.337   JTAG chain detection found 1 devices:
T0A10 2437:290.368    #0 Id: 0x4BA00477, IRLen: 04, CoreSight JTAG-DP
T0A10 2437:294.745   Old FW that does not support reading DPIDR via DAP jobs
T0A10 2437:298.247   DPv0 detected
T0A10 2437:298.281   Scanning AP map to find all available APs
T0A10 2437:300.827   AP[1]: Stopped AP scan as end of AP map has been reached
T0A10 2437:300.857   AP[0]: AHB-AP (IDR: 0x24770011)
T0A10 2437:300.906   Iterating through AP map to find AHB-AP to use
T0A10 2437:305.168   AP[0]: Core found
T0A10 2437:305.199   AP[0]: AHB-AP ROM base: 0xE00FF000
T0A10 2437:307.421   CPUID register: 0x410FC241. Implementer code: 0x41 (ARM)
T0A10 2437:307.455   Found Cortex-M4 r0p1, Little endian.
T0A10 2437:307.796   -- Max. mem block: 0x000023B8
T0A10 2437:307.910   CPU_ReadMem(4 bytes @ 0xE000EDF0)
T0A10 2437:311.543   CPU_WriteMem(4 bytes @ 0xE000EDF0)
T0A10 2437:311.945   CPU_ReadMem(4 bytes @ 0xE0002000)
T0A10 2437:312.451   FPUnit: 6 code (BP) slots and 2 literal slots
T0A10 2437:312.469   CPU_ReadMem(4 bytes @ 0xE000EDFC)
T0A10 2437:312.955   CPU_WriteMem(4 bytes @ 0xE000EDFC)
T0A10 2437:313.376   CPU_ReadMem(4 bytes @ 0xE0001000)
T0A10 2437:313.902   CPU_WriteMem(4 bytes @ 0xE0001000)
T0A10 2437:314.345   CPU_ReadMem(4 bytes @ 0xE000ED88)
T0A10 2437:314.984   CPU_WriteMem(4 bytes @ 0xE000ED88)
T0A10 2437:315.476   CPU_ReadMem(4 bytes @ 0xE000ED88)
T0A10 2437:315.977   CPU_WriteMem(4 bytes @ 0xE000ED88)
T0A10 2437:316.415   CoreSight components:
T0A10 2437:316.442   ROMTbl[0] @ E00FF000
T0A10 2437:316.470   CPU_ReadMem(64 bytes @ 0xE00FF000)
T0A10 2437:317.285   CPU_ReadMem(32 bytes @ 0xE000EFE0)
T0A10 2437:318.034   ROMTbl[0][0]: E000E000, CID: B105E00D, PID: 000BB000 SCS
T0A10 2437:318.054   CPU_ReadMem(32 bytes @ 0xE0001FE0)
T0A10 2437:318.783   ROMTbl[0][1]: E0001000, CID: B105E00D, PID: 003BB002 DWT
T0A10 2437:318.802   CPU_ReadMem(32 bytes @ 0xE0002FE0)
T0A10 2437:319.541   ROMTbl[0][2]: E0002000, CID: B105E00D, PID: 002BB003 FPB
T0A10 2437:319.561   CPU_ReadMem(32 bytes @ 0xE0000FE0)
T0A10 2437:320.244   ROMTbl[0][3]: E0000000, CID: B105E00D, PID: 003BB001 ITM
T0A10 2437:320.263   CPU_ReadMem(32 bytes @ 0xE0040FE0)
T0A10 2437:320.985   ROMTbl[0][4]: E0040000, CID: B105900D, PID: 000BB9A1 TPIU
T0A10 2437:321.007 - 33.887ms returns 0x00
T0A10 2437:321.081 JLINK_Halt()
T0A10 2437:324.287 - 3.229ms returns 0x00
T0A10 2437:324.424 JLINK_BeginDownload(Flags = 0x00000000)
T0A10 2437:324.436 - 0.016ms
T0A10 2437:324.474 JLINK_WriteMem(0x400E0A04, 0x4 Bytes, ...)
T0A10 2437:324.484   Data:  0B 01 00 5A
T0A10 2437:324.874   CPU_WriteMem(4 bytes @ 0x400E0A04)
T0A10 2437:325.318 - 0.854ms returns 0x4
T0A10 2437:325.364 JLINK_EndDownload()
T0A10 2437:325.376 - 0.016ms returns 0 (0x0)
T0A10 2437:325.387 JLINK_ReadMemHW(0x400E0A08, 0x0004 Bytes, ...)
T0A10 2437:325.414   CPU_ReadMem(4 bytes @ 0x400E0A08)
T0A10 2437:325.950   Data:  01 00 00 00
T0A10 2437:325.969 - 0.586ms returns 0
T0A10 2437:326.000 JLINK_BeginDownload(Flags = 0x00000000)
T0A10 2437:326.010 - 0.027ms
T0A10 2437:326.060 JLINK_WriteMem(0x400E0A04, 0x4 Bytes, ...)
T0A10 2437:326.076   Data:  0C 02 00 5A
T0A10 2437:326.111   CPU_WriteMem(4 bytes @ 0x400E0A04)
T0A10 2437:326.587 - 0.537ms returns 0x4
T0A10 2437:326.667 JLINK_EndDownload()
T0A10 2437:326.682 - 0.019ms returns 0 (0x0)
T0A10 2437:326.694 JLINK_ReadMemHW(0x400E0A08, 0x0004 Bytes, ...)
T0A10 2437:326.705   CPU_ReadMem(4 bytes @ 0x400E0A08)
T0A10 2437:327.246   Data:  01 00 00 00
T0A10 2437:327.265 - 0.575ms returns 0
T0A10 2437:327.298 JLINK_SetResetType(JLINKARM_CM3_RESET_TYPE_NORMAL)
T0A10 2437:327.308 - 0.014ms returns JLINKARM_CM3_RESET_TYPE_NORMAL
T0A10 2437:327.319 JLINK_Reset()
T0A10 2437:327.696   CPU_ReadMem(16 bytes @ 0x20000000)
T0A10 2437:328.287   CPU_WriteMem(16 bytes @ 0x20000000)
T0A10 2437:328.797   CPU_ReadMem(4 bytes @ 0xE000EDFC)
T0A10 2437:329.295   CPU_WriteMem(4 bytes @ 0xE000EDFC)
T0A10 2437:329.723   CPU_ReadMem(4 bytes @ 0xE0001000)
T0A10 2437:344.600   CPU_WriteMem(4 bytes @ 0xE000EDFC)
T0A10 2437:345.065   CPU_WriteMem(16 bytes @ 0x20000000)
T0A10 2437:348.780   CPU_WriteMem(4 bytes @ 0xE0002000)
T0A10 2437:349.228   CPU_ReadMem(4 bytes @ 0xE000EDFC)
T0A10 2437:349.840   CPU_ReadMem(4 bytes @ 0xE0001000)
T0A10 2437:350.344 - 23.035ms
T0A10 2437:351.308 JLINK_JTAG_GetDeviceID(DeviceIndex = 0)
T0A10 2437:351.323 - 0.020ms returns 1268778103
T0A10 2437:351.338 JLINK_ReadMemU32(0x400E0740, 0x1 Items)
T0A10 2437:351.353   CPU_ReadMem(4 bytes @ 0x400E0740)
T0A10 2437:351.829   Data:  E0 0E A7 29
T0A10 2437:351.862 - 0.528ms returns 1 (0x1)
T0A10 2437:351.892 JLINK_ReadMemU32(0x400E0744, 0x1 Items)
T0A10 2437:351.907   CPU_ReadMem(4 bytes @ 0x400E0744)
T0A10 2437:352.428   Data:  00 00 00 00
T0A10 2437:352.447 - 0.559ms returns 1 (0x1)
T0A10 2437:352.504 JLINK_BeginDownload(Flags = 0x00000000)
T0A10 2437:352.515 - 0.015ms
T0A10 2437:352.534 JLINK_WriteMem(0x400E0A04, 0x4 Bytes, ...)
T0A10 2437:352.543   Data:  05 00 00 5A
T0A10 2437:352.561   CPU_WriteMem(4 bytes @ 0x400E0A04)
T0A10 2437:353.000 - 0.490ms returns 0x4
T0A10 2437:353.074 JLINK_WriteMem(0x400E0C04, 0x4 Bytes, ...)
T0A10 2437:353.084   Data:  05 00 00 5A
T0A10 2437:353.102   CPU_WriteMem(4 bytes @ 0x400E0C04)
T0A10 2437:353.589 - 0.526ms returns 0x4
T0A10 2437:353.627 JLINK_EndDownload()
T0A10 2437:353.639 - 0.015ms returns 0 (0x0)
T0A10 2437:353.649 JLINK_ReadMemHW(0x400E0A08, 0x0004 Bytes, ...)
T0A10 2437:353.660   CPU_ReadMem(4 bytes @ 0x400E0A08)
T0A10 2437:354.166   Data:  00 00 00 00
T0A10 2437:354.185 - 0.539ms returns 0
T0A10 2437:355.379 JLINK_ReadMemHW(0x400E0A08, 0x0004 Bytes, ...)
T0A10 2437:355.400   CPU_ReadMem(4 bytes @ 0x400E0A08)
T0A10 2437:355.941   Data:  00 00 00 00
T0A10 2437:355.960 - 0.585ms returns 0
T2A10 2437:360.457 JLINK_IsHalted()
T2A10 2437:360.475 - 0.045ms returns TRUE
T2A10 2437:360.504 JLINK_GetMOEs(...)
T2A10 2437:360.515   CPU_ReadMem(4 bytes @ 0xE000ED30)
T2A10 2437:361.125 - 0.631ms returns 0x01
T2A10 2437:361.147 JLINK_ReadReg(R15 (PC))
T2A10 2437:361.159 - 0.016ms returns 0x004007C8
T0A10 2437:361.183 JLINK_ReadMemHW(0x400E0A08, 0x0004 Bytes, ...)
T0A10 2437:361.204   CPU_ReadMem(4 bytes @ 0x400E0A08)
T0A10 2437:361.838   Data:  00 00 00 00
T0A10 2437:361.857 - 0.677ms returns 0
T0A10 2437:379.672 JLINK_ReadMemHW(0x400E0A08, 0x0004 Bytes, ...)
T0A10 2437:379.714   CPU_ReadMem(4 bytes @ 0x400E0A08)
T0A10 2437:380.432   Data:  00 00 00 00
T0A10 2437:380.466 - 0.799ms returns 0
T0A10 2437:444.377 JLINK_ReadMemHW(0x400E0A08, 0x0004 Bytes, ...)
T0A10 2437:444.463   CPU_ReadMem(4 bytes @ 0x400E0A08)
T0A10 2437:445.278   Data:  00 00 00 00
T0A10 2437:445.312 - 0.940ms returns 0
T2A10 2437:561.534 JLINK_IsHalted()
T2A10 2437:561.563 - 0.033ms returns TRUE
T0A10 2437:702.461 JLINK_ReadMemHW(0x400E0A08, 0x0004 Bytes, ...)
T0A10 2437:702.518   CPU_ReadMem(4 bytes @ 0x400E0A08)
T0A10 2437:703.327   Data:  00 00 00 00
T0A10 2437:703.361 - 0.904ms returns 0
T2A10 2437:762.795 JLINK_IsHalted()
T2A10 2437:762.868 - 0.081ms returns TRUE
T2A10 2437:964.475 JLINK_IsHalted()
T2A10 2437:964.950 - 0.498ms returns TRUE
T2A10 2438:165.032 JLINK_IsHalted()
T2A10 2438:165.095 - 0.080ms returns TRUE
T2A10 2438:366.952 JLINK_IsHalted()
T2A10 2438:366.998 - 0.050ms returns TRUE
T2A10 2438:568.539 JLINK_IsHalted()
T2A10 2438:569.285 - 0.771ms returns TRUE
T0A10 2438:704.299 JLINK_ReadMemHW(0x400E0A08, 0x0004 Bytes, ...)
T0A10 2438:704.353   CPU_ReadMem(4 bytes @ 0x400E0A08)
T0A10 2438:705.172   Data:  00 00 00 00
T0A10 2438:705.206 - 0.911ms returns 0
T0A10 2438:705.313 JLINK_ReadMemHW(0x400E0C08, 0x0004 Bytes, ...)
T0A10 2438:705.335   CPU_ReadMem(4 bytes @ 0x400E0C08)
T0A10 2438:705.940   Data:  00 00 00 00
T0A10 2438:705.970 - 0.661ms returns 0
T0A10 2438:708.249 JLINK_ReadMemHW(0x400E0C08, 0x0004 Bytes, ...)
T0A10 2438:708.305   CPU_ReadMem(4 bytes @ 0x400E0C08)
T0A10 2438:709.227   Data:  00 00 00 00
T0A10 2438:709.280 - 1.036ms returns 0
T0A10 2438:713.436 JLINK_ReadMemHW(0x400E0C08, 0x0004 Bytes, ...)
T0A10 2438:713.494   CPU_ReadMem(4 bytes @ 0x400E0C08)
T0A10 2438:714.048   Data:  00 00 00 00
T0A10 2438:714.077 - 0.645ms returns 0
T0A10 2438:732.858 JLINK_ReadMemHW(0x400E0C08, 0x0004 Bytes, ...)
T0A10 2438:732.913   CPU_ReadMem(4 bytes @ 0x400E0C08)
T0A10 2438:733.739   Data:  00 00 00 00
T0A10 2438:733.773 - 0.919ms returns 0
T2A10 2438:769.964 JLINK_IsHalted()
T2A10 2438:770.010 - 0.051ms returns TRUE
T0A10 2438:798.044 JLINK_ReadMemHW(0x400E0C08, 0x0004 Bytes, ...)
T0A10 2438:798.098   CPU_ReadMem(4 bytes @ 0x400E0C08)
T0A10 2438:798.908   Data:  00 00 00 00
T0A10 2438:798.943 - 0.902ms returns 0
T2A10 2438:972.883 JLINK_IsHalted()
T2A10 2438:972.930 - 0.051ms returns TRUE
T0A10 2439:056.494 JLINK_ReadMemHW(0x400E0C08, 0x0004 Bytes, ...)
T0A10 2439:056.550   CPU_ReadMem(4 bytes @ 0x400E0C08)
T0A10 2439:057.340   Data:  00 00 00 00
T0A10 2439:057.387 - 0.897ms returns 0
T2A10 2439:174.688 JLINK_IsHalted()
T2A10 2439:175.150 - 0.473ms returns TRUE
T2A10 2439:377.759 JLINK_IsHalted()
T2A10 2439:377.794 - 0.038ms returns TRUE
T2A10 2439:577.969 JLINK_IsHalted()
T2A10 2439:578.017 - 0.066ms returns TRUE
T2A10 2439:784.513 JLINK_IsHalted()
T2A10 2439:785.153 - 0.666ms returns TRUE
T2A10 2439:986.621 JLINK_IsHalted()
T2A10 2439:986.668 - 0.051ms returns TRUE
T0A10 2440:057.492 JLINK_ReadMemHW(0x400E0C08, 0x0004 Bytes, ...)
T0A10 2440:057.554   CPU_ReadMem(4 bytes @ 0x400E0C08)
T0A10 2440:058.305   Data:  00 00 00 00
T0A10 2440:058.338 - 0.851ms returns 0
T0A10 2440:058.435 JLINK_ReadMemHW(0x400E0A08, 0x0004 Bytes, ...)
T0A10 2440:058.459   CPU_ReadMem(4 bytes @ 0x400E0A08)
T0A10 2440:059.041   Data:  00 00 00 00
T0A10 2440:059.062 - 0.631ms returns 0
T0A10 2440:064.498 JLINK_ReadMemHW(0x400E0A08, 0x0004 Bytes, ...)
T0A10 2440:064.560   CPU_ReadMem(4 bytes @ 0x400E0A08)
T0A10 2440:065.422   Data:  00 00 00 00
T0A10 2440:065.456 - 0.962ms returns 0
T0A10 2440:069.936 JLINK_ReadMemHW(0x400E0A08, 0x0004 Bytes, ...)
T0A10 2440:069.983   CPU_ReadMem(4 bytes @ 0x400E0A08)
T0A10 2440:070.562   Data:  00 00 00 00
T0A10 2440:070.591 - 0.660ms returns 0
T0A10 2440:087.281 JLINK_ReadMemHW(0x400E0A08, 0x0004 Bytes, ...)
T0A10 2440:087.338   CPU_ReadMem(4 bytes @ 0x400E0A08)
T0A10 2440:087.934   Data:  00 00 00 00
T0A10 2440:087.965 - 0.688ms returns 0
T0A10 2440:151.934 JLINK_ReadMemHW(0x400E0A08, 0x0004 Bytes, ...)
T0A10 2440:151.972   CPU_ReadMem(4 bytes @ 0x400E0A08)
T0A10 2440:152.581   Data:  00 00 00 00
T0A10 2440:152.601 - 0.671ms returns 0
T2A10 2440:190.386 JLINK_IsHalted()
T2A10 2440:190.419 - 0.037ms returns TRUE
T2A10 2440:393.186 JLINK_IsHalted()
T2A10 2440:393.862 - 0.715ms returns TRUE
T0A10 2440:411.118 JLINK_ReadMemHW(0x400E0A08, 0x0004 Bytes, ...)
T0A10 2440:411.185   CPU_ReadMem(4 bytes @ 0x400E0A08)
T0A10 2440:412.000   Data:  00 00 00 00
T0A10 2440:412.035 - 0.923ms returns 0
T2A10 2440:594.457 JLINK_IsHalted()
T2A10 2440:594.491 - 0.038ms returns TRUE
T2A10 2440:795.375 JLINK_IsHalted()
T2A10 2440:795.409 - 0.038ms returns TRUE
T2A10 2440:997.347 JLINK_IsHalted()
T2A10 2440:998.009 - 0.688ms returns TRUE
T2A10 2441:201.302 JLINK_IsHalted()
T2A10 2441:201.346 - 0.049ms returns TRUE
T2A10 2441:403.059 JLINK_IsHalted()
T2A10 2441:403.105 - 0.051ms returns TRUE
T0A10 2441:413.343 JLINK_ReadMemHW(0x400E0A08, 0x0004 Bytes, ...)
T0A10 2441:413.390   CPU_ReadMem(4 bytes @ 0x400E0A08)
T0A10 2441:414.182   Data:  00 00 00 00
T0A10 2441:414.216 - 0.878ms returns 0
T0A10 2441:414.318 JLINK_ReadMemHW(0x400E0C08, 0x0004 Bytes, ...)
T0A10 2441:414.366   CPU_ReadMem(4 bytes @ 0x400E0C08)
T0A10 2441:415.002   Data:  01 00 00 00
T0A10 2441:415.025 - 0.711ms returns 0
T0A10 2441:415.046 JLINK_ReadMemHW(0x400E0A08, 0x0004 Bytes, ...)
T0A10 2441:415.060   CPU_ReadMem(4 bytes @ 0x400E0A08)
T0A10 2441:415.818   Data:  00 00 00 00
T0A10 2441:415.853 - 0.812ms returns 0
T0A10 2441:418.431 JLINK_ReadMemHW(0x400E0A08, 0x0004 Bytes, ...)
T0A10 2441:418.486   CPU_ReadMem(4 bytes @ 0x400E0A08)
T0A10 2441:419.302   Data:  00 00 00 00
T0A10 2441:419.335 - 0.909ms returns 0
T0A10 2441:423.668 JLINK_ReadMemHW(0x400E0A08, 0x0004 Bytes, ...)
T0A10 2441:423.722   CPU_ReadMem(4 bytes @ 0x400E0A08)
T0A10 2441:424.526   Data:  00 00 00 00
T0A10 2441:424.560 - 0.896ms returns 0
T0A10 2441:442.734 JLINK_ReadMemHW(0x400E0A08, 0x0004 Bytes, ...)
T0A10 2441:442.799   CPU_ReadMem(4 bytes @ 0x400E0A08)
T0A10 2441:443.352   Data:  00 00 00 00
T0A10 2441:443.384 - 0.654ms returns 0
T0A10 2441:507.825 JLINK_ReadMemHW(0x400E0A08, 0x0004 Bytes, ...)
T0A10 2441:507.867   CPU_ReadMem(4 bytes @ 0x400E0A08)
T0A10 2441:508.647   Data:  00 00 00 00
T0A10 2441:508.682 - 0.861ms returns 0
T2A10 2441:604.281 JLINK_IsHalted()
T2A10 2441:604.797 - 0.526ms returns TRUE
T0A10 2441:765.012 JLINK_ReadMemHW(0x400E0A08, 0x0004 Bytes, ...)
T0A10 2441:765.049   CPU_ReadMem(4 bytes @ 0x400E0A08)
T0A10 2441:765.552   Data:  01 00 00 00
T0A10 2441:765.572 - 0.564ms returns 0
T2A10 2441:804.472 JLINK_IsHalted()
T2A10 2441:804.518 - 0.050ms returns TRUE
T0A10 2441:805.227 JLINK_ResetPullsRESET(ON)
T0A10 2441:805.263 - 0.040ms
T0A10 2441:805.274 JLINK_ResetNoHalt()
T0A10 2441:806.817   TotalIRLen = 4, IRPrint = 0x01
T0A10 2441:807.814   JTAG chain detection found 1 devices:
T0A10 2441:807.869    #0 Id: 0x4BA00477, IRLen: 04, CoreSight JTAG-DP
T0A10 2441:813.067   Old FW that does not support reading DPIDR via DAP jobs
T0A10 2441:816.806   DPv0 detected
T0A10 2441:816.852   AP map detection skipped. Manually configured AP map found.
T0A10 2441:816.874   AP[0]: AHB-AP (IDR: Not set)
T0A10 2441:821.360   AP[0]: Core found
T0A10 2441:821.385   AP[0]: AHB-AP ROM base: 0xE00FF000
T0A10 2441:823.558   CPUID register: 0x410FC241. Implementer code: 0x41 (ARM)
T0A10 2441:823.585   Found Cortex-M4 r0p1, Little endian.
T0A10 2441:823.796   -- Max. mem block: 0x00001F48
T0A10 2441:823.817   CPU_ReadMem(4 bytes @ 0xE000EDF0)
T0A10 2441:824.306   CPU_ReadMem(4 bytes @ 0xE0002000)
T0A10 2441:824.811   FPUnit: 6 code (BP) slots and 2 literal slots
T0A10 2441:824.832   CPU_ReadMem(4 bytes @ 0xE000EDFC)
T0A10 2441:825.313   CPU_ReadMem(4 bytes @ 0xE0001000)
T0A10 2441:825.801   CPU_ReadMem(4 bytes @ 0xE000ED88)
T0A10 2441:826.386   CPU_WriteMem(4 bytes @ 0xE000ED88)
T0A10 2441:826.896   CPU_ReadMem(4 bytes @ 0xE000ED88)
T0A10 2441:827.491   CPU_WriteMem(4 bytes @ 0xE000ED88)
T0A10 2441:827.932   CoreSight components:
T0A10 2441:827.960   ROMTbl[0] @ E00FF000
T0A10 2441:827.976   CPU_ReadMem(64 bytes @ 0xE00FF000)
T0A10 2441:829.190   CPU_ReadMem(32 bytes @ 0xE000EFE0)
T0A10 2441:829.931   ROMTbl[0][0]: E000E000, CID: B105E00D, PID: 000BB000 SCS
T0A10 2441:829.966   CPU_WriteMem(4 bytes @ 0xE0001000)
T0A10 2441:830.378   CPU_ReadMem(32 bytes @ 0xE0001FE0)
T0A10 2441:831.178   ROMTbl[0][1]: E0001000, CID: B105E00D, PID: 003BB002 DWT
T0A10 2441:831.213   CPU_ReadMem(32 bytes @ 0xE0002FE0)
T0A10 2441:831.930   ROMTbl[0][2]: E0002000, CID: B105E00D, PID: 002BB003 FPB
T0A10 2441:831.965   CPU_ReadMem(32 bytes @ 0xE0000FE0)
T0A10 2441:832.662   ROMTbl[0][3]: E0000000, CID: B105E00D, PID: 003BB001 ITM
T0A10 2441:832.682   CPU_ReadMem(32 bytes @ 0xE0040FE0)
T0A10 2441:833.382   ROMTbl[0][4]: E0040000, CID: B105900D, PID: 000BB9A1 TPIU
T0A10 2441:833.407   JLINK_Reset()
T0A10 2441:833.540     CPU_ReadMem(16 bytes @ 0x20000000)
T0A10 2441:834.103     CPU_WriteMem(16 bytes @ 0x20000000)
T0A10 2441:834.694     CPU_ReadMem(4 bytes @ 0xE000EDFC)
T0A10 2441:835.236     CPU_WriteMem(4 bytes @ 0xE000EDFC)
T0A10 2441:835.669     CPU_ReadMem(4 bytes @ 0xE0001000)
T0A10 2441:836.304     CPU_WriteMem(4 bytes @ 0xE0001004)
T0A10 2441:852.016     CPU_WriteMem(4 bytes @ 0xE000EDFC)
T0A10 2441:852.768     CPU_WriteMem(16 bytes @ 0x20000000)
T0A10 2441:857.130     CPU_WriteMem(4 bytes @ 0xE0002000)
T0A10 2441:857.910     CPU_ReadMem(4 bytes @ 0xE000EDFC)
T0A10 2441:858.628     CPU_ReadMem(4 bytes @ 0xE0001000)
T0A10 2441:859.482   - 26.101ms
T0A10 2441:859.517   JLINK_Go()
T0A10 2441:859.531     CPU_ReadMem(4 bytes @ 0xE0001000)
T0A10 2441:860.337     CPU_WriteMem(4 bytes @ 0xE0001004)
T0A10 2441:861.708   - 2.215ms
T0A10 2441:861.739 - 56.468ms
T0A10 2441:862.019 JLINK_TIF_Select(JLINKARM_TIF_JTAG)
T0A10 2441:862.049 - 0.038ms returns 0x00
T0A10 2441:862.069 JLINK_ConfigJTAG(IRPre = 0, DRPre = 0)
T0A10 2441:862.085 - 0.024ms
T0A10 2441:862.106 JLINK_SetSpeed(4000)
T0A10 2441:862.341 - 0.248ms
T0A10 2441:862.365 JLINK_ResetPullsRESET(OFF)
T0A10 2441:862.373 - 0.012ms
T0A10 2441:862.383 JLINK_Connect()
T0A10 2441:863.967   TotalIRLen = 4, IRPrint = 0x01
T0A10 2441:864.626   JTAG chain detection found 1 devices:
T0A10 2441:864.662    #0 Id: 0x4BA00477, IRLen: 04, CoreSight JTAG-DP
T0A10 2441:869.418   Old FW that does not support reading DPIDR via DAP jobs
T0A10 2441:872.713   DPv0 detected
T0A10 2441:872.739   AP map detection skipped. Manually configured AP map found.
T0A10 2441:872.774   AP[0]: AHB-AP (IDR: Not set)
T0A10 2441:877.748   AP[0]: Core found
T0A10 2441:877.792   AP[0]: AHB-AP ROM base: 0xE00FF000
T0A10 2441:879.983   CPUID register: 0x410FC241. Implementer code: 0x41 (ARM)
T0A10 2441:880.009   Found Cortex-M4 r0p1, Little endian.
T0A10 2441:880.169   -- Max. mem block: 0x00001F48
T0A10 2441:880.190   CPU_ReadMem(4 bytes @ 0xE000EDF0)
T0A10 2441:880.681   CPU_ReadMem(4 bytes @ 0xE0002000)
T0A10 2441:881.234   FPUnit: 6 code (BP) slots and 2 literal slots
T0A10 2441:881.266   CPU_ReadMem(4 bytes @ 0xE000EDFC)
T0A10 2441:881.694   CPU_ReadMem(4 bytes @ 0xE0001000)
T0A10 2441:882.179   CPU_WriteMem(4 bytes @ 0xE0001000)
T0A10 2441:882.564   CPU_ReadMem(4 bytes @ 0xE000ED88)
T0A10 2441:883.045   CPU_WriteMem(4 bytes @ 0xE000ED88)
T0A10 2441:883.436   CPU_ReadMem(4 bytes @ 0xE000ED88)
T0A10 2441:883.912   CPU_WriteMem(4 bytes @ 0xE000ED88)
T0A10 2441:884.326   CoreSight components:
T0A10 2441:884.366   ROMTbl[0] @ E00FF000
T0A10 2441:884.380   CPU_ReadMem(64 bytes @ 0xE00FF000)
T0A10 2441:885.593   CPU_ReadMem(32 bytes @ 0xE000EFE0)
T0A10 2441:886.287   ROMTbl[0][0]: E000E000, CID: B105E00D, PID: 000BB000 SCS
T0A10 2441:886.304   CPU_ReadMem(32 bytes @ 0xE0001FE0)
T0A10 2441:886.982   ROMTbl[0][1]: E0001000, CID: B105E00D, PID: 003BB002 DWT
T0A10 2441:887.002   CPU_ReadMem(32 bytes @ 0xE0002FE0)
T0A10 2441:887.757   ROMTbl[0][2]: E0002000, CID: B105E00D, PID: 002BB003 FPB
T0A10 2441:887.790   CPU_ReadMem(32 bytes @ 0xE0000FE0)
T0A10 2441:888.489   ROMTbl[0][3]: E0000000, CID: B105E00D, PID: 003BB001 ITM
T0A10 2441:888.508   CPU_ReadMem(32 bytes @ 0xE0040FE0)
T0A10 2441:889.230   ROMTbl[0][4]: E0040000, CID: B105900D, PID: 000BB9A1 TPIU
T0A10 2441:889.252 - 26.873ms returns 0x00
T0A10 2441:889.314 JLINK_Halt()
T0A10 2441:892.537 - 3.232ms returns 0x00
T0A10 2441:892.645 JLINK_BeginDownload(Flags = 0x00000000)
T0A10 2441:892.657 - 0.016ms
T0A10 2441:892.695 JLINK_WriteMem(0x400E0A04, 0x4 Bytes, ...)
T0A10 2441:892.705   Data:  0B 01 00 5A
T0A10 2441:892.830   CPU_WriteMem(4 bytes @ 0x400E0A04)
T0A10 2441:893.272 - 0.587ms returns 0x4
T0A10 2441:893.311 JLINK_EndDownload()
T0A10 2441:893.322 - 0.016ms returns 0 (0x0)
T0A10 2441:893.356 JLINK_ReadMemHW(0x400E0A08, 0x0004 Bytes, ...)
T0A10 2441:893.368   CPU_ReadMem(4 bytes @ 0x400E0A08)
T0A10 2441:894.004   Data:  01 00 00 00
T0A10 2441:894.025 - 0.673ms returns 0
T0A10 2441:894.063 JLINK_BeginDownload(Flags = 0x00000000)
T0A10 2441:894.073 - 0.014ms
T0A10 2441:894.157 JLINK_WriteMem(0x400E0A04, 0x4 Bytes, ...)
T0A10 2441:894.200   Data:  0C 02 00 5A
T0A10 2441:894.237   CPU_WriteMem(4 bytes @ 0x400E0A04)
T0A10 2441:894.750 - 0.611ms returns 0x4
T0A10 2441:894.809 JLINK_EndDownload()
T0A10 2441:894.822 - 0.017ms returns 0 (0x0)
T0A10 2441:894.833 JLINK_ReadMemHW(0x400E0A08, 0x0004 Bytes, ...)
T0A10 2441:894.845   CPU_ReadMem(4 bytes @ 0x400E0A08)
T0A10 2441:895.324   Data:  01 00 00 00
T0A10 2441:895.385 - 0.557ms returns 0
T0A10 2441:895.438 JLINK_SetResetType(JLINKARM_CM3_RESET_TYPE_NORMAL)
T0A10 2441:895.450 - 0.015ms returns JLINKARM_CM3_RESET_TYPE_NORMAL
T0A10 2441:895.460 JLINK_Reset()
T0A10 2441:895.502   CPU_ReadMem(16 bytes @ 0x20000000)
T0A10 2441:896.142   CPU_WriteMem(16 bytes @ 0x20000000)
T0A10 2441:896.867   CPU_ReadMem(4 bytes @ 0xE000EDFC)
T0A10 2441:897.674   CPU_WriteMem(4 bytes @ 0xE000EDFC)
T0A10 2441:898.365   CPU_ReadMem(4 bytes @ 0xE0001000)
T0A10 2441:914.442   CPU_WriteMem(4 bytes @ 0xE000EDFC)
T0A10 2441:915.206   CPU_WriteMem(16 bytes @ 0x20000000)
T0A10 2441:919.610   CPU_WriteMem(4 bytes @ 0xE0002000)
T0A10 2441:920.299   CPU_ReadMem(4 bytes @ 0xE000EDFC)
T0A10 2441:921.097   CPU_ReadMem(4 bytes @ 0xE0001000)
T0A10 2441:921.896 - 26.461ms
T0A10 2441:923.210 JLINK_JTAG_GetDeviceID(DeviceIndex = 0)
T0A10 2441:923.228 - 0.024ms returns 1268778103
T0A10 2441:923.258 JLINK_ReadMemU32(0x400E0740, 0x1 Items)
T0A10 2441:923.278   CPU_ReadMem(4 bytes @ 0x400E0740)
T0A10 2441:923.796   Data:  E0 0E A7 29
T0A10 2441:923.815 - 0.561ms returns 1 (0x1)
T0A10 2441:923.846 JLINK_ReadMemU32(0x400E0744, 0x1 Items)
T0A10 2441:923.860   CPU_ReadMem(4 bytes @ 0x400E0744)
T0A10 2441:924.368   Data:  00 00 00 00
T0A10 2441:924.387 - 0.545ms returns 1 (0x1)
T0A10 2441:930.992 JLINK_BeginDownload(Flags = 0x00000000)
T0A10 2441:931.014 - 0.026ms
T0A10 2441:931.035 JLINK_WriteMem(0x00400000, 0xC18 Bytes, ...)
T0A10 2441:931.046   Data:  F0 34 00 20 C9 07 40 00 C5 07 40 00 C5 07 40 00 ...
T0A10 2441:931.607   completely In flash
T0A10 2441:931.629    -- Read from flash cache (3096 bytes @ 0x00400000)
T0A10 2441:931.642 - 0.611ms returns 0xC18
T0A10 2441:931.870 JLINK_WriteMem(0x00400C18, 0x434 Bytes, ...)
T0A10 2441:931.894   Data:  00 09 3D 00 00 00 00 00 00 00 00 00 F4 02 00 20 ...
T0A10 2441:931.921   completely In flash
T0A10 2441:931.949    -- Read from flash cache (1076 bytes @ 0x00400C18)
T0A10 2441:931.974 - 0.111ms returns 0x434
T3D24 2441:933.272 JLINK_IsHalted()
T3D24 2441:933.305 - 0.045ms returns TRUE
T3D24 2441:933.316 JLINK_GetMOEs(...)
T3D24 2441:933.330   CPU_ReadMem(4 bytes @ 0xE000ED30)
T3D24 2441:933.897 - 0.592ms returns 0x01
T3D24 2441:933.919 JLINK_ReadReg(R15 (PC))
T3D24 2441:934.154   Old firmware which does not support pausing periodic actions during flash download
T3D24 2441:934.187   CPU_ReadMem(4 bytes @ 0xE000ED90)
T3D24 2441:934.711   CPU_ReadMem(4 bytes @ 0xE000ED94)
T3D24 2441:935.208    -- --------------------------------------
T3D24 2441:935.229   Flash bank @ 0x00400000: Default: L2 verify disabled because algorithm performs L1 verify
T3D24 2441:935.241    -- Start of determining dirty areas in flash cache
T3D24 2441:935.658    -- End of determining dirty areas
T3D24 2441:935.672    -- Start of preparing flash programming
T3D24 2441:935.685    -- Calculating RAM usage
T3D24 2441:935.703    -- RAM usage = 3036 Bytes
T3D24 2441:935.715    -- Preserving CPU registers
T3D24 2441:935.739    -- Preparing memory
T3D24 2441:935.751    -- Preparing target
T3D24 2442:094.991    -- Preserving target RAM temporarily used for programming
T3D24 2442:105.424    -- Downloading RAMCode
T3D24 2442:117.517    -- Preparing RAMCode
T3D24 2442:124.230    -- Checking target RAM
T3D24 2442:125.504    -- End of preparing flash programming
T3D24 2442:125.638   Looking for J-Link GUI Server exe at: S:\Program Files (x86)\Atmel\Studio\7.0\atbackend\JLinkGUIServer.exe
T3D24 2442:125.692   Looking for J-Link GUI Server exe at: \JLinkGUIServer.exe
T3D24 2442:426.386   Failed to connect to J-Link GUI Server.
T3D24 2442:434.006    -- CPU is running at 90000 kHz.
T3D24 2442:434.042    -- Start of comparing flash
T3D24 2442:434.057    -- CRC check was estimated as fastest method
T3D24 2442:434.075    -- Comparing range 0x400000 - 0x4011FF (9 Sectors, 4 KiB), using multi-block CRC calculation
T3D24 2442:436.874    -- CRC does not match for sectors 0-8
T3D24 2442:436.904    -- End of comparing flash
T3D24 2442:436.917    -- Start of erasing sectors
T3D24 2442:436.929    -- End of erasing sectors
T3D24 2442:436.941    -- Start of flash programming
T3D24 2442:436.954    -- Programming range 0x00400000 - 0x004011FF (  9 Sectors, 4 KB)
T3D24 2442:461.102    -- End of flash programming
T3D24 2442:461.133    -- 0x400000 - 0x4011FF (  9 Sectors, 4 KoB)
T3D24 2442:461.147    -- Start of restoring
T3D24 2442:461.159    -- Restoring RAMCode
T3D24 2442:469.634    -- Restoring target memory
T3D24 2442:479.439    -- Restore target
T3D24 2442:530.837    -- Restore memory
T3D24 2442:530.872    -- Restoring CPU registers
T3D24 2442:530.897    -- End of restoring
T3D24 2442:530.950    -- Bank 0 @ 0x00400000: 1 range affected (4608 bytes)
T3D24 2442:530.984    -- Total: 0.595s (Prepare: 0.498s, Compare: 0.002s, Erase: 0.000s, Program & Verify: 0.028s, Restore: 0.065s)
T3D24 2442:531.006    -- Program & Verify speed: 160 KiB/s
T3D24 2442:533.221 - 599.324ms returns 0xFFFFFFFE
T0A10 2442:534.609 JLINK_EndDownload()
T0A10 2442:534.641 - 0.040ms returns 0 (0x0)
T0A10 2442:534.682 JLINK_ResetPullsRESET(ON)
T0A10 2442:534.699 - 0.026ms
T0A10 2442:534.718 JLINK_ResetNoHalt()
T0A10 2442:535.946   TotalIRLen = 4, IRPrint = 0x01
T0A10 2442:536.553   JTAG chain detection found 1 devices:
T0A10 2442:536.584    #0 Id: 0x4BA00477, IRLen: 04, CoreSight JTAG-DP
T0A10 2442:540.404   Old FW that does not support reading DPIDR via DAP jobs
T0A10 2442:543.704   DPv0 detected
T0A10 2442:543.747   AP map detection skipped. Manually configured AP map found.
T0A10 2442:543.769   AP[0]: AHB-AP (IDR: Not set)
T0A10 2442:548.564   AP[0]: Core found
T0A10 2442:548.616   AP[0]: AHB-AP ROM base: 0xE00FF000
T0A10 2442:550.942   CPUID register: 0x410FC241. Implementer code: 0x41 (ARM)
T0A10 2442:550.989   Found Cortex-M4 r0p1, Little endian.
T0A10 2442:551.142   -- Max. mem block: 0x00001F48
T0A10 2442:551.171   CPU_ReadMem(4 bytes @ 0xE000EDF0)
T0A10 2442:551.592   CPU_ReadMem(4 bytes @ 0xE0002000)
T0A10 2442:552.123   FPUnit: 6 code (BP) slots and 2 literal slots
T0A10 2442:552.140   CPU_ReadMem(4 bytes @ 0xE000EDFC)
T0A10 2442:552.636   CPU_ReadMem(4 bytes @ 0xE0001000)
T0A10 2442:553.126   CPU_ReadMem(4 bytes @ 0xE000ED88)
T0A10 2442:553.598   CPU_WriteMem(4 bytes @ 0xE000ED88)
T0A10 2442:554.014   CPU_ReadMem(4 bytes @ 0xE000ED88)
T0A10 2442:554.556   CPU_WriteMem(4 bytes @ 0xE000ED88)
T0A10 2442:555.066   CoreSight components:
T0A10 2442:555.096   ROMTbl[0] @ E00FF000
T0A10 2442:555.116   CPU_ReadMem(64 bytes @ 0xE00FF000)
T0A10 2442:556.387   CPU_ReadMem(32 bytes @ 0xE000EFE0)
T0A10 2442:557.163   ROMTbl[0][0]: E000E000, CID: B105E00D, PID: 000BB000 SCS
T0A10 2442:557.184   CPU_WriteMem(4 bytes @ 0xE0001000)
T0A10 2442:557.570   CPU_ReadMem(32 bytes @ 0xE0001FE0)
T0A10 2442:558.274   ROMTbl[0][1]: E0001000, CID: B105E00D, PID: 003BB002 DWT
T0A10 2442:558.309   CPU_ReadMem(32 bytes @ 0xE0002FE0)
T0A10 2442:559.011   ROMTbl[0][2]: E0002000, CID: B105E00D, PID: 002BB003 FPB
T0A10 2442:559.046   CPU_ReadMem(32 bytes @ 0xE0000FE0)
T0A10 2442:559.711   ROMTbl[0][3]: E0000000, CID: B105E00D, PID: 003BB001 ITM
T0A10 2442:559.730   CPU_ReadMem(32 bytes @ 0xE0040FE0)
T0A10 2442:560.427   ROMTbl[0][4]: E0040000, CID: B105900D, PID: 000BB9A1 TPIU
T0A10 2442:560.451   JLINK_Reset()
T0A10 2442:560.950     CPU_ReadMem(16 bytes @ 0x20000000)
T0A10 2442:561.578     CPU_WriteMem(16 bytes @ 0x20000000)
T0A10 2442:562.085     CPU_ReadMem(4 bytes @ 0xE000EDFC)
T0A10 2442:562.575     CPU_WriteMem(4 bytes @ 0xE000EDFC)
T0A10 2442:563.018     CPU_ReadMem(4 bytes @ 0xE0001000)
T0A10 2442:579.663     CPU_WriteMem(4 bytes @ 0xE000EDFC)
T0A10 2442:580.175     CPU_WriteMem(16 bytes @ 0x20000000)
T0A10 2442:584.498     CPU_WriteMem(4 bytes @ 0xE0002000)
T0A10 2442:585.258     CPU_ReadMem(4 bytes @ 0xE000EDFC)
T0A10 2442:586.003     CPU_ReadMem(4 bytes @ 0xE0001000)
T0A10 2442:586.605   - 26.169ms
T0A10 2442:586.629   JLINK_Go()
T0A10 2442:586.642     CPU_ReadMem(4 bytes @ 0xE0001000)
T0A10 2442:587.246     CPU_WriteMem(4 bytes @ 0xE0001004)
T0A10 2442:588.323   - 1.740ms
T0A10 2442:588.377 - 53.663ms
T0A10 2442:602.069 JLINK_Close()
T0A10 2442:618.262 - 16.241ms
T0A10 2442:618.318   
T0A10 2442:618.328   Closed
