T3EA0 2596:697.959   SEGGER J-Link V7.52a Log File
T3EA0 2596:698.031   DLL Compiled: Jul 28 2021 11:08:12
T3EA0 2596:698.058   Logging started @ 2023-04-05 18:52
T3EA0 2596:698.082 - 7368.030ms
T3EA0 2596:722.881 JLINK_ExecCommand("Device = AT91SAM4SD32C", ...). 
T3EA0 2596:723.447   Device "ATSAM4SD32C" selected.
T3EA0 2596:723.984 - 1.051ms returns 0x00
T3EA0 2596:770.985 JLINK_TIF_Select(JLINKARM_TIF_JTAG)
T3EA0 2596:771.817 - 0.858ms returns 0x00
T3EA0 2596:771.864 JLINK_ConfigJTAG(IRPre = 0, DRPre = 0)
T3EA0 2596:771.913 - 0.066ms
T3EA0 2596:771.946 JLINK_SetSpeed(4000)
T3EA0 2596:772.038 - 0.113ms
T3EA0 2596:772.077 JLINK_ResetPullsRESET(OFF)
T3EA0 2596:772.103 - 0.052ms
T3EA0 2596:772.144 JLINK_Connect()
T3EA0 2596:773.583   TotalIRLen = 4, IRPrint = 0x01
T3EA0 2596:774.170   JTAG chain detection found 1 devices:
T3EA0 2596:774.209    #0 Id: 0x4BA00477, IRLen: 04, CoreSight JTAG-DP
T3EA0 2596:778.078   Old FW that does not support reading DPIDR via DAP jobs
T3EA0 2596:781.362   DPv0 detected
T3EA0 2596:781.393   Scanning AP map to find all available APs
T3EA0 2596:783.977   AP[1]: Stopped AP scan as end of AP map has been reached
T3EA0 2596:784.003   AP[0]: AHB-AP (IDR: 0x24770011)
T3EA0 2596:784.023   Iterating through AP map to find AHB-AP to use
T3EA0 2596:788.382   AP[0]: Core found
T3EA0 2596:788.407   AP[0]: AHB-AP ROM base: 0xE00FF000
T3EA0 2596:790.557   CPUID register: 0x410FC241. Implementer code: 0x41 (ARM)
T3EA0 2596:790.582   Found Cortex-M4 r0p1, Little endian.
T3EA0 2596:790.970   -- Max. mem block: 0x000023B8
T3EA0 2596:791.085   CPU_ReadMem(4 bytes @ 0xE000EDF0)
T3EA0 2596:794.642   CPU_WriteMem(4 bytes @ 0xE000EDF0)
T3EA0 2596:795.011   CPU_ReadMem(4 bytes @ 0xE0002000)
T3EA0 2596:795.533   FPUnit: 6 code (BP) slots and 2 literal slots
T3EA0 2596:795.565   CPU_ReadMem(4 bytes @ 0xE000EDFC)
T3EA0 2596:796.027   CPU_WriteMem(4 bytes @ 0xE000EDFC)
T3EA0 2596:796.431   CPU_ReadMem(4 bytes @ 0xE0001000)
T3EA0 2596:796.921   CPU_WriteMem(4 bytes @ 0xE0001000)
T3EA0 2596:797.347   CPU_ReadMem(4 bytes @ 0xE000ED88)
T3EA0 2596:797.898   CPU_WriteMem(4 bytes @ 0xE000ED88)
T3EA0 2596:798.332   CPU_ReadMem(4 bytes @ 0xE000ED88)
T3EA0 2596:798.821   CPU_WriteMem(4 bytes @ 0xE000ED88)
T3EA0 2596:799.286   CoreSight components:
T3EA0 2596:799.312   ROMTbl[0] @ E00FF000
T3EA0 2596:799.326   CPU_ReadMem(64 bytes @ 0xE00FF000)
T3EA0 2596:800.113   CPU_ReadMem(32 bytes @ 0xE000EFE0)
T3EA0 2596:800.802   ROMTbl[0][0]: E000E000, CID: B105E00D, PID: 000BB000 SCS
T3EA0 2596:800.829   CPU_ReadMem(32 bytes @ 0xE0001FE0)
T3EA0 2596:801.508   ROMTbl[0][1]: E0001000, CID: B105E00D, PID: 003BB002 DWT
T3EA0 2596:801.525   CPU_ReadMem(32 bytes @ 0xE0002FE0)
T3EA0 2596:802.188   ROMTbl[0][2]: E0002000, CID: B105E00D, PID: 002BB003 FPB
T3EA0 2596:802.218   CPU_ReadMem(32 bytes @ 0xE0000FE0)
T3EA0 2596:802.934   ROMTbl[0][3]: E0000000, CID: B105E00D, PID: 003BB001 ITM
T3EA0 2596:802.965   CPU_ReadMem(32 bytes @ 0xE0040FE0)
T3EA0 2596:803.635   ROMTbl[0][4]: E0040000, CID: B105900D, PID: 000BB9A1 TPIU
T3EA0 2596:803.669 - 31.529ms returns 0x00
T3EA0 2596:803.719 JLINK_Halt()
T3EA0 2596:806.971 - 3.263ms returns 0x00
T3EA0 2596:807.096 JLINK_BeginDownload(Flags = 0x00000000)
T3EA0 2596:807.121 - 0.029ms
T3EA0 2596:807.144 JLINK_WriteMem(0x400E0A04, 0x4 Bytes, ...)
T3EA0 2596:807.154   Data:  0B 01 00 5A
T3EA0 2596:807.575   CPU_WriteMem(4 bytes @ 0x400E0A04)
T3EA0 2596:808.031 - 0.895ms returns 0x4
T3EA0 2596:808.065 JLINK_EndDownload()
T3EA0 2596:808.089 - 0.028ms returns 0 (0x0)
T3EA0 2596:808.104 JLINK_ReadMemHW(0x400E0A08, 0x0004 Bytes, ...)
T3EA0 2596:808.116   CPU_ReadMem(4 bytes @ 0x400E0A08)
T3EA0 2596:808.619   Data:  01 00 00 00
T3EA0 2596:808.653 - 0.553ms returns 0
T3EA0 2596:808.681 JLINK_BeginDownload(Flags = 0x00000000)
T3EA0 2596:808.703 - 0.026ms
T3EA0 2596:808.729 JLINK_WriteMem(0x400E0A04, 0x4 Bytes, ...)
T3EA0 2596:808.739   Data:  0C 02 00 5A
T3EA0 2596:808.755   CPU_WriteMem(4 bytes @ 0x400E0A04)
T3EA0 2596:809.182 - 0.461ms returns 0x4
T3EA0 2596:809.214 JLINK_EndDownload()
T3EA0 2596:809.291 - 0.085ms returns 0 (0x0)
T3EA0 2596:809.312 JLINK_ReadMemHW(0x400E0A08, 0x0004 Bytes, ...)
T3EA0 2596:809.333   CPU_ReadMem(4 bytes @ 0x400E0A08)
T3EA0 2596:809.919   Data:  01 00 00 00
T3EA0 2596:809.935 - 0.627ms returns 0
T3EA0 2596:809.965 JLINK_SetResetType(JLINKARM_CM3_RESET_TYPE_NORMAL)
T3EA0 2596:809.988 - 0.026ms returns JLINKARM_CM3_RESET_TYPE_NORMAL
T3EA0 2596:809.998 JLINK_Reset()
T3EA0 2596:810.406   CPU_ReadMem(16 bytes @ 0x20000000)
T3EA0 2596:811.018   CPU_WriteMem(16 bytes @ 0x20000000)
T3EA0 2596:811.539   CPU_ReadMem(4 bytes @ 0xE000EDFC)
T3EA0 2596:812.051   CPU_WriteMem(4 bytes @ 0xE000EDFC)
T3EA0 2596:812.449   CPU_ReadMem(4 bytes @ 0xE0001000)
T3EA0 2596:827.571   CPU_WriteMem(4 bytes @ 0xE000EDFC)
T3EA0 2596:828.012   CPU_WriteMem(16 bytes @ 0x20000000)
T3EA0 2596:831.709   CPU_WriteMem(4 bytes @ 0xE0002000)
T3EA0 2596:832.151   CPU_ReadMem(4 bytes @ 0xE000EDFC)
T3EA0 2596:832.671   CPU_ReadMem(4 bytes @ 0xE0001000)
T3EA0 2596:833.199 - 23.209ms
T3EA0 2596:834.171 JLINK_JTAG_GetDeviceID(DeviceIndex = 0)
T3EA0 2596:834.185 - 0.018ms returns 1268778103
T3EA0 2596:834.197 JLINK_ReadMemU32(0x400E0740, 0x1 Items)
T3EA0 2596:834.213   CPU_ReadMem(4 bytes @ 0x400E0740)
T3EA0 2596:834.722   Data:  E0 0E A7 29
T3EA0 2596:834.740 - 0.547ms returns 1 (0x1)
T3EA0 2596:834.770 JLINK_ReadMemU32(0x400E0744, 0x1 Items)
T3EA0 2596:834.785   CPU_ReadMem(4 bytes @ 0x400E0744)
T3EA0 2596:835.313   Data:  00 00 00 00
T3EA0 2596:835.333 - 0.567ms returns 1 (0x1)
T3EA0 2596:835.411 JLINK_BeginDownload(Flags = 0x00000000)
T3EA0 2596:835.422 - 0.020ms
T3EA0 2596:835.467 JLINK_WriteMem(0x400E0A04, 0x4 Bytes, ...)
T3EA0 2596:835.499   Data:  05 00 00 5A
T3EA0 2596:835.547   CPU_WriteMem(4 bytes @ 0x400E0A04)
T3EA0 2596:836.041 - 0.584ms returns 0x4
T3EA0 2596:836.091 JLINK_WriteMem(0x400E0C04, 0x4 Bytes, ...)
T3EA0 2596:836.101   Data:  05 00 00 5A
T3EA0 2596:836.119   CPU_WriteMem(4 bytes @ 0x400E0C04)
T3EA0 2596:836.572 - 0.491ms returns 0x4
T3EA0 2596:836.611 JLINK_EndDownload()
T3EA0 2596:836.623 - 0.015ms returns 0 (0x0)
T3EA0 2596:836.633 JLINK_ReadMemHW(0x400E0A08, 0x0004 Bytes, ...)
T3EA0 2596:836.645   CPU_ReadMem(4 bytes @ 0x400E0A08)
T3EA0 2596:837.155   Data:  00 00 00 00
T3EA0 2596:837.172 - 0.542ms returns 0
T3EA0 2596:840.031 JLINK_ReadMemHW(0x400E0A08, 0x0004 Bytes, ...)
T3EA0 2596:840.066   CPU_ReadMem(4 bytes @ 0x400E0A08)
T3EA0 2596:840.578   Data:  00 00 00 00
T3EA0 2596:840.597 - 0.570ms returns 0
T4988 2596:843.880 JLINK_IsHalted()
T4988 2596:843.899 - 0.024ms returns TRUE
T4988 2596:843.911 JLINK_GetMOEs(...)
T4988 2596:843.923   CPU_ReadMem(4 bytes @ 0xE000ED30)
T4988 2596:844.456 - 0.555ms returns 0x01
T4988 2596:844.476 JLINK_ReadReg(R15 (PC))
T4988 2596:844.490 - 0.018ms returns 0x00401240
T3EA0 2596:844.889 JLINK_ReadMemHW(0x400E0A08, 0x0004 Bytes, ...)
T3EA0 2596:844.910   CPU_ReadMem(4 bytes @ 0x400E0A08)
T3EA0 2596:845.457   Data:  00 00 00 00
T3EA0 2596:845.476 - 0.591ms returns 0
T3EA0 2596:861.327 JLINK_ReadMemHW(0x400E0A08, 0x0004 Bytes, ...)
T3EA0 2596:861.356   CPU_ReadMem(4 bytes @ 0x400E0A08)
T3EA0 2596:861.942   Data:  00 00 00 00
T3EA0 2596:861.962 - 0.639ms returns 0
T3EA0 2596:925.520 JLINK_ReadMemHW(0x400E0A08, 0x0004 Bytes, ...)
T3EA0 2596:925.586   CPU_ReadMem(4 bytes @ 0x400E0A08)
T3EA0 2596:926.128   Data:  00 00 00 00
T3EA0 2596:926.148 - 0.632ms returns 0
T4988 2597:045.696 JLINK_IsHalted()
T4988 2597:045.762 - 0.076ms returns TRUE
T3EA0 2597:182.919 JLINK_ReadMemHW(0x400E0A08, 0x0004 Bytes, ...)
T3EA0 2597:182.958   CPU_ReadMem(4 bytes @ 0x400E0A08)
T3EA0 2597:183.579   Data:  00 00 00 00
T3EA0 2597:183.598 - 0.682ms returns 0
T4988 2597:245.780 JLINK_IsHalted()
T4988 2597:245.822 - 0.046ms returns TRUE
T4988 2597:446.011 JLINK_IsHalted()
T4988 2597:446.656 - 0.659ms returns TRUE
T4988 2597:646.819 JLINK_IsHalted()
T4988 2597:646.864 - 0.049ms returns TRUE
T4988 2597:847.218 JLINK_IsHalted()
T4988 2597:847.280 - 0.067ms returns TRUE
T4988 2598:048.173 JLINK_IsHalted()
T4988 2598:048.868 - 0.720ms returns TRUE
T3EA0 2598:183.879 JLINK_ReadMemHW(0x400E0A08, 0x0004 Bytes, ...)
T3EA0 2598:183.917   CPU_ReadMem(4 bytes @ 0x400E0A08)
T3EA0 2598:184.471   Data:  00 00 00 00
T3EA0 2598:184.490 - 0.615ms returns 0
T3EA0 2598:189.726 JLINK_ReadMemHW(0x400E0C08, 0x0004 Bytes, ...)
T3EA0 2598:189.748   CPU_ReadMem(4 bytes @ 0x400E0C08)
T3EA0 2598:190.249   Data:  00 00 00 00
T3EA0 2598:190.268 - 0.546ms returns 0
T3EA0 2598:191.857 JLINK_ReadMemHW(0x400E0C08, 0x0004 Bytes, ...)
T3EA0 2598:191.912   CPU_ReadMem(4 bytes @ 0x400E0C08)
T3EA0 2598:192.664   Data:  00 00 00 00
T3EA0 2598:192.715 - 0.863ms returns 0
T3EA0 2598:196.934 JLINK_ReadMemHW(0x400E0C08, 0x0004 Bytes, ...)
T3EA0 2598:197.006   CPU_ReadMem(4 bytes @ 0x400E0C08)
T3EA0 2598:197.678   Data:  00 00 00 00
T3EA0 2598:197.713 - 0.783ms returns 0
T3EA0 2598:214.512 JLINK_ReadMemHW(0x400E0C08, 0x0004 Bytes, ...)
T3EA0 2598:214.566   CPU_ReadMem(4 bytes @ 0x400E0C08)
T3EA0 2598:215.310   Data:  00 00 00 00
T3EA0 2598:215.343 - 0.835ms returns 0
T4988 2598:252.461 JLINK_IsHalted()
T4988 2598:252.501 - 0.048ms returns TRUE
T3EA0 2598:279.206 JLINK_ReadMemHW(0x400E0C08, 0x0004 Bytes, ...)
T3EA0 2598:279.262   CPU_ReadMem(4 bytes @ 0x400E0C08)
T3EA0 2598:280.049   Data:  00 00 00 00
T3EA0 2598:280.082 - 0.880ms returns 0
T4988 2598:454.586 JLINK_IsHalted()
T4988 2598:454.664 - 0.087ms returns TRUE
T3EA0 2598:536.977 JLINK_ReadMemHW(0x400E0C08, 0x0004 Bytes, ...)
T3EA0 2598:537.033   CPU_ReadMem(4 bytes @ 0x400E0C08)
T3EA0 2598:537.833   Data:  00 00 00 00
T3EA0 2598:537.866 - 0.893ms returns 0
T4988 2598:655.979 JLINK_IsHalted()
T4988 2598:656.658 - 0.704ms returns TRUE
T4988 2598:855.982 JLINK_IsHalted()
T4988 2598:856.027 - 0.049ms returns TRUE
T4988 2599:056.906 JLINK_IsHalted()
T4988 2599:056.963 - 0.062ms returns TRUE
T4988 2599:257.607 JLINK_IsHalted()
T4988 2599:258.047 - 0.450ms returns TRUE
T4988 2599:463.842 JLINK_IsHalted()
T4988 2599:463.888 - 0.050ms returns TRUE
T3EA0 2599:537.140 JLINK_ReadMemHW(0x400E0C08, 0x0004 Bytes, ...)
T3EA0 2599:537.194   CPU_ReadMem(4 bytes @ 0x400E0C08)
T3EA0 2599:537.920   Data:  00 00 00 00
T3EA0 2599:537.991 - 0.869ms returns 0
T3EA0 2599:538.113 JLINK_ReadMemHW(0x400E0A08, 0x0004 Bytes, ...)
T3EA0 2599:538.135   CPU_ReadMem(4 bytes @ 0x400E0A08)
T3EA0 2599:538.743   Data:  00 00 00 00
T3EA0 2599:538.765 - 0.656ms returns 0
T3EA0 2599:542.465 JLINK_ReadMemHW(0x400E0A08, 0x0004 Bytes, ...)
T3EA0 2599:542.506   CPU_ReadMem(4 bytes @ 0x400E0A08)
T3EA0 2599:543.252   Data:  00 00 00 00
T3EA0 2599:543.285 - 0.824ms returns 0
T3EA0 2599:548.166 JLINK_ReadMemHW(0x400E0A08, 0x0004 Bytes, ...)
T3EA0 2599:548.236   CPU_ReadMem(4 bytes @ 0x400E0A08)
T3EA0 2599:548.980   Data:  00 00 00 00
T3EA0 2599:549.049 - 0.887ms returns 0
T3EA0 2599:566.696 JLINK_ReadMemHW(0x400E0A08, 0x0004 Bytes, ...)
T3EA0 2599:566.764   CPU_ReadMem(4 bytes @ 0x400E0A08)
T3EA0 2599:567.519   Data:  00 00 00 00
T3EA0 2599:567.560 - 0.868ms returns 0
T3EA0 2599:633.936 JLINK_ReadMemHW(0x400E0A08, 0x0004 Bytes, ...)
T3EA0 2599:633.989   CPU_ReadMem(4 bytes @ 0x400E0A08)
T3EA0 2599:634.789   Data:  00 00 00 00
T3EA0 2599:634.821 - 0.890ms returns 0
T4988 2599:665.966 JLINK_IsHalted()
T4988 2599:666.024 - 0.062ms returns TRUE
T4988 2599:865.981 JLINK_IsHalted()
T4988 2599:866.619 - 0.675ms returns TRUE
T3EA0 2599:891.002 JLINK_ReadMemHW(0x400E0A08, 0x0004 Bytes, ...)
T3EA0 2599:891.058   CPU_ReadMem(4 bytes @ 0x400E0A08)
T3EA0 2599:891.598   Data:  00 00 00 00
T3EA0 2599:891.675 - 0.678ms returns 0
T4988 2600:067.295 JLINK_IsHalted()
T4988 2600:067.346 - 0.055ms returns TRUE
T4988 2600:267.767 JLINK_IsHalted()
T4988 2600:267.808 - 0.053ms returns TRUE
T4988 2600:470.626 JLINK_IsHalted()
T4988 2600:471.159 - 0.554ms returns TRUE
T4988 2600:671.113 JLINK_IsHalted()
T4988 2600:671.173 - 0.064ms returns TRUE
T4988 2600:873.018 JLINK_IsHalted()
T4988 2600:873.063 - 0.049ms returns TRUE
T3EA0 2600:891.448 JLINK_ReadMemHW(0x400E0A08, 0x0004 Bytes, ...)
T3EA0 2600:891.521   CPU_ReadMem(4 bytes @ 0x400E0A08)
T3EA0 2600:892.112   Data:  00 00 00 00
T3EA0 2600:892.144 - 0.713ms returns 0
T3EA0 2600:892.268 JLINK_ReadMemHW(0x400E0C08, 0x0004 Bytes, ...)
T3EA0 2600:892.291   CPU_ReadMem(4 bytes @ 0x400E0C08)
T3EA0 2600:892.966   Data:  01 00 00 00
T3EA0 2600:892.987 - 0.723ms returns 0
T3EA0 2600:893.006 JLINK_ReadMemHW(0x400E0A08, 0x0004 Bytes, ...)
T3EA0 2600:893.019   CPU_ReadMem(4 bytes @ 0x400E0A08)
T3EA0 2600:893.775   Data:  00 00 00 00
T3EA0 2600:893.808 - 0.806ms returns 0
T3EA0 2600:895.965 JLINK_ReadMemHW(0x400E0A08, 0x0004 Bytes, ...)
T3EA0 2600:896.007   CPU_ReadMem(4 bytes @ 0x400E0A08)
T3EA0 2600:896.828   Data:  00 00 00 00
T3EA0 2600:896.861 - 0.899ms returns 0
T3EA0 2600:900.459 JLINK_ReadMemHW(0x400E0A08, 0x0004 Bytes, ...)
T3EA0 2600:900.526   CPU_ReadMem(4 bytes @ 0x400E0A08)
T3EA0 2600:901.333   Data:  00 00 00 00
T3EA0 2600:901.366 - 0.911ms returns 0
T3EA0 2600:921.084 JLINK_ReadMemHW(0x400E0A08, 0x0004 Bytes, ...)
T3EA0 2600:921.151   CPU_ReadMem(4 bytes @ 0x400E0A08)
T3EA0 2600:921.948   Data:  00 00 00 00
T3EA0 2600:921.981 - 0.901ms returns 0
T3EA0 2600:985.759 JLINK_ReadMemHW(0x400E0A08, 0x0004 Bytes, ...)
T3EA0 2600:985.814   CPU_ReadMem(4 bytes @ 0x400E0A08)
T3EA0 2600:986.603   Data:  00 00 00 00
T3EA0 2600:986.636 - 0.881ms returns 0
T4988 2601:073.666 JLINK_IsHalted()
T4988 2601:074.326 - 0.684ms returns TRUE
T3EA0 2601:244.374 JLINK_ReadMemHW(0x400E0A08, 0x0004 Bytes, ...)
T3EA0 2601:244.415   CPU_ReadMem(4 bytes @ 0x400E0A08)
T3EA0 2601:245.194   Data:  00 00 00 00
T3EA0 2601:245.239 - 0.869ms returns 0
T4988 2601:274.961 JLINK_IsHalted()
T4988 2601:274.986 - 0.029ms returns TRUE
T4988 2601:475.530 JLINK_IsHalted()
T4988 2601:475.575 - 0.049ms returns TRUE
T4988 2601:676.705 JLINK_IsHalted()
T4988 2601:677.410 - 0.729ms returns TRUE
T4988 2601:878.084 JLINK_IsHalted()
T4988 2601:878.117 - 0.037ms returns TRUE
T4988 2602:079.163 JLINK_IsHalted()
T4988 2602:079.195 - 0.049ms returns TRUE
T3EA0 2602:245.802 JLINK_ReadMemHW(0x400E0A08, 0x0004 Bytes, ...)
T3EA0 2602:245.857   CPU_ReadMem(4 bytes @ 0x400E0A08)
T3EA0 2602:246.675   Data:  01 00 00 00
T3EA0 2602:246.724 - 0.925ms returns 0
T4988 2602:279.733 JLINK_IsHalted()
T4988 2602:280.443 - 0.734ms returns TRUE
T3EA0 2602:281.185 JLINK_ResetPullsRESET(ON)
T3EA0 2602:281.205 - 0.025ms
T3EA0 2602:281.217 JLINK_ResetNoHalt()
T3EA0 2602:282.737   TotalIRLen = 4, IRPrint = 0x01
T3EA0 2602:283.601   JTAG chain detection found 1 devices:
T3EA0 2602:283.651    #0 Id: 0x4BA00477, IRLen: 04, CoreSight JTAG-DP
T3EA0 2602:288.811   Old FW that does not support reading DPIDR via DAP jobs
T3EA0 2602:292.100   DPv0 detected
T3EA0 2602:292.125   AP map detection skipped. Manually configured AP map found.
T3EA0 2602:292.161   AP[0]: AHB-AP (IDR: Not set)
T3EA0 2602:296.683   AP[0]: Core found
T3EA0 2602:296.707   AP[0]: AHB-AP ROM base: 0xE00FF000
T3EA0 2602:299.107   CPUID register: 0x410FC241. Implementer code: 0x41 (ARM)
T3EA0 2602:299.133   Found Cortex-M4 r0p1, Little endian.
T3EA0 2602:299.308   -- Max. mem block: 0x00001F48
T3EA0 2602:299.329   CPU_ReadMem(4 bytes @ 0xE000EDF0)
T3EA0 2602:299.742   CPU_ReadMem(4 bytes @ 0xE0002000)
T3EA0 2602:300.294   FPUnit: 6 code (BP) slots and 2 literal slots
T3EA0 2602:300.310   CPU_ReadMem(4 bytes @ 0xE000EDFC)
T3EA0 2602:300.765   CPU_ReadMem(4 bytes @ 0xE0001000)
T3EA0 2602:301.282   CPU_ReadMem(4 bytes @ 0xE000ED88)
T3EA0 2602:301.813   CPU_WriteMem(4 bytes @ 0xE000ED88)
T3EA0 2602:302.215   CPU_ReadMem(4 bytes @ 0xE000ED88)
T3EA0 2602:302.717   CPU_WriteMem(4 bytes @ 0xE000ED88)
T3EA0 2602:303.184   CoreSight components:
T3EA0 2602:303.207   ROMTbl[0] @ E00FF000
T3EA0 2602:303.220   CPU_ReadMem(64 bytes @ 0xE00FF000)
T3EA0 2602:304.439   CPU_ReadMem(32 bytes @ 0xE000EFE0)
T3EA0 2602:305.131   ROMTbl[0][0]: E000E000, CID: B105E00D, PID: 000BB000 SCS
T3EA0 2602:305.148   CPU_WriteMem(4 bytes @ 0xE0001000)
T3EA0 2602:305.569   CPU_ReadMem(32 bytes @ 0xE0001FE0)
T3EA0 2602:306.406   ROMTbl[0][1]: E0001000, CID: B105E00D, PID: 003BB002 DWT
T3EA0 2602:306.425   CPU_ReadMem(32 bytes @ 0xE0002FE0)
T3EA0 2602:307.173   ROMTbl[0][2]: E0002000, CID: B105E00D, PID: 002BB003 FPB
T3EA0 2602:307.191   CPU_ReadMem(32 bytes @ 0xE0000FE0)
T3EA0 2602:307.888   ROMTbl[0][3]: E0000000, CID: B105E00D, PID: 003BB001 ITM
T3EA0 2602:307.906   CPU_ReadMem(32 bytes @ 0xE0040FE0)
T3EA0 2602:308.582   ROMTbl[0][4]: E0040000, CID: B105900D, PID: 000BB9A1 TPIU
T3EA0 2602:308.606   JLINK_Reset()
T3EA0 2602:308.736     CPU_ReadMem(16 bytes @ 0x20000000)
T3EA0 2602:309.301     CPU_WriteMem(16 bytes @ 0x20000000)
T3EA0 2602:309.883     CPU_ReadMem(4 bytes @ 0xE000EDFC)
T3EA0 2602:310.451     CPU_WriteMem(4 bytes @ 0xE000EDFC)
T3EA0 2602:310.886     CPU_ReadMem(4 bytes @ 0xE0001000)
T3EA0 2602:311.451     CPU_WriteMem(4 bytes @ 0xE0001004)
T3EA0 2602:327.068     CPU_WriteMem(4 bytes @ 0xE000EDFC)
T3EA0 2602:327.751     CPU_WriteMem(16 bytes @ 0x20000000)
T3EA0 2602:332.417     CPU_WriteMem(4 bytes @ 0xE0002000)
T3EA0 2602:333.128     CPU_ReadMem(4 bytes @ 0xE000EDFC)
T3EA0 2602:333.915     CPU_ReadMem(4 bytes @ 0xE0001000)
T3EA0 2602:334.694   - 26.112ms
T3EA0 2602:334.728   JLINK_Go()
T3EA0 2602:334.741     CPU_ReadMem(4 bytes @ 0xE0001000)
T3EA0 2602:335.497     CPU_WriteMem(4 bytes @ 0xE0001004)
T3EA0 2602:336.806   - 2.103ms
T3EA0 2602:336.838 - 55.625ms
T3EA0 2602:429.547 JLINK_TIF_Select(JLINKARM_TIF_JTAG)
T3EA0 2602:429.574 - 0.031ms returns 0x00
T3EA0 2602:429.585 JLINK_ConfigJTAG(IRPre = 0, DRPre = 0)
T3EA0 2602:429.593 - 0.012ms
T3EA0 2602:429.603 JLINK_SetSpeed(4000)
T3EA0 2602:429.759 - 0.169ms
T3EA0 2602:429.782 JLINK_ResetPullsRESET(OFF)
T3EA0 2602:429.791 - 0.012ms
T3EA0 2602:429.801 JLINK_Connect()
T3EA0 2602:431.472   TotalIRLen = 4, IRPrint = 0x01
T3EA0 2602:432.267   JTAG chain detection found 1 devices:
T3EA0 2602:432.316    #0 Id: 0x4BA00477, IRLen: 04, CoreSight JTAG-DP
T3EA0 2602:437.537   Old FW that does not support reading DPIDR via DAP jobs
T3EA0 2602:440.922   DPv0 detected
T3EA0 2602:440.951   AP map detection skipped. Manually configured AP map found.
T3EA0 2602:440.987   AP[0]: AHB-AP (IDR: Not set)
T3EA0 2602:445.408   AP[0]: Core found
T3EA0 2602:445.432   AP[0]: AHB-AP ROM base: 0xE00FF000
T3EA0 2602:447.579   CPUID register: 0x410FC241. Implementer code: 0x41 (ARM)
T3EA0 2602:447.603   Found Cortex-M4 r0p1, Little endian.
T3EA0 2602:447.794   -- Max. mem block: 0x00001F48
T3EA0 2602:447.828   CPU_ReadMem(4 bytes @ 0xE000EDF0)
T3EA0 2602:448.321   CPU_ReadMem(4 bytes @ 0xE0002000)
T3EA0 2602:448.832   FPUnit: 6 code (BP) slots and 2 literal slots
T3EA0 2602:448.848   CPU_ReadMem(4 bytes @ 0xE000EDFC)
T3EA0 2602:449.288   CPU_ReadMem(4 bytes @ 0xE0001000)
T3EA0 2602:449.761   CPU_WriteMem(4 bytes @ 0xE0001000)
T3EA0 2602:450.216   CPU_ReadMem(4 bytes @ 0xE000ED88)
T3EA0 2602:450.709   CPU_WriteMem(4 bytes @ 0xE000ED88)
T3EA0 2602:451.146   CPU_ReadMem(4 bytes @ 0xE000ED88)
T3EA0 2602:451.643   CPU_WriteMem(4 bytes @ 0xE000ED88)
T3EA0 2602:452.044   CoreSight components:
T3EA0 2602:452.067   ROMTbl[0] @ E00FF000
T3EA0 2602:452.080   CPU_ReadMem(64 bytes @ 0xE00FF000)
T3EA0 2602:453.247   CPU_ReadMem(32 bytes @ 0xE000EFE0)
T3EA0 2602:453.994   ROMTbl[0][0]: E000E000, CID: B105E00D, PID: 000BB000 SCS
T3EA0 2602:454.011   CPU_ReadMem(32 bytes @ 0xE0001FE0)
T3EA0 2602:454.680   ROMTbl[0][1]: E0001000, CID: B105E00D, PID: 003BB002 DWT
T3EA0 2602:454.699   CPU_ReadMem(32 bytes @ 0xE0002FE0)
T3EA0 2602:455.459   ROMTbl[0][2]: E0002000, CID: B105E00D, PID: 002BB003 FPB
T3EA0 2602:455.490   CPU_ReadMem(32 bytes @ 0xE0000FE0)
T3EA0 2602:456.216   ROMTbl[0][3]: E0000000, CID: B105E00D, PID: 003BB001 ITM
T3EA0 2602:456.235   CPU_ReadMem(32 bytes @ 0xE0040FE0)
T3EA0 2602:456.908   ROMTbl[0][4]: E0040000, CID: B105900D, PID: 000BB9A1 TPIU
T3EA0 2602:456.928 - 27.132ms returns 0x00
T3EA0 2602:456.996 JLINK_Halt()
T3EA0 2602:460.338 - 3.351ms returns 0x00
T3EA0 2602:460.443 JLINK_BeginDownload(Flags = 0x00000000)
T3EA0 2602:460.455 - 0.017ms
T3EA0 2602:460.482 JLINK_WriteMem(0x400E0A04, 0x4 Bytes, ...)
T3EA0 2602:460.491   Data:  0B 01 00 5A
T3EA0 2602:460.634   CPU_WriteMem(4 bytes @ 0x400E0A04)
T3EA0 2602:461.050 - 0.578ms returns 0x4
T3EA0 2602:461.088 JLINK_EndDownload()
T3EA0 2602:461.099 - 0.015ms returns 0 (0x0)
T3EA0 2602:461.110 JLINK_ReadMemHW(0x400E0A08, 0x0004 Bytes, ...)
T3EA0 2602:461.121   CPU_ReadMem(4 bytes @ 0x400E0A08)
T3EA0 2602:461.695   Data:  01 00 00 00
T3EA0 2602:461.714 - 0.607ms returns 0
T3EA0 2602:461.747 JLINK_BeginDownload(Flags = 0x00000000)
T3EA0 2602:461.757 - 0.013ms
T3EA0 2602:461.778 JLINK_WriteMem(0x400E0A04, 0x4 Bytes, ...)
T3EA0 2602:461.787   Data:  0C 02 00 5A
T3EA0 2602:461.804   CPU_WriteMem(4 bytes @ 0x400E0A04)
T3EA0 2602:462.265 - 0.497ms returns 0x4
T3EA0 2602:462.303 JLINK_EndDownload()
T3EA0 2602:462.314 - 0.015ms returns 0 (0x0)
T3EA0 2602:462.324 JLINK_ReadMemHW(0x400E0A08, 0x0004 Bytes, ...)
T3EA0 2602:462.335   CPU_ReadMem(4 bytes @ 0x400E0A08)
T3EA0 2602:462.891   Data:  01 00 00 00
T3EA0 2602:462.909 - 0.588ms returns 0
T3EA0 2602:462.941 JLINK_SetResetType(JLINKARM_CM3_RESET_TYPE_NORMAL)
T3EA0 2602:462.950 - 0.013ms returns JLINKARM_CM3_RESET_TYPE_NORMAL
T3EA0 2602:462.960 JLINK_Reset()
T3EA0 2602:462.973   CPU_ReadMem(16 bytes @ 0x20000000)
T3EA0 2602:463.674   CPU_WriteMem(16 bytes @ 0x20000000)
T3EA0 2602:464.514   CPU_ReadMem(4 bytes @ 0xE000EDFC)
T3EA0 2602:465.313   CPU_WriteMem(4 bytes @ 0xE000EDFC)
T3EA0 2602:465.890   CPU_ReadMem(4 bytes @ 0xE0001000)
T3EA0 2602:482.245   CPU_WriteMem(4 bytes @ 0xE000EDFC)
T3EA0 2602:482.905   CPU_WriteMem(16 bytes @ 0x20000000)
T3EA0 2602:487.069   CPU_WriteMem(4 bytes @ 0xE0002000)
T3EA0 2602:487.585   CPU_ReadMem(4 bytes @ 0xE000EDFC)
T3EA0 2602:488.378   CPU_ReadMem(4 bytes @ 0xE0001000)
T3EA0 2602:489.178 - 26.242ms
T3EA0 2602:490.427 JLINK_JTAG_GetDeviceID(DeviceIndex = 0)
T3EA0 2602:490.444 - 0.021ms returns 1268778103
T3EA0 2602:490.456 JLINK_ReadMemU32(0x400E0740, 0x1 Items)
T3EA0 2602:490.488   CPU_ReadMem(4 bytes @ 0x400E0740)
T3EA0 2602:491.032   Data:  E0 0E A7 29
T3EA0 2602:491.051 - 0.598ms returns 1 (0x1)
T3EA0 2602:491.080 JLINK_ReadMemU32(0x400E0744, 0x1 Items)
T3EA0 2602:491.094   CPU_ReadMem(4 bytes @ 0x400E0744)
T3EA0 2602:491.603   Data:  00 00 00 00
T3EA0 2602:491.622 - 0.545ms returns 1 (0x1)
T3E1C 2602:499.971 JLINK_IsHalted()
T3E1C 2602:499.995 - 0.028ms returns TRUE
T3E1C 2602:500.007 JLINK_GetMOEs(...)
T3E1C 2602:500.020   CPU_ReadMem(4 bytes @ 0xE000ED30)
T3E1C 2602:500.641 - 0.644ms returns 0x01
T3E1C 2602:500.661 JLINK_ReadReg(R15 (PC))
T3E1C 2602:500.673 - 0.016ms returns 0xFFFFFFFE
T3EA0 2602:540.901 JLINK_BeginDownload(Flags = 0x00000000)
T3EA0 2602:540.920 - 0.023ms
T3EA0 2602:540.940 JLINK_WriteMem(0x00400000, 0xFE4 Bytes, ...)
T3EA0 2602:540.973   Data:  20 35 00 20 15 0A 40 00 13 0A 40 00 13 0A 40 00 ...
T3EA0 2602:541.376   completely In flash
T3EA0 2602:541.397    -- Read from flash cache (4068 bytes @ 0x00400000)
T3EA0 2602:541.410 - 0.473ms returns 0xFE4
T3EA0 2602:541.643 JLINK_WriteMem(0x00400FE4, 0x434 Bytes, ...)
T3EA0 2602:541.664   Data:  00 09 3D 00 00 00 00 00 00 00 00 00 F4 02 00 20 ...
T3EA0 2602:541.705   completely In flash
T3EA0 2602:541.733    -- Read from flash cache (1076 bytes @ 0x00400FE4)
T3EA0 2602:541.756 - 0.121ms returns 0x434
T3E1C 2602:705.827 JLINK_IsHalted()
T3E1C 2602:705.881 - 0.060ms returns TRUE
T3EA0 2602:706.700 JLINK_EndDownload()
T3EA0 2602:707.017   Old firmware which does not support pausing periodic actions during flash download
T3EA0 2602:707.044   CPU_ReadMem(4 bytes @ 0xE000ED90)
T3EA0 2602:707.548   CPU_ReadMem(4 bytes @ 0xE000ED94)
T3EA0 2602:731.200    -- --------------------------------------
T3EA0 2602:731.245   Flash bank @ 0x00400000: Default: L2 verify disabled because algorithm performs L1 verify
T3EA0 2602:731.257    -- Start of determining dirty areas in flash cache
T3EA0 2602:731.658    -- End of determining dirty areas
T3EA0 2602:731.671    -- Start of preparing flash programming
T3EA0 2602:731.695    -- Calculating RAM usage
T3EA0 2602:765.776    -- RAM usage = 3036 Bytes
T3EA0 2602:765.808    -- Preserving CPU registers
T3EA0 2602:772.497    -- Preparing memory
T3EA0 2602:772.535    -- Preparing target
T3EA0 2602:935.193    -- Preserving target RAM temporarily used for programming
T3EA0 2602:945.466    -- Downloading RAMCode
T3EA0 2602:957.721    -- Preparing RAMCode
T3EA0 2602:964.542    -- Checking target RAM
T3EA0 2602:966.031    -- End of preparing flash programming
T3EA0 2602:966.177   Looking for J-Link GUI Server exe at: S:\Program Files (x86)\Atmel\Studio\7.0\atbackend\JLinkGUIServer.exe
T3EA0 2602:966.281   Looking for J-Link GUI Server exe at: \JLinkGUIServer.exe
T3EA0 2603:267.751   Failed to connect to J-Link GUI Server.
T3EA0 2603:276.033    -- CPU is running at 90000 kHz.
T3EA0 2603:276.067    -- Start of comparing flash
T3EA0 2603:276.081    -- CRC check was estimated as fastest method
T3EA0 2603:276.097    -- Comparing range 0x400000 - 0x4015FF (11 Sectors, 5 KiB), using multi-block CRC calculation
T3EA0 2603:280.308    -- CRC does not match for sectors 0-10
T3EA0 2603:280.345    -- End of comparing flash
T3EA0 2603:280.365    -- Start of erasing sectors
T3EA0 2603:280.384    -- End of erasing sectors
T3EA0 2603:280.407    -- Start of flash programming
T3EA0 2603:280.430    -- Programming range 0x00400000 - 0x004015FF ( 11 Sectors, 5 KB)
T3EA0 2603:310.610    -- End of flash programming
T3EA0 2603:310.642    -- 0x400000 - 0x4015FF ( 11 Sectors, 5 KoB)
T3EA0 2603:310.655    -- Start of restoring
T3EA0 2603:310.667    -- Restoring RAMCode
T3EA0 2603:318.739    -- Restoring target memory
T3EA0 2603:328.333    -- Restore target
T3EA0 2603:379.947    -- Restore memory
T3EA0 2603:379.980    -- Restoring CPU registers
T3EA0 2603:380.005    -- End of restoring
T3EA0 2603:380.056    -- Bank 0 @ 0x00400000: 1 range affected (5632 bytes)
T3EA0 2603:380.095    -- Total: 0.648s (Prepare: 0.544s, Compare: 0.004s, Erase: 0.000s, Program & Verify: 0.034s, Restore: 0.065s)
T3EA0 2603:380.117    -- Program & Verify speed: 161 KiB/s
T3EA0 2603:382.569 - 675.889ms returns 5632 (0x1600)
T3EA0 2603:382.634 JLINK_ResetPullsRESET(ON)
T3EA0 2603:382.644 - 0.013ms
T3EA0 2603:382.655 JLINK_ResetNoHalt()
T3EA0 2603:383.962   TotalIRLen = 4, IRPrint = 0x01
T3EA0 2603:384.561   JTAG chain detection found 1 devices:
T3EA0 2603:384.588    #0 Id: 0x4BA00477, IRLen: 04, CoreSight JTAG-DP
T3EA0 2603:388.142   Old FW that does not support reading DPIDR via DAP jobs
T3EA0 2603:391.423   DPv0 detected
T3EA0 2603:391.457   AP map detection skipped. Manually configured AP map found.
T3EA0 2603:391.479   AP[0]: AHB-AP (IDR: Not set)
T3EA0 2603:396.011   AP[0]: Core found
T3EA0 2603:396.047   AP[0]: AHB-AP ROM base: 0xE00FF000
T3EA0 2603:398.204   CPUID register: 0x410FC241. Implementer code: 0x41 (ARM)
T3EA0 2603:398.229   Found Cortex-M4 r0p1, Little endian.
T3EA0 2603:398.420   -- Max. mem block: 0x00001F48
T3EA0 2603:398.441   CPU_ReadMem(4 bytes @ 0xE000EDF0)
T3EA0 2603:398.872   CPU_ReadMem(4 bytes @ 0xE0002000)
T3EA0 2603:399.365   FPUnit: 6 code (BP) slots and 2 literal slots
T3EA0 2603:399.382   CPU_ReadMem(4 bytes @ 0xE000EDFC)
T3EA0 2603:399.870   CPU_ReadMem(4 bytes @ 0xE0001000)
T3EA0 2603:400.358   CPU_ReadMem(4 bytes @ 0xE000ED88)
T3EA0 2603:400.915   CPU_WriteMem(4 bytes @ 0xE000ED88)
T3EA0 2603:401.309   CPU_ReadMem(4 bytes @ 0xE000ED88)
T3EA0 2603:401.788   CPU_WriteMem(4 bytes @ 0xE000ED88)
T3EA0 2603:402.269   CoreSight components:
T3EA0 2603:402.294   ROMTbl[0] @ E00FF000
T3EA0 2603:402.322   CPU_ReadMem(64 bytes @ 0xE00FF000)
T3EA0 2603:403.468   CPU_ReadMem(32 bytes @ 0xE000EFE0)
T3EA0 2603:404.154   ROMTbl[0][0]: E000E000, CID: B105E00D, PID: 000BB000 SCS
T3EA0 2603:404.188   CPU_WriteMem(4 bytes @ 0xE0001000)
T3EA0 2603:404.598   CPU_ReadMem(32 bytes @ 0xE0001FE0)
T3EA0 2603:405.292   ROMTbl[0][1]: E0001000, CID: B105E00D, PID: 003BB002 DWT
T3EA0 2603:405.311   CPU_ReadMem(32 bytes @ 0xE0002FE0)
T3EA0 2603:406.052   ROMTbl[0][2]: E0002000, CID: B105E00D, PID: 002BB003 FPB
T3EA0 2603:406.089   CPU_ReadMem(32 bytes @ 0xE0000FE0)
T3EA0 2603:406.835   ROMTbl[0][3]: E0000000, CID: B105E00D, PID: 003BB001 ITM
T3EA0 2603:406.854   CPU_ReadMem(32 bytes @ 0xE0040FE0)
T3EA0 2603:407.599   ROMTbl[0][4]: E0040000, CID: B105900D, PID: 000BB9A1 TPIU
T3EA0 2603:407.657   JLINK_Reset()
T3EA0 2603:408.206     CPU_ReadMem(16 bytes @ 0x20000000)
T3EA0 2603:408.858     CPU_WriteMem(16 bytes @ 0x20000000)
T3EA0 2603:409.426     CPU_ReadMem(4 bytes @ 0xE000EDFC)
T3EA0 2603:410.005     CPU_WriteMem(4 bytes @ 0xE000EDFC)
T3EA0 2603:410.454     CPU_ReadMem(4 bytes @ 0xE0001000)
T3EA0 2603:426.679     CPU_WriteMem(4 bytes @ 0xE000EDFC)
T3EA0 2603:427.361     CPU_WriteMem(16 bytes @ 0x20000000)
T3EA0 2603:431.865     CPU_WriteMem(4 bytes @ 0xE0002000)
T3EA0 2603:432.544     CPU_ReadMem(4 bytes @ 0xE000EDFC)
T3EA0 2603:433.353     CPU_ReadMem(4 bytes @ 0xE0001000)
T3EA0 2603:434.176   - 26.544ms
T3EA0 2603:434.211   JLINK_Go()
T3EA0 2603:434.224     CPU_ReadMem(4 bytes @ 0xE0001000)
T3EA0 2603:434.792     CPU_WriteMem(4 bytes @ 0xE0001004)
T3EA0 2603:435.803   - 1.612ms
T3EA0 2603:435.829 - 53.177ms
T3EA0 2603:448.393 JLINK_Close()
T3EA0 2603:464.104 - 15.739ms
T3EA0 2603:464.140   
T3EA0 2603:464.153   Closed
