T0A10 3940:293.069   SEGGER J-Link V7.52a Log File
T0A10 3940:293.135   DLL Compiled: Jul 28 2021 11:08:12
T0A10 3940:293.160   Logging started @ 2023-03-08 19:16
T0A10 3940:293.183 - 1474505.800ms
T0A10 3940:319.929 JLINK_ExecCommand("Device = AT91SAM4SD32C", ...). 
T0A10 3940:320.472   Device "ATSAM4SD32C" selected.
T0A10 3940:321.001 - 1.031ms returns 0x00
T0A10 3940:348.918 JLINK_TIF_Select(JLINKARM_TIF_JTAG)
T0A10 3940:350.071 - 1.182ms returns 0x00
T0A10 3940:350.118 JLINK_ConfigJTAG(IRPre = 0, DRPre = 0)
T0A10 3940:350.170 - 0.066ms
T0A10 3940:350.199 JLINK_SetSpeed(4000)
T0A10 3940:350.334 - 0.161ms
T0A10 3940:350.378 JLINK_ResetPullsRESET(OFF)
T0A10 3940:350.403 - 0.036ms
T0A10 3940:350.429 JLINK_Connect()
T0A10 3940:351.819   TotalIRLen = 4, IRPrint = 0x01
T0A10 3940:352.431   JTAG chain detection found 1 devices:
T0A10 3940:352.459    #0 Id: 0x4BA00477, IRLen: 04, CoreSight JTAG-DP
T0A10 3940:356.998   Old FW that does not support reading DPIDR via DAP jobs
T0A10 3940:360.408   DPv0 detected
T0A10 3940:360.439   Scanning AP map to find all available APs
T0A10 3940:363.025   AP[1]: Stopped AP scan as end of AP map has been reached
T0A10 3940:363.056   AP[0]: AHB-AP (IDR: 0x24770011)
T0A10 3940:363.078   Iterating through AP map to find AHB-AP to use
T0A10 3940:367.460   AP[0]: Core found
T0A10 3940:367.499   AP[0]: AHB-AP ROM base: 0xE00FF000
T0A10 3940:369.821   CPUID register: 0x410FC241. Implementer code: 0x41 (ARM)
T0A10 3940:369.862   Found Cortex-M4 r0p1, Little endian.
T0A10 3940:370.322   -- Max. mem block: 0x000023B8
T0A10 3940:370.452   CPU_ReadMem(4 bytes @ 0xE000EDF0)
T0A10 3940:374.040   CPU_WriteMem(4 bytes @ 0xE000EDF0)
T0A10 3940:374.458   CPU_ReadMem(4 bytes @ 0xE0002000)
T0A10 3940:375.029   FPUnit: 6 code (BP) slots and 2 literal slots
T0A10 3940:375.047   CPU_ReadMem(4 bytes @ 0xE000EDFC)
T0A10 3940:375.569   CPU_WriteMem(4 bytes @ 0xE000EDFC)
T0A10 3940:376.018   CPU_ReadMem(4 bytes @ 0xE0001000)
T0A10 3940:376.562   CPU_WriteMem(4 bytes @ 0xE0001000)
T0A10 3940:376.992   CPU_ReadMem(4 bytes @ 0xE000ED88)
T0A10 3940:377.514   CPU_WriteMem(4 bytes @ 0xE000ED88)
T0A10 3940:377.950   CPU_ReadMem(4 bytes @ 0xE000ED88)
T0A10 3940:378.448   CPU_WriteMem(4 bytes @ 0xE000ED88)
T0A10 3940:378.916   CoreSight components:
T0A10 3940:378.956   ROMTbl[0] @ E00FF000
T0A10 3940:378.971   CPU_ReadMem(64 bytes @ 0xE00FF000)
T0A10 3940:379.828   CPU_ReadMem(32 bytes @ 0xE000EFE0)
T0A10 3940:380.528   ROMTbl[0][0]: E000E000, CID: B105E00D, PID: 000BB000 SCS
T0A10 3940:380.574   CPU_ReadMem(32 bytes @ 0xE0001FE0)
T0A10 3940:381.252   ROMTbl[0][1]: E0001000, CID: B105E00D, PID: 003BB002 DWT
T0A10 3940:381.284   CPU_ReadMem(32 bytes @ 0xE0002FE0)
T0A10 3940:381.951   ROMTbl[0][2]: E0002000, CID: B105E00D, PID: 002BB003 FPB
T0A10 3940:381.970   CPU_ReadMem(32 bytes @ 0xE0000FE0)
T0A10 3940:382.647   ROMTbl[0][3]: E0000000, CID: B105E00D, PID: 003BB001 ITM
T0A10 3940:382.683   CPU_ReadMem(32 bytes @ 0xE0040FE0)
T0A10 3940:383.381   ROMTbl[0][4]: E0040000, CID: B105900D, PID: 000BB9A1 TPIU
T0A10 3940:383.417 - 32.992ms returns 0x00
T0A10 3940:383.470 JLINK_Halt()
T0A10 3940:386.772 - 3.312ms returns 0x00
T0A10 3940:386.882 JLINK_BeginDownload(Flags = 0x00000000)
T0A10 3940:386.893 - 0.016ms
T0A10 3940:386.916 JLINK_WriteMem(0x400E0A04, 0x4 Bytes, ...)
T0A10 3940:386.926   Data:  0B 01 00 5A
T0A10 3940:387.360   CPU_WriteMem(4 bytes @ 0x400E0A04)
T0A10 3940:387.822 - 0.915ms returns 0x4
T0A10 3940:387.862 JLINK_EndDownload()
T0A10 3940:387.874 - 0.016ms returns 0 (0x0)
T0A10 3940:387.885 JLINK_ReadMemHW(0x400E0A08, 0x0004 Bytes, ...)
T0A10 3940:387.896   CPU_ReadMem(4 bytes @ 0x400E0A08)
T0A10 3940:388.412   Data:  01 00 00 00
T0A10 3940:388.431 - 0.550ms returns 0
T0A10 3940:388.461 JLINK_BeginDownload(Flags = 0x00000000)
T0A10 3940:388.471 - 0.013ms
T0A10 3940:388.492 JLINK_WriteMem(0x400E0A04, 0x4 Bytes, ...)
T0A10 3940:388.501   Data:  0C 02 00 5A
T0A10 3940:388.536   CPU_WriteMem(4 bytes @ 0x400E0A04)
T0A10 3940:388.944 - 0.462ms returns 0x4
T0A10 3940:389.023 JLINK_EndDownload()
T0A10 3940:389.037 - 0.019ms returns 0 (0x0)
T0A10 3940:389.048 JLINK_ReadMemHW(0x400E0A08, 0x0004 Bytes, ...)
T0A10 3940:389.059   CPU_ReadMem(4 bytes @ 0x400E0A08)
T0A10 3940:389.574   Data:  01 00 00 00
T0A10 3940:389.592 - 0.548ms returns 0
T0A10 3940:389.625 JLINK_SetResetType(JLINKARM_CM3_RESET_TYPE_NORMAL)
T0A10 3940:389.636 - 0.015ms returns JLINKARM_CM3_RESET_TYPE_NORMAL
T0A10 3940:389.647 JLINK_Reset()
T0A10 3940:390.079   CPU_ReadMem(16 bytes @ 0x20000000)
T0A10 3940:390.628   CPU_WriteMem(16 bytes @ 0x20000000)
T0A10 3940:391.209   CPU_ReadMem(4 bytes @ 0xE000EDFC)
T0A10 3940:391.706   CPU_WriteMem(4 bytes @ 0xE000EDFC)
T0A10 3940:392.122   CPU_ReadMem(4 bytes @ 0xE0001000)
T0A10 3940:406.953   CPU_WriteMem(4 bytes @ 0xE000EDFC)
T0A10 3940:407.392   CPU_WriteMem(16 bytes @ 0x20000000)
T0A10 3940:410.981   CPU_WriteMem(4 bytes @ 0xE0002000)
T0A10 3940:411.400   CPU_ReadMem(4 bytes @ 0xE000EDFC)
T0A10 3940:411.932   CPU_ReadMem(4 bytes @ 0xE0001000)
T0A10 3940:412.431 - 22.794ms
T0A10 3940:413.505 JLINK_JTAG_GetDeviceID(DeviceIndex = 0)
T0A10 3940:413.540 - 0.042ms returns 1268778103
T0A10 3940:413.559 JLINK_ReadMemU32(0x400E0740, 0x1 Items)
T0A10 3940:413.583   CPU_ReadMem(4 bytes @ 0x400E0740)
T0A10 3940:414.106   Data:  E0 0E A7 29
T0A10 3940:414.125 - 0.570ms returns 1 (0x1)
T0A10 3940:414.170 JLINK_ReadMemU32(0x400E0744, 0x1 Items)
T0A10 3940:414.185   CPU_ReadMem(4 bytes @ 0x400E0744)
T0A10 3940:414.709   Data:  00 00 00 00
T0A10 3940:414.741 - 0.576ms returns 1 (0x1)
T0A10 3940:414.800 JLINK_BeginDownload(Flags = 0x00000000)
T0A10 3940:414.821 - 0.030ms
T0A10 3940:414.865 JLINK_WriteMem(0x400E0A04, 0x4 Bytes, ...)
T0A10 3940:414.884   Data:  05 00 00 5A
T0A10 3940:414.917   CPU_WriteMem(4 bytes @ 0x400E0A04)
T0A10 3940:415.342 - 0.487ms returns 0x4
T0A10 3940:415.394 JLINK_WriteMem(0x400E0C04, 0x4 Bytes, ...)
T0A10 3940:415.405   Data:  05 00 00 5A
T0A10 3940:415.426   CPU_WriteMem(4 bytes @ 0x400E0C04)
T0A10 3940:415.846 - 0.467ms returns 0x4
T0A10 3940:415.905 JLINK_EndDownload()
T0A10 3940:415.924 - 0.027ms returns 0 (0x0)
T0A10 3940:415.943 JLINK_ReadMemHW(0x400E0A08, 0x0004 Bytes, ...)
T0A10 3940:415.962   CPU_ReadMem(4 bytes @ 0x400E0A08)
T0A10 3940:416.481   Data:  00 00 00 00
T0A10 3940:416.499 - 0.560ms returns 0
T0A10 3940:418.647 JLINK_ReadMemHW(0x400E0A08, 0x0004 Bytes, ...)
T0A10 3940:418.667   CPU_ReadMem(4 bytes @ 0x400E0A08)
T0A10 3940:419.288   Data:  00 00 00 00
T0A10 3940:419.307 - 0.664ms returns 0
T0A10 3940:423.404 JLINK_ReadMemHW(0x400E0A08, 0x0004 Bytes, ...)
T0A10 3940:423.452   CPU_ReadMem(4 bytes @ 0x400E0A08)
T0A10 3940:424.069   Data:  00 00 00 00
T0A10 3940:424.087 - 0.687ms returns 0
T07C0 3940:424.135 JLINK_IsHalted()
T07C0 3940:424.152 - 0.022ms returns TRUE
T07C0 3940:424.167 JLINK_GetMOEs(...)
T07C0 3940:424.178   CPU_ReadMem(4 bytes @ 0xE000ED30)
T07C0 3940:424.680 - 0.523ms returns 0x01
T07C0 3940:424.700 JLINK_ReadReg(R15 (PC))
T07C0 3940:424.712 - 0.016ms returns 0x004007C8
T0A10 3940:439.750 JLINK_ReadMemHW(0x400E0A08, 0x0004 Bytes, ...)
T0A10 3940:439.793   CPU_ReadMem(4 bytes @ 0x400E0A08)
T0A10 3940:440.505   Data:  00 00 00 00
T0A10 3940:440.539 - 0.793ms returns 0
T0A10 3940:505.471 JLINK_ReadMemHW(0x400E0A08, 0x0004 Bytes, ...)
T0A10 3940:505.525   CPU_ReadMem(4 bytes @ 0x400E0A08)
T0A10 3940:506.322   Data:  00 00 00 00
T0A10 3940:506.356 - 0.890ms returns 0
T07C0 3940:628.675 JLINK_IsHalted()
T07C0 3940:628.722 - 0.051ms returns TRUE
T0A10 3940:762.534 JLINK_ReadMemHW(0x400E0A08, 0x0004 Bytes, ...)
T0A10 3940:762.567   CPU_ReadMem(4 bytes @ 0x400E0A08)
T0A10 3940:763.307   Data:  00 00 00 00
T0A10 3940:763.325 - 0.795ms returns 0
T07C0 3940:829.617 JLINK_IsHalted()
T07C0 3940:829.663 - 0.050ms returns TRUE
T07C0 3941:029.781 JLINK_IsHalted()
T07C0 3941:030.201 - 0.443ms returns TRUE
T07C0 3941:231.793 JLINK_IsHalted()
T07C0 3941:231.850 - 0.062ms returns TRUE
T07C0 3941:432.536 JLINK_IsHalted()
T07C0 3941:432.575 - 0.042ms returns TRUE
T07C0 3941:635.134 JLINK_IsHalted()
T07C0 3941:635.537 - 0.419ms returns TRUE
T0A10 3941:763.425 JLINK_ReadMemHW(0x400E0A08, 0x0004 Bytes, ...)
T0A10 3941:763.477   CPU_ReadMem(4 bytes @ 0x400E0A08)
T0A10 3941:764.288   Data:  00 00 00 00
T0A10 3941:764.322 - 0.901ms returns 0
T0A10 3941:764.498 JLINK_ReadMemHW(0x400E0C08, 0x0004 Bytes, ...)
T0A10 3941:764.549   CPU_ReadMem(4 bytes @ 0x400E0C08)
T0A10 3941:765.364   Data:  00 00 00 00
T0A10 3941:765.398 - 0.903ms returns 0
T0A10 3941:767.075 JLINK_ReadMemHW(0x400E0C08, 0x0004 Bytes, ...)
T0A10 3941:767.160   CPU_ReadMem(4 bytes @ 0x400E0C08)
T0A10 3941:767.776   Data:  00 00 00 00
T0A10 3941:767.823 - 0.752ms returns 0
T0A10 3941:773.780 JLINK_ReadMemHW(0x400E0C08, 0x0004 Bytes, ...)
T0A10 3941:773.836   CPU_ReadMem(4 bytes @ 0x400E0C08)
T0A10 3941:774.435   Data:  00 00 00 00
T0A10 3941:774.468 - 0.692ms returns 0
T0A10 3941:793.382 JLINK_ReadMemHW(0x400E0C08, 0x0004 Bytes, ...)
T0A10 3941:793.426   CPU_ReadMem(4 bytes @ 0x400E0C08)
T0A10 3941:794.243   Data:  00 00 00 00
T0A10 3941:794.277 - 0.899ms returns 0
T07C0 3941:836.346 JLINK_IsHalted()
T07C0 3941:836.377 - 0.035ms returns TRUE
T0A10 3941:858.746 JLINK_ReadMemHW(0x400E0C08, 0x0004 Bytes, ...)
T0A10 3941:858.802   CPU_ReadMem(4 bytes @ 0x400E0C08)
T0A10 3941:859.586   Data:  00 00 00 00
T0A10 3941:859.620 - 0.879ms returns 0
T07C0 3942:039.387 JLINK_IsHalted()
T07C0 3942:039.433 - 0.050ms returns TRUE
T0A10 3942:117.170 JLINK_ReadMemHW(0x400E0C08, 0x0004 Bytes, ...)
T0A10 3942:117.224   CPU_ReadMem(4 bytes @ 0x400E0C08)
T0A10 3942:118.099   Data:  00 00 00 00
T0A10 3942:118.186 - 1.021ms returns 0
T07C0 3942:242.941 JLINK_IsHalted()
T07C0 3942:243.610 - 0.707ms returns TRUE
T07C0 3942:444.509 JLINK_IsHalted()
T07C0 3942:444.555 - 0.050ms returns TRUE
T07C0 3942:644.893 JLINK_IsHalted()
T07C0 3942:644.930 - 0.041ms returns TRUE
T07C0 3942:849.148 JLINK_IsHalted()
T07C0 3942:849.836 - 0.726ms returns TRUE
T07C0 3943:053.088 JLINK_IsHalted()
T07C0 3943:053.139 - 0.059ms returns TRUE
T0A10 3943:119.211 JLINK_ReadMemHW(0x400E0C08, 0x0004 Bytes, ...)
T0A10 3943:119.244   CPU_ReadMem(4 bytes @ 0x400E0C08)
T0A10 3943:119.936   Data:  00 00 00 00
T0A10 3943:119.954 - 0.747ms returns 0
T0A10 3943:120.041 JLINK_ReadMemHW(0x400E0A08, 0x0004 Bytes, ...)
T0A10 3943:120.056   CPU_ReadMem(4 bytes @ 0x400E0A08)
T0A10 3943:120.601   Data:  00 00 00 00
T0A10 3943:120.620 - 0.583ms returns 0
T0A10 3943:124.447 JLINK_ReadMemHW(0x400E0A08, 0x0004 Bytes, ...)
T0A10 3943:124.504   CPU_ReadMem(4 bytes @ 0x400E0A08)
T0A10 3943:125.340   Data:  00 00 00 00
T0A10 3943:125.373 - 0.931ms returns 0
T0A10 3943:129.507 JLINK_ReadMemHW(0x400E0A08, 0x0004 Bytes, ...)
T0A10 3943:129.561   CPU_ReadMem(4 bytes @ 0x400E0A08)
T0A10 3943:130.433   Data:  00 00 00 00
T0A10 3943:130.466 - 0.963ms returns 0
T0A10 3943:146.828 JLINK_ReadMemHW(0x400E0A08, 0x0004 Bytes, ...)
T0A10 3943:146.919   CPU_ReadMem(4 bytes @ 0x400E0A08)
T0A10 3943:147.494   Data:  00 00 00 00
T0A10 3943:147.526 - 0.703ms returns 0
T0A10 3943:212.539 JLINK_ReadMemHW(0x400E0A08, 0x0004 Bytes, ...)
T0A10 3943:212.595   CPU_ReadMem(4 bytes @ 0x400E0A08)
T0A10 3943:213.415   Data:  00 00 00 00
T0A10 3943:213.449 - 0.914ms returns 0
T07C0 3943:254.076 JLINK_IsHalted()
T07C0 3943:254.124 - 0.052ms returns TRUE
T07C0 3943:454.237 JLINK_IsHalted()
T07C0 3943:454.821 - 0.605ms returns TRUE
T0A10 3943:470.910 JLINK_ReadMemHW(0x400E0A08, 0x0004 Bytes, ...)
T0A10 3943:470.953   CPU_ReadMem(4 bytes @ 0x400E0A08)
T0A10 3943:471.517   Data:  00 00 00 00
T0A10 3943:471.549 - 0.643ms returns 0
T07C0 3943:654.374 JLINK_IsHalted()
T07C0 3943:654.403 - 0.033ms returns TRUE
T07C0 3943:857.585 JLINK_IsHalted()
T07C0 3943:857.632 - 0.051ms returns TRUE
T07C0 3944:058.298 JLINK_IsHalted()
T07C0 3944:059.061 - 0.788ms returns TRUE
T07C0 3944:259.605 JLINK_IsHalted()
T07C0 3944:259.635 - 0.034ms returns TRUE
T07C0 3944:460.040 JLINK_IsHalted()
T07C0 3944:460.099 - 0.063ms returns TRUE
T0A10 3944:471.563 JLINK_ReadMemHW(0x400E0A08, 0x0004 Bytes, ...)
T0A10 3944:471.635   CPU_ReadMem(4 bytes @ 0x400E0A08)
T0A10 3944:472.207   Data:  00 00 00 00
T0A10 3944:472.237 - 0.679ms returns 0
T0A10 3944:472.362 JLINK_ReadMemHW(0x400E0C08, 0x0004 Bytes, ...)
T0A10 3944:472.390   CPU_ReadMem(4 bytes @ 0x400E0C08)
T0A10 3944:472.899   Data:  01 00 00 00
T0A10 3944:472.925 - 0.583ms returns 0
T0A10 3944:472.976 JLINK_ReadMemHW(0x400E0A08, 0x0004 Bytes, ...)
T0A10 3944:472.991   CPU_ReadMem(4 bytes @ 0x400E0A08)
T0A10 3944:473.513   Data:  00 00 00 00
T0A10 3944:473.539 - 0.567ms returns 0
T0A10 3944:474.563 JLINK_ReadMemHW(0x400E0A08, 0x0004 Bytes, ...)
T0A10 3944:474.609   CPU_ReadMem(4 bytes @ 0x400E0A08)
T0A10 3944:475.362   Data:  00 00 00 00
T0A10 3944:475.395 - 0.836ms returns 0
T0A10 3944:480.538 JLINK_ReadMemHW(0x400E0A08, 0x0004 Bytes, ...)
T0A10 3944:480.593   CPU_ReadMem(4 bytes @ 0x400E0A08)
T0A10 3944:481.365   Data:  00 00 00 00
T0A10 3944:481.398 - 0.864ms returns 0
T0A10 3944:501.656 JLINK_ReadMemHW(0x400E0A08, 0x0004 Bytes, ...)
T0A10 3944:501.712   CPU_ReadMem(4 bytes @ 0x400E0A08)
T0A10 3944:502.549   Data:  00 00 00 00
T0A10 3944:502.582 - 0.930ms returns 0
T0A10 3944:568.448 JLINK_ReadMemHW(0x400E0A08, 0x0004 Bytes, ...)
T0A10 3944:568.502   CPU_ReadMem(4 bytes @ 0x400E0A08)
T0A10 3944:569.311   Data:  00 00 00 00
T0A10 3944:569.344 - 0.900ms returns 0
T07C0 3944:660.699 JLINK_IsHalted()
T07C0 3944:661.381 - 0.720ms returns TRUE
T0A10 3944:825.520 JLINK_ReadMemHW(0x400E0A08, 0x0004 Bytes, ...)
T0A10 3944:825.576   CPU_ReadMem(4 bytes @ 0x400E0A08)
T0A10 3944:826.433   Data:  00 00 00 00
T0A10 3944:826.466 - 0.949ms returns 0
T07C0 3944:862.120 JLINK_IsHalted()
T07C0 3944:862.166 - 0.050ms returns TRUE
T07C0 3945:063.379 JLINK_IsHalted()
T07C0 3945:063.425 - 0.049ms returns TRUE
T07C0 3945:263.890 JLINK_IsHalted()
T07C0 3945:264.531 - 0.665ms returns TRUE
T07C0 3945:464.350 JLINK_IsHalted()
T07C0 3945:464.400 - 0.055ms returns TRUE
T07C0 3945:664.446 JLINK_IsHalted()
T07C0 3945:664.482 - 0.044ms returns TRUE
T0A10 3945:830.382 JLINK_ReadMemHW(0x400E0A08, 0x0004 Bytes, ...)
T0A10 3945:830.425   CPU_ReadMem(4 bytes @ 0x400E0A08)
T0A10 3945:831.115   Data:  01 00 00 00
T0A10 3945:831.148 - 0.770ms returns 0
T07C0 3945:866.441 JLINK_IsHalted()
T07C0 3945:867.144 - 0.727ms returns TRUE
T0A10 3945:867.946 JLINK_ResetPullsRESET(ON)
T0A10 3945:867.977 - 0.054ms
T0A10 3945:868.024 JLINK_ResetNoHalt()
T0A10 3945:869.658   TotalIRLen = 4, IRPrint = 0x01
T0A10 3945:870.392   JTAG chain detection found 1 devices:
T0A10 3945:870.440    #0 Id: 0x4BA00477, IRLen: 04, CoreSight JTAG-DP
T0A10 3945:875.026   Old FW that does not support reading DPIDR via DAP jobs
T0A10 3945:878.798   DPv0 detected
T0A10 3945:878.832   AP map detection skipped. Manually configured AP map found.
T0A10 3945:878.854   AP[0]: AHB-AP (IDR: Not set)
T0A10 3945:883.258   AP[0]: Core found
T0A10 3945:883.304   AP[0]: AHB-AP ROM base: 0xE00FF000
T0A10 3945:885.479   CPUID register: 0x410FC241. Implementer code: 0x41 (ARM)
T0A10 3945:885.504   Found Cortex-M4 r0p1, Little endian.
T0A10 3945:885.758   -- Max. mem block: 0x00001F48
T0A10 3945:885.779   CPU_ReadMem(4 bytes @ 0xE000EDF0)
T0A10 3945:886.262   CPU_ReadMem(4 bytes @ 0xE0002000)
T0A10 3945:886.779   FPUnit: 6 code (BP) slots and 2 literal slots
T0A10 3945:886.797   CPU_ReadMem(4 bytes @ 0xE000EDFC)
T0A10 3945:887.214   CPU_ReadMem(4 bytes @ 0xE0001000)
T0A10 3945:887.654   CPU_ReadMem(4 bytes @ 0xE000ED88)
T0A10 3945:888.164   CPU_WriteMem(4 bytes @ 0xE000ED88)
T0A10 3945:888.596   CPU_ReadMem(4 bytes @ 0xE000ED88)
T0A10 3945:889.063   CPU_WriteMem(4 bytes @ 0xE000ED88)
T0A10 3945:889.521   CoreSight components:
T0A10 3945:889.545   ROMTbl[0] @ E00FF000
T0A10 3945:889.575   CPU_ReadMem(64 bytes @ 0xE00FF000)
T0A10 3945:890.714   CPU_ReadMem(32 bytes @ 0xE000EFE0)
T0A10 3945:891.435   ROMTbl[0][0]: E000E000, CID: B105E00D, PID: 000BB000 SCS
T0A10 3945:891.451   CPU_WriteMem(4 bytes @ 0xE0001000)
T0A10 3945:891.836   CPU_ReadMem(32 bytes @ 0xE0001FE0)
T0A10 3945:892.539   ROMTbl[0][1]: E0001000, CID: B105E00D, PID: 003BB002 DWT
T0A10 3945:892.558   CPU_ReadMem(32 bytes @ 0xE0002FE0)
T0A10 3945:893.232   ROMTbl[0][2]: E0002000, CID: B105E00D, PID: 002BB003 FPB
T0A10 3945:893.252   CPU_ReadMem(32 bytes @ 0xE0000FE0)
T0A10 3945:893.930   ROMTbl[0][3]: E0000000, CID: B105E00D, PID: 003BB001 ITM
T0A10 3945:893.949   CPU_ReadMem(32 bytes @ 0xE0040FE0)
T0A10 3945:894.655   ROMTbl[0][4]: E0040000, CID: B105900D, PID: 000BB9A1 TPIU
T0A10 3945:894.679   JLINK_Reset()
T0A10 3945:894.809     CPU_ReadMem(16 bytes @ 0x20000000)
T0A10 3945:895.350     CPU_WriteMem(16 bytes @ 0x20000000)
T0A10 3945:895.925     CPU_ReadMem(4 bytes @ 0xE000EDFC)
T0A10 3945:896.493     CPU_WriteMem(4 bytes @ 0xE000EDFC)
T0A10 3945:896.941     CPU_ReadMem(4 bytes @ 0xE0001000)
T0A10 3945:897.524     CPU_WriteMem(4 bytes @ 0xE0001004)
T0A10 3945:912.646     CPU_WriteMem(4 bytes @ 0xE000EDFC)
T0A10 3945:913.415     CPU_WriteMem(16 bytes @ 0x20000000)
T0A10 3945:917.944     CPU_WriteMem(4 bytes @ 0xE0002000)
T0A10 3945:918.429     CPU_ReadMem(4 bytes @ 0xE000EDFC)
T0A10 3945:919.218     CPU_ReadMem(4 bytes @ 0xE0001000)
T0A10 3945:920.067   - 25.412ms
T0A10 3945:920.101   JLINK_Go()
T0A10 3945:920.115     CPU_ReadMem(4 bytes @ 0xE0001000)
T0A10 3945:920.906     CPU_WriteMem(4 bytes @ 0xE0001004)
T0A10 3945:922.264   - 2.187ms
T0A10 3945:922.295 - 54.275ms
T0A10 3945:922.524 JLINK_TIF_Select(JLINKARM_TIF_JTAG)
T0A10 3945:922.544 - 0.024ms returns 0x00
T0A10 3945:922.555 JLINK_ConfigJTAG(IRPre = 0, DRPre = 0)
T0A10 3945:922.563 - 0.012ms
T0A10 3945:922.574 JLINK_SetSpeed(4000)
T0A10 3945:922.758 - 0.197ms
T0A10 3945:922.780 JLINK_ResetPullsRESET(OFF)
T0A10 3945:922.789 - 0.012ms
T0A10 3945:922.798 JLINK_Connect()
T0A10 3945:924.412   TotalIRLen = 4, IRPrint = 0x01
T0A10 3945:925.206   JTAG chain detection found 1 devices:
T0A10 3945:925.249    #0 Id: 0x4BA00477, IRLen: 04, CoreSight JTAG-DP
T0A10 3945:930.496   Old FW that does not support reading DPIDR via DAP jobs
T0A10 3945:934.349   DPv0 detected
T0A10 3945:934.377   AP map detection skipped. Manually configured AP map found.
T0A10 3945:934.414   AP[0]: AHB-AP (IDR: Not set)
T0A10 3945:938.778   AP[0]: Core found
T0A10 3945:938.803   AP[0]: AHB-AP ROM base: 0xE00FF000
T0A10 3945:941.125   CPUID register: 0x410FC241. Implementer code: 0x41 (ARM)
T0A10 3945:941.152   Found Cortex-M4 r0p1, Little endian.
T0A10 3945:941.305   -- Max. mem block: 0x00001F48
T0A10 3945:941.327   CPU_ReadMem(4 bytes @ 0xE000EDF0)
T0A10 3945:941.821   CPU_ReadMem(4 bytes @ 0xE0002000)
T0A10 3945:942.273   FPUnit: 6 code (BP) slots and 2 literal slots
T0A10 3945:942.305   CPU_ReadMem(4 bytes @ 0xE000EDFC)
T0A10 3945:942.767   CPU_ReadMem(4 bytes @ 0xE0001000)
T0A10 3945:943.221   CPU_WriteMem(4 bytes @ 0xE0001000)
T0A10 3945:943.649   CPU_ReadMem(4 bytes @ 0xE000ED88)
T0A10 3945:944.115   CPU_WriteMem(4 bytes @ 0xE000ED88)
T0A10 3945:944.558   CPU_ReadMem(4 bytes @ 0xE000ED88)
T0A10 3945:945.014   CPU_WriteMem(4 bytes @ 0xE000ED88)
T0A10 3945:945.432   CoreSight components:
T0A10 3945:945.456   ROMTbl[0] @ E00FF000
T0A10 3945:945.470   CPU_ReadMem(64 bytes @ 0xE00FF000)
T0A10 3945:946.645   CPU_ReadMem(32 bytes @ 0xE000EFE0)
T0A10 3945:947.357   ROMTbl[0][0]: E000E000, CID: B105E00D, PID: 000BB000 SCS
T0A10 3945:947.375   CPU_ReadMem(32 bytes @ 0xE0001FE0)
T0A10 3945:948.068   ROMTbl[0][1]: E0001000, CID: B105E00D, PID: 003BB002 DWT
T0A10 3945:948.085   CPU_ReadMem(32 bytes @ 0xE0002FE0)
T0A10 3945:948.839   ROMTbl[0][2]: E0002000, CID: B105E00D, PID: 002BB003 FPB
T0A10 3945:948.859   CPU_ReadMem(32 bytes @ 0xE0000FE0)
T0A10 3945:949.559   ROMTbl[0][3]: E0000000, CID: B105E00D, PID: 003BB001 ITM
T0A10 3945:949.594   CPU_ReadMem(32 bytes @ 0xE0040FE0)
T0A10 3945:950.304   ROMTbl[0][4]: E0040000, CID: B105900D, PID: 000BB9A1 TPIU
T0A10 3945:950.325 - 27.531ms returns 0x00
T0A10 3945:950.389 JLINK_Halt()
T0A10 3945:953.606 - 3.227ms returns 0x00
T0A10 3945:953.715 JLINK_BeginDownload(Flags = 0x00000000)
T0A10 3945:953.726 - 0.087ms
T0A10 3945:953.828 JLINK_WriteMem(0x400E0A04, 0x4 Bytes, ...)
T0A10 3945:953.838   Data:  0B 01 00 5A
T0A10 3945:953.928   CPU_WriteMem(4 bytes @ 0x400E0A04)
T0A10 3945:954.296 - 0.476ms returns 0x4
T0A10 3945:954.331 JLINK_EndDownload()
T0A10 3945:954.341 - 0.015ms returns 0 (0x0)
T0A10 3945:954.352 JLINK_ReadMemHW(0x400E0A08, 0x0004 Bytes, ...)
T0A10 3945:954.363   CPU_ReadMem(4 bytes @ 0x400E0A08)
T0A10 3945:954.841   Data:  01 00 00 00
T0A10 3945:954.860 - 0.512ms returns 0
T0A10 3945:954.889 JLINK_BeginDownload(Flags = 0x00000000)
T0A10 3945:954.899 - 0.013ms
T0A10 3945:954.920 JLINK_WriteMem(0x400E0A04, 0x4 Bytes, ...)
T0A10 3945:954.930   Data:  0C 02 00 5A
T0A10 3945:954.965   CPU_WriteMem(4 bytes @ 0x400E0A04)
T0A10 3945:955.372 - 0.461ms returns 0x4
T0A10 3945:955.409 JLINK_EndDownload()
T0A10 3945:955.420 - 0.015ms returns 0 (0x0)
T0A10 3945:955.431 JLINK_ReadMemHW(0x400E0A08, 0x0004 Bytes, ...)
T0A10 3945:955.442   CPU_ReadMem(4 bytes @ 0x400E0A08)
T0A10 3945:955.921   Data:  01 00 00 00
T0A10 3945:955.939 - 0.512ms returns 0
T0A10 3945:955.971 JLINK_SetResetType(JLINKARM_CM3_RESET_TYPE_NORMAL)
T0A10 3945:955.981 - 0.014ms returns JLINKARM_CM3_RESET_TYPE_NORMAL
T0A10 3945:955.992 JLINK_Reset()
T0A10 3945:956.005   CPU_ReadMem(16 bytes @ 0x20000000)
T0A10 3945:956.583   CPU_WriteMem(16 bytes @ 0x20000000)
T0A10 3945:957.207   CPU_ReadMem(4 bytes @ 0xE000EDFC)
T0A10 3945:957.774   CPU_WriteMem(4 bytes @ 0xE000EDFC)
T0A10 3945:958.221   CPU_ReadMem(4 bytes @ 0xE0001000)
T0A10 3945:974.454   CPU_WriteMem(4 bytes @ 0xE000EDFC)
T0A10 3945:975.247   CPU_WriteMem(16 bytes @ 0x20000000)
T0A10 3945:979.049   CPU_WriteMem(4 bytes @ 0xE0002000)
T0A10 3945:979.770   CPU_ReadMem(4 bytes @ 0xE000EDFC)
T0A10 3945:980.620   CPU_ReadMem(4 bytes @ 0xE0001000)
T0A10 3945:981.427 - 25.460ms
T0A10 3945:982.745 JLINK_JTAG_GetDeviceID(DeviceIndex = 0)
T0A10 3945:982.763 - 0.036ms returns 1268778103
T0A10 3945:982.788 JLINK_ReadMemU32(0x400E0740, 0x1 Items)
T0A10 3945:982.807   CPU_ReadMem(4 bytes @ 0x400E0740)
T0A10 3945:983.349   Data:  E0 0E A7 29
T0A10 3945:983.367 - 0.583ms returns 1 (0x1)
T0A10 3945:983.400 JLINK_ReadMemU32(0x400E0744, 0x1 Items)
T0A10 3945:983.414   CPU_ReadMem(4 bytes @ 0x400E0744)
T0A10 3945:983.949   Data:  00 00 00 00
T0A10 3945:983.967 - 0.571ms returns 1 (0x1)
T0A10 3945:990.583 JLINK_BeginDownload(Flags = 0x00000000)
T0A10 3945:990.601 - 0.023ms
T0A10 3945:990.627 JLINK_WriteMem(0x00400000, 0xC28 Bytes, ...)
T0A10 3945:990.661   Data:  F0 34 00 20 C9 07 40 00 C5 07 40 00 C5 07 40 00 ...
T0A10 3945:991.197   completely In flash
T0A10 3945:991.217    -- Read from flash cache (3112 bytes @ 0x00400000)
T0A10 3945:991.229 - 0.606ms returns 0xC28
T0A10 3945:991.406 JLINK_WriteMem(0x00400C28, 0x434 Bytes, ...)
T0A10 3945:991.418   Data:  00 09 3D 00 00 00 00 00 00 00 00 00 F4 02 00 20 ...
T0A10 3945:991.433   completely In flash
T0A10 3945:991.447    -- Read from flash cache (1076 bytes @ 0x00400C28)
T0A10 3945:991.459 - 0.057ms returns 0x434
T390C 3945:992.400 JLINK_IsHalted()
T390C 3945:992.421 - 0.025ms returns TRUE
T390C 3945:992.434 JLINK_GetMOEs(...)
T390C 3945:992.448   CPU_ReadMem(4 bytes @ 0xE000ED30)
T390C 3945:992.930 - 0.511ms returns 0x01
T390C 3945:992.965 JLINK_ReadReg(R15 (PC))
T390C 3945:993.194   Old firmware which does not support pausing periodic actions during flash download
T390C 3945:993.218   CPU_ReadMem(4 bytes @ 0xE000ED90)
T390C 3945:993.857   CPU_ReadMem(4 bytes @ 0xE000ED94)
T390C 3945:994.323    -- --------------------------------------
T390C 3945:994.345   Flash bank @ 0x00400000: Default: L2 verify disabled because algorithm performs L1 verify
T390C 3945:994.357    -- Start of determining dirty areas in flash cache
T390C 3945:994.936    -- End of determining dirty areas
T390C 3945:994.954    -- Start of preparing flash programming
T390C 3945:994.988    -- Calculating RAM usage
T390C 3945:995.041    -- RAM usage = 3036 Bytes
T390C 3945:995.054    -- Preserving CPU registers
T390C 3945:995.080    -- Preparing memory
T390C 3945:995.166    -- Preparing target
T390C 3946:155.314    -- Preserving target RAM temporarily used for programming
T390C 3946:165.480    -- Downloading RAMCode
T390C 3946:177.558    -- Preparing RAMCode
T390C 3946:184.167    -- Checking target RAM
T390C 3946:185.471    -- End of preparing flash programming
T390C 3946:185.605   Looking for J-Link GUI Server exe at: S:\Program Files (x86)\Atmel\Studio\7.0\atbackend\JLinkGUIServer.exe
T390C 3946:185.653   Looking for J-Link GUI Server exe at: \JLinkGUIServer.exe
T390C 3946:488.043   Failed to connect to J-Link GUI Server.
T390C 3946:495.226    -- CPU is running at 90000 kHz.
T390C 3946:495.267    -- Start of comparing flash
T390C 3946:495.281    -- CRC check was estimated as fastest method
T390C 3946:495.296    -- Comparing range 0x400000 - 0x4011FF (9 Sectors, 4 KiB), using multi-block CRC calculation
T390C 3946:498.044    -- CRC does not match for sectors 0-8
T390C 3946:498.072    -- End of comparing flash
T390C 3946:498.086    -- Start of erasing sectors
T390C 3946:498.098    -- End of erasing sectors
T390C 3946:498.110    -- Start of flash programming
T390C 3946:498.124    -- Programming range 0x00400000 - 0x004011FF (  9 Sectors, 4 KB)
T390C 3946:522.606    -- End of flash programming
T390C 3946:522.641    -- 0x400000 - 0x4011FF (  9 Sectors, 4 KoB)
T390C 3946:522.654    -- Start of restoring
T390C 3946:522.667    -- Restoring RAMCode
T390C 3946:530.896    -- Restoring target memory
T390C 3946:540.470    -- Restore target
T390C 3946:591.868    -- Restore memory
T390C 3946:591.903    -- Restoring CPU registers
T390C 3946:591.928    -- End of restoring
T390C 3946:591.981    -- Bank 0 @ 0x00400000: 1 range affected (4608 bytes)
T390C 3946:592.018    -- Total: 0.596s (Prepare: 0.500s, Compare: 0.002s, Erase: 0.000s, Program & Verify: 0.028s, Restore: 0.065s)
T390C 3946:592.041    -- Program & Verify speed: 160 KiB/s
T390C 3946:593.998 - 601.056ms returns 0xFFFFFFFE
T0A10 3946:595.417 JLINK_EndDownload()
T0A10 3946:595.451 - 0.039ms returns 0 (0x0)
T0A10 3946:595.475 JLINK_ResetPullsRESET(ON)
T0A10 3946:595.486 - 0.014ms
T0A10 3946:595.496 JLINK_ResetNoHalt()
T0A10 3946:596.950   TotalIRLen = 4, IRPrint = 0x01
T0A10 3946:597.718   JTAG chain detection found 1 devices:
T0A10 3946:597.746    #0 Id: 0x4BA00477, IRLen: 04, CoreSight JTAG-DP
T0A10 3946:602.045   Old FW that does not support reading DPIDR via DAP jobs
T0A10 3946:605.465   DPv0 detected
T0A10 3946:605.494   AP map detection skipped. Manually configured AP map found.
T0A10 3946:605.516   AP[0]: AHB-AP (IDR: Not set)
T0A10 3946:609.989   AP[0]: Core found
T0A10 3946:610.017   AP[0]: AHB-AP ROM base: 0xE00FF000
T0A10 3946:612.294   CPUID register: 0x410FC241. Implementer code: 0x41 (ARM)
T0A10 3946:612.340   Found Cortex-M4 r0p1, Little endian.
T0A10 3946:612.531   -- Max. mem block: 0x00001F48
T0A10 3946:612.553   CPU_ReadMem(4 bytes @ 0xE000EDF0)
T0A10 3946:612.994   CPU_ReadMem(4 bytes @ 0xE0002000)
T0A10 3946:613.503   FPUnit: 6 code (BP) slots and 2 literal slots
T0A10 3946:613.539   CPU_ReadMem(4 bytes @ 0xE000EDFC)
T0A10 3946:613.977   CPU_ReadMem(4 bytes @ 0xE0001000)
T0A10 3946:614.475   CPU_ReadMem(4 bytes @ 0xE000ED88)
T0A10 3946:614.912   CPU_WriteMem(4 bytes @ 0xE000ED88)
T0A10 3946:615.275   CPU_ReadMem(4 bytes @ 0xE000ED88)
T0A10 3946:615.777   CPU_WriteMem(4 bytes @ 0xE000ED88)
T0A10 3946:616.240   CoreSight components:
T0A10 3946:616.264   ROMTbl[0] @ E00FF000
T0A10 3946:616.278   CPU_ReadMem(64 bytes @ 0xE00FF000)
T0A10 3946:617.439   CPU_ReadMem(32 bytes @ 0xE000EFE0)
T0A10 3946:618.171   ROMTbl[0][0]: E000E000, CID: B105E00D, PID: 000BB000 SCS
T0A10 3946:618.187   CPU_WriteMem(4 bytes @ 0xE0001000)
T0A10 3946:618.654   CPU_ReadMem(32 bytes @ 0xE0001FE0)
T0A10 3946:619.308   ROMTbl[0][1]: E0001000, CID: B105E00D, PID: 003BB002 DWT
T0A10 3946:619.325   CPU_ReadMem(32 bytes @ 0xE0002FE0)
T0A10 3946:620.006   ROMTbl[0][2]: E0002000, CID: B105E00D, PID: 002BB003 FPB
T0A10 3946:620.025   CPU_ReadMem(32 bytes @ 0xE0000FE0)
T0A10 3946:620.736   ROMTbl[0][3]: E0000000, CID: B105E00D, PID: 003BB001 ITM
T0A10 3946:620.756   CPU_ReadMem(32 bytes @ 0xE0040FE0)
T0A10 3946:621.421   ROMTbl[0][4]: E0040000, CID: B105900D, PID: 000BB9A1 TPIU
T0A10 3946:621.446   JLINK_Reset()
T0A10 3946:621.934     CPU_ReadMem(16 bytes @ 0x20000000)
T0A10 3946:622.473     CPU_WriteMem(16 bytes @ 0x20000000)
T0A10 3946:623.023     CPU_ReadMem(4 bytes @ 0xE000EDFC)
T0A10 3946:623.510     CPU_WriteMem(4 bytes @ 0xE000EDFC)
T0A10 3946:623.941     CPU_ReadMem(4 bytes @ 0xE0001000)
T0A10 3946:640.546     CPU_WriteMem(4 bytes @ 0xE000EDFC)
T0A10 3946:641.239     CPU_WriteMem(16 bytes @ 0x20000000)
T0A10 3946:645.461     CPU_WriteMem(4 bytes @ 0xE0002000)
T0A10 3946:645.987     CPU_ReadMem(4 bytes @ 0xE000EDFC)
T0A10 3946:646.596     CPU_ReadMem(4 bytes @ 0xE0001000)
T0A10 3946:647.168   - 25.750ms
T0A10 3946:647.205   JLINK_Go()
T0A10 3946:647.218     CPU_ReadMem(4 bytes @ 0xE0001000)
T0A10 3946:647.820     CPU_WriteMem(4 bytes @ 0xE0001004)
T0A10 3946:648.777   - 1.584ms
T0A10 3946:648.795 - 53.303ms
T0A10 3946:661.747 JLINK_Close()
T0A10 3946:688.550 - 26.825ms
T0A10 3946:688.577   
T0A10 3946:688.599   Closed
