T0A10 2459:391.454   SEGGER J-Link V7.52a Log File
T0A10 2459:391.559   DLL Compiled: Jul 28 2021 11:08:12
T0A10 2459:391.585   Logging started @ 2023-03-08 18:52
T0A10 2459:391.607 - 16743.053ms
T0A10 2459:417.705 JLINK_ExecCommand("Device = AT91SAM4SD32C", ...). 
T0A10 2459:418.322   Device "ATSAM4SD32C" selected.
T0A10 2459:418.952 - 1.212ms returns 0x00
T0A10 2459:430.376 JLINK_TIF_Select(JLINKARM_TIF_JTAG)
T0A10 2459:431.326 - 0.979ms returns 0x00
T0A10 2459:431.374 JLINK_ConfigJTAG(IRPre = 0, DRPre = 0)
T0A10 2459:431.424 - 0.064ms
T0A10 2459:431.457 JLINK_SetSpeed(4000)
T0A10 2459:431.549 - 0.115ms
T0A10 2459:431.590 JLINK_ResetPullsRESET(OFF)
T0A10 2459:431.616 - 0.037ms
T0A10 2459:431.642 JLINK_Connect()
T0A10 2459:433.117   TotalIRLen = 4, IRPrint = 0x01
T0A10 2459:433.753   JTAG chain detection found 1 devices:
T0A10 2459:433.783    #0 Id: 0x4BA00477, IRLen: 04, CoreSight JTAG-DP
T0A10 2459:437.735   Old FW that does not support reading DPIDR via DAP jobs
T0A10 2459:441.027   DPv0 detected
T0A10 2459:441.054   Scanning AP map to find all available APs
T0A10 2459:443.680   AP[1]: Stopped AP scan as end of AP map has been reached
T0A10 2459:443.708   AP[0]: AHB-AP (IDR: 0x24770011)
T0A10 2459:443.745   Iterating through AP map to find AHB-AP to use
T0A10 2459:447.957   AP[0]: Core found
T0A10 2459:447.984   AP[0]: AHB-AP ROM base: 0xE00FF000
T0A10 2459:450.180   CPUID register: 0x410FC241. Implementer code: 0x41 (ARM)
T0A10 2459:450.204   Found Cortex-M4 r0p1, Little endian.
T0A10 2459:450.574   -- Max. mem block: 0x000023B8
T0A10 2459:450.692   CPU_ReadMem(4 bytes @ 0xE000EDF0)
T0A10 2459:454.261   CPU_WriteMem(4 bytes @ 0xE000EDF0)
T0A10 2459:454.630   CPU_ReadMem(4 bytes @ 0xE0002000)
T0A10 2459:455.163   FPUnit: 6 code (BP) slots and 2 literal slots
T0A10 2459:455.183   CPU_ReadMem(4 bytes @ 0xE000EDFC)
T0A10 2459:455.664   CPU_WriteMem(4 bytes @ 0xE000EDFC)
T0A10 2459:456.061   CPU_ReadMem(4 bytes @ 0xE0001000)
T0A10 2459:456.607   CPU_WriteMem(4 bytes @ 0xE0001000)
T0A10 2459:457.006   CPU_ReadMem(4 bytes @ 0xE000ED88)
T0A10 2459:457.609   CPU_WriteMem(4 bytes @ 0xE000ED88)
T0A10 2459:458.002   CPU_ReadMem(4 bytes @ 0xE000ED88)
T0A10 2459:458.665   CPU_WriteMem(4 bytes @ 0xE000ED88)
T0A10 2459:459.098   CoreSight components:
T0A10 2459:459.123   ROMTbl[0] @ E00FF000
T0A10 2459:459.137   CPU_ReadMem(64 bytes @ 0xE00FF000)
T0A10 2459:459.894   CPU_ReadMem(32 bytes @ 0xE000EFE0)
T0A10 2459:460.608   ROMTbl[0][0]: E000E000, CID: B105E00D, PID: 000BB000 SCS
T0A10 2459:460.628   CPU_ReadMem(32 bytes @ 0xE0001FE0)
T0A10 2459:461.322   ROMTbl[0][1]: E0001000, CID: B105E00D, PID: 003BB002 DWT
T0A10 2459:461.343   CPU_ReadMem(32 bytes @ 0xE0002FE0)
T0A10 2459:462.008   ROMTbl[0][2]: E0002000, CID: B105E00D, PID: 002BB003 FPB
T0A10 2459:462.029   CPU_ReadMem(32 bytes @ 0xE0000FE0)
T0A10 2459:462.706   ROMTbl[0][3]: E0000000, CID: B105E00D, PID: 003BB001 ITM
T0A10 2459:462.727   CPU_ReadMem(32 bytes @ 0xE0040FE0)
T0A10 2459:463.383   ROMTbl[0][4]: E0040000, CID: B105900D, PID: 000BB9A1 TPIU
T0A10 2459:463.407 - 31.769ms returns 0x00
T0A10 2459:463.469 JLINK_Halt()
T0A10 2459:466.702 - 3.254ms returns 0x00
T0A10 2459:466.842 JLINK_BeginDownload(Flags = 0x00000000)
T0A10 2459:466.855 - 0.017ms
T0A10 2459:466.881 JLINK_WriteMem(0x400E0A04, 0x4 Bytes, ...)
T0A10 2459:466.892   Data:  0B 01 00 5A
T0A10 2459:467.360   CPU_WriteMem(4 bytes @ 0x400E0A04)
T0A10 2459:467.793 - 0.922ms returns 0x4
T0A10 2459:467.851 JLINK_EndDownload()
T0A10 2459:467.863 - 0.015ms returns 0 (0x0)
T0A10 2459:467.873 JLINK_ReadMemHW(0x400E0A08, 0x0004 Bytes, ...)
T0A10 2459:467.885   CPU_ReadMem(4 bytes @ 0x400E0A08)
T0A10 2459:468.386   Data:  01 00 00 00
T0A10 2459:468.403 - 0.533ms returns 0
T0A10 2459:468.433 JLINK_BeginDownload(Flags = 0x00000000)
T0A10 2459:468.443 - 0.014ms
T0A10 2459:468.466 JLINK_WriteMem(0x400E0A04, 0x4 Bytes, ...)
T0A10 2459:468.476   Data:  0C 02 00 5A
T0A10 2459:468.494   CPU_WriteMem(4 bytes @ 0x400E0A04)
T0A10 2459:468.915 - 0.457ms returns 0x4
T0A10 2459:468.989 JLINK_EndDownload()
T0A10 2459:469.004 - 0.018ms returns 0 (0x0)
T0A10 2459:469.015 JLINK_ReadMemHW(0x400E0A08, 0x0004 Bytes, ...)
T0A10 2459:469.026   CPU_ReadMem(4 bytes @ 0x400E0A08)
T0A10 2459:469.588   Data:  01 00 00 00
T0A10 2459:469.607 - 0.597ms returns 0
T0A10 2459:469.641 JLINK_SetResetType(JLINKARM_CM3_RESET_TYPE_NORMAL)
T0A10 2459:469.652 - 0.014ms returns JLINKARM_CM3_RESET_TYPE_NORMAL
T0A10 2459:469.662 JLINK_Reset()
T0A10 2459:470.078   CPU_ReadMem(16 bytes @ 0x20000000)
T0A10 2459:470.677   CPU_WriteMem(16 bytes @ 0x20000000)
T0A10 2459:471.218   CPU_ReadMem(4 bytes @ 0xE000EDFC)
T0A10 2459:471.774   CPU_WriteMem(4 bytes @ 0xE000EDFC)
T0A10 2459:472.266   CPU_ReadMem(4 bytes @ 0xE0001000)
T0A10 2459:487.593   CPU_WriteMem(4 bytes @ 0xE000EDFC)
T0A10 2459:487.990   CPU_WriteMem(16 bytes @ 0x20000000)
T0A10 2459:491.538   CPU_WriteMem(4 bytes @ 0xE0002000)
T0A10 2459:491.933   CPU_ReadMem(4 bytes @ 0xE000EDFC)
T0A10 2459:492.372   CPU_ReadMem(4 bytes @ 0xE0001000)
T0A10 2459:492.865 - 23.216ms
T0A10 2459:493.986 JLINK_JTAG_GetDeviceID(DeviceIndex = 0)
T0A10 2459:494.011 - 0.033ms returns 1268778103
T0A10 2459:494.030 JLINK_ReadMemU32(0x400E0740, 0x1 Items)
T0A10 2459:494.058   CPU_ReadMem(4 bytes @ 0x400E0740)
T0A10 2459:494.560   Data:  E0 0E A7 29
T0A10 2459:494.589 - 0.565ms returns 1 (0x1)
T0A10 2459:494.631 JLINK_ReadMemU32(0x400E0744, 0x1 Items)
T0A10 2459:494.654   CPU_ReadMem(4 bytes @ 0x400E0744)
T0A10 2459:495.116   Data:  00 00 00 00
T0A10 2459:495.134 - 0.507ms returns 1 (0x1)
T0A10 2459:495.193 JLINK_BeginDownload(Flags = 0x00000000)
T0A10 2459:495.205 - 0.016ms
T0A10 2459:495.225 JLINK_WriteMem(0x400E0A04, 0x4 Bytes, ...)
T0A10 2459:495.235   Data:  05 00 00 5A
T0A10 2459:495.254   CPU_WriteMem(4 bytes @ 0x400E0A04)
T0A10 2459:495.631 - 0.414ms returns 0x4
T0A10 2459:495.675 JLINK_WriteMem(0x400E0C04, 0x4 Bytes, ...)
T0A10 2459:495.686   Data:  05 00 00 5A
T0A10 2459:495.704   CPU_WriteMem(4 bytes @ 0x400E0C04)
T0A10 2459:496.083 - 0.417ms returns 0x4
T0A10 2459:496.120 JLINK_EndDownload()
T0A10 2459:496.132 - 0.016ms returns 0 (0x0)
T0A10 2459:496.144 JLINK_ReadMemHW(0x400E0A08, 0x0004 Bytes, ...)
T0A10 2459:496.168   CPU_ReadMem(4 bytes @ 0x400E0A08)
T0A10 2459:496.632   Data:  00 00 00 00
T0A10 2459:496.649 - 0.509ms returns 0
T0A10 2459:498.507 JLINK_ReadMemHW(0x400E0A08, 0x0004 Bytes, ...)
T0A10 2459:498.527   CPU_ReadMem(4 bytes @ 0x400E0A08)
T0A10 2459:498.985   Data:  00 00 00 00
T0A10 2459:499.003 - 0.500ms returns 0
T0A10 2459:503.527 JLINK_ReadMemHW(0x400E0A08, 0x0004 Bytes, ...)
T0A10 2459:503.557   CPU_ReadMem(4 bytes @ 0x400E0A08)
T0A10 2459:504.062   Data:  00 00 00 00
T0A10 2459:504.081 - 0.557ms returns 0
T4058 2459:504.550 JLINK_IsHalted()
T4058 2459:504.581 - 0.045ms returns TRUE
T4058 2459:504.593 JLINK_GetMOEs(...)
T4058 2459:504.604   CPU_ReadMem(4 bytes @ 0xE000ED30)
T4058 2459:505.114 - 0.531ms returns 0x01
T4058 2459:505.134 JLINK_ReadReg(R15 (PC))
T4058 2459:505.146 - 0.016ms returns 0x004007C8
T0A10 2459:521.528 JLINK_ReadMemHW(0x400E0A08, 0x0004 Bytes, ...)
T0A10 2459:521.582   CPU_ReadMem(4 bytes @ 0x400E0A08)
T0A10 2459:522.142   Data:  00 00 00 00
T0A10 2459:522.194 - 0.670ms returns 0
T0A10 2459:586.425 JLINK_ReadMemHW(0x400E0A08, 0x0004 Bytes, ...)
T0A10 2459:586.482   CPU_ReadMem(4 bytes @ 0x400E0A08)
T0A10 2459:587.248   Data:  00 00 00 00
T0A10 2459:587.283 - 0.862ms returns 0
T4058 2459:705.667 JLINK_IsHalted()
T4058 2459:705.713 - 0.050ms returns TRUE
T0A10 2459:844.234 JLINK_ReadMemHW(0x400E0A08, 0x0004 Bytes, ...)
T0A10 2459:844.276   CPU_ReadMem(4 bytes @ 0x400E0A08)
T0A10 2459:845.051   Data:  00 00 00 00
T0A10 2459:845.088 - 0.858ms returns 0
T4058 2459:908.855 JLINK_IsHalted()
T4058 2459:908.889 - 0.039ms returns TRUE
T4058 2460:109.196 JLINK_IsHalted()
T4058 2460:109.853 - 0.683ms returns TRUE
T4058 2460:312.577 JLINK_IsHalted()
T4058 2460:312.624 - 0.051ms returns TRUE
T4058 2460:512.820 JLINK_IsHalted()
T4058 2460:512.851 - 0.035ms returns TRUE
T4058 2460:713.519 JLINK_IsHalted()
T4058 2460:714.239 - 0.759ms returns TRUE
T0A10 2460:847.334 JLINK_ReadMemHW(0x400E0A08, 0x0004 Bytes, ...)
T0A10 2460:847.452   CPU_ReadMem(4 bytes @ 0x400E0A08)
T0A10 2460:848.072   Data:  00 00 00 00
T0A10 2460:848.103 - 0.773ms returns 0
T0A10 2460:848.207 JLINK_ReadMemHW(0x400E0C08, 0x0004 Bytes, ...)
T0A10 2460:848.230   CPU_ReadMem(4 bytes @ 0x400E0C08)
T0A10 2460:848.871   Data:  00 00 00 00
T0A10 2460:848.891 - 0.687ms returns 0
T0A10 2460:851.269 JLINK_ReadMemHW(0x400E0C08, 0x0004 Bytes, ...)
T0A10 2460:851.334   CPU_ReadMem(4 bytes @ 0x400E0C08)
T0A10 2460:852.160   Data:  00 00 00 00
T0A10 2460:852.195 - 0.930ms returns 0
T0A10 2460:861.614 JLINK_ReadMemHW(0x400E0C08, 0x0004 Bytes, ...)
T0A10 2460:861.672   CPU_ReadMem(4 bytes @ 0x400E0C08)
T0A10 2460:862.489   Data:  00 00 00 00
T0A10 2460:862.524 - 0.914ms returns 0
T0A10 2460:878.701 JLINK_ReadMemHW(0x400E0C08, 0x0004 Bytes, ...)
T0A10 2460:878.763   CPU_ReadMem(4 bytes @ 0x400E0C08)
T0A10 2460:879.373   Data:  00 00 00 00
T0A10 2460:879.406 - 0.710ms returns 0
T4058 2460:914.274 JLINK_IsHalted()
T4058 2460:914.341 - 0.071ms returns TRUE
T0A10 2460:943.613 JLINK_ReadMemHW(0x400E0C08, 0x0004 Bytes, ...)
T0A10 2460:943.654   CPU_ReadMem(4 bytes @ 0x400E0C08)
T0A10 2460:944.476   Data:  00 00 00 00
T0A10 2460:944.525 - 0.915ms returns 0
T4058 2461:114.306 JLINK_IsHalted()
T4058 2461:114.340 - 0.038ms returns TRUE
T0A10 2461:201.147 JLINK_ReadMemHW(0x400E0C08, 0x0004 Bytes, ...)
T0A10 2461:201.191   CPU_ReadMem(4 bytes @ 0x400E0C08)
T0A10 2461:201.989   Data:  00 00 00 00
T0A10 2461:202.024 - 0.881ms returns 0
T4058 2461:314.494 JLINK_IsHalted()
T4058 2461:315.149 - 0.680ms returns TRUE
T4058 2461:519.632 JLINK_IsHalted()
T4058 2461:519.678 - 0.051ms returns TRUE
T4058 2461:722.213 JLINK_IsHalted()
T4058 2461:722.239 - 0.030ms returns TRUE
T4058 2461:924.438 JLINK_IsHalted()
T4058 2461:925.087 - 0.686ms returns TRUE
T4058 2462:124.971 JLINK_IsHalted()
T4058 2462:125.005 - 0.038ms returns TRUE
T0A10 2462:204.443 JLINK_ReadMemHW(0x400E0C08, 0x0004 Bytes, ...)
T0A10 2462:204.529   CPU_ReadMem(4 bytes @ 0x400E0C08)
T0A10 2462:205.339   Data:  00 00 00 00
T0A10 2462:205.373 - 0.934ms returns 0
T0A10 2462:205.481 JLINK_ReadMemHW(0x400E0A08, 0x0004 Bytes, ...)
T0A10 2462:205.503   CPU_ReadMem(4 bytes @ 0x400E0A08)
T0A10 2462:206.099   Data:  00 00 00 00
T0A10 2462:206.155 - 0.679ms returns 0
T0A10 2462:208.770 JLINK_ReadMemHW(0x400E0A08, 0x0004 Bytes, ...)
T0A10 2462:208.812   CPU_ReadMem(4 bytes @ 0x400E0A08)
T0A10 2462:209.641   Data:  00 00 00 00
T0A10 2462:209.674 - 0.908ms returns 0
T0A10 2462:214.238 JLINK_ReadMemHW(0x400E0A08, 0x0004 Bytes, ...)
T0A10 2462:214.312   CPU_ReadMem(4 bytes @ 0x400E0A08)
T0A10 2462:214.891   Data:  00 00 00 00
T0A10 2462:214.914 - 0.681ms returns 0
T0A10 2462:231.515 JLINK_ReadMemHW(0x400E0A08, 0x0004 Bytes, ...)
T0A10 2462:231.569   CPU_ReadMem(4 bytes @ 0x400E0A08)
T0A10 2462:232.376   Data:  00 00 00 00
T0A10 2462:232.410 - 0.899ms returns 0
T0A10 2462:297.255 JLINK_ReadMemHW(0x400E0A08, 0x0004 Bytes, ...)
T0A10 2462:297.295   CPU_ReadMem(4 bytes @ 0x400E0A08)
T0A10 2462:298.128   Data:  00 00 00 00
T0A10 2462:298.162 - 0.911ms returns 0
T4058 2462:325.116 JLINK_IsHalted()
T4058 2462:325.156 - 0.045ms returns TRUE
T4058 2462:525.611 JLINK_IsHalted()
T4058 2462:526.145 - 0.555ms returns TRUE
T0A10 2462:554.473 JLINK_ReadMemHW(0x400E0A08, 0x0004 Bytes, ...)
T0A10 2462:554.516   CPU_ReadMem(4 bytes @ 0x400E0A08)
T0A10 2462:555.272   Data:  00 00 00 00
T0A10 2462:555.305 - 0.836ms returns 0
T4058 2462:728.629 JLINK_IsHalted()
T4058 2462:728.662 - 0.037ms returns TRUE
T4058 2462:932.639 JLINK_IsHalted()
T4058 2462:932.703 - 0.072ms returns TRUE
T4058 2463:134.636 JLINK_IsHalted()
T4058 2463:135.034 - 0.407ms returns TRUE
T4058 2463:337.713 JLINK_IsHalted()
T4058 2463:337.756 - 0.049ms returns TRUE
T4058 2463:538.117 JLINK_IsHalted()
T4058 2463:538.164 - 0.051ms returns TRUE
T0A10 2463:556.743 JLINK_ReadMemHW(0x400E0A08, 0x0004 Bytes, ...)
T0A10 2463:556.813   CPU_ReadMem(4 bytes @ 0x400E0A08)
T0A10 2463:557.365   Data:  00 00 00 00
T0A10 2463:557.417 - 0.680ms returns 0
T0A10 2463:557.538 JLINK_ReadMemHW(0x400E0C08, 0x0004 Bytes, ...)
T0A10 2463:557.566   CPU_ReadMem(4 bytes @ 0x400E0C08)
T0A10 2463:558.111   Data:  01 00 00 00
T0A10 2463:558.134 - 0.600ms returns 0
T0A10 2463:558.155 JLINK_ReadMemHW(0x400E0A08, 0x0004 Bytes, ...)
T0A10 2463:558.169   CPU_ReadMem(4 bytes @ 0x400E0A08)
T0A10 2463:558.633   Data:  00 00 00 00
T0A10 2463:558.668 - 0.517ms returns 0
T0A10 2463:561.895 JLINK_ReadMemHW(0x400E0A08, 0x0004 Bytes, ...)
T0A10 2463:561.944   CPU_ReadMem(4 bytes @ 0x400E0A08)
T0A10 2463:562.855   Data:  00 00 00 00
T0A10 2463:562.890 - 0.999ms returns 0
T0A10 2463:568.030 JLINK_ReadMemHW(0x400E0A08, 0x0004 Bytes, ...)
T0A10 2463:568.096   CPU_ReadMem(4 bytes @ 0x400E0A08)
T0A10 2463:568.913   Data:  00 00 00 00
T0A10 2463:568.948 - 0.924ms returns 0
T0A10 2463:588.093 JLINK_ReadMemHW(0x400E0A08, 0x0004 Bytes, ...)
T0A10 2463:588.152   CPU_ReadMem(4 bytes @ 0x400E0A08)
T0A10 2463:588.704   Data:  00 00 00 00
T0A10 2463:588.732 - 0.643ms returns 0
T0A10 2463:653.577 JLINK_ReadMemHW(0x400E0A08, 0x0004 Bytes, ...)
T0A10 2463:653.613   CPU_ReadMem(4 bytes @ 0x400E0A08)
T0A10 2463:654.093   Data:  00 00 00 00
T0A10 2463:654.112 - 0.539ms returns 0
T4058 2463:742.938 JLINK_IsHalted()
T4058 2463:743.557 - 0.641ms returns TRUE
T0A10 2463:910.682 JLINK_ReadMemHW(0x400E0A08, 0x0004 Bytes, ...)
T0A10 2463:910.752   CPU_ReadMem(4 bytes @ 0x400E0A08)
T0A10 2463:911.570   Data:  00 00 00 00
T0A10 2463:911.604 - 0.925ms returns 0
T4058 2463:943.023 JLINK_IsHalted()
T4058 2463:943.070 - 0.052ms returns TRUE
T4058 2464:143.418 JLINK_IsHalted()
T4058 2464:143.480 - 0.067ms returns TRUE
T4058 2464:344.365 JLINK_IsHalted()
T4058 2464:344.952 - 0.611ms returns TRUE
T4058 2464:548.642 JLINK_IsHalted()
T4058 2464:548.677 - 0.052ms returns TRUE
T4058 2464:750.979 JLINK_IsHalted()
T4058 2464:751.025 - 0.050ms returns TRUE
T0A10 2464:912.842 JLINK_ReadMemHW(0x400E0A08, 0x0004 Bytes, ...)
T0A10 2464:912.906   CPU_ReadMem(4 bytes @ 0x400E0A08)
T0A10 2464:913.713   Data:  01 00 00 00
T0A10 2464:913.747 - 0.908ms returns 0
T4058 2464:954.467 JLINK_IsHalted()
T4058 2464:954.952 - 0.511ms returns TRUE
T0A10 2464:955.668 JLINK_ResetPullsRESET(ON)
T0A10 2464:955.689 - 0.025ms
T0A10 2464:955.700 JLINK_ResetNoHalt()
T0A10 2464:957.260   TotalIRLen = 4, IRPrint = 0x01
T0A10 2464:958.131   JTAG chain detection found 1 devices:
T0A10 2464:958.172    #0 Id: 0x4BA00477, IRLen: 04, CoreSight JTAG-DP
T0A10 2464:963.004   Old FW that does not support reading DPIDR via DAP jobs
T0A10 2464:966.582   DPv0 detected
T0A10 2464:966.613   AP map detection skipped. Manually configured AP map found.
T0A10 2464:966.651   AP[0]: AHB-AP (IDR: Not set)
T0A10 2464:970.928   AP[0]: Core found
T0A10 2464:970.969   AP[0]: AHB-AP ROM base: 0xE00FF000
T0A10 2464:973.147   CPUID register: 0x410FC241. Implementer code: 0x41 (ARM)
T0A10 2464:973.188   Found Cortex-M4 r0p1, Little endian.
T0A10 2464:973.371   -- Max. mem block: 0x00001F48
T0A10 2464:973.392   CPU_ReadMem(4 bytes @ 0xE000EDF0)
T0A10 2464:973.911   CPU_ReadMem(4 bytes @ 0xE0002000)
T0A10 2464:974.382   FPUnit: 6 code (BP) slots and 2 literal slots
T0A10 2464:974.414   CPU_ReadMem(4 bytes @ 0xE000EDFC)
T0A10 2464:974.860   CPU_ReadMem(4 bytes @ 0xE0001000)
T0A10 2464:975.299   CPU_ReadMem(4 bytes @ 0xE000ED88)
T0A10 2464:975.781   CPU_WriteMem(4 bytes @ 0xE000ED88)
T0A10 2464:976.213   CPU_ReadMem(4 bytes @ 0xE000ED88)
T0A10 2464:976.680   CPU_WriteMem(4 bytes @ 0xE000ED88)
T0A10 2464:977.111   CoreSight components:
T0A10 2464:977.151   ROMTbl[0] @ E00FF000
T0A10 2464:977.165   CPU_ReadMem(64 bytes @ 0xE00FF000)
T0A10 2464:978.321   CPU_ReadMem(32 bytes @ 0xE000EFE0)
T0A10 2464:978.939   ROMTbl[0][0]: E000E000, CID: B105E00D, PID: 000BB000 SCS
T0A10 2464:978.956   CPU_WriteMem(4 bytes @ 0xE0001000)
T0A10 2464:979.329   CPU_ReadMem(32 bytes @ 0xE0001FE0)
T0A10 2464:980.042   ROMTbl[0][1]: E0001000, CID: B105E00D, PID: 003BB002 DWT
T0A10 2464:980.075   CPU_ReadMem(32 bytes @ 0xE0002FE0)
T0A10 2464:980.732   ROMTbl[0][2]: E0002000, CID: B105E00D, PID: 002BB003 FPB
T0A10 2464:980.750   CPU_ReadMem(32 bytes @ 0xE0000FE0)
T0A10 2464:981.428   ROMTbl[0][3]: E0000000, CID: B105E00D, PID: 003BB001 ITM
T0A10 2464:981.448   CPU_ReadMem(32 bytes @ 0xE0040FE0)
T0A10 2464:982.215   ROMTbl[0][4]: E0040000, CID: B105900D, PID: 000BB9A1 TPIU
T0A10 2464:982.240   JLINK_Reset()
T0A10 2464:982.371     CPU_ReadMem(16 bytes @ 0x20000000)
T0A10 2464:982.978     CPU_WriteMem(16 bytes @ 0x20000000)
T0A10 2464:983.606     CPU_ReadMem(4 bytes @ 0xE000EDFC)
T0A10 2464:984.152     CPU_WriteMem(4 bytes @ 0xE000EDFC)
T0A10 2464:984.589     CPU_ReadMem(4 bytes @ 0xE0001000)
T0A10 2464:985.138     CPU_WriteMem(4 bytes @ 0xE0001004)
T0A10 2465:001.426     CPU_WriteMem(4 bytes @ 0xE000EDFC)
T0A10 2465:002.133     CPU_WriteMem(16 bytes @ 0x20000000)
T0A10 2465:006.735     CPU_WriteMem(4 bytes @ 0xE0002000)
T0A10 2465:007.522     CPU_ReadMem(4 bytes @ 0xE000EDFC)
T0A10 2465:008.365     CPU_ReadMem(4 bytes @ 0xE0001000)
T0A10 2465:009.187   - 26.972ms
T0A10 2465:009.221   JLINK_Go()
T0A10 2465:009.235     CPU_ReadMem(4 bytes @ 0xE0001000)
T0A10 2465:010.047     CPU_WriteMem(4 bytes @ 0xE0001004)
T0A10 2465:011.349   - 2.171ms
T0A10 2465:011.400 - 55.718ms
T0A10 2465:011.895 JLINK_TIF_Select(JLINKARM_TIF_JTAG)
T0A10 2465:011.926 - 0.036ms returns 0x00
T0A10 2465:011.939 JLINK_ConfigJTAG(IRPre = 0, DRPre = 0)
T0A10 2465:011.948 - 0.013ms
T0A10 2465:011.959 JLINK_SetSpeed(4000)
T0A10 2465:012.107 - 0.164ms
T0A10 2465:012.134 JLINK_ResetPullsRESET(OFF)
T0A10 2465:012.143 - 0.013ms
T0A10 2465:012.153 JLINK_Connect()
T0A10 2465:013.879   TotalIRLen = 4, IRPrint = 0x01
T0A10 2465:014.678   JTAG chain detection found 1 devices:
T0A10 2465:014.724    #0 Id: 0x4BA00477, IRLen: 04, CoreSight JTAG-DP
T0A10 2465:019.307   Old FW that does not support reading DPIDR via DAP jobs
T0A10 2465:022.603   DPv0 detected
T0A10 2465:022.629   AP map detection skipped. Manually configured AP map found.
T0A10 2465:022.666   AP[0]: AHB-AP (IDR: Not set)
T0A10 2465:026.961   AP[0]: Core found
T0A10 2465:026.985   AP[0]: AHB-AP ROM base: 0xE00FF000
T0A10 2465:029.324   CPUID register: 0x410FC241. Implementer code: 0x41 (ARM)
T0A10 2465:029.351   Found Cortex-M4 r0p1, Little endian.
T0A10 2465:029.575   -- Max. mem block: 0x00001F48
T0A10 2465:029.596   CPU_ReadMem(4 bytes @ 0xE000EDF0)
T0A10 2465:030.086   CPU_ReadMem(4 bytes @ 0xE0002000)
T0A10 2465:030.545   FPUnit: 6 code (BP) slots and 2 literal slots
T0A10 2465:030.562   CPU_ReadMem(4 bytes @ 0xE000EDFC)
T0A10 2465:031.017   CPU_ReadMem(4 bytes @ 0xE0001000)
T0A10 2465:031.504   CPU_WriteMem(4 bytes @ 0xE0001000)
T0A10 2465:031.868   CPU_ReadMem(4 bytes @ 0xE000ED88)
T0A10 2465:032.353   CPU_WriteMem(4 bytes @ 0xE000ED88)
T0A10 2465:032.781   CPU_ReadMem(4 bytes @ 0xE000ED88)
T0A10 2465:033.262   CPU_WriteMem(4 bytes @ 0xE000ED88)
T0A10 2465:033.666   CoreSight components:
T0A10 2465:033.689   ROMTbl[0] @ E00FF000
T0A10 2465:033.719   CPU_ReadMem(64 bytes @ 0xE00FF000)
T0A10 2465:034.857   CPU_ReadMem(32 bytes @ 0xE000EFE0)
T0A10 2465:035.586   ROMTbl[0][0]: E000E000, CID: B105E00D, PID: 000BB000 SCS
T0A10 2465:035.603   CPU_ReadMem(32 bytes @ 0xE0001FE0)
T0A10 2465:036.286   ROMTbl[0][1]: E0001000, CID: B105E00D, PID: 003BB002 DWT
T0A10 2465:036.306   CPU_ReadMem(32 bytes @ 0xE0002FE0)
T0A10 2465:037.008   ROMTbl[0][2]: E0002000, CID: B105E00D, PID: 002BB003 FPB
T0A10 2465:037.028   CPU_ReadMem(32 bytes @ 0xE0000FE0)
T0A10 2465:037.724   ROMTbl[0][3]: E0000000, CID: B105E00D, PID: 003BB001 ITM
T0A10 2465:037.744   CPU_ReadMem(32 bytes @ 0xE0040FE0)
T0A10 2465:038.428   ROMTbl[0][4]: E0040000, CID: B105900D, PID: 000BB9A1 TPIU
T0A10 2465:038.450 - 26.302ms returns 0x00
T0A10 2465:038.533 JLINK_Halt()
T0A10 2465:041.777 - 3.254ms returns 0x00
T0A10 2465:041.880 JLINK_BeginDownload(Flags = 0x00000000)
T0A10 2465:041.892 - 0.081ms
T0A10 2465:041.988 JLINK_WriteMem(0x400E0A04, 0x4 Bytes, ...)
T0A10 2465:041.998   Data:  0B 01 00 5A
T0A10 2465:042.117   CPU_WriteMem(4 bytes @ 0x400E0A04)
T0A10 2465:042.581 - 0.619ms returns 0x4
T0A10 2465:042.650 JLINK_EndDownload()
T0A10 2465:042.661 - 0.016ms returns 0 (0x0)
T0A10 2465:042.672 JLINK_ReadMemHW(0x400E0A08, 0x0004 Bytes, ...)
T0A10 2465:042.702   CPU_ReadMem(4 bytes @ 0x400E0A08)
T0A10 2465:043.249   Data:  01 00 00 00
T0A10 2465:043.268 - 0.600ms returns 0
T0A10 2465:043.298 JLINK_BeginDownload(Flags = 0x00000000)
T0A10 2465:043.308 - 0.014ms
T0A10 2465:043.331 JLINK_WriteMem(0x400E0A04, 0x4 Bytes, ...)
T0A10 2465:043.341   Data:  0C 02 00 5A
T0A10 2465:043.358   CPU_WriteMem(4 bytes @ 0x400E0A04)
T0A10 2465:043.846 - 0.525ms returns 0x4
T0A10 2465:043.884 JLINK_EndDownload()
T0A10 2465:043.896 - 0.015ms returns 0 (0x0)
T0A10 2465:043.906 JLINK_ReadMemHW(0x400E0A08, 0x0004 Bytes, ...)
T0A10 2465:043.917   CPU_ReadMem(4 bytes @ 0x400E0A08)
T0A10 2465:044.509   Data:  01 00 00 00
T0A10 2465:044.528 - 0.626ms returns 0
T0A10 2465:044.566 JLINK_SetResetType(JLINKARM_CM3_RESET_TYPE_NORMAL)
T0A10 2465:044.576 - 0.014ms returns JLINKARM_CM3_RESET_TYPE_NORMAL
T0A10 2465:044.587 JLINK_Reset()
T0A10 2465:044.602   CPU_ReadMem(16 bytes @ 0x20000000)
T0A10 2465:045.267   CPU_WriteMem(16 bytes @ 0x20000000)
T0A10 2465:046.055   CPU_ReadMem(4 bytes @ 0xE000EDFC)
T0A10 2465:046.857   CPU_WriteMem(4 bytes @ 0xE000EDFC)
T0A10 2465:047.523   CPU_ReadMem(4 bytes @ 0xE0001000)
T0A10 2465:063.732   CPU_WriteMem(4 bytes @ 0xE000EDFC)
T0A10 2465:064.484   CPU_WriteMem(16 bytes @ 0x20000000)
T0A10 2465:068.834   CPU_WriteMem(4 bytes @ 0xE0002000)
T0A10 2465:069.523   CPU_ReadMem(4 bytes @ 0xE000EDFC)
T0A10 2465:070.332   CPU_ReadMem(4 bytes @ 0xE0001000)
T0A10 2465:071.159 - 26.597ms
T0A10 2465:072.622 JLINK_JTAG_GetDeviceID(DeviceIndex = 0)
T0A10 2465:072.667 - 0.053ms returns 1268778103
T0A10 2465:072.688 JLINK_ReadMemU32(0x400E0740, 0x1 Items)
T0A10 2465:072.724   CPU_ReadMem(4 bytes @ 0x400E0740)
T0A10 2465:073.287   Data:  E0 0E A7 29
T0A10 2465:073.306 - 0.621ms returns 1 (0x1)
T0A10 2465:073.336 JLINK_ReadMemU32(0x400E0744, 0x1 Items)
T0A10 2465:073.351   CPU_ReadMem(4 bytes @ 0x400E0744)
T0A10 2465:073.889   Data:  00 00 00 00
T0A10 2465:073.908 - 0.576ms returns 1 (0x1)
T0A10 2465:080.444 JLINK_BeginDownload(Flags = 0x00000000)
T0A10 2465:080.481 - 0.043ms
T0A10 2465:080.533 JLINK_WriteMem(0x00400000, 0xC18 Bytes, ...)
T0A10 2465:080.546   Data:  F0 34 00 20 C9 07 40 00 C5 07 40 00 C5 07 40 00 ...
T0A10 2465:081.226   completely In flash
T0A10 2465:081.251    -- Read from flash cache (3096 bytes @ 0x00400000)
T0A10 2465:081.264 - 0.735ms returns 0xC18
T0A10 2465:081.449 JLINK_WriteMem(0x00400C18, 0x434 Bytes, ...)
T0A10 2465:081.462   Data:  00 09 3D 00 00 00 00 00 00 00 00 00 F4 02 00 20 ...
T0A10 2465:081.498   completely In flash
T0A10 2465:081.528    -- Read from flash cache (1076 bytes @ 0x00400C18)
T0A10 2465:081.540 - 0.095ms returns 0x434
T494C 2465:082.754 JLINK_IsHalted()
T494C 2465:082.791 - 0.044ms returns TRUE
T494C 2465:082.808 JLINK_GetMOEs(...)
T494C 2465:082.826   CPU_ReadMem(4 bytes @ 0xE000ED30)
T494C 2465:083.353 - 0.555ms returns 0x01
T494C 2465:083.375 JLINK_ReadReg(R15 (PC))
T494C 2465:083.608   Old firmware which does not support pausing periodic actions during flash download
T494C 2465:083.644   CPU_ReadMem(4 bytes @ 0xE000ED90)
T494C 2465:084.162   CPU_ReadMem(4 bytes @ 0xE000ED94)
T494C 2465:084.661    -- --------------------------------------
T494C 2465:084.679   Flash bank @ 0x00400000: Default: L2 verify disabled because algorithm performs L1 verify
T494C 2465:084.691    -- Start of determining dirty areas in flash cache
T494C 2465:085.146    -- End of determining dirty areas
T494C 2465:085.160    -- Start of preparing flash programming
T494C 2465:085.172    -- Calculating RAM usage
T494C 2465:085.190    -- RAM usage = 3036 Bytes
T494C 2465:085.202    -- Preserving CPU registers
T494C 2465:085.226    -- Preparing memory
T494C 2465:085.293    -- Preparing target
T494C 2465:245.213    -- Preserving target RAM temporarily used for programming
T494C 2465:255.596    -- Downloading RAMCode
T494C 2465:267.935    -- Preparing RAMCode
T494C 2465:274.372    -- Checking target RAM
T494C 2465:275.740    -- End of preparing flash programming
T494C 2465:275.859   Looking for J-Link GUI Server exe at: S:\Program Files (x86)\Atmel\Studio\7.0\atbackend\JLinkGUIServer.exe
T494C 2465:275.907   Looking for J-Link GUI Server exe at: \JLinkGUIServer.exe
T494C 2465:576.524   Failed to connect to J-Link GUI Server.
T494C 2465:582.485    -- CPU is running at 90000 kHz.
T494C 2465:582.516    -- Start of comparing flash
T494C 2465:582.529    -- CRC check was estimated as fastest method
T494C 2465:582.545    -- Comparing range 0x400000 - 0x4011FF (9 Sectors, 4 KiB), using multi-block CRC calculation
T494C 2465:585.324    -- CRC does not match for sectors 0-8
T494C 2465:585.348    -- End of comparing flash
T494C 2465:585.361    -- Start of erasing sectors
T494C 2465:585.374    -- End of erasing sectors
T494C 2465:585.386    -- Start of flash programming
T494C 2465:585.400    -- Programming range 0x00400000 - 0x004011FF (  9 Sectors, 4 KB)
T494C 2465:609.010    -- End of flash programming
T494C 2465:609.043    -- 0x400000 - 0x4011FF (  9 Sectors, 4 KoB)
T494C 2465:609.056    -- Start of restoring
T494C 2465:609.069    -- Restoring RAMCode
T494C 2465:616.992    -- Restoring target memory
T494C 2465:626.881    -- Restore target
T494C 2465:679.209    -- Restore memory
T494C 2465:679.302    -- Restoring CPU registers
T494C 2465:679.362    -- End of restoring
T494C 2465:679.435    -- Bank 0 @ 0x00400000: 1 range affected (4608 bytes)
T494C 2465:679.483    -- Total: 0.594s (Prepare: 0.497s, Compare: 0.002s, Erase: 0.000s, Program & Verify: 0.027s, Restore: 0.066s)
T494C 2465:679.543    -- Program & Verify speed: 166 KiB/s
T494C 2465:681.560 - 598.222ms returns 0xFFFFFFFE
T0A10 2465:683.063 JLINK_EndDownload()
T0A10 2465:683.101 - 0.046ms returns 0 (0x0)
T0A10 2465:683.137 JLINK_ResetPullsRESET(ON)
T0A10 2465:683.152 - 0.022ms
T0A10 2465:683.170 JLINK_ResetNoHalt()
T0A10 2465:684.694   TotalIRLen = 4, IRPrint = 0x01
T0A10 2465:685.477   JTAG chain detection found 1 devices:
T0A10 2465:685.517    #0 Id: 0x4BA00477, IRLen: 04, CoreSight JTAG-DP
T0A10 2465:690.075   Old FW that does not support reading DPIDR via DAP jobs
T0A10 2465:693.371   DPv0 detected
T0A10 2465:693.397   AP map detection skipped. Manually configured AP map found.
T0A10 2465:693.433   AP[0]: AHB-AP (IDR: Not set)
T0A10 2465:698.215   AP[0]: Core found
T0A10 2465:698.277   AP[0]: AHB-AP ROM base: 0xE00FF000
T0A10 2465:700.767   CPUID register: 0x410FC241. Implementer code: 0x41 (ARM)
T0A10 2465:700.808   Found Cortex-M4 r0p1, Little endian.
T0A10 2465:701.013   -- Max. mem block: 0x00001F48
T0A10 2465:701.036   CPU_ReadMem(4 bytes @ 0xE000EDF0)
T0A10 2465:701.506   CPU_ReadMem(4 bytes @ 0xE0002000)
T0A10 2465:701.960   FPUnit: 6 code (BP) slots and 2 literal slots
T0A10 2465:701.977   CPU_ReadMem(4 bytes @ 0xE000EDFC)
T0A10 2465:702.429   CPU_ReadMem(4 bytes @ 0xE0001000)
T0A10 2465:702.868   CPU_ReadMem(4 bytes @ 0xE000ED88)
T0A10 2465:703.352   CPU_WriteMem(4 bytes @ 0xE000ED88)
T0A10 2465:703.817   CPU_ReadMem(4 bytes @ 0xE000ED88)
T0A10 2465:704.254   CPU_WriteMem(4 bytes @ 0xE000ED88)
T0A10 2465:704.689   CoreSight components:
T0A10 2465:704.714   ROMTbl[0] @ E00FF000
T0A10 2465:704.728   CPU_ReadMem(64 bytes @ 0xE00FF000)
T0A10 2465:705.936   CPU_ReadMem(32 bytes @ 0xE000EFE0)
T0A10 2465:706.597   ROMTbl[0][0]: E000E000, CID: B105E00D, PID: 000BB000 SCS
T0A10 2465:706.617   CPU_WriteMem(4 bytes @ 0xE0001000)
T0A10 2465:707.031   CPU_ReadMem(32 bytes @ 0xE0001FE0)
T0A10 2465:707.764   ROMTbl[0][1]: E0001000, CID: B105E00D, PID: 003BB002 DWT
T0A10 2465:707.784   CPU_ReadMem(32 bytes @ 0xE0002FE0)
T0A10 2465:708.474   ROMTbl[0][2]: E0002000, CID: B105E00D, PID: 002BB003 FPB
T0A10 2465:708.495   CPU_ReadMem(32 bytes @ 0xE0000FE0)
T0A10 2465:709.245   ROMTbl[0][3]: E0000000, CID: B105E00D, PID: 003BB001 ITM
T0A10 2465:709.278   CPU_ReadMem(32 bytes @ 0xE0040FE0)
T0A10 2465:709.998   ROMTbl[0][4]: E0040000, CID: B105900D, PID: 000BB9A1 TPIU
T0A10 2465:710.023   JLINK_Reset()
T0A10 2465:710.522     CPU_ReadMem(16 bytes @ 0x20000000)
T0A10 2465:711.047     CPU_WriteMem(16 bytes @ 0x20000000)
T0A10 2465:711.566     CPU_ReadMem(4 bytes @ 0xE000EDFC)
T0A10 2465:712.051     CPU_WriteMem(4 bytes @ 0xE000EDFC)
T0A10 2465:712.557     CPU_ReadMem(4 bytes @ 0xE0001000)
T0A10 2465:729.145     CPU_WriteMem(4 bytes @ 0xE000EDFC)
T0A10 2465:729.698     CPU_WriteMem(16 bytes @ 0x20000000)
T0A10 2465:733.446     CPU_WriteMem(4 bytes @ 0xE0002000)
T0A10 2465:733.926     CPU_ReadMem(4 bytes @ 0xE000EDFC)
T0A10 2465:734.448     CPU_ReadMem(4 bytes @ 0xE0001000)
T0A10 2465:735.044   - 25.031ms
T0A10 2465:735.063   JLINK_Go()
T0A10 2465:735.076     CPU_ReadMem(4 bytes @ 0xE0001000)
T0A10 2465:735.593     CPU_WriteMem(4 bytes @ 0xE0001004)
T0A10 2465:736.565   - 1.513ms
T0A10 2465:736.583 - 53.417ms
T0A10 2465:742.591 JLINK_Close()
T0A10 2465:758.565 - 16.000ms
T0A10 2465:758.611   
T0A10 2465:758.623   Closed
