T4650 3468:183.640   SEGGER J-Link V7.52a Log File
T4650 3468:183.701   DLL Compiled: Jul 28 2021 11:08:12
T4650 3468:183.726   Logging started @ 2023-03-29 19:01
T4650 3468:183.748 - 9458.686ms
T4650 3468:190.781 JLINK_ExecCommand("Device = AT91SAM4SD32C", ...). 
T4650 3468:191.340   Device "ATSAM4SD32C" selected.
T4650 3468:191.667 - 0.859ms returns 0x00
T4650 3468:519.064 JLINK_TIF_Select(JLINKARM_TIF_JTAG)
T4650 3468:520.034 - 0.994ms returns 0x00
T4650 3468:520.076 JLINK_ConfigJTAG(IRPre = 0, DRPre = 0)
T4650 3468:520.128 - 0.065ms
T4650 3468:520.156 JLINK_SetSpeed(4000)
T4650 3468:520.289 - 0.157ms
T4650 3468:520.331 JLINK_ResetPullsRESET(OFF)
T4650 3468:520.356 - 0.035ms
T4650 3468:520.394 JLINK_Connect()
T4650 3468:522.650   TotalIRLen = 4, IRPrint = 0x01
T4650 3468:523.244   JTAG chain detection found 1 devices:
T4650 3468:523.309    #0 Id: 0x4BA00477, IRLen: 04, CoreSight JTAG-DP
T4650 3468:527.431   Old FW that does not support reading DPIDR via DAP jobs
T4650 3468:531.053   DPv0 detected
T4650 3468:531.087   Scanning AP map to find all available APs
T4650 3468:533.666   AP[1]: Stopped AP scan as end of AP map has been reached
T4650 3468:533.700   AP[0]: AHB-AP (IDR: 0x24770011)
T4650 3468:533.722   Iterating through AP map to find AHB-AP to use
T4650 3468:538.025   AP[0]: Core found
T4650 3468:538.058   AP[0]: AHB-AP ROM base: 0xE00FF000
T4650 3468:540.344   CPUID register: 0x410FC241. Implementer code: 0x41 (ARM)
T4650 3468:540.385   Found Cortex-M4 r0p1, Little endian.
T4650 3468:540.762   -- Max. mem block: 0x000023B8
T4650 3468:540.906   CPU_ReadMem(4 bytes @ 0xE000EDF0)
T4650 3468:544.496   CPU_WriteMem(4 bytes @ 0xE000EDF0)
T4650 3468:544.918   CPU_ReadMem(4 bytes @ 0xE0002000)
T4650 3468:545.377   FPUnit: 6 code (BP) slots and 2 literal slots
T4650 3468:545.395   CPU_ReadMem(4 bytes @ 0xE000EDFC)
T4650 3468:545.949   CPU_WriteMem(4 bytes @ 0xE000EDFC)
T4650 3468:546.395   CPU_ReadMem(4 bytes @ 0xE0001000)
T4650 3468:547.000   CPU_WriteMem(4 bytes @ 0xE0001000)
T4650 3468:547.384   CPU_ReadMem(4 bytes @ 0xE000ED88)
T4650 3468:547.838   CPU_WriteMem(4 bytes @ 0xE000ED88)
T4650 3468:548.232   CPU_ReadMem(4 bytes @ 0xE000ED88)
T4650 3468:548.688   CPU_WriteMem(4 bytes @ 0xE000ED88)
T4650 3468:549.142   CoreSight components:
T4650 3468:549.184   ROMTbl[0] @ E00FF000
T4650 3468:549.205   CPU_ReadMem(64 bytes @ 0xE00FF000)
T4650 3468:549.969   CPU_ReadMem(32 bytes @ 0xE000EFE0)
T4650 3468:550.627   ROMTbl[0][0]: E000E000, CID: B105E00D, PID: 000BB000 SCS
T4650 3468:550.654   CPU_ReadMem(32 bytes @ 0xE0001FE0)
T4650 3468:551.355   ROMTbl[0][1]: E0001000, CID: B105E00D, PID: 003BB002 DWT
T4650 3468:551.383   CPU_ReadMem(32 bytes @ 0xE0002FE0)
T4650 3468:552.020   ROMTbl[0][2]: E0002000, CID: B105E00D, PID: 002BB003 FPB
T4650 3468:552.049   CPU_ReadMem(32 bytes @ 0xE0000FE0)
T4650 3468:552.734   ROMTbl[0][3]: E0000000, CID: B105E00D, PID: 003BB001 ITM
T4650 3468:552.763   CPU_ReadMem(32 bytes @ 0xE0040FE0)
T4650 3468:553.457   ROMTbl[0][4]: E0040000, CID: B105900D, PID: 000BB9A1 TPIU
T4650 3468:553.493 - 33.108ms returns 0x00
T4650 3468:553.550 JLINK_Halt()
T4650 3468:556.807 - 3.327ms returns 0x00
T4650 3468:557.141 JLINK_BeginDownload(Flags = 0x00000000)
T4650 3468:557.182 - 0.046ms
T4650 3468:557.221 JLINK_WriteMem(0x400E0A04, 0x4 Bytes, ...)
T4650 3468:557.240   Data:  0B 01 00 5A
T4650 3468:557.804   CPU_WriteMem(4 bytes @ 0x400E0A04)
T4650 3468:558.229 - 1.020ms returns 0x4
T4650 3468:558.281 JLINK_EndDownload()
T4650 3468:558.293 - 0.016ms returns 0 (0x0)
T4650 3468:558.304 JLINK_ReadMemHW(0x400E0A08, 0x0004 Bytes, ...)
T4650 3468:558.318   CPU_ReadMem(4 bytes @ 0x400E0A08)
T4650 3468:558.819   Data:  01 00 00 00
T4650 3468:558.845 - 0.547ms returns 0
T4650 3468:558.918 JLINK_BeginDownload(Flags = 0x00000000)
T4650 3468:558.939 - 0.028ms
T4650 3468:558.983 JLINK_WriteMem(0x400E0A04, 0x4 Bytes, ...)
T4650 3468:559.000   Data:  0C 02 00 5A
T4650 3468:559.028   CPU_WriteMem(4 bytes @ 0x400E0A04)
T4650 3468:559.414 - 0.441ms returns 0x4
T4650 3468:559.466 JLINK_EndDownload()
T4650 3468:559.553 - 0.096ms returns 0 (0x0)
T4650 3468:559.575 JLINK_ReadMemHW(0x400E0A08, 0x0004 Bytes, ...)
T4650 3468:559.599   CPU_ReadMem(4 bytes @ 0x400E0A08)
T4650 3468:560.113   Data:  01 00 00 00
T4650 3468:560.133 - 0.575ms returns 0
T4650 3468:560.186 JLINK_SetResetType(JLINKARM_CM3_RESET_TYPE_NORMAL)
T4650 3468:560.211 - 0.029ms returns JLINKARM_CM3_RESET_TYPE_NORMAL
T4650 3468:560.221 JLINK_Reset()
T4650 3468:560.589   CPU_ReadMem(16 bytes @ 0x20000000)
T4650 3468:561.217   CPU_WriteMem(16 bytes @ 0x20000000)
T4650 3468:561.699   CPU_ReadMem(4 bytes @ 0xE000EDFC)
T4650 3468:562.199   CPU_WriteMem(4 bytes @ 0xE000EDFC)
T4650 3468:562.620   CPU_ReadMem(4 bytes @ 0xE0001000)
T4650 3468:577.857   CPU_WriteMem(4 bytes @ 0xE000EDFC)
T4650 3468:578.273   CPU_WriteMem(16 bytes @ 0x20000000)
T4650 3468:581.796   CPU_WriteMem(4 bytes @ 0xE0002000)
T4650 3468:582.216   CPU_ReadMem(4 bytes @ 0xE000EDFC)
T4650 3468:582.690   CPU_ReadMem(4 bytes @ 0xE0001000)
T4650 3468:583.199 - 22.988ms
T4650 3468:584.383 JLINK_JTAG_GetDeviceID(DeviceIndex = 0)
T4650 3468:584.406 - 0.029ms returns 1268778103
T4650 3468:584.421 JLINK_ReadMemU32(0x400E0740, 0x1 Items)
T4650 3468:584.437   CPU_ReadMem(4 bytes @ 0x400E0740)
T4650 3468:584.953   Data:  E0 0E A7 29
T4650 3468:584.974 - 0.557ms returns 1 (0x1)
T4650 3468:585.020 JLINK_ReadMemU32(0x400E0744, 0x1 Items)
T4650 3468:585.035   CPU_ReadMem(4 bytes @ 0x400E0744)
T4650 3468:585.539   Data:  00 00 00 00
T4650 3468:585.558 - 0.541ms returns 1 (0x1)
T4650 3468:585.624 JLINK_BeginDownload(Flags = 0x00000000)
T4650 3468:585.635 - 0.015ms
T4650 3468:585.654 JLINK_WriteMem(0x400E0A04, 0x4 Bytes, ...)
T4650 3468:585.663   Data:  05 00 00 5A
T4650 3468:585.681   CPU_WriteMem(4 bytes @ 0x400E0A04)
T4650 3468:586.115 - 0.471ms returns 0x4
T4650 3468:586.179 JLINK_WriteMem(0x400E0C04, 0x4 Bytes, ...)
T4650 3468:586.190   Data:  05 00 00 5A
T4650 3468:586.208   CPU_WriteMem(4 bytes @ 0x400E0C04)
T4650 3468:586.609 - 0.440ms returns 0x4
T4650 3468:586.663 JLINK_EndDownload()
T4650 3468:586.675 - 0.016ms returns 0 (0x0)
T4650 3468:586.685 JLINK_ReadMemHW(0x400E0A08, 0x0004 Bytes, ...)
T4650 3468:586.697   CPU_ReadMem(4 bytes @ 0x400E0A08)
T4650 3468:587.203   Data:  00 00 00 00
T4650 3468:587.223 - 0.541ms returns 0
T4650 3468:589.027 JLINK_ReadMemHW(0x400E0A08, 0x0004 Bytes, ...)
T4650 3468:589.051   CPU_ReadMem(4 bytes @ 0x400E0A08)
T4650 3468:589.544   Data:  00 00 00 00
T4650 3468:589.579 - 0.556ms returns 0
T4334 3468:593.975 JLINK_IsHalted()
T4334 3468:594.010 - 0.038ms returns TRUE
T4334 3468:594.025 JLINK_GetMOEs(...)
T4334 3468:594.040   CPU_ReadMem(4 bytes @ 0xE000ED30)
T4334 3468:594.511 - 0.496ms returns 0x01
T4334 3468:594.534 JLINK_ReadReg(R15 (PC))
T4334 3468:594.547 - 0.017ms returns 0x00400980
T4650 3468:594.566 JLINK_ReadMemHW(0x400E0A08, 0x0004 Bytes, ...)
T4650 3468:594.592   CPU_ReadMem(4 bytes @ 0x400E0A08)
T4650 3468:595.045   Data:  00 00 00 00
T4650 3468:595.063 - 0.502ms returns 0
T4650 3468:611.971 JLINK_ReadMemHW(0x400E0A08, 0x0004 Bytes, ...)
T4650 3468:612.025   CPU_ReadMem(4 bytes @ 0x400E0A08)
T4650 3468:612.559   Data:  00 00 00 00
T4650 3468:612.577 - 0.610ms returns 0
T4650 3468:676.469 JLINK_ReadMemHW(0x400E0A08, 0x0004 Bytes, ...)
T4650 3468:676.522   CPU_ReadMem(4 bytes @ 0x400E0A08)
T4650 3468:677.051   Data:  00 00 00 00
T4650 3468:677.076 - 0.610ms returns 0
T4334 3468:796.179 JLINK_IsHalted()
T4334 3468:796.228 - 0.053ms returns TRUE
T4650 3468:935.262 JLINK_ReadMemHW(0x400E0A08, 0x0004 Bytes, ...)
T4650 3468:935.311   CPU_ReadMem(4 bytes @ 0x400E0A08)
T4650 3468:936.042   Data:  00 00 00 00
T4650 3468:936.076 - 0.818ms returns 0
T4334 3468:996.545 JLINK_IsHalted()
T4334 3468:996.580 - 0.039ms returns TRUE
T4334 3469:197.425 JLINK_IsHalted()
T4334 3469:197.952 - 0.537ms returns TRUE
T4334 3469:398.461 JLINK_IsHalted()
T4334 3469:398.505 - 0.048ms returns TRUE
T4334 3469:600.003 JLINK_IsHalted()
T4334 3469:600.038 - 0.039ms returns TRUE
T4334 3469:800.453 JLINK_IsHalted()
T4334 3469:800.959 - 0.527ms returns TRUE
T4650 3469:936.228 JLINK_ReadMemHW(0x400E0A08, 0x0004 Bytes, ...)
T4650 3469:936.319   CPU_ReadMem(4 bytes @ 0x400E0A08)
T4650 3469:936.876   Data:  00 00 00 00
T4650 3469:936.908 - 0.685ms returns 0
T4334 3470:004.844 JLINK_IsHalted()
T4334 3470:004.893 - 0.053ms returns TRUE
T4650 3470:033.382 JLINK_ReadMemHW(0x400E0C08, 0x0004 Bytes, ...)
T4650 3470:033.411   CPU_ReadMem(4 bytes @ 0x400E0C08)
T4650 3470:034.013   Data:  00 00 00 00
T4650 3470:034.031 - 0.653ms returns 0
T4650 3470:034.908 JLINK_ReadMemHW(0x400E0C08, 0x0004 Bytes, ...)
T4650 3470:034.927   CPU_ReadMem(4 bytes @ 0x400E0C08)
T4650 3470:035.535   Data:  00 00 00 00
T4650 3470:035.553 - 0.649ms returns 0
T4650 3470:039.332 JLINK_ReadMemHW(0x400E0C08, 0x0004 Bytes, ...)
T4650 3470:039.352   CPU_ReadMem(4 bytes @ 0x400E0C08)
T4650 3470:039.954   Data:  00 00 00 00
T4650 3470:039.973 - 0.644ms returns 0
T4650 3470:056.110 JLINK_ReadMemHW(0x400E0C08, 0x0004 Bytes, ...)
T4650 3470:056.154   CPU_ReadMem(4 bytes @ 0x400E0C08)
T4650 3470:056.946   Data:  00 00 00 00
T4650 3470:056.979 - 0.873ms returns 0
T4650 3470:125.938 JLINK_ReadMemHW(0x400E0C08, 0x0004 Bytes, ...)
T4650 3470:126.011   CPU_ReadMem(4 bytes @ 0x400E0C08)
T4650 3470:126.584   Data:  00 00 00 00
T4650 3470:126.640 - 0.707ms returns 0
T4334 3470:206.192 JLINK_IsHalted()
T4334 3470:206.226 - 0.039ms returns TRUE
T4650 3470:385.914 JLINK_ReadMemHW(0x400E0C08, 0x0004 Bytes, ...)
T4650 3470:385.998   CPU_ReadMem(4 bytes @ 0x400E0C08)
T4650 3470:386.573   Data:  00 00 00 00
T4650 3470:386.603 - 0.693ms returns 0
T4334 3470:406.265 JLINK_IsHalted()
T4334 3470:406.868 - 0.627ms returns TRUE
T4334 3470:609.517 JLINK_IsHalted()
T4334 3470:609.562 - 0.049ms returns TRUE
T4334 3470:814.543 JLINK_IsHalted()
T4334 3470:814.602 - 0.063ms returns TRUE
T4334 3471:016.735 JLINK_IsHalted()
T4334 3471:017.433 - 0.723ms returns TRUE
T4334 3471:219.504 JLINK_IsHalted()
T4334 3471:219.550 - 0.050ms returns TRUE
T4650 3471:386.775 JLINK_ReadMemHW(0x400E0C08, 0x0004 Bytes, ...)
T4650 3471:386.812   CPU_ReadMem(4 bytes @ 0x400E0C08)
T4650 3471:387.348   Data:  00 00 00 00
T4650 3471:387.366 - 0.595ms returns 0
T4650 3471:387.446 JLINK_ReadMemHW(0x400E0A08, 0x0004 Bytes, ...)
T4650 3471:387.461   CPU_ReadMem(4 bytes @ 0x400E0A08)
T4650 3471:387.980   Data:  00 00 00 00
T4650 3471:387.998 - 0.556ms returns 0
T4650 3471:388.712 JLINK_ReadMemHW(0x400E0A08, 0x0004 Bytes, ...)
T4650 3471:388.774   CPU_ReadMem(4 bytes @ 0x400E0A08)
T4650 3471:389.329   Data:  00 00 00 00
T4650 3471:389.349 - 0.641ms returns 0
T4650 3471:396.728 JLINK_ReadMemHW(0x400E0A08, 0x0004 Bytes, ...)
T4650 3471:396.761   CPU_ReadMem(4 bytes @ 0x400E0A08)
T4650 3471:397.329   Data:  00 00 00 00
T4650 3471:397.348 - 0.623ms returns 0
T4650 3471:415.303 JLINK_ReadMemHW(0x400E0A08, 0x0004 Bytes, ...)
T4650 3471:415.389   CPU_ReadMem(4 bytes @ 0x400E0A08)
T4650 3471:416.137   Data:  00 00 00 00
T4650 3471:416.171 - 0.873ms returns 0
T4334 3471:420.676 JLINK_IsHalted()
T4334 3471:420.724 - 0.052ms returns TRUE
T4650 3471:479.966 JLINK_ReadMemHW(0x400E0A08, 0x0004 Bytes, ...)
T4650 3471:480.051   CPU_ReadMem(4 bytes @ 0x400E0A08)
T4650 3471:480.576   Data:  00 00 00 00
T4650 3471:480.612 - 0.650ms returns 0
T4334 3471:621.737 JLINK_IsHalted()
T4334 3471:622.418 - 0.705ms returns TRUE
T4650 3471:736.238 JLINK_ReadMemHW(0x400E0A08, 0x0004 Bytes, ...)
T4650 3471:736.298   CPU_ReadMem(4 bytes @ 0x400E0A08)
T4650 3471:736.848   Data:  00 00 00 00
T4650 3471:736.881 - 0.647ms returns 0
T4334 3471:823.900 JLINK_IsHalted()
T4334 3471:823.945 - 0.050ms returns TRUE
T4334 3472:024.414 JLINK_IsHalted()
T4334 3472:024.476 - 0.080ms returns TRUE
T4334 3472:225.130 JLINK_IsHalted()
T4334 3472:225.748 - 0.642ms returns TRUE
T4334 3472:426.569 JLINK_IsHalted()
T4334 3472:426.627 - 0.062ms returns TRUE
T4334 3472:627.687 JLINK_IsHalted()
T4334 3472:627.732 - 0.050ms returns TRUE
T4650 3472:739.392 JLINK_ReadMemHW(0x400E0A08, 0x0004 Bytes, ...)
T4650 3472:739.451   CPU_ReadMem(4 bytes @ 0x400E0A08)
T4650 3472:740.211   Data:  00 00 00 00
T4650 3472:740.257 - 0.869ms returns 0
T4650 3472:740.363 JLINK_ReadMemHW(0x400E0C08, 0x0004 Bytes, ...)
T4650 3472:740.385   CPU_ReadMem(4 bytes @ 0x400E0C08)
T4650 3472:740.972   Data:  01 00 00 00
T4650 3472:741.002 - 0.642ms returns 0
T4650 3472:741.025 JLINK_ReadMemHW(0x400E0A08, 0x0004 Bytes, ...)
T4650 3472:741.040   CPU_ReadMem(4 bytes @ 0x400E0A08)
T4650 3472:741.850   Data:  00 00 00 00
T4650 3472:741.896 - 0.875ms returns 0
T4650 3472:742.956 JLINK_ReadMemHW(0x400E0A08, 0x0004 Bytes, ...)
T4650 3472:743.019   CPU_ReadMem(4 bytes @ 0x400E0A08)
T4650 3472:743.830   Data:  00 00 00 00
T4650 3472:743.876 - 0.923ms returns 0
T4650 3472:749.522 JLINK_ReadMemHW(0x400E0A08, 0x0004 Bytes, ...)
T4650 3472:749.575   CPU_ReadMem(4 bytes @ 0x400E0A08)
T4650 3472:750.358   Data:  00 00 00 00
T4650 3472:750.391 - 0.873ms returns 0
T4650 3472:769.508 JLINK_ReadMemHW(0x400E0A08, 0x0004 Bytes, ...)
T4650 3472:769.562   CPU_ReadMem(4 bytes @ 0x400E0A08)
T4650 3472:770.384   Data:  00 00 00 00
T4650 3472:770.417 - 0.912ms returns 0
T4334 3472:828.116 JLINK_IsHalted()
T4334 3472:828.738 - 0.646ms returns TRUE
T4650 3472:835.619 JLINK_ReadMemHW(0x400E0A08, 0x0004 Bytes, ...)
T4650 3472:835.669   CPU_ReadMem(4 bytes @ 0x400E0A08)
T4650 3472:836.438   Data:  00 00 00 00
T4650 3472:836.485 - 0.871ms returns 0
T4334 3473:028.527 JLINK_IsHalted()
T4334 3473:028.571 - 0.049ms returns TRUE
T4650 3473:096.177 JLINK_ReadMemHW(0x400E0A08, 0x0004 Bytes, ...)
T4650 3473:096.221   CPU_ReadMem(4 bytes @ 0x400E0A08)
T4650 3473:097.013   Data:  01 00 00 00
T4650 3473:097.046 - 0.873ms returns 0
T4334 3473:229.110 JLINK_IsHalted()
T4334 3473:229.155 - 0.049ms returns TRUE
T4650 3473:230.039 JLINK_ResetPullsRESET(ON)
T4650 3473:230.088 - 0.072ms
T4650 3473:230.136 JLINK_ResetNoHalt()
T4650 3473:231.822   TotalIRLen = 4, IRPrint = 0x01
T4650 3473:232.549   JTAG chain detection found 1 devices:
T4650 3473:232.585    #0 Id: 0x4BA00477, IRLen: 04, CoreSight JTAG-DP
T4650 3473:236.579   Old FW that does not support reading DPIDR via DAP jobs
T4650 3473:239.809   DPv0 detected
T4650 3473:239.837   AP map detection skipped. Manually configured AP map found.
T4650 3473:239.874   AP[0]: AHB-AP (IDR: Not set)
T4650 3473:244.617   AP[0]: Core found
T4650 3473:244.645   AP[0]: AHB-AP ROM base: 0xE00FF000
T4650 3473:246.838   CPUID register: 0x410FC241. Implementer code: 0x41 (ARM)
T4650 3473:246.879   Found Cortex-M4 r0p1, Little endian.
T4650 3473:247.025   -- Max. mem block: 0x00001F48
T4650 3473:247.046   CPU_ReadMem(4 bytes @ 0xE000EDF0)
T4650 3473:247.482   CPU_ReadMem(4 bytes @ 0xE0002000)
T4650 3473:248.004   FPUnit: 6 code (BP) slots and 2 literal slots
T4650 3473:248.020   CPU_ReadMem(4 bytes @ 0xE000EDFC)
T4650 3473:248.501   CPU_ReadMem(4 bytes @ 0xE0001000)
T4650 3473:249.002   CPU_ReadMem(4 bytes @ 0xE000ED88)
T4650 3473:249.571   CPU_WriteMem(4 bytes @ 0xE000ED88)
T4650 3473:249.938   CPU_ReadMem(4 bytes @ 0xE000ED88)
T4650 3473:250.439   CPU_WriteMem(4 bytes @ 0xE000ED88)
T4650 3473:250.869   CoreSight components:
T4650 3473:250.896   ROMTbl[0] @ E00FF000
T4650 3473:250.916   CPU_ReadMem(64 bytes @ 0xE00FF000)
T4650 3473:252.199   CPU_ReadMem(32 bytes @ 0xE000EFE0)
T4650 3473:252.934   ROMTbl[0][0]: E000E000, CID: B105E00D, PID: 000BB000 SCS
T4650 3473:252.953   CPU_WriteMem(4 bytes @ 0xE0001000)
T4650 3473:253.366   CPU_ReadMem(32 bytes @ 0xE0001FE0)
T4650 3473:254.109   ROMTbl[0][1]: E0001000, CID: B105E00D, PID: 003BB002 DWT
T4650 3473:254.128   CPU_ReadMem(32 bytes @ 0xE0002FE0)
T4650 3473:254.784   ROMTbl[0][2]: E0002000, CID: B105E00D, PID: 002BB003 FPB
T4650 3473:254.803   CPU_ReadMem(32 bytes @ 0xE0000FE0)
T4650 3473:255.544   ROMTbl[0][3]: E0000000, CID: B105E00D, PID: 003BB001 ITM
T4650 3473:255.563   CPU_ReadMem(32 bytes @ 0xE0040FE0)
T4650 3473:256.187   ROMTbl[0][4]: E0040000, CID: B105900D, PID: 000BB9A1 TPIU
T4650 3473:256.223   JLINK_Reset()
T4650 3473:256.424     CPU_ReadMem(16 bytes @ 0x20000000)
T4650 3473:256.982     CPU_WriteMem(16 bytes @ 0x20000000)
T4650 3473:257.513     CPU_ReadMem(4 bytes @ 0xE000EDFC)
T4650 3473:258.026     CPU_WriteMem(4 bytes @ 0xE000EDFC)
T4650 3473:258.420     CPU_ReadMem(4 bytes @ 0xE0001000)
T4650 3473:258.911     CPU_WriteMem(4 bytes @ 0xE0001004)
T4650 3473:274.022     CPU_WriteMem(4 bytes @ 0xE000EDFC)
T4650 3473:274.705     CPU_WriteMem(16 bytes @ 0x20000000)
T4650 3473:278.803     CPU_WriteMem(4 bytes @ 0xE0002000)
T4650 3473:279.338     CPU_ReadMem(4 bytes @ 0xE000EDFC)
T4650 3473:280.031     CPU_ReadMem(4 bytes @ 0xE0001000)
T4650 3473:280.661   - 24.450ms
T4650 3473:280.682   JLINK_Go()
T4650 3473:280.694     CPU_ReadMem(4 bytes @ 0xE0001000)
T4650 3473:281.370     CPU_WriteMem(4 bytes @ 0xE0001004)
T4650 3473:282.526   - 1.857ms
T4650 3473:282.544 - 52.411ms
T4650 3473:287.064 JLINK_TIF_Select(JLINKARM_TIF_JTAG)
T4650 3473:287.130 - 0.073ms returns 0x00
T4650 3473:287.150 JLINK_ConfigJTAG(IRPre = 0, DRPre = 0)
T4650 3473:287.184 - 0.065ms
T4650 3473:287.228 JLINK_SetSpeed(4000)
T4650 3473:287.389 - 0.179ms
T4650 3473:287.417 JLINK_ResetPullsRESET(OFF)
T4650 3473:287.427 - 0.014ms
T4650 3473:287.438 JLINK_Connect()
T4650 3473:288.853   TotalIRLen = 4, IRPrint = 0x01
T4650 3473:289.492   JTAG chain detection found 1 devices:
T4650 3473:289.534    #0 Id: 0x4BA00477, IRLen: 04, CoreSight JTAG-DP
T4650 3473:293.543   Old FW that does not support reading DPIDR via DAP jobs
T4650 3473:296.767   DPv0 detected
T4650 3473:296.793   AP map detection skipped. Manually configured AP map found.
T4650 3473:296.832   AP[0]: AHB-AP (IDR: Not set)
T4650 3473:301.384   AP[0]: Core found
T4650 3473:301.411   AP[0]: AHB-AP ROM base: 0xE00FF000
T4650 3473:303.602   CPUID register: 0x410FC241. Implementer code: 0x41 (ARM)
T4650 3473:303.642   Found Cortex-M4 r0p1, Little endian.
T4650 3473:303.796   -- Max. mem block: 0x00001F48
T4650 3473:303.816   CPU_ReadMem(4 bytes @ 0xE000EDF0)
T4650 3473:304.272   CPU_ReadMem(4 bytes @ 0xE0002000)
T4650 3473:304.765   FPUnit: 6 code (BP) slots and 2 literal slots
T4650 3473:304.781   CPU_ReadMem(4 bytes @ 0xE000EDFC)
T4650 3473:305.269   CPU_ReadMem(4 bytes @ 0xE0001000)
T4650 3473:305.702   CPU_WriteMem(4 bytes @ 0xE0001000)
T4650 3473:306.063   CPU_ReadMem(4 bytes @ 0xE000ED88)
T4650 3473:306.504   CPU_WriteMem(4 bytes @ 0xE000ED88)
T4650 3473:306.948   CPU_ReadMem(4 bytes @ 0xE000ED88)
T4650 3473:307.442   CPU_WriteMem(4 bytes @ 0xE000ED88)
T4650 3473:307.818   CoreSight components:
T4650 3473:307.842   ROMTbl[0] @ E00FF000
T4650 3473:307.855   CPU_ReadMem(64 bytes @ 0xE00FF000)
T4650 3473:309.010   CPU_ReadMem(32 bytes @ 0xE000EFE0)
T4650 3473:309.658   ROMTbl[0][0]: E000E000, CID: B105E00D, PID: 000BB000 SCS
T4650 3473:309.675   CPU_ReadMem(32 bytes @ 0xE0001FE0)
T4650 3473:310.299   ROMTbl[0][1]: E0001000, CID: B105E00D, PID: 003BB002 DWT
T4650 3473:310.316   CPU_ReadMem(32 bytes @ 0xE0002FE0)
T4650 3473:310.950   ROMTbl[0][2]: E0002000, CID: B105E00D, PID: 002BB003 FPB
T4650 3473:310.967   CPU_ReadMem(32 bytes @ 0xE0000FE0)
T4650 3473:311.639   ROMTbl[0][3]: E0000000, CID: B105E00D, PID: 003BB001 ITM
T4650 3473:311.659   CPU_ReadMem(32 bytes @ 0xE0040FE0)
T4650 3473:312.337   ROMTbl[0][4]: E0040000, CID: B105900D, PID: 000BB9A1 TPIU
T4650 3473:312.358 - 24.924ms returns 0x00
T4650 3473:312.432 JLINK_Halt()
T4650 3473:315.681 - 3.259ms returns 0x00
T4650 3473:315.797 JLINK_BeginDownload(Flags = 0x00000000)
T4650 3473:315.809 - 0.015ms
T4650 3473:315.831 JLINK_WriteMem(0x400E0A04, 0x4 Bytes, ...)
T4650 3473:315.841   Data:  0B 01 00 5A
T4650 3473:315.974   CPU_WriteMem(4 bytes @ 0x400E0A04)
T4650 3473:316.405 - 0.583ms returns 0x4
T4650 3473:316.444 JLINK_EndDownload()
T4650 3473:316.455 - 0.015ms returns 0 (0x0)
T4650 3473:316.465 JLINK_ReadMemHW(0x400E0A08, 0x0004 Bytes, ...)
T4650 3473:316.492   CPU_ReadMem(4 bytes @ 0x400E0A08)
T4650 3473:317.049   Data:  01 00 00 00
T4650 3473:317.068 - 0.606ms returns 0
T4650 3473:317.101 JLINK_BeginDownload(Flags = 0x00000000)
T4650 3473:317.116 - 0.019ms
T4650 3473:317.140 JLINK_WriteMem(0x400E0A04, 0x4 Bytes, ...)
T4650 3473:317.149   Data:  0C 02 00 5A
T4650 3473:317.167   CPU_WriteMem(4 bytes @ 0x400E0A04)
T4650 3473:317.619 - 0.489ms returns 0x4
T4650 3473:317.657 JLINK_EndDownload()
T4650 3473:317.669 - 0.015ms returns 0 (0x0)
T4650 3473:317.679 JLINK_ReadMemHW(0x400E0A08, 0x0004 Bytes, ...)
T4650 3473:317.690   CPU_ReadMem(4 bytes @ 0x400E0A08)
T4650 3473:318.295   Data:  01 00 00 00
T4650 3473:318.314 - 0.638ms returns 0
T4650 3473:318.349 JLINK_SetResetType(JLINKARM_CM3_RESET_TYPE_NORMAL)
T4650 3473:318.359 - 0.014ms returns JLINKARM_CM3_RESET_TYPE_NORMAL
T4650 3473:318.369 JLINK_Reset()
T4650 3473:318.383   CPU_ReadMem(16 bytes @ 0x20000000)
T4650 3473:319.143   CPU_WriteMem(16 bytes @ 0x20000000)
T4650 3473:319.742   CPU_ReadMem(4 bytes @ 0xE000EDFC)
T4650 3473:320.363   CPU_WriteMem(4 bytes @ 0xE000EDFC)
T4650 3473:320.936   CPU_ReadMem(4 bytes @ 0xE0001000)
T4650 3473:337.153   CPU_WriteMem(4 bytes @ 0xE000EDFC)
T4650 3473:337.878   CPU_WriteMem(16 bytes @ 0x20000000)
T4650 3473:342.365   CPU_WriteMem(4 bytes @ 0xE0002000)
T4650 3473:343.035   CPU_ReadMem(4 bytes @ 0xE000EDFC)
T4650 3473:343.846   CPU_ReadMem(4 bytes @ 0xE0001000)
T4650 3473:344.651 - 26.307ms
T4650 3473:346.015 JLINK_JTAG_GetDeviceID(DeviceIndex = 0)
T4650 3473:346.034 - 0.023ms returns 1268778103
T4650 3473:346.046 JLINK_ReadMemU32(0x400E0740, 0x1 Items)
T4650 3473:346.065   CPU_ReadMem(4 bytes @ 0x400E0740)
T4650 3473:346.569   Data:  E0 0E A7 29
T4650 3473:346.587 - 0.545ms returns 1 (0x1)
T4650 3473:346.617 JLINK_ReadMemU32(0x400E0744, 0x1 Items)
T4650 3473:346.667   CPU_ReadMem(4 bytes @ 0x400E0744)
T4650 3473:347.170   Data:  00 00 00 00
T4650 3473:347.188 - 0.576ms returns 1 (0x1)
T3BDC 3473:355.650 JLINK_IsHalted()
T3BDC 3473:355.673 - 0.027ms returns TRUE
T3BDC 3473:355.685 JLINK_GetMOEs(...)
T3BDC 3473:355.698   CPU_ReadMem(4 bytes @ 0xE000ED30)
T3BDC 3473:356.354 - 0.680ms returns 0x01
T3BDC 3473:356.376 JLINK_ReadReg(R15 (PC))
T3BDC 3473:356.388 - 0.017ms returns 0xFFFFFFFE
T4650 3473:488.733 JLINK_BeginDownload(Flags = 0x00000000)
T4650 3473:488.776 - 0.049ms
T4650 3473:488.802 JLINK_WriteMem(0x00400000, 0x4000 Bytes, ...)
T4650 3473:488.813   Data:  88 3E 00 20 99 11 40 00 95 11 40 00 95 11 40 00 ...
T4650 3473:489.381   completely In flash
T4650 3473:489.430    -- Read from flash cache (16384 bytes @ 0x00400000)
T4650 3473:489.446 - 0.648ms returns 0x4000
T4650 3473:489.486 JLINK_WriteMem(0x00404000, 0x29F4 Bytes, ...)
T4650 3473:489.496   Data:  0F 2A F3 DD 70 46 3C 69 DF F8 E4 E2 74 45 00 F0 ...
T4650 3473:489.535   completely In flash
T4650 3473:489.562    -- Read from flash cache (10740 bytes @ 0x00404000)
T4650 3473:489.578 - 0.098ms returns 0x29F4
T4650 3473:489.983 JLINK_WriteMem(0x004069F4, 0x8 Bytes, ...)
T4650 3473:490.004   Data:  E0 F2 FF 7F 01 00 00 00
T4650 3473:490.043   completely In flash
T4650 3473:490.065 - 0.089ms returns 0x8
T4650 3473:490.248 JLINK_WriteMem(0x004069FC, 0x9B8 Bytes, ...)
T4650 3473:490.272   Data:  F0 00 00 00 40 01 00 00 00 09 3D 00 10 00 00 20 ...
T4650 3473:490.310   completely In flash
T4650 3473:490.340    -- Read from flash cache (2488 bytes @ 0x004069FC)
T4650 3473:490.364 - 0.123ms returns 0x9B8
T4650 3473:495.221 JLINK_EndDownload()
T4650 3473:495.531   Old firmware which does not support pausing periodic actions during flash download
T4650 3473:495.561   CPU_ReadMem(4 bytes @ 0xE000ED90)
T4650 3473:496.269   CPU_ReadMem(4 bytes @ 0xE000ED94)
T4650 3473:512.080    -- --------------------------------------
T4650 3473:512.124   Flash bank @ 0x00400000: Default: L2 verify disabled because algorithm performs L1 verify
T4650 3473:512.137    -- Start of determining dirty areas in flash cache
T4650 3473:512.605    -- End of determining dirty areas
T4650 3473:512.621    -- Start of preparing flash programming
T4650 3473:512.640    -- Calculating RAM usage
T4650 3473:551.250    -- RAM usage = 4060 Bytes
T4650 3473:551.288    -- Preserving CPU registers
T4650 3473:561.794    -- Preparing memory
T4650 3473:561.829    -- Preparing target
T4650 3473:728.325    -- Preserving target RAM temporarily used for programming
T4650 3473:741.248    -- Downloading RAMCode
T4650 3473:753.014    -- Preparing RAMCode
T4650 3473:758.469    -- Checking target RAM
T4650 3473:759.562    -- End of preparing flash programming
T4650 3473:759.691   Looking for J-Link GUI Server exe at: S:\Program Files (x86)\Atmel\Studio\7.0\atbackend\JLinkGUIServer.exe
T4650 3473:759.784   Looking for J-Link GUI Server exe at: \JLinkGUIServer.exe
T4650 3474:060.980   Failed to connect to J-Link GUI Server.
T4650 3474:068.794    -- CPU is running at 90000 kHz.
T4650 3474:068.863    -- Start of comparing flash
T4650 3474:068.878    -- CRC check was estimated as fastest method
T4650 3474:068.894    -- Comparing range 0x400000 - 0x403FFF (32 Sectors, 16 KiB), using multi-block CRC calculation
T4650 3474:073.235    -- CRC does not match for sectors 0-31
T4650 3474:073.263    -- Comparing range 0x404000 - 0x407FFF (4 Sectors, 16 KiB), using multi-block CRC calculation
T4650 3474:076.198    -- CRC does not match for sectors 0-3
T4650 3474:076.221    -- End of comparing flash
T4650 3474:076.234    -- Start of erasing sectors
T4650 3474:076.246    -- End of erasing sectors
T4650 3474:076.258    -- Start of flash programming
T4650 3474:076.271    -- Programming range 0x00400000 - 0x00403FFF ( 32 Sectors, 16 KB)
T4650 3474:144.138    -- Programming range 0x00404000 - 0x00407FFF (  4 Sectors, 16 KB)
T4650 3474:203.757    -- End of flash programming
T4650 3474:203.791    -- 0x400000 - 0x403FFF ( 32 Sectors, 16 KoB)
T4650 3474:203.817    -- 0x404000 - 0x407FFF (  4 Sectors, 16 KoB)
T4650 3474:203.829    -- Start of restoring
T4650 3474:203.857    -- Restoring RAMCode
T4650 3474:216.333    -- Restoring target memory
T4650 3474:229.006    -- Restore target
T4650 3474:281.319    -- Restore memory
T4650 3474:281.355    -- Restoring CPU registers
T4650 3474:281.381    -- End of restoring
T4650 3474:281.437    -- Bank 0 @ 0x00400000: 2 ranges affected (32768 bytes)
T4650 3474:281.473    -- Total: 0.768s (Prepare: 0.556s, Compare: 0.007s, Erase: 0.000s, Program & Verify: 0.135s, Restore: 0.069s)
T4650 3474:281.502    -- Program & Verify speed: 236 KiB/s
T4650 3474:283.429 - 788.248ms returns 32768 (0x8000)
T4650 3474:284.439 JLINK_SetResetType(JLINKARM_CM3_RESET_TYPE_NORMAL)
T4650 3474:284.486 - 0.050ms returns JLINKARM_CM3_RESET_TYPE_NORMAL
T4650 3474:284.497 JLINK_Reset()
T4650 3474:284.953   CPU_ReadMem(16 bytes @ 0x20000000)
T4650 3474:285.595   CPU_WriteMem(16 bytes @ 0x20000000)
T4650 3474:286.205   CPU_ReadMem(4 bytes @ 0xE000EDFC)
T4650 3474:286.676   CPU_WriteMem(4 bytes @ 0xE000EDFC)
T4650 3474:287.041   CPU_ReadMem(4 bytes @ 0xE0001000)
T4650 3474:303.875   CPU_WriteMem(4 bytes @ 0xE000EDFC)
T4650 3474:304.467   CPU_WriteMem(16 bytes @ 0x20000000)
T4650 3474:308.440   CPU_WriteMem(4 bytes @ 0xE0002000)
T4650 3474:308.952   CPU_ReadMem(4 bytes @ 0xE000EDFC)
T4650 3474:309.571   CPU_ReadMem(4 bytes @ 0xE0001000)
T4650 3474:310.170 - 25.682ms
T3BDC 3474:361.424 JLINK_IsHalted()
T3BDC 3474:361.456 - 0.036ms returns TRUE
T30C8 3474:531.814 JLINK_Halt()
T30C8 3474:531.834 - 0.024ms returns 0x00
T30C8 3474:542.604 JLINK_ReadReg(R15 (PC))
T30C8 3474:542.638 - 0.038ms returns 0x00401198
T30C8 3474:542.659 JLINK_ReadReg(R13 (SP))
T30C8 3474:542.669 - 0.014ms returns 0x20003E88
T30C8 3474:548.495 JLINK_ReadMemHW(0x00401198, 0x0004 Bytes, ...)
T30C8 3474:548.525   CPU_ReadMem(4 bytes @ 0x00401198)
T30C8 3474:549.086   Data:  08 B5 21 4B
T30C8 3474:549.105 - 0.614ms returns 0
T30C8 3474:549.551 JLINK_ReadReg(R0)
T30C8 3474:549.589 - 0.045ms returns 0x400E1400
T30C8 3474:549.613 JLINK_ReadReg(R1)
T30C8 3474:549.626 - 0.017ms returns 0x40C00000
T30C8 3474:549.639 JLINK_ReadReg(R2)
T30C8 3474:549.647 - 0.012ms returns 0xA5000005
T30C8 3474:549.658 JLINK_ReadReg(R3)
T30C8 3474:549.667 - 0.012ms returns 0x00000000
T30C8 3474:549.683 JLINK_ReadReg(R4)
T30C8 3474:549.694 - 0.014ms returns 0x20000A9C
T30C8 3474:549.705 JLINK_ReadReg(R5)
T30C8 3474:549.713 - 0.012ms returns 0x20000AA0
T30C8 3474:549.725 JLINK_ReadReg(R6)
T30C8 3474:549.733 - 0.012ms returns 0x400E0E00
T30C8 3474:549.744 JLINK_ReadReg(R7)
T30C8 3474:549.752 - 0.012ms returns 0x20000A94
T30C8 3474:549.764 JLINK_ReadReg(R8)
T30C8 3474:549.773 - 0.012ms returns 0x20000A98
T30C8 3474:549.784 JLINK_ReadReg(R9)
T30C8 3474:549.792 - 0.012ms returns 0x00404138
T30C8 3474:549.803 JLINK_ReadReg(R10)
T30C8 3474:549.812 - 0.012ms returns 0x20003A7C
T30C8 3474:549.824 JLINK_ReadReg(R11)
T30C8 3474:549.832 - 0.012ms returns 0x0E926408
T30C8 3474:549.843 JLINK_ReadReg(R12)
T30C8 3474:549.852 - 0.012ms returns 0xFFFFFFFF
T30C8 3474:549.863 JLINK_ReadReg(R13 (SP))
T30C8 3474:549.871 - 0.012ms returns 0x20003E88
T30C8 3474:549.883 JLINK_ReadReg(R14)
T30C8 3474:549.892 - 0.012ms returns 0xFFFFFFFF
T30C8 3474:549.905 JLINK_ReadReg(R15 (PC))
T30C8 3474:549.914 - 0.012ms returns 0x00401198
T30C8 3474:549.932 JLINK_ReadReg(XPSR)
T30C8 3474:549.941 - 0.012ms returns 0x01000000
T30C8 3474:549.953 JLINK_ReadReg(MSP)
T30C8 3474:549.961 - 0.012ms returns 0x20003E88
T30C8 3474:549.972 JLINK_ReadReg(PSP)
T30C8 3474:549.980 - 0.012ms returns 0x8808D4DC
T30C8 3474:549.992 JLINK_ReadReg(PRIMASK)
T30C8 3474:550.000 - 0.012ms returns 0x00000000
T30C8 3474:550.044 JLINK_ReadReg(BASEPRI)
T30C8 3474:550.054 - 0.014ms returns 0x00000000
T30C8 3474:550.089 JLINK_ReadReg(FAULTMASK)
T30C8 3474:550.098 - 0.013ms returns 0x00000000
T30C8 3474:550.110 JLINK_ReadReg(CONTROL)
T30C8 3474:550.119 - 0.013ms returns 0x00000000
T30C8 3474:550.465 JLINK_ReadMemHW(0x00401198, 0x0002 Bytes, ...)
T30C8 3474:550.484   CPU_ReadMem(2 bytes @ 0x00401198)
T30C8 3474:550.975   Data:  08 B5
T30C8 3474:550.994 - 0.533ms returns 0
T3BDC 3474:563.244 JLINK_IsHalted()
T3BDC 3474:563.278 - 0.038ms returns TRUE
T30C8 3474:625.525 JLINK_ReadReg(R0)
T30C8 3474:625.555 - 0.050ms returns 0x400E1400
T30C8 3474:625.598 JLINK_ReadReg(R1)
T30C8 3474:625.623 - 0.028ms returns 0x40C00000
T30C8 3474:625.648 JLINK_ReadReg(R2)
T30C8 3474:625.672 - 0.027ms returns 0xA5000005
T30C8 3474:625.683 JLINK_ReadReg(R3)
T30C8 3474:625.692 - 0.012ms returns 0x00000000
T30C8 3474:625.703 JLINK_ReadReg(R4)
T30C8 3474:625.712 - 0.013ms returns 0x20000A9C
T30C8 3474:625.724 JLINK_ReadReg(R5)
T30C8 3474:625.733 - 0.013ms returns 0x20000AA0
T30C8 3474:625.744 JLINK_ReadReg(R6)
T30C8 3474:625.753 - 0.012ms returns 0x400E0E00
T30C8 3474:625.764 JLINK_ReadReg(R7)
T30C8 3474:625.773 - 0.012ms returns 0x20000A94
T30C8 3474:625.784 JLINK_ReadReg(R8)
T30C8 3474:625.793 - 0.025ms returns 0x20000A98
T30C8 3474:625.817 JLINK_ReadReg(R9)
T30C8 3474:625.826 - 0.015ms returns 0x00404138
T30C8 3474:625.840 JLINK_ReadReg(R10)
T30C8 3474:625.848 - 0.012ms returns 0x20003A7C
T30C8 3474:625.859 JLINK_ReadReg(R11)
T30C8 3474:625.868 - 0.012ms returns 0x0E926408
T30C8 3474:625.879 JLINK_ReadReg(R12)
T30C8 3474:625.887 - 0.012ms returns 0xFFFFFFFF
T30C8 3474:625.898 JLINK_ReadReg(R13 (SP))
T30C8 3474:625.906 - 0.012ms returns 0x20003E88
T30C8 3474:625.917 JLINK_ReadReg(R14)
T30C8 3474:625.926 - 0.012ms returns 0xFFFFFFFF
T30C8 3474:625.937 JLINK_ReadReg(R15 (PC))
T30C8 3474:625.945 - 0.012ms returns 0x00401198
T30C8 3474:625.964 JLINK_ReadReg(XPSR)
T30C8 3474:625.972 - 0.012ms returns 0x01000000
T30C8 3474:625.983 JLINK_ReadReg(MSP)
T30C8 3474:625.992 - 0.012ms returns 0x20003E88
T30C8 3474:626.003 JLINK_ReadReg(PSP)
T30C8 3474:626.011 - 0.012ms returns 0x8808D4DC
T30C8 3474:626.022 JLINK_ReadReg(PRIMASK)
T30C8 3474:626.031 - 0.012ms returns 0x00000000
T30C8 3474:626.055 JLINK_ReadReg(BASEPRI)
T30C8 3474:626.063 - 0.012ms returns 0x00000000
T30C8 3474:626.074 JLINK_ReadReg(FAULTMASK)
T30C8 3474:626.082 - 0.012ms returns 0x00000000
T30C8 3474:626.093 JLINK_ReadReg(CONTROL)
T30C8 3474:626.101 - 0.012ms returns 0x00000000
T30C8 3474:631.594 JLINK_ReadMemHW(0x00401198, 0x0004 Bytes, ...)
T30C8 3474:631.719   CPU_ReadMem(4 bytes @ 0x00401198)
T30C8 3474:632.440   Data:  08 B5 21 4B
T30C8 3474:632.472 - 0.881ms returns 0
T30C8 3474:672.701 JLINK_SetResetType(JLINKARM_CM3_RESET_TYPE_NORMAL)
T30C8 3474:672.727 - 0.034ms returns JLINKARM_CM3_RESET_TYPE_NORMAL
T30C8 3474:672.745 JLINK_Reset()
T30C8 3474:672.780   CPU_ReadMem(16 bytes @ 0x20000000)
T30C8 3474:673.426   CPU_WriteMem(16 bytes @ 0x20000000)
T30C8 3474:673.971   CPU_ReadMem(4 bytes @ 0xE000EDFC)
T30C8 3474:674.504   CPU_WriteMem(4 bytes @ 0xE000EDFC)
T30C8 3474:674.974   CPU_ReadMem(4 bytes @ 0xE0001000)
T30C8 3474:675.599   CPU_WriteMem(4 bytes @ 0xE0001004)
T30C8 3474:690.989   CPU_WriteMem(4 bytes @ 0xE000EDFC)
T30C8 3474:691.675   CPU_WriteMem(16 bytes @ 0x20000000)
T30C8 3474:695.965   CPU_WriteMem(4 bytes @ 0xE0002000)
T30C8 3474:696.448   CPU_ReadMem(4 bytes @ 0xE000EDFC)
T30C8 3474:697.097   CPU_ReadMem(4 bytes @ 0xE0001000)
T30C8 3474:697.722 - 24.989ms
T3BDC 3474:697.848 JLINK_IsHalted()
T3BDC 3474:697.867 - 0.022ms returns TRUE
T3BDC 3474:697.879 JLINK_GetMOEs(...)
T3BDC 3474:697.891   CPU_ReadMem(4 bytes @ 0xE000ED30)
T3BDC 3474:698.488 - 0.621ms returns 0x01
T3BDC 3474:698.511 JLINK_ReadReg(R15 (PC))
T3BDC 3474:698.524 - 0.017ms returns 0x00401198
T30C8 3474:707.915 JLINK_ReadReg(R15 (PC))
T30C8 3474:707.945 - 0.035ms returns 0x00401198
T30C8 3474:707.964 JLINK_ReadReg(R13 (SP))
T30C8 3474:707.975 - 0.014ms returns 0x20003E88
T30C8 3474:708.362 JLINK_ReadMemHW(0x00401198, 0x0004 Bytes, ...)
T30C8 3474:708.388   CPU_ReadMem(4 bytes @ 0x00401198)
T30C8 3474:708.946   Data:  08 B5 21 4B
T30C8 3474:708.963 - 0.605ms returns 0
T30C8 3474:765.777 JLINK_ReadMemHW(0x00401644, 0x0001 Bytes, ...)
T30C8 3474:765.813   CPU_ReadMem(1 bytes @ 0x00401644)
T30C8 3474:766.398   Data:  08
T30C8 3474:766.420 - 0.647ms returns 0
T3BDC 3474:899.700 JLINK_IsHalted()
T3BDC 3474:899.730 - 0.035ms returns TRUE
T30C8 3474:953.246 JLINK_ReadReg(R15 (PC))
T30C8 3474:953.275 - 0.036ms returns 0x00401198
T30C8 3474:954.319 JLINK_GetNumBPUnits(Type = 0xFFFFFF02)
T30C8 3474:954.335 - 0.039ms returns 0x06
T30C8 3474:954.365 JLINK_SetBPEx(Addr = 0x00401644, Type = 0xFFFFFFF2)
T30C8 3474:954.377 - 0.015ms returns 0x00000001
T30C8 3474:954.388 JLINK_GetBPInfo(BPHandle = 1)
T30C8 3474:954.420 - 0.040ms returns 0x0
T30C8 3474:954.642 JLINK_Go()
T30C8 3474:954.690   CPU_ReadMem(4 bytes @ 0xE0001000)
T30C8 3474:955.207   CPU_WriteMem(4 bytes @ 0xE000ED30)
T30C8 3474:955.654   CPU_WriteMem(4 bytes @ 0xE0002008)
T30C8 3474:955.673   CPU_WriteMem(4 bytes @ 0xE000200C)
T30C8 3474:955.685   CPU_WriteMem(4 bytes @ 0xE0002010)
T30C8 3474:955.697   CPU_WriteMem(4 bytes @ 0xE0002014)
T30C8 3474:955.709   CPU_WriteMem(4 bytes @ 0xE0002018)
T30C8 3474:955.721   CPU_WriteMem(4 bytes @ 0xE000201C)
T30C8 3474:957.706   CPU_WriteMem(4 bytes @ 0xE0001004)
T30C8 3474:958.487 - 3.855ms
T3BDC 3474:958.545 JLINK_IsHalted()
T3BDC 3474:958.940 - 0.404ms returns FALSE
T3BDC 3474:978.826 JLINK_IsHalted()
T3BDC 3474:982.315 - 3.513ms returns TRUE
T3BDC 3474:982.351 JLINK_GetMOEs(...)
T3BDC 3474:982.364   CPU_ReadMem(4 bytes @ 0xE000ED30)
T3BDC 3474:983.180 - 0.853ms returns 0x01
T3BDC 3474:983.218 JLINK_ReadReg(R15 (PC))
T3BDC 3474:983.232 - 0.018ms returns 0x00401644
T30C8 3474:989.233 JLINK_ReadReg(R15 (PC))
T30C8 3474:989.265 - 0.036ms returns 0x00401644
T30C8 3474:989.280 JLINK_ReadReg(R13 (SP))
T30C8 3474:989.289 - 0.013ms returns 0x20003E80
T30C8 3474:989.672 JLINK_ReadMemHW(0x00401644, 0x0004 Bytes, ...)
T30C8 3474:989.696   CPU_ReadMem(4 bytes @ 0x00401644)
T30C8 3474:990.257   Data:  08 B5 09 4B
T30C8 3474:990.275 - 0.607ms returns 0
T30C8 3475:015.577 JLINK_WriteU32_64(0xE000EDFC, 0x01000000)
T30C8 3475:015.618   Debug reg: DEMCR
T30C8 3475:016.010   CPU_WriteMem(4 bytes @ 0xE000EDFC)
T30C8 3475:016.485 - 0.922ms returns 0 (0x00000000)
T30C8 3475:016.511 JLINK_ReadMem(0xE0001000, 0x4 Bytes, ...)
T30C8 3475:016.525   CPU_ReadMem(4 bytes @ 0xE0001000)
T30C8 3475:017.053   Data:  01 00 00 40
T30C8 3475:017.072   Debug reg: DWT_CTRL
T30C8 3475:017.140 - 0.633ms returns 0
T30C8 3475:017.211 JLINK_WriteU32_64(0xE0001000, 0x40000001)
T30C8 3475:017.221   Debug reg: DWT_CTRL
T30C8 3475:017.238 - 0.032ms returns 0 (0x00000000)
T30C8 3475:017.268 JLINK_WriteU32_64(0xE0001028, 0x00000100)
T30C8 3475:017.290   Debug reg: DWT_FUNC[0]
T30C8 3475:017.315 - 0.051ms returns 0 (0x00000000)
T30C8 3475:017.327 JLINK_ReadMem(0xE0001028, 0x4 Bytes, ...)
T30C8 3475:017.338   CPU_WriteMem(4 bytes @ 0xE0001028)
T30C8 3475:017.710   CPU_ReadMem(4 bytes @ 0xE0001028)
T30C8 3475:018.170   Data:  00 00 00 00
T30C8 3475:018.190   Debug reg: DWT_FUNC[0]
T30C8 3475:018.201 - 0.878ms returns 0
T30C8 3475:018.251 JLINK_WriteU32_64(0xE0001024, 0x0000001F)
T30C8 3475:018.292   Debug reg: DWT_MASK[0]
T30C8 3475:018.347 - 0.103ms returns 0 (0x00000000)
T30C8 3475:018.364 JLINK_ReadMem(0xE0001024, 0x4 Bytes, ...)
T30C8 3475:018.384   CPU_WriteMem(4 bytes @ 0xE0001024)
T30C8 3475:018.802   CPU_ReadMem(4 bytes @ 0xE0001024)
T30C8 3475:019.350   Data:  0F 00 00 00
T30C8 3475:019.368   Debug reg: DWT_MASK[0]
T30C8 3475:019.380 - 1.020ms returns 0
T30C8 3475:034.109 JLINK_WriteU32_64(0xE0001038, 0x00000100)
T30C8 3475:034.143   Debug reg: DWT_FUNC[1]
T30C8 3475:034.169 - 0.065ms returns 0 (0x00000000)
T30C8 3475:034.182 JLINK_ReadMem(0xE0001038, 0x4 Bytes, ...)
T30C8 3475:034.195   CPU_WriteMem(4 bytes @ 0xE0001038)
T30C8 3475:034.676   CPU_ReadMem(4 bytes @ 0xE0001038)
T30C8 3475:035.402   Data:  00 03 00 00
T30C8 3475:035.436   Debug reg: DWT_FUNC[1]
T30C8 3475:035.448 - 1.269ms returns 0
T30C8 3475:035.509 JLINK_WriteU32_64(0xE0001034, 0x0000001F)
T30C8 3475:035.520   Debug reg: DWT_MASK[1]
T30C8 3475:035.540 - 0.036ms returns 0 (0x00000000)
T30C8 3475:035.553 JLINK_ReadMem(0xE0001034, 0x4 Bytes, ...)
T30C8 3475:035.566   CPU_WriteMem(4 bytes @ 0xE0001034)
T30C8 3475:036.067   CPU_ReadMem(4 bytes @ 0xE0001034)
T30C8 3475:036.815   Data:  0F 00 00 00
T30C8 3475:036.849   Debug reg: DWT_MASK[1]
T30C8 3475:036.860 - 1.311ms returns 0
T30C8 3475:038.130 JLINK_WriteU32_64(0xE0001048, 0x00000100)
T30C8 3475:038.151   Debug reg: DWT_FUNC[2]
T30C8 3475:038.176 - 0.051ms returns 0 (0x00000000)
T30C8 3475:038.189 JLINK_ReadMem(0xE0001048, 0x4 Bytes, ...)
T30C8 3475:038.203   CPU_WriteMem(4 bytes @ 0xE0001048)
T30C8 3475:038.690   CPU_ReadMem(4 bytes @ 0xE0001048)
T30C8 3475:039.309   Data:  00 00 00 00
T30C8 3475:039.331   Debug reg: DWT_FUNC[2]
T30C8 3475:039.343 - 1.157ms returns 0
T30C8 3475:039.396 JLINK_WriteU32_64(0xE0001044, 0x0000001F)
T30C8 3475:039.408   Debug reg: DWT_MASK[2]
T30C8 3475:039.428 - 0.037ms returns 0 (0x00000000)
T30C8 3475:039.442 JLINK_ReadMem(0xE0001044, 0x4 Bytes, ...)
T30C8 3475:039.455   CPU_WriteMem(4 bytes @ 0xE0001044)
T30C8 3475:039.972   CPU_ReadMem(4 bytes @ 0xE0001044)
T30C8 3475:040.602   Data:  0F 00 00 00
T30C8 3475:040.623   Debug reg: DWT_MASK[2]
T30C8 3475:040.635 - 1.197ms returns 0
T30C8 3475:040.686 JLINK_WriteU32_64(0xE0001058, 0x00000100)
T30C8 3475:040.697   Debug reg: DWT_FUNC[3]
T30C8 3475:040.717 - 0.036ms returns 0 (0x00000000)
T30C8 3475:040.730 JLINK_ReadMem(0xE0001058, 0x4 Bytes, ...)
T30C8 3475:040.742   CPU_WriteMem(4 bytes @ 0xE0001058)
T30C8 3475:041.247   CPU_ReadMem(4 bytes @ 0xE0001058)
T30C8 3475:041.875   Data:  00 00 00 00
T30C8 3475:041.896   Debug reg: DWT_FUNC[3]
T30C8 3475:041.907 - 1.181ms returns 0
T30C8 3475:041.953 JLINK_WriteU32_64(0xE0001054, 0x0000001F)
T30C8 3475:041.963   Debug reg: DWT_MASK[3]
T30C8 3475:041.980 - 0.032ms returns 0 (0x00000000)
T30C8 3475:041.991 JLINK_ReadMem(0xE0001054, 0x4 Bytes, ...)
T30C8 3475:042.003   CPU_WriteMem(4 bytes @ 0xE0001054)
T30C8 3475:042.486   CPU_ReadMem(4 bytes @ 0xE0001054)
T30C8 3475:042.967   Data:  0F 00 00 00
T30C8 3475:042.984   Debug reg: DWT_MASK[3]
T30C8 3475:042.995 - 1.008ms returns 0
T30C8 3475:043.044 JLINK_WriteU32_64(0xE0001020, 0x00000000)
T30C8 3475:043.055   Debug reg: DWT_COMP[0]
T30C8 3475:043.071 - 0.060ms returns 0 (0x00000000)
T30C8 3475:043.147 JLINK_WriteU32_64(0xE0001024, 0x00000000)
T30C8 3475:043.264   Debug reg: DWT_MASK[0]
T30C8 3475:043.300 - 0.161ms returns 0 (0x00000000)
T30C8 3475:043.346 JLINK_WriteU32_64(0xE0001028, 0x00000000)
T30C8 3475:043.365   Debug reg: DWT_FUNC[0]
T30C8 3475:043.388 - 0.050ms returns 0 (0x00000000)
T30C8 3475:043.432 JLINK_WriteU32_64(0xE0001030, 0x00000000)
T30C8 3475:043.450   Debug reg: DWT_COMP[1]
T30C8 3475:043.474 - 0.050ms returns 0 (0x00000000)
T30C8 3475:043.515 JLINK_WriteU32_64(0xE0001034, 0x00000000)
T30C8 3475:043.532   Debug reg: DWT_MASK[1]
T30C8 3475:043.558 - 0.051ms returns 0 (0x00000000)
T30C8 3475:043.598 JLINK_WriteU32_64(0xE0001038, 0x00000000)
T30C8 3475:043.616   Debug reg: DWT_FUNC[1]
T30C8 3475:043.655 - 0.064ms returns 0 (0x00000000)
T30C8 3475:043.696 JLINK_WriteU32_64(0xE0001040, 0x00000000)
T30C8 3475:043.715   Debug reg: DWT_COMP[2]
T30C8 3475:043.741 - 0.053ms returns 0 (0x00000000)
T30C8 3475:043.780 JLINK_WriteU32_64(0xE0001044, 0x00000000)
T30C8 3475:043.792   Debug reg: DWT_MASK[2]
T30C8 3475:043.807 - 0.031ms returns 0 (0x00000000)
T30C8 3475:043.833 JLINK_WriteU32_64(0xE0001048, 0x00000000)
T30C8 3475:043.842   Debug reg: DWT_FUNC[2]
T30C8 3475:043.856 - 0.027ms returns 0 (0x00000000)
T30C8 3475:043.880 JLINK_WriteU32_64(0xE0001050, 0x00000000)
T30C8 3475:043.889   Debug reg: DWT_COMP[3]
T30C8 3475:043.902 - 0.027ms returns 0 (0x00000000)
T30C8 3475:043.926 JLINK_WriteU32_64(0xE0001054, 0x00000000)
T30C8 3475:043.935   Debug reg: DWT_MASK[3]
T30C8 3475:043.949 - 0.027ms returns 0 (0x00000000)
T30C8 3475:043.975 JLINK_WriteU32_64(0xE0001058, 0x00000000)
T30C8 3475:043.984   Debug reg: DWT_FUNC[3]
T30C8 3475:043.998 - 0.027ms returns 0 (0x00000000)
T30C8 3475:044.010 JLINK_GetBPInfo(BPHandle = 1)
T30C8 3475:044.018 - 0.012ms returns 0x0
T30C8 3475:044.028 JLINK_ClrBPEx(BPHandle = 0x00000001)
T30C8 3475:044.037 - 0.012ms returns 0x00
T30C8 3475:044.066 JLINK_ReadReg(R15 (PC))
T30C8 3475:044.076 - 0.014ms returns 0x00401644
T30C8 3475:044.239 JLINK_Go()
T30C8 3475:044.268   CPU_WriteMem(4 bytes @ 0xE0001000)
T30C8 3475:044.683   CPU_ReadMem(4 bytes @ 0xE0001000)
T30C8 3475:045.139   CPU_WriteMem(4 bytes @ 0xE000ED30)
T30C8 3475:045.533   CPU_WriteMem(4 bytes @ 0xE0001020)
T30C8 3475:045.551   CPU_WriteMem(4 bytes @ 0xE0001030)
T30C8 3475:045.562   CPU_WriteMem(4 bytes @ 0xE0001040)
T30C8 3475:045.575   CPU_WriteMem(4 bytes @ 0xE0001050)
T30C8 3475:045.587   CPU_WriteMem(4 bytes @ 0xE0001024)
T30C8 3475:045.598   CPU_WriteMem(4 bytes @ 0xE0001034)
T30C8 3475:045.610   CPU_WriteMem(4 bytes @ 0xE0001044)
T30C8 3475:045.622   CPU_WriteMem(4 bytes @ 0xE0001054)
T30C8 3475:045.634   CPU_WriteMem(4 bytes @ 0xE0001028)
T30C8 3475:045.645   CPU_WriteMem(4 bytes @ 0xE0001038)
T30C8 3475:045.657   CPU_WriteMem(4 bytes @ 0xE0001048)
T30C8 3475:045.668   CPU_WriteMem(4 bytes @ 0xE0001058)
T30C8 3475:045.680   CPU_WriteMem(4 bytes @ 0xE0002008)
T30C8 3475:050.002 - 5.773ms
T3BDC 3475:050.029 JLINK_IsHalted()
T3BDC 3475:050.447 - 0.426ms returns FALSE
T3BDC 3475:091.234 JLINK_IsHalted()
T3BDC 3475:091.885 - 0.674ms returns FALSE
T3BDC 3475:253.625 JLINK_IsHalted()
T3BDC 3475:254.299 - 0.699ms returns FALSE
T3BDC 3475:455.472 JLINK_IsHalted()
T3BDC 3475:456.143 - 0.708ms returns FALSE
T3BDC 3475:656.173 JLINK_IsHalted()
T3BDC 3475:656.863 - 0.714ms returns FALSE
T3BDC 3475:859.455 JLINK_IsHalted()
T3BDC 3475:860.137 - 0.706ms returns FALSE
T3BDC 3476:061.708 JLINK_IsHalted()
T3BDC 3476:062.407 - 0.723ms returns FALSE
T3BDC 3476:266.081 JLINK_IsHalted()
T3BDC 3476:266.533 - 0.463ms returns FALSE
T3BDC 3476:466.188 JLINK_IsHalted()
T3BDC 3476:466.756 - 0.592ms returns FALSE
T3BDC 3476:666.477 JLINK_IsHalted()
T3BDC 3476:667.179 - 0.726ms returns FALSE
T3BDC 3476:866.532 JLINK_IsHalted()
T3BDC 3476:867.052 - 0.533ms returns FALSE
T3BDC 3477:067.203 JLINK_IsHalted()
T3BDC 3477:067.659 - 0.466ms returns FALSE
T3BDC 3477:267.426 JLINK_IsHalted()
T3BDC 3477:267.944 - 0.535ms returns FALSE
T3BDC 3477:468.069 JLINK_IsHalted()
T3BDC 3477:468.756 - 0.717ms returns FALSE
T3BDC 3477:669.507 JLINK_IsHalted()
T3BDC 3477:670.174 - 0.691ms returns FALSE
T3BDC 3477:870.984 JLINK_IsHalted()
T3BDC 3477:871.674 - 0.714ms returns FALSE
T3BDC 3478:076.144 JLINK_IsHalted()
T3BDC 3478:076.848 - 0.728ms returns FALSE
T3BDC 3478:276.585 JLINK_IsHalted()
T3BDC 3478:277.273 - 0.713ms returns FALSE
T3BDC 3478:479.484 JLINK_IsHalted()
T3BDC 3478:480.147 - 0.689ms returns FALSE
T3BDC 3478:681.066 JLINK_IsHalted()
T3BDC 3478:681.662 - 0.621ms returns FALSE
T3BDC 3478:886.225 JLINK_IsHalted()
T3BDC 3478:886.947 - 0.745ms returns FALSE
T3BDC 3479:089.508 JLINK_IsHalted()
T3BDC 3479:090.218 - 0.735ms returns FALSE
T3BDC 3479:296.203 JLINK_IsHalted()
T3BDC 3479:296.907 - 0.729ms returns FALSE
T3BDC 3479:497.108 JLINK_IsHalted()
T3BDC 3479:497.804 - 0.720ms returns FALSE
T3BDC 3479:699.477 JLINK_IsHalted()
T3BDC 3479:700.146 - 0.693ms returns FALSE
T3BDC 3479:906.269 JLINK_IsHalted()
T3BDC 3479:907.015 - 0.770ms returns FALSE
T3BDC 3480:107.665 JLINK_IsHalted()
T3BDC 3480:108.399 - 0.758ms returns FALSE
T3BDC 3480:309.477 JLINK_IsHalted()
T3BDC 3480:310.151 - 0.698ms returns FALSE
T3BDC 3480:510.960 JLINK_IsHalted()
T3BDC 3480:511.394 - 0.447ms returns FALSE
T3BDC 3480:716.198 JLINK_IsHalted()
T3BDC 3480:716.907 - 0.733ms returns FALSE
T3BDC 3480:917.141 JLINK_IsHalted()
T3BDC 3480:917.822 - 0.705ms returns FALSE
T3BDC 3481:119.422 JLINK_IsHalted()
T3BDC 3481:119.973 - 0.574ms returns FALSE
T3BDC 3481:322.419 JLINK_IsHalted()
T3BDC 3481:322.786 - 0.375ms returns FALSE
T3BDC 3481:526.244 JLINK_IsHalted()
T3BDC 3481:526.962 - 0.746ms returns FALSE
T3BDC 3481:727.858 JLINK_IsHalted()
T3BDC 3481:728.521 - 0.700ms returns FALSE
T3BDC 3481:928.522 JLINK_IsHalted()
T3BDC 3481:929.215 - 0.730ms returns FALSE
T3BDC 3482:129.473 JLINK_IsHalted()
T3BDC 3482:130.148 - 0.700ms returns FALSE
T3BDC 3482:329.509 JLINK_IsHalted()
T3BDC 3482:330.179 - 0.694ms returns FALSE
T3BDC 3482:530.371 JLINK_IsHalted()
T3BDC 3482:531.076 - 0.728ms returns FALSE
T3BDC 3482:736.164 JLINK_IsHalted()
T3BDC 3482:736.845 - 0.705ms returns FALSE
T3BDC 3482:936.176 JLINK_IsHalted()
T3BDC 3482:936.602 - 0.435ms returns FALSE
T3BDC 3483:136.186 JLINK_IsHalted()
T3BDC 3483:136.901 - 0.740ms returns FALSE
T3BDC 3483:339.503 JLINK_IsHalted()
T3BDC 3483:340.163 - 0.697ms returns FALSE
T3BDC 3483:546.310 JLINK_IsHalted()
T3BDC 3483:547.074 - 0.792ms returns FALSE
T3BDC 3483:749.440 JLINK_IsHalted()
T3BDC 3483:750.169 - 0.753ms returns FALSE
T3BDC 3483:953.078 JLINK_IsHalted()
T3BDC 3483:953.564 - 0.513ms returns FALSE
T3BDC 3484:155.937 JLINK_IsHalted()
T3BDC 3484:156.412 - 0.488ms returns FALSE
T3BDC 3484:356.246 JLINK_IsHalted()
T3BDC 3484:356.911 - 0.690ms returns FALSE
T3BDC 3484:558.843 JLINK_IsHalted()
T3BDC 3484:559.402 - 0.568ms returns FALSE
T3BDC 3484:759.409 JLINK_IsHalted()
T3BDC 3484:760.132 - 0.749ms returns FALSE
T3BDC 3484:964.788 JLINK_IsHalted()
T3BDC 3484:965.452 - 0.688ms returns FALSE
T3BDC 3485:166.205 JLINK_IsHalted()
T3BDC 3485:166.853 - 0.671ms returns FALSE
T3BDC 3485:367.158 JLINK_IsHalted()
T3BDC 3485:367.869 - 0.735ms returns FALSE
T3BDC 3485:569.933 JLINK_IsHalted()
T3BDC 3485:570.354 - 0.431ms returns FALSE
T30C8 3485:606.256 JLINK_Halt()
T30C8 3485:609.550 - 3.311ms returns 0x00
T3BDC 3485:770.430 JLINK_IsHalted()
T3BDC 3485:770.462 - 0.036ms returns TRUE
T3BDC 3485:770.473 JLINK_GetMOEs(...)
T3BDC 3485:770.486   CPU_ReadMem(4 bytes @ 0xE000ED30)
T3BDC 3485:771.303 - 0.855ms returns 0x01
T3BDC 3485:771.342 JLINK_ReadReg(R15 (PC))
T3BDC 3485:771.357 - 0.020ms returns 0x0040166A
T4650 3485:772.235 JLINK_ResetPullsRESET(ON)
T4650 3485:772.270 - 0.039ms
T4650 3485:772.281 JLINK_ResetNoHalt()
T4650 3485:773.922   TotalIRLen = 4, IRPrint = 0x01
T4650 3485:774.700   JTAG chain detection found 1 devices:
T4650 3485:774.749    #0 Id: 0x4BA00477, IRLen: 04, CoreSight JTAG-DP
T4650 3485:778.550   Old FW that does not support reading DPIDR via DAP jobs
T4650 3485:781.840   DPv0 detected
T4650 3485:781.865   AP map detection skipped. Manually configured AP map found.
T4650 3485:781.894   AP[0]: AHB-AP (IDR: Not set)
T4650 3485:786.255   AP[0]: Core found
T4650 3485:786.296   AP[0]: AHB-AP ROM base: 0xE00FF000
T4650 3485:788.492   CPUID register: 0x410FC241. Implementer code: 0x41 (ARM)
T4650 3485:788.519   Found Cortex-M4 r0p1, Little endian.
T4650 3485:788.674   -- Max. mem block: 0x00001F48
T4650 3485:788.695   CPU_ReadMem(4 bytes @ 0xE000EDF0)
T4650 3485:789.110   CPU_ReadMem(4 bytes @ 0xE0002000)
T4650 3485:789.641   FPUnit: 6 code (BP) slots and 2 literal slots
T4650 3485:789.658   CPU_ReadMem(4 bytes @ 0xE0001000)
T4650 3485:790.111   CPU_ReadMem(4 bytes @ 0xE000ED88)
T4650 3485:790.594   CPU_WriteMem(4 bytes @ 0xE000ED88)
T4650 3485:790.983   CPU_ReadMem(4 bytes @ 0xE000ED88)
T4650 3485:791.468   CPU_WriteMem(4 bytes @ 0xE000ED88)
T4650 3485:791.973   CoreSight components:
T4650 3485:791.996   ROMTbl[0] @ E00FF000
T4650 3485:792.010   CPU_ReadMem(64 bytes @ 0xE00FF000)
T4650 3485:792.860   CPU_ReadMem(32 bytes @ 0xE000EFE0)
T4650 3485:793.518   ROMTbl[0][0]: E000E000, CID: B105E00D, PID: 000BB000 SCS
T4650 3485:793.537   CPU_WriteMem(4 bytes @ 0xE0001000)
T4650 3485:793.986   CPU_ReadMem(32 bytes @ 0xE0001FE0)
T4650 3485:794.708   ROMTbl[0][1]: E0001000, CID: B105E00D, PID: 003BB002 DWT
T4650 3485:794.727   CPU_ReadMem(32 bytes @ 0xE0002FE0)
T4650 3485:795.376   ROMTbl[0][2]: E0002000, CID: B105E00D, PID: 002BB003 FPB
T4650 3485:795.395   CPU_ReadMem(32 bytes @ 0xE0000FE0)
T4650 3485:796.100   ROMTbl[0][3]: E0000000, CID: B105E00D, PID: 003BB001 ITM
T4650 3485:796.119   CPU_ReadMem(32 bytes @ 0xE0040FE0)
T4650 3485:796.787   ROMTbl[0][4]: E0040000, CID: B105900D, PID: 000BB9A1 TPIU
T4650 3485:796.811   JLINK_Reset()
T4650 3485:796.940     CPU_ReadMem(16 bytes @ 0x20000000)
T4650 3485:797.477     CPU_WriteMem(16 bytes @ 0x20000000)
T4650 3485:797.962     CPU_ReadMem(4 bytes @ 0xE000EDFC)
T4650 3485:798.472     CPU_WriteMem(4 bytes @ 0xE000EDFC)
T4650 3485:798.939     CPU_ReadMem(4 bytes @ 0xE0001000)
T4650 3485:814.273     CPU_WriteMem(4 bytes @ 0xE000EDFC)
T4650 3485:814.956     CPU_WriteMem(16 bytes @ 0x20000000)
T4650 3485:819.536     CPU_WriteMem(4 bytes @ 0xE0002000)
T4650 3485:820.283     CPU_ReadMem(4 bytes @ 0xE000EDFC)
T4650 3485:821.087     CPU_ReadMem(4 bytes @ 0xE0001000)
T4650 3485:821.892   - 25.106ms
T4650 3485:821.927   JLINK_Go()
T4650 3485:821.943     CPU_ReadMem(4 bytes @ 0xE0001000)
T4650 3485:822.726     CPU_WriteMem(4 bytes @ 0xE0002008)
T4650 3485:822.761     CPU_WriteMem(4 bytes @ 0xE000200C)
T4650 3485:822.774     CPU_WriteMem(4 bytes @ 0xE0002010)
T4650 3485:822.786     CPU_WriteMem(4 bytes @ 0xE0002014)
T4650 3485:822.798     CPU_WriteMem(4 bytes @ 0xE0002018)
T4650 3485:822.810     CPU_WriteMem(4 bytes @ 0xE000201C)
T4650 3485:824.818     CPU_WriteMem(4 bytes @ 0xE0001004)
T4650 3485:825.905   - 3.992ms
T4650 3485:825.925 - 53.648ms
T4650 3485:833.159 JLINK_Close()
T4650 3485:833.502   CPU is running
T4650 3485:833.524   CPU_WriteMem(4 bytes @ 0xE0002008)
T4650 3485:834.085   CPU is running
T4650 3485:834.105   CPU_WriteMem(4 bytes @ 0xE000200C)
T4650 3485:834.640   CPU is running
T4650 3485:834.659   CPU_WriteMem(4 bytes @ 0xE0002010)
T4650 3485:835.150   CPU is running
T4650 3485:835.170   CPU_WriteMem(4 bytes @ 0xE0002014)
T4650 3485:835.707   CPU is running
T4650 3485:835.726   CPU_WriteMem(4 bytes @ 0xE0002018)
T4650 3485:836.231   CPU is running
T4650 3485:836.251   CPU_WriteMem(4 bytes @ 0xE000201C)
T4650 3485:848.195 - 15.062ms
T4650 3485:848.227   
T4650 3485:848.238   Closed
