T4650 3488:956.127   SEGGER J-Link V7.52a Log File
T4650 3488:956.224   DLL Compiled: Jul 28 2021 11:08:12
T4650 3488:956.300   Logging started @ 2023-03-29 19:02
T4650 3488:956.353 - 3079.706ms
T4650 3488:964.793 JLINK_ExecCommand("Device = AT91SAM4SD32C", ...). 
T4650 3488:965.294   Device "ATSAM4SD32C" selected.
T4650 3488:965.650 - 0.821ms returns 0x00
T4650 3488:982.076 JLINK_TIF_Select(JLINKARM_TIF_JTAG)
T4650 3488:983.257 - 1.207ms returns 0x00
T4650 3488:983.301 JLINK_ConfigJTAG(IRPre = 0, DRPre = 0)
T4650 3488:983.349 - 0.061ms
T4650 3488:983.379 JLINK_SetSpeed(4000)
T4650 3488:983.571 - 0.232ms
T4650 3488:983.629 JLINK_ResetPullsRESET(OFF)
T4650 3488:983.653 - 0.034ms
T4650 3488:983.677 JLINK_Connect()
T4650 3488:985.427   TotalIRLen = 4, IRPrint = 0x01
T4650 3488:986.057   JTAG chain detection found 1 devices:
T4650 3488:986.112    #0 Id: 0x4BA00477, IRLen: 04, CoreSight JTAG-DP
T4650 3488:989.956   Old FW that does not support reading DPIDR via DAP jobs
T4650 3488:993.192   DPv0 detected
T4650 3488:993.224   Scanning AP map to find all available APs
T4650 3488:995.863   AP[1]: Stopped AP scan as end of AP map has been reached
T4650 3488:995.925   AP[0]: AHB-AP (IDR: 0x24770011)
T4650 3488:995.961   Iterating through AP map to find AHB-AP to use
T4650 3489:000.215   AP[0]: Core found
T4650 3489:000.251   AP[0]: AHB-AP ROM base: 0xE00FF000
T4650 3489:002.378   CPUID register: 0x410FC241. Implementer code: 0x41 (ARM)
T4650 3489:002.406   Found Cortex-M4 r0p1, Little endian.
T4650 3489:002.779   -- Max. mem block: 0x000023B8
T4650 3489:002.932   CPU_ReadMem(4 bytes @ 0xE000EDF0)
T4650 3489:006.495   CPU_WriteMem(4 bytes @ 0xE000EDF0)
T4650 3489:006.933   CPU_ReadMem(4 bytes @ 0xE0002000)
T4650 3489:007.437   FPUnit: 6 code (BP) slots and 2 literal slots
T4650 3489:007.454   CPU_ReadMem(4 bytes @ 0xE000EDFC)
T4650 3489:007.964   CPU_WriteMem(4 bytes @ 0xE000EDFC)
T4650 3489:008.386   CPU_ReadMem(4 bytes @ 0xE0001000)
T4650 3489:008.907   CPU_WriteMem(4 bytes @ 0xE0001000)
T4650 3489:009.271   CPU_ReadMem(4 bytes @ 0xE000ED88)
T4650 3489:009.705   CPU_WriteMem(4 bytes @ 0xE000ED88)
T4650 3489:010.080   CPU_ReadMem(4 bytes @ 0xE000ED88)
T4650 3489:010.524   CPU_WriteMem(4 bytes @ 0xE000ED88)
T4650 3489:010.924   CoreSight components:
T4650 3489:010.949   ROMTbl[0] @ E00FF000
T4650 3489:010.978   CPU_ReadMem(64 bytes @ 0xE00FF000)
T4650 3489:011.704   CPU_ReadMem(32 bytes @ 0xE000EFE0)
T4650 3489:012.364   ROMTbl[0][0]: E000E000, CID: B105E00D, PID: 000BB000 SCS
T4650 3489:012.390   CPU_ReadMem(32 bytes @ 0xE0001FE0)
T4650 3489:013.050   ROMTbl[0][1]: E0001000, CID: B105E00D, PID: 003BB002 DWT
T4650 3489:013.068   CPU_ReadMem(32 bytes @ 0xE0002FE0)
T4650 3489:013.695   ROMTbl[0][2]: E0002000, CID: B105E00D, PID: 002BB003 FPB
T4650 3489:013.713   CPU_ReadMem(32 bytes @ 0xE0000FE0)
T4650 3489:014.387   ROMTbl[0][3]: E0000000, CID: B105E00D, PID: 003BB001 ITM
T4650 3489:014.404   CPU_ReadMem(32 bytes @ 0xE0040FE0)
T4650 3489:015.046   ROMTbl[0][4]: E0040000, CID: B105900D, PID: 000BB9A1 TPIU
T4650 3489:015.066 - 31.394ms returns 0x00
T4650 3489:015.150 JLINK_Halt()
T4650 3489:018.301 - 3.162ms returns 0x00
T4650 3489:018.430 JLINK_BeginDownload(Flags = 0x00000000)
T4650 3489:018.442 - 0.016ms
T4650 3489:018.465 JLINK_WriteMem(0x400E0A04, 0x4 Bytes, ...)
T4650 3489:018.491   Data:  0B 01 00 5A
T4650 3489:018.848   CPU_WriteMem(4 bytes @ 0x400E0A04)
T4650 3489:019.256 - 0.801ms returns 0x4
T4650 3489:019.312 JLINK_EndDownload()
T4650 3489:019.324 - 0.016ms returns 0 (0x0)
T4650 3489:019.334 JLINK_ReadMemHW(0x400E0A08, 0x0004 Bytes, ...)
T4650 3489:019.364   CPU_ReadMem(4 bytes @ 0x400E0A08)
T4650 3489:019.888   Data:  01 00 00 00
T4650 3489:019.906 - 0.575ms returns 0
T4650 3489:019.935 JLINK_BeginDownload(Flags = 0x00000000)
T4650 3489:019.945 - 0.013ms
T4650 3489:019.981 JLINK_WriteMem(0x400E0A04, 0x4 Bytes, ...)
T4650 3489:019.990   Data:  0C 02 00 5A
T4650 3489:020.007   CPU_WriteMem(4 bytes @ 0x400E0A04)
T4650 3489:020.465 - 0.494ms returns 0x4
T4650 3489:020.502 JLINK_EndDownload()
T4650 3489:020.578 - 0.080ms returns 0 (0x0)
T4650 3489:020.589 JLINK_ReadMemHW(0x400E0A08, 0x0004 Bytes, ...)
T4650 3489:020.600   CPU_ReadMem(4 bytes @ 0x400E0A08)
T4650 3489:021.133   Data:  01 00 00 00
T4650 3489:021.151 - 0.566ms returns 0
T4650 3489:021.183 JLINK_SetResetType(JLINKARM_CM3_RESET_TYPE_NORMAL)
T4650 3489:021.193 - 0.013ms returns JLINKARM_CM3_RESET_TYPE_NORMAL
T4650 3489:021.203 JLINK_Reset()
T4650 3489:021.613   CPU_ReadMem(16 bytes @ 0x20000000)
T4650 3489:022.240   CPU_WriteMem(16 bytes @ 0x20000000)
T4650 3489:022.801   CPU_ReadMem(4 bytes @ 0xE000EDFC)
T4650 3489:023.341   CPU_WriteMem(4 bytes @ 0xE000EDFC)
T4650 3489:023.816   CPU_ReadMem(4 bytes @ 0xE0001000)
T4650 3489:039.253   CPU_WriteMem(4 bytes @ 0xE000EDFC)
T4650 3489:039.724   CPU_WriteMem(16 bytes @ 0x20000000)
T4650 3489:043.426   CPU_WriteMem(4 bytes @ 0xE0002000)
T4650 3489:043.882   CPU_ReadMem(4 bytes @ 0xE000EDFC)
T4650 3489:044.396   CPU_ReadMem(4 bytes @ 0xE0001000)
T4650 3489:044.963 - 23.770ms
T4650 3489:046.425 JLINK_JTAG_GetDeviceID(DeviceIndex = 0)
T4650 3489:046.456 - 0.035ms returns 1268778103
T4650 3489:046.467 JLINK_ReadMemU32(0x400E0740, 0x1 Items)
T4650 3489:046.485   CPU_ReadMem(4 bytes @ 0x400E0740)
T4650 3489:047.013   Data:  E0 0E A7 29
T4650 3489:047.032 - 0.569ms returns 1 (0x1)
T4650 3489:047.080 JLINK_ReadMemU32(0x400E0744, 0x1 Items)
T4650 3489:047.095   CPU_ReadMem(4 bytes @ 0x400E0744)
T4650 3489:047.568   Data:  00 00 00 00
T4650 3489:047.588 - 0.512ms returns 1 (0x1)
T4650 3489:047.672 JLINK_BeginDownload(Flags = 0x00000000)
T4650 3489:047.690 - 0.027ms
T4650 3489:047.737 JLINK_WriteMem(0x400E0A04, 0x4 Bytes, ...)
T4650 3489:047.756   Data:  05 00 00 5A
T4650 3489:047.788   CPU_WriteMem(4 bytes @ 0x400E0A04)
T4650 3489:048.217 - 0.503ms returns 0x4
T4650 3489:048.299 JLINK_WriteMem(0x400E0C04, 0x4 Bytes, ...)
T4650 3489:048.310   Data:  05 00 00 5A
T4650 3489:048.328   CPU_WriteMem(4 bytes @ 0x400E0C04)
T4650 3489:048.745 - 0.456ms returns 0x4
T4650 3489:048.790 JLINK_EndDownload()
T4650 3489:048.818 - 0.031ms returns 0 (0x0)
T4650 3489:048.829 JLINK_ReadMemHW(0x400E0A08, 0x0004 Bytes, ...)
T4650 3489:048.840   CPU_ReadMem(4 bytes @ 0x400E0A08)
T4650 3489:049.360   Data:  00 00 00 00
T4650 3489:049.378 - 0.553ms returns 0
T4650 3489:050.195 JLINK_ReadMemHW(0x400E0A08, 0x0004 Bytes, ...)
T4650 3489:050.252   CPU_ReadMem(4 bytes @ 0x400E0A08)
T4650 3489:050.952   Data:  00 00 00 00
T4650 3489:050.986 - 0.795ms returns 0
T4420 3489:055.203 JLINK_IsHalted()
T4420 3489:055.235 - 0.037ms returns TRUE
T4420 3489:055.250 JLINK_GetMOEs(...)
T4420 3489:055.263   CPU_ReadMem(4 bytes @ 0xE000ED30)
T4420 3489:055.920 - 0.695ms returns 0x01
T4420 3489:055.962 JLINK_ReadReg(R15 (PC))
T4420 3489:056.004 - 0.047ms returns 0x00401198
T4650 3489:056.068 JLINK_ReadMemHW(0x400E0A08, 0x0004 Bytes, ...)
T4650 3489:056.113   CPU_ReadMem(4 bytes @ 0x400E0A08)
T4650 3489:056.735   Data:  00 00 00 00
T4650 3489:056.768 - 0.704ms returns 0
T4650 3489:073.125 JLINK_ReadMemHW(0x400E0A08, 0x0004 Bytes, ...)
T4650 3489:073.175   CPU_ReadMem(4 bytes @ 0x400E0A08)
T4650 3489:073.882   Data:  00 00 00 00
T4650 3489:073.915 - 0.794ms returns 0
T4650 3489:139.495 JLINK_ReadMemHW(0x400E0A08, 0x0004 Bytes, ...)
T4650 3489:139.550   CPU_ReadMem(4 bytes @ 0x400E0A08)
T4650 3489:140.355   Data:  00 00 00 00
T4650 3489:140.388 - 0.897ms returns 0
T4420 3489:255.988 JLINK_IsHalted()
T4420 3489:256.035 - 0.051ms returns TRUE
T4650 3489:396.454 JLINK_ReadMemHW(0x400E0A08, 0x0004 Bytes, ...)
T4650 3489:396.526   CPU_ReadMem(4 bytes @ 0x400E0A08)
T4650 3489:397.355   Data:  00 00 00 00
T4650 3489:397.400 - 0.951ms returns 0
T4420 3489:456.194 JLINK_IsHalted()
T4420 3489:456.228 - 0.038ms returns TRUE
T4420 3489:658.171 JLINK_IsHalted()
T4420 3489:658.590 - 0.430ms returns TRUE
T4420 3489:859.142 JLINK_IsHalted()
T4420 3489:859.176 - 0.038ms returns TRUE
T4420 3490:059.455 JLINK_IsHalted()
T4420 3490:059.501 - 0.051ms returns TRUE
T4420 3490:266.201 JLINK_IsHalted()
T4420 3490:266.904 - 0.728ms returns TRUE
T4650 3490:399.465 JLINK_ReadMemHW(0x400E0A08, 0x0004 Bytes, ...)
T4650 3490:399.508   CPU_ReadMem(4 bytes @ 0x400E0A08)
T4650 3490:400.318   Data:  00 00 00 00
T4650 3490:400.351 - 0.890ms returns 0
T4650 3490:400.444 JLINK_ReadMemHW(0x400E0C08, 0x0004 Bytes, ...)
T4650 3490:400.465   CPU_ReadMem(4 bytes @ 0x400E0C08)
T4650 3490:401.088   Data:  00 00 00 00
T4650 3490:401.119 - 0.679ms returns 0
T4650 3490:404.800 JLINK_ReadMemHW(0x400E0C08, 0x0004 Bytes, ...)
T4650 3490:404.855   CPU_ReadMem(4 bytes @ 0x400E0C08)
T4650 3490:405.578   Data:  00 00 00 00
T4650 3490:405.612 - 0.816ms returns 0
T4650 3490:408.900 JLINK_ReadMemHW(0x400E0C08, 0x0004 Bytes, ...)
T4650 3490:408.955   CPU_ReadMem(4 bytes @ 0x400E0C08)
T4650 3490:409.776   Data:  00 00 00 00
T4650 3490:409.809 - 0.914ms returns 0
T4650 3490:425.256 JLINK_ReadMemHW(0x400E0C08, 0x0004 Bytes, ...)
T4650 3490:425.348   CPU_ReadMem(4 bytes @ 0x400E0C08)
T4650 3490:426.220   Data:  00 00 00 00
T4650 3490:426.256 - 1.004ms returns 0
T4420 3490:468.621 JLINK_IsHalted()
T4420 3490:468.654 - 0.037ms returns TRUE
T4650 3490:496.237 JLINK_ReadMemHW(0x400E0C08, 0x0004 Bytes, ...)
T4650 3490:496.293   CPU_ReadMem(4 bytes @ 0x400E0C08)
T4650 3490:497.121   Data:  00 00 00 00
T4650 3490:497.154 - 0.921ms returns 0
T4420 3490:669.420 JLINK_IsHalted()
T4420 3490:669.465 - 0.049ms returns TRUE
T4650 3490:754.059 JLINK_ReadMemHW(0x400E0C08, 0x0004 Bytes, ...)
T4650 3490:754.098   CPU_ReadMem(4 bytes @ 0x400E0C08)
T4650 3490:754.935   Data:  00 00 00 00
T4650 3490:754.968 - 0.913ms returns 0
T4420 3490:872.397 JLINK_IsHalted()
T4420 3490:872.820 - 0.465ms returns TRUE
T4420 3491:075.691 JLINK_IsHalted()
T4420 3491:075.739 - 0.053ms returns TRUE
T4420 3491:276.388 JLINK_IsHalted()
T4420 3491:276.424 - 0.055ms returns TRUE
T4420 3491:476.475 JLINK_IsHalted()
T4420 3491:477.133 - 0.683ms returns TRUE
T4420 3491:679.474 JLINK_IsHalted()
T4420 3491:679.527 - 0.057ms returns TRUE
T4650 3491:756.238 JLINK_ReadMemHW(0x400E0C08, 0x0004 Bytes, ...)
T4650 3491:756.294   CPU_ReadMem(4 bytes @ 0x400E0C08)
T4650 3491:757.108   Data:  00 00 00 00
T4650 3491:757.141 - 0.907ms returns 0
T4650 3491:757.249 JLINK_ReadMemHW(0x400E0A08, 0x0004 Bytes, ...)
T4650 3491:757.270   CPU_ReadMem(4 bytes @ 0x400E0A08)
T4650 3491:757.880   Data:  00 00 00 00
T4650 3491:757.904 - 0.659ms returns 0
T4650 3491:759.376 JLINK_ReadMemHW(0x400E0A08, 0x0004 Bytes, ...)
T4650 3491:759.443   CPU_ReadMem(4 bytes @ 0x400E0A08)
T4650 3491:760.194   Data:  00 00 00 00
T4650 3491:760.230 - 0.859ms returns 0
T4650 3491:765.999 JLINK_ReadMemHW(0x400E0A08, 0x0004 Bytes, ...)
T4650 3491:766.044   CPU_ReadMem(4 bytes @ 0x400E0A08)
T4650 3491:766.806   Data:  00 00 00 00
T4650 3491:766.840 - 0.845ms returns 0
T4650 3491:786.203 JLINK_ReadMemHW(0x400E0A08, 0x0004 Bytes, ...)
T4650 3491:786.259   CPU_ReadMem(4 bytes @ 0x400E0A08)
T4650 3491:787.078   Data:  00 00 00 00
T4650 3491:787.111 - 0.912ms returns 0
T4650 3491:854.611 JLINK_ReadMemHW(0x400E0A08, 0x0004 Bytes, ...)
T4650 3491:854.724   CPU_ReadMem(4 bytes @ 0x400E0A08)
T4650 3491:855.510   Data:  00 00 00 00
T4650 3491:855.564 - 0.972ms returns 0
T4420 3491:885.827 JLINK_IsHalted()
T4420 3491:885.921 - 0.099ms returns TRUE
T4420 3492:086.281 JLINK_IsHalted()
T4420 3492:086.893 - 0.637ms returns TRUE
T4650 3492:116.209 JLINK_ReadMemHW(0x400E0A08, 0x0004 Bytes, ...)
T4650 3492:116.253   CPU_ReadMem(4 bytes @ 0x400E0A08)
T4650 3492:116.857   Data:  00 00 00 00
T4650 3492:116.889 - 0.683ms returns 0
T4420 3492:289.404 JLINK_IsHalted()
T4420 3492:289.449 - 0.049ms returns TRUE
T4420 3492:490.145 JLINK_IsHalted()
T4420 3492:490.178 - 0.038ms returns TRUE
T4420 3492:691.790 JLINK_IsHalted()
T4420 3492:692.500 - 0.734ms returns TRUE
T4420 3492:895.425 JLINK_IsHalted()
T4420 3492:895.453 - 0.033ms returns TRUE
T4420 3493:096.176 JLINK_IsHalted()
T4420 3493:096.209 - 0.037ms returns TRUE
T4650 3493:117.487 JLINK_ReadMemHW(0x400E0A08, 0x0004 Bytes, ...)
T4650 3493:117.598   CPU_ReadMem(4 bytes @ 0x400E0A08)
T4650 3493:118.211   Data:  00 00 00 00
T4650 3493:118.286 - 0.805ms returns 0
T4650 3493:118.443 JLINK_ReadMemHW(0x400E0C08, 0x0004 Bytes, ...)
T4650 3493:118.489   CPU_ReadMem(4 bytes @ 0x400E0C08)
T4650 3493:119.047   Data:  01 00 00 00
T4650 3493:119.066 - 0.627ms returns 0
T4650 3493:119.082 JLINK_ReadMemHW(0x400E0A08, 0x0004 Bytes, ...)
T4650 3493:119.095   CPU_ReadMem(4 bytes @ 0x400E0A08)
T4650 3493:119.892   Data:  00 00 00 00
T4650 3493:119.938 - 0.860ms returns 0
T4650 3493:123.776 JLINK_ReadMemHW(0x400E0A08, 0x0004 Bytes, ...)
T4650 3493:123.831   CPU_ReadMem(4 bytes @ 0x400E0A08)
T4650 3493:124.584   Data:  00 00 00 00
T4650 3493:124.618 - 0.846ms returns 0
T4650 3493:128.450 JLINK_ReadMemHW(0x400E0A08, 0x0004 Bytes, ...)
T4650 3493:128.517   CPU_ReadMem(4 bytes @ 0x400E0A08)
T4650 3493:129.314   Data:  00 00 00 00
T4650 3493:129.347 - 0.902ms returns 0
T4650 3493:146.241 JLINK_ReadMemHW(0x400E0A08, 0x0004 Bytes, ...)
T4650 3493:146.310   CPU_ReadMem(4 bytes @ 0x400E0A08)
T4650 3493:147.131   Data:  00 00 00 00
T4650 3493:147.164 - 0.927ms returns 0
T4650 3493:211.803 JLINK_ReadMemHW(0x400E0A08, 0x0004 Bytes, ...)
T4650 3493:211.894   CPU_ReadMem(4 bytes @ 0x400E0A08)
T4650 3493:212.519   Data:  00 00 00 00
T4650 3493:212.548 - 0.749ms returns 0
T4420 3493:296.920 JLINK_IsHalted()
T4420 3493:297.559 - 0.663ms returns TRUE
T4650 3493:468.965 JLINK_ReadMemHW(0x400E0A08, 0x0004 Bytes, ...)
T4650 3493:469.033   CPU_ReadMem(4 bytes @ 0x400E0A08)
T4650 3493:469.847   Data:  01 00 00 00
T4650 3493:469.881 - 0.920ms returns 0
T4420 3493:498.493 JLINK_IsHalted()
T4420 3493:498.544 - 0.056ms returns TRUE
T4650 3493:499.368 JLINK_ResetPullsRESET(ON)
T4650 3493:499.412 - 0.052ms
T4650 3493:499.432 JLINK_ResetNoHalt()
T4650 3493:500.913   TotalIRLen = 4, IRPrint = 0x01
T4650 3493:501.611   JTAG chain detection found 1 devices:
T4650 3493:501.638    #0 Id: 0x4BA00477, IRLen: 04, CoreSight JTAG-DP
T4650 3493:505.927   Old FW that does not support reading DPIDR via DAP jobs
T4650 3493:509.723   DPv0 detected
T4650 3493:509.754   AP map detection skipped. Manually configured AP map found.
T4650 3493:509.776   AP[0]: AHB-AP (IDR: Not set)
T4650 3493:514.280   AP[0]: Core found
T4650 3493:514.311   AP[0]: AHB-AP ROM base: 0xE00FF000
T4650 3493:516.521   CPUID register: 0x410FC241. Implementer code: 0x41 (ARM)
T4650 3493:516.548   Found Cortex-M4 r0p1, Little endian.
T4650 3493:516.731   -- Max. mem block: 0x00001F48
T4650 3493:516.752   CPU_ReadMem(4 bytes @ 0xE000EDF0)
T4650 3493:517.183   CPU_ReadMem(4 bytes @ 0xE0002000)
T4650 3493:517.646   FPUnit: 6 code (BP) slots and 2 literal slots
T4650 3493:517.676   CPU_ReadMem(4 bytes @ 0xE000EDFC)
T4650 3493:518.120   CPU_ReadMem(4 bytes @ 0xE0001000)
T4650 3493:518.584   CPU_ReadMem(4 bytes @ 0xE000ED88)
T4650 3493:519.032   CPU_WriteMem(4 bytes @ 0xE000ED88)
T4650 3493:519.404   CPU_ReadMem(4 bytes @ 0xE000ED88)
T4650 3493:519.906   CPU_WriteMem(4 bytes @ 0xE000ED88)
T4650 3493:520.310   CoreSight components:
T4650 3493:520.335   ROMTbl[0] @ E00FF000
T4650 3493:520.350   CPU_ReadMem(64 bytes @ 0xE00FF000)
T4650 3493:521.435   CPU_ReadMem(32 bytes @ 0xE000EFE0)
T4650 3493:522.079   ROMTbl[0][0]: E000E000, CID: B105E00D, PID: 000BB000 SCS
T4650 3493:522.107   CPU_WriteMem(4 bytes @ 0xE0001000)
T4650 3493:522.515   CPU_ReadMem(32 bytes @ 0xE0001FE0)
T4650 3493:523.147   ROMTbl[0][1]: E0001000, CID: B105E00D, PID: 003BB002 DWT
T4650 3493:523.165   CPU_ReadMem(32 bytes @ 0xE0002FE0)
T4650 3493:523.821   ROMTbl[0][2]: E0002000, CID: B105E00D, PID: 002BB003 FPB
T4650 3493:523.839   CPU_ReadMem(32 bytes @ 0xE0000FE0)
T4650 3493:524.537   ROMTbl[0][3]: E0000000, CID: B105E00D, PID: 003BB001 ITM
T4650 3493:524.554   CPU_ReadMem(32 bytes @ 0xE0040FE0)
T4650 3493:525.221   ROMTbl[0][4]: E0040000, CID: B105900D, PID: 000BB9A1 TPIU
T4650 3493:525.244   JLINK_Reset()
T4650 3493:525.347     CPU_ReadMem(16 bytes @ 0x20000000)
T4650 3493:525.983     CPU_WriteMem(16 bytes @ 0x20000000)
T4650 3493:526.515     CPU_ReadMem(4 bytes @ 0xE000EDFC)
T4650 3493:526.956     CPU_WriteMem(4 bytes @ 0xE000EDFC)
T4650 3493:527.351     CPU_ReadMem(4 bytes @ 0xE0001000)
T4650 3493:527.837     CPU_WriteMem(4 bytes @ 0xE0001004)
T4650 3493:543.903     CPU_WriteMem(4 bytes @ 0xE000EDFC)
T4650 3493:544.630     CPU_WriteMem(16 bytes @ 0x20000000)
T4650 3493:549.041     CPU_WriteMem(4 bytes @ 0xE0002000)
T4650 3493:549.774     CPU_ReadMem(4 bytes @ 0xE000EDFC)
T4650 3493:550.574     CPU_ReadMem(4 bytes @ 0xE0001000)
T4650 3493:551.361   - 26.142ms
T4650 3493:551.395   JLINK_Go()
T4650 3493:551.409     CPU_ReadMem(4 bytes @ 0xE0001000)
T4650 3493:552.031     CPU_WriteMem(4 bytes @ 0xE0001004)
T4650 3493:553.003   - 1.622ms
T4650 3493:553.023 - 53.595ms
T4650 3493:553.254 JLINK_TIF_Select(JLINKARM_TIF_JTAG)
T4650 3493:553.270 - 0.019ms returns 0x00
T4650 3493:553.281 JLINK_ConfigJTAG(IRPre = 0, DRPre = 0)
T4650 3493:553.290 - 0.012ms
T4650 3493:553.300 JLINK_SetSpeed(4000)
T4650 3493:553.448 - 0.161ms
T4650 3493:553.471 JLINK_ResetPullsRESET(OFF)
T4650 3493:553.479 - 0.012ms
T4650 3493:553.489 JLINK_Connect()
T4650 3493:554.828   TotalIRLen = 4, IRPrint = 0x01
T4650 3493:555.528   JTAG chain detection found 1 devices:
T4650 3493:555.557    #0 Id: 0x4BA00477, IRLen: 04, CoreSight JTAG-DP
T4650 3493:559.059   Old FW that does not support reading DPIDR via DAP jobs
T4650 3493:562.294   DPv0 detected
T4650 3493:562.319   AP map detection skipped. Manually configured AP map found.
T4650 3493:562.340   AP[0]: AHB-AP (IDR: Not set)
T4650 3493:566.948   AP[0]: Core found
T4650 3493:566.976   AP[0]: AHB-AP ROM base: 0xE00FF000
T4650 3493:569.407   CPUID register: 0x410FC241. Implementer code: 0x41 (ARM)
T4650 3493:569.436   Found Cortex-M4 r0p1, Little endian.
T4650 3493:569.595   -- Max. mem block: 0x00001F48
T4650 3493:569.617   CPU_ReadMem(4 bytes @ 0xE000EDF0)
T4650 3493:570.035   CPU_ReadMem(4 bytes @ 0xE0002000)
T4650 3493:570.563   FPUnit: 6 code (BP) slots and 2 literal slots
T4650 3493:570.595   CPU_ReadMem(4 bytes @ 0xE000EDFC)
T4650 3493:571.033   CPU_ReadMem(4 bytes @ 0xE0001000)
T4650 3493:571.626   CPU_WriteMem(4 bytes @ 0xE0001000)
T4650 3493:572.109   CPU_ReadMem(4 bytes @ 0xE000ED88)
T4650 3493:572.689   CPU_WriteMem(4 bytes @ 0xE000ED88)
T4650 3493:573.102   CPU_ReadMem(4 bytes @ 0xE000ED88)
T4650 3493:573.683   CPU_WriteMem(4 bytes @ 0xE000ED88)
T4650 3493:574.152   CoreSight components:
T4650 3493:574.194   ROMTbl[0] @ E00FF000
T4650 3493:574.208   CPU_ReadMem(64 bytes @ 0xE00FF000)
T4650 3493:575.431   CPU_ReadMem(32 bytes @ 0xE000EFE0)
T4650 3493:576.110   ROMTbl[0][0]: E000E000, CID: B105E00D, PID: 000BB000 SCS
T4650 3493:576.130   CPU_ReadMem(32 bytes @ 0xE0001FE0)
T4650 3493:576.780   ROMTbl[0][1]: E0001000, CID: B105E00D, PID: 003BB002 DWT
T4650 3493:576.799   CPU_ReadMem(32 bytes @ 0xE0002FE0)
T4650 3493:577.503   ROMTbl[0][2]: E0002000, CID: B105E00D, PID: 002BB003 FPB
T4650 3493:577.522   CPU_ReadMem(32 bytes @ 0xE0000FE0)
T4650 3493:578.174   ROMTbl[0][3]: E0000000, CID: B105E00D, PID: 003BB001 ITM
T4650 3493:578.194   CPU_ReadMem(32 bytes @ 0xE0040FE0)
T4650 3493:578.844   ROMTbl[0][4]: E0040000, CID: B105900D, PID: 000BB9A1 TPIU
T4650 3493:578.865 - 25.380ms returns 0x00
T4650 3493:578.939 JLINK_Halt()
T4650 3493:582.252 - 3.323ms returns 0x00
T4650 3493:582.366 JLINK_BeginDownload(Flags = 0x00000000)
T4650 3493:582.378 - 0.015ms
T4650 3493:582.400 JLINK_WriteMem(0x400E0A04, 0x4 Bytes, ...)
T4650 3493:582.410   Data:  0B 01 00 5A
T4650 3493:582.543   CPU_WriteMem(4 bytes @ 0x400E0A04)
T4650 3493:582.961 - 0.571ms returns 0x4
T4650 3493:583.000 JLINK_EndDownload()
T4650 3493:583.012 - 0.016ms returns 0 (0x0)
T4650 3493:583.022 JLINK_ReadMemHW(0x400E0A08, 0x0004 Bytes, ...)
T4650 3493:583.034   CPU_ReadMem(4 bytes @ 0x400E0A08)
T4650 3493:583.618   Data:  01 00 00 00
T4650 3493:583.637 - 0.618ms returns 0
T4650 3493:583.669 JLINK_BeginDownload(Flags = 0x00000000)
T4650 3493:583.679 - 0.013ms
T4650 3493:583.704 JLINK_WriteMem(0x400E0A04, 0x4 Bytes, ...)
T4650 3493:583.715   Data:  0C 02 00 5A
T4650 3493:583.732   CPU_WriteMem(4 bytes @ 0x400E0A04)
T4650 3493:584.216 - 0.523ms returns 0x4
T4650 3493:584.284 JLINK_EndDownload()
T4650 3493:584.324 - 0.044ms returns 0 (0x0)
T4650 3493:584.334 JLINK_ReadMemHW(0x400E0A08, 0x0004 Bytes, ...)
T4650 3493:584.346   CPU_ReadMem(4 bytes @ 0x400E0A08)
T4650 3493:584.851   Data:  01 00 00 00
T4650 3493:584.899 - 0.586ms returns 0
T4650 3493:584.978 JLINK_SetResetType(JLINKARM_CM3_RESET_TYPE_NORMAL)
T4650 3493:585.002 - 0.043ms returns JLINKARM_CM3_RESET_TYPE_NORMAL
T4650 3493:585.028 JLINK_Reset()
T4650 3493:585.068   CPU_ReadMem(16 bytes @ 0x20000000)
T4650 3493:585.661   CPU_WriteMem(16 bytes @ 0x20000000)
T4650 3493:586.159   CPU_ReadMem(4 bytes @ 0xE000EDFC)
T4650 3493:586.674   CPU_WriteMem(4 bytes @ 0xE000EDFC)
T4650 3493:587.046   CPU_ReadMem(4 bytes @ 0xE0001000)
T4650 3493:602.778   CPU_WriteMem(4 bytes @ 0xE000EDFC)
T4650 3493:603.459   CPU_WriteMem(16 bytes @ 0x20000000)
T4650 3493:607.588   CPU_WriteMem(4 bytes @ 0xE0002000)
T4650 3493:608.160   CPU_ReadMem(4 bytes @ 0xE000EDFC)
T4650 3493:608.790   CPU_ReadMem(4 bytes @ 0xE0001000)
T4650 3493:609.332 - 24.317ms
T4650 3493:610.705 JLINK_JTAG_GetDeviceID(DeviceIndex = 0)
T4650 3493:610.726 - 0.029ms returns 1268778103
T4650 3493:610.742 JLINK_ReadMemU32(0x400E0740, 0x1 Items)
T4650 3493:610.774   CPU_ReadMem(4 bytes @ 0x400E0740)
T4650 3493:611.290   Data:  E0 0E A7 29
T4650 3493:611.309 - 0.571ms returns 1 (0x1)
T4650 3493:611.344 JLINK_ReadMemU32(0x400E0744, 0x1 Items)
T4650 3493:611.359   CPU_ReadMem(4 bytes @ 0x400E0744)
T4650 3493:611.831   Data:  00 00 00 00
T4650 3493:611.849 - 0.509ms returns 1 (0x1)
T4854 3493:620.227 JLINK_IsHalted()
T4854 3493:620.256 - 0.043ms returns TRUE
T4854 3493:620.271 JLINK_GetMOEs(...)
T4854 3493:620.286   CPU_ReadMem(4 bytes @ 0xE000ED30)
T4854 3493:620.822 - 0.562ms returns 0x01
T4854 3493:620.843 JLINK_ReadReg(R15 (PC))
T4854 3493:620.855 - 0.017ms returns 0xFFFFFFFE
T4650 3493:622.903 JLINK_BeginDownload(Flags = 0x00000000)
T4650 3493:622.917 - 0.018ms
T4650 3493:622.938 JLINK_WriteMem(0x00400000, 0x4000 Bytes, ...)
T4650 3493:622.947   Data:  88 3E 00 20 99 11 40 00 95 11 40 00 95 11 40 00 ...
T4650 3493:623.445   completely In flash
T4650 3493:623.485    -- Read from flash cache (16384 bytes @ 0x00400000)
T4650 3493:623.499 - 0.566ms returns 0x4000
T4650 3493:623.524 JLINK_WriteMem(0x00404000, 0x29F4 Bytes, ...)
T4650 3493:623.533   Data:  0F 2A F3 DD 70 46 3C 69 DF F8 E4 E2 74 45 00 F0 ...
T4650 3493:623.548   completely In flash
T4650 3493:623.571    -- Read from flash cache (10740 bytes @ 0x00404000)
T4650 3493:623.584 - 0.064ms returns 0x29F4
T4650 3493:623.808 JLINK_WriteMem(0x004069F4, 0x8 Bytes, ...)
T4650 3493:623.828   Data:  E0 F2 FF 7F 01 00 00 00
T4650 3493:623.850   completely In flash
T4650 3493:623.881 - 0.078ms returns 0x8
T4650 3493:624.080 JLINK_WriteMem(0x004069FC, 0x9B8 Bytes, ...)
T4650 3493:624.100   Data:  F0 00 00 00 40 01 00 00 00 09 3D 00 10 00 00 20 ...
T4650 3493:624.130   completely In flash
T4650 3493:624.166    -- Read from flash cache (2488 bytes @ 0x004069FC)
T4650 3493:624.187 - 0.113ms returns 0x9B8
T4854 3493:823.922 JLINK_IsHalted()
T4854 3493:823.966 - 0.048ms returns TRUE
T4650 3493:824.915 JLINK_EndDownload()
T4650 3493:825.227   Old firmware which does not support pausing periodic actions during flash download
T4650 3493:825.252   CPU_ReadMem(4 bytes @ 0xE000ED90)
T4650 3493:826.003   CPU_ReadMem(4 bytes @ 0xE000ED94)
T4650 3493:826.848    -- --------------------------------------
T4650 3493:826.888   Flash bank @ 0x00400000: Default: L2 verify disabled because algorithm performs L1 verify
T4650 3493:826.916    -- Start of determining dirty areas in flash cache
T4650 3493:827.315    -- End of determining dirty areas
T4650 3493:827.328    -- Start of preparing flash programming
T4650 3493:827.340    -- Calculating RAM usage
T4650 3493:827.356    -- RAM usage = 4060 Bytes
T4650 3493:827.375    -- Preserving CPU registers
T4650 3493:827.400    -- Preparing memory
T4650 3493:827.412    -- Preparing target
T4650 3493:987.462    -- Preserving target RAM temporarily used for programming
T4650 3494:000.394    -- Downloading RAMCode
T4650 3494:012.854    -- Preparing RAMCode
T4650 3494:019.197    -- Checking target RAM
T4650 3494:020.517    -- End of preparing flash programming
T4650 3494:020.640   Looking for J-Link GUI Server exe at: S:\Program Files (x86)\Atmel\Studio\7.0\atbackend\JLinkGUIServer.exe
T4650 3494:020.689   Looking for J-Link GUI Server exe at: \JLinkGUIServer.exe
T4650 3494:323.241   Failed to connect to J-Link GUI Server.
T4650 3494:330.117    -- CPU is running at 90000 kHz.
T4650 3494:330.153    -- Start of comparing flash
T4650 3494:330.180    -- CRC check was estimated as fastest method
T4650 3494:330.209    -- Comparing range 0x400000 - 0x403FFF (32 Sectors, 16 KiB), using multi-block CRC calculation
T4650 3494:334.452    -- CRC does not match for sectors 0-31
T4650 3494:334.482    -- Comparing range 0x404000 - 0x407FFF (4 Sectors, 16 KiB), using multi-block CRC calculation
T4650 3494:337.279    -- CRC does not match for sectors 0-3
T4650 3494:337.323    -- End of comparing flash
T4650 3494:337.353    -- Start of erasing sectors
T4650 3494:337.378    -- End of erasing sectors
T4650 3494:337.390    -- Start of flash programming
T4650 3494:337.403    -- Programming range 0x00400000 - 0x00403FFF ( 32 Sectors, 16 KB)
T4650 3494:407.085    -- Programming range 0x00404000 - 0x00407FFF (  4 Sectors, 16 KB)
T4650 3494:468.459    -- End of flash programming
T4650 3494:468.494    -- 0x400000 - 0x403FFF ( 32 Sectors, 16 KoB)
T4650 3494:468.506    -- 0x404000 - 0x407FFF (  4 Sectors, 16 KoB)
T4650 3494:468.519    -- Start of restoring
T4650 3494:468.531    -- Restoring RAMCode
T4650 3494:480.122    -- Restoring target memory
T4650 3494:492.685    -- Restore target
T4650 3494:544.297    -- Restore memory
T4650 3494:544.332    -- Restoring CPU registers
T4650 3494:544.356    -- End of restoring
T4650 3494:544.409    -- Bank 0 @ 0x00400000: 2 ranges affected (32768 bytes)
T4650 3494:544.433    -- Total: 0.717s (Prepare: 0.502s, Compare: 0.007s, Erase: 0.000s, Program & Verify: 0.138s, Restore: 0.068s)
T4650 3494:544.454    -- Program & Verify speed: 231 KiB/s
T4650 3494:546.061 - 721.160ms returns 32768 (0x8000)
T4650 3494:546.148 JLINK_ResetPullsRESET(ON)
T4650 3494:546.163 - 0.020ms
T4650 3494:546.180 JLINK_ResetNoHalt()
T4650 3494:547.501   TotalIRLen = 4, IRPrint = 0x01
T4650 3494:548.168   JTAG chain detection found 1 devices:
T4650 3494:548.210    #0 Id: 0x4BA00477, IRLen: 04, CoreSight JTAG-DP
T4650 3494:552.475   Old FW that does not support reading DPIDR via DAP jobs
T4650 3494:556.269   DPv0 detected
T4650 3494:556.337   AP map detection skipped. Manually configured AP map found.
T4650 3494:556.361   AP[0]: AHB-AP (IDR: Not set)
T4650 3494:561.346   AP[0]: Core found
T4650 3494:561.399   AP[0]: AHB-AP ROM base: 0xE00FF000
T4650 3494:563.954   CPUID register: 0x410FC241. Implementer code: 0x41 (ARM)
T4650 3494:563.982   Found Cortex-M4 r0p1, Little endian.
T4650 3494:564.194   -- Max. mem block: 0x00001F48
T4650 3494:564.216   CPU_ReadMem(4 bytes @ 0xE000EDF0)
T4650 3494:564.724   CPU_ReadMem(4 bytes @ 0xE0002000)
T4650 3494:565.240   FPUnit: 6 code (BP) slots and 2 literal slots
T4650 3494:565.258   CPU_ReadMem(4 bytes @ 0xE000EDFC)
T4650 3494:565.684   CPU_ReadMem(4 bytes @ 0xE0001000)
T4650 3494:566.132   CPU_ReadMem(4 bytes @ 0xE000ED88)
T4650 3494:566.583   CPU_WriteMem(4 bytes @ 0xE000ED88)
T4650 3494:567.005   CPU_ReadMem(4 bytes @ 0xE000ED88)
T4650 3494:567.496   CPU_WriteMem(4 bytes @ 0xE000ED88)
T4650 3494:567.920   CoreSight components:
T4650 3494:567.959   ROMTbl[0] @ E00FF000
T4650 3494:567.973   CPU_ReadMem(64 bytes @ 0xE00FF000)
T4650 3494:569.192   CPU_ReadMem(32 bytes @ 0xE000EFE0)
T4650 3494:569.943   ROMTbl[0][0]: E000E000, CID: B105E00D, PID: 000BB000 SCS
T4650 3494:569.961   CPU_WriteMem(4 bytes @ 0xE0001000)
T4650 3494:570.408   CPU_ReadMem(32 bytes @ 0xE0001FE0)
T4650 3494:571.084   ROMTbl[0][1]: E0001000, CID: B105E00D, PID: 003BB002 DWT
T4650 3494:571.102   CPU_ReadMem(32 bytes @ 0xE0002FE0)
T4650 3494:571.750   ROMTbl[0][2]: E0002000, CID: B105E00D, PID: 002BB003 FPB
T4650 3494:571.766   CPU_ReadMem(32 bytes @ 0xE0000FE0)
T4650 3494:572.542   ROMTbl[0][3]: E0000000, CID: B105E00D, PID: 003BB001 ITM
T4650 3494:572.568   CPU_ReadMem(32 bytes @ 0xE0040FE0)
T4650 3494:573.382   ROMTbl[0][4]: E0040000, CID: B105900D, PID: 000BB9A1 TPIU
T4650 3494:573.422   JLINK_Reset()
T4650 3494:573.927     CPU_ReadMem(16 bytes @ 0x20000000)
T4650 3494:574.531     CPU_WriteMem(16 bytes @ 0x20000000)
T4650 3494:575.017     CPU_ReadMem(4 bytes @ 0xE000EDFC)
T4650 3494:575.547     CPU_WriteMem(4 bytes @ 0xE000EDFC)
T4650 3494:575.945     CPU_ReadMem(4 bytes @ 0xE0001000)
T4650 3494:592.618     CPU_WriteMem(4 bytes @ 0xE000EDFC)
T4650 3494:593.282     CPU_WriteMem(16 bytes @ 0x20000000)
T4650 3494:597.439     CPU_WriteMem(4 bytes @ 0xE0002000)
T4650 3494:598.168     CPU_ReadMem(4 bytes @ 0xE000EDFC)
T4650 3494:598.840     CPU_ReadMem(4 bytes @ 0xE0001000)
T4650 3494:599.474   - 26.065ms
T4650 3494:599.496   JLINK_Go()
T4650 3494:599.510     CPU_ReadMem(4 bytes @ 0xE0001000)
T4650 3494:600.073     CPU_WriteMem(4 bytes @ 0xE0001004)
T4650 3494:601.180   - 1.698ms
T4650 3494:601.200 - 55.023ms
T4650 3494:610.184 JLINK_Close()
T4650 3494:626.927 - 16.774ms
T4650 3494:626.969   
T4650 3494:626.984   Closed
