T3670 243:616.051   SEGGER J-Link V7.52a Log File
T3670 243:616.141   DLL Compiled: Jul 28 2021 11:08:12
T3670 243:616.165   Logging started @ 2023-03-15 19:51
T3670 243:616.187 - 3980.266ms
T3670 243:623.652 JLINK_ExecCommand("Device = AT91SAM4SD32C", ...). 
T3670 243:624.152   Device "ATSAM4SD32C" selected.
T3670 243:624.484 - 0.806ms returns 0x00
T3670 243:638.395 JLINK_TIF_Select(JLINKARM_TIF_JTAG)
T3670 243:639.528 - 1.158ms returns 0x00
T3670 243:639.571 JLINK_ConfigJTAG(IRPre = 0, DRPre = 0)
T3670 243:639.613 - 0.058ms
T3670 243:639.645 JLINK_SetSpeed(4000)
T3670 243:639.764 - 0.143ms
T3670 243:639.805 JLINK_ResetPullsRESET(OFF)
T3670 243:639.858 - 0.063ms
T3670 243:639.882 JLINK_Connect()
T3670 243:641.348   TotalIRLen = 4, IRPrint = 0x01
T3670 243:642.797   JTAG chain detection found 1 devices:
T3670 243:642.840    #0 Id: 0x4BA00477, IRLen: 04, CoreSight JTAG-DP
T3670 243:646.605   Old FW that does not support reading DPIDR via DAP jobs
T3670 243:649.822   DPv0 detected
T3670 243:649.847   Scanning AP map to find all available APs
T3670 243:652.505   AP[1]: Stopped AP scan as end of AP map has been reached
T3670 243:652.546   AP[0]: AHB-AP (IDR: 0x24770011)
T3670 243:652.566   Iterating through AP map to find AHB-AP to use
T3670 243:657.030   AP[0]: Core found
T3670 243:657.054   AP[0]: AHB-AP ROM base: 0xE00FF000
T3670 243:659.419   CPUID register: 0x410FC241. Implementer code: 0x41 (ARM)
T3670 243:659.443   Found Cortex-M4 r0p1, Little endian.
T3670 243:659.803   -- Max. mem block: 0x000023B8
T3670 243:659.989   CPU_ReadMem(4 bytes @ 0xE000EDF0)
T3670 243:663.546   CPU_WriteMem(4 bytes @ 0xE000EDF0)
T3670 243:664.103   CPU_ReadMem(4 bytes @ 0xE0002000)
T3670 243:664.709   FPUnit: 6 code (BP) slots and 2 literal slots
T3670 243:664.727   CPU_ReadMem(4 bytes @ 0xE000EDFC)
T3670 243:665.281   CPU_WriteMem(4 bytes @ 0xE000EDFC)
T3670 243:665.812   CPU_ReadMem(4 bytes @ 0xE0001000)
T3670 243:666.426   CPU_WriteMem(4 bytes @ 0xE0001000)
T3670 243:666.932   CPU_ReadMem(4 bytes @ 0xE000ED88)
T3670 243:667.423   CPU_WriteMem(4 bytes @ 0xE000ED88)
T3670 243:667.836   CPU_ReadMem(4 bytes @ 0xE000ED88)
T3670 243:668.316   CPU_WriteMem(4 bytes @ 0xE000ED88)
T3670 243:668.724   CoreSight components:
T3670 243:668.764   ROMTbl[0] @ E00FF000
T3670 243:668.778   CPU_ReadMem(64 bytes @ 0xE00FF000)
T3670 243:669.667   CPU_ReadMem(32 bytes @ 0xE000EFE0)
T3670 243:670.426   ROMTbl[0][0]: E000E000, CID: B105E00D, PID: 000BB000 SCS
T3670 243:670.442   CPU_ReadMem(32 bytes @ 0xE0001FE0)
T3670 243:671.078   ROMTbl[0][1]: E0001000, CID: B105E00D, PID: 003BB002 DWT
T3670 243:671.094   CPU_ReadMem(32 bytes @ 0xE0002FE0)
T3670 243:671.738   ROMTbl[0][2]: E0002000, CID: B105E00D, PID: 002BB003 FPB
T3670 243:671.754   CPU_ReadMem(32 bytes @ 0xE0000FE0)
T3670 243:672.400   ROMTbl[0][3]: E0000000, CID: B105E00D, PID: 003BB001 ITM
T3670 243:672.416   CPU_ReadMem(32 bytes @ 0xE0040FE0)
T3670 243:673.078   ROMTbl[0][4]: E0040000, CID: B105900D, PID: 000BB9A1 TPIU
T3670 243:673.097 - 33.219ms returns 0x00
T3670 243:673.176 JLINK_Halt()
T3670 243:676.440 - 3.272ms returns 0x00
T3670 243:676.557 JLINK_BeginDownload(Flags = 0x00000000)
T3670 243:676.568 - 0.014ms
T3670 243:676.589 JLINK_WriteMem(0x400E0A04, 0x4 Bytes, ...)
T3670 243:676.598   Data:  0B 01 00 5A
T3670 243:677.014   CPU_WriteMem(4 bytes @ 0x400E0A04)
T3670 243:677.455 - 0.875ms returns 0x4
T3670 243:677.494 JLINK_EndDownload()
T3670 243:677.505 - 0.015ms returns 0 (0x0)
T3670 243:677.515 JLINK_ReadMemHW(0x400E0A08, 0x0004 Bytes, ...)
T3670 243:677.526   CPU_ReadMem(4 bytes @ 0x400E0A08)
T3670 243:678.027   Data:  01 00 00 00
T3670 243:678.043 - 0.532ms returns 0
T3670 243:678.071 JLINK_BeginDownload(Flags = 0x00000000)
T3670 243:678.080 - 0.013ms
T3670 243:678.100 JLINK_WriteMem(0x400E0A04, 0x4 Bytes, ...)
T3670 243:678.108   Data:  0C 02 00 5A
T3670 243:678.124   CPU_WriteMem(4 bytes @ 0x400E0A04)
T3670 243:678.536 - 0.445ms returns 0x4
T3670 243:678.569 JLINK_EndDownload()
T3670 243:678.580 - 0.014ms returns 0 (0x0)
T3670 243:678.635 JLINK_ReadMemHW(0x400E0A08, 0x0004 Bytes, ...)
T3670 243:678.650   CPU_ReadMem(4 bytes @ 0x400E0A08)
T3670 243:679.256   Data:  01 00 00 00
T3670 243:679.272 - 0.640ms returns 0
T3670 243:679.302 JLINK_SetResetType(JLINKARM_CM3_RESET_TYPE_NORMAL)
T3670 243:679.311 - 0.013ms returns JLINKARM_CM3_RESET_TYPE_NORMAL
T3670 243:679.321 JLINK_Reset()
T3670 243:679.771   CPU_ReadMem(16 bytes @ 0x20000000)
T3670 243:680.485   CPU_WriteMem(16 bytes @ 0x20000000)
T3670 243:681.098   CPU_ReadMem(4 bytes @ 0xE000EDFC)
T3670 243:681.701   CPU_WriteMem(4 bytes @ 0xE000EDFC)
T3670 243:682.113   CPU_ReadMem(4 bytes @ 0xE0001000)
T3670 243:697.152   CPU_WriteMem(4 bytes @ 0xE000EDFC)
T3670 243:697.795   CPU_WriteMem(16 bytes @ 0x20000000)
T3670 243:701.828   CPU_WriteMem(4 bytes @ 0xE0002000)
T3670 243:702.461   CPU_ReadMem(4 bytes @ 0xE000EDFC)
T3670 243:703.187   CPU_ReadMem(4 bytes @ 0xE0001000)
T3670 243:703.911 - 24.615ms
T3670 243:705.412 JLINK_JTAG_GetDeviceID(DeviceIndex = 0)
T3670 243:705.436 - 0.042ms returns 1268778103
T3670 243:705.464 JLINK_ReadMemU32(0x400E0740, 0x1 Items)
T3670 243:705.489   CPU_ReadMem(4 bytes @ 0x400E0740)
T3670 243:706.051   Data:  E0 0E A7 29
T3670 243:706.071 - 0.610ms returns 1 (0x1)
T3670 243:706.105 JLINK_ReadMemU32(0x400E0744, 0x1 Items)
T3670 243:706.119   CPU_ReadMem(4 bytes @ 0x400E0744)
T3670 243:706.638   Data:  00 00 00 00
T3670 243:706.656 - 0.555ms returns 1 (0x1)
T3670 243:706.715 JLINK_BeginDownload(Flags = 0x00000000)
T3670 243:706.726 - 0.014ms
T3670 243:706.761 JLINK_WriteMem(0x400E0A04, 0x4 Bytes, ...)
T3670 243:706.771   Data:  05 00 00 5A
T3670 243:706.788   CPU_WriteMem(4 bytes @ 0x400E0A04)
T3670 243:707.281 - 0.530ms returns 0x4
T3670 243:707.328 JLINK_WriteMem(0x400E0C04, 0x4 Bytes, ...)
T3670 243:707.338   Data:  05 00 00 5A
T3670 243:707.356   CPU_WriteMem(4 bytes @ 0x400E0C04)
T3670 243:707.826 - 0.507ms returns 0x4
T3670 243:707.864 JLINK_EndDownload()
T3670 243:707.875 - 0.016ms returns 0 (0x0)
T3670 243:707.908 JLINK_ReadMemHW(0x400E0A08, 0x0004 Bytes, ...)
T3670 243:707.919   CPU_ReadMem(4 bytes @ 0x400E0A08)
T3670 243:708.456   Data:  00 00 00 00
T3670 243:708.474 - 0.570ms returns 0
T3670 243:708.952 JLINK_ReadMemHW(0x400E0A08, 0x0004 Bytes, ...)
T3670 243:708.971   CPU_ReadMem(4 bytes @ 0x400E0A08)
T3670 243:709.581   Data:  00 00 00 00
T3670 243:709.600 - 0.652ms returns 0
T3670 243:713.313 JLINK_ReadMemHW(0x400E0A08, 0x0004 Bytes, ...)
T3670 243:713.332   CPU_ReadMem(4 bytes @ 0x400E0A08)
T3670 243:713.950   Data:  00 00 00 00
T3670 243:713.968 - 0.659ms returns 0
T3AD4 243:717.059 JLINK_IsHalted()
T3AD4 243:717.076 - 0.021ms returns TRUE
T3AD4 243:717.087 JLINK_GetMOEs(...)
T3AD4 243:717.098   CPU_ReadMem(4 bytes @ 0xE000ED30)
T3AD4 243:717.785 - 0.722ms returns 0x01
T3AD4 243:717.823 JLINK_ReadReg(R15 (PC))
T3AD4 243:717.837 - 0.018ms returns 0x004008D8
T3670 243:730.497 JLINK_ReadMemHW(0x400E0A08, 0x0004 Bytes, ...)
T3670 243:730.550   CPU_ReadMem(4 bytes @ 0x400E0A08)
T3670 243:731.112   Data:  00 00 00 00
T3670 243:731.130 - 0.636ms returns 0
T3670 243:798.828 JLINK_ReadMemHW(0x400E0A08, 0x0004 Bytes, ...)
T3670 243:798.873   CPU_ReadMem(4 bytes @ 0x400E0A08)
T3670 243:799.669   Data:  00 00 00 00
T3670 243:799.703 - 0.878ms returns 0
T3AD4 243:918.486 JLINK_IsHalted()
T3AD4 243:918.511 - 0.029ms returns TRUE
T3670 244:055.753 JLINK_ReadMemHW(0x400E0A08, 0x0004 Bytes, ...)
T3670 244:055.807   CPU_ReadMem(4 bytes @ 0x400E0A08)
T3670 244:056.569   Data:  00 00 00 00
T3670 244:056.602 - 0.853ms returns 0
T3AD4 244:118.821 JLINK_IsHalted()
T3AD4 244:118.851 - 0.035ms returns TRUE
T3AD4 244:318.893 JLINK_IsHalted()
T3AD4 244:319.368 - 0.486ms returns TRUE
T3AD4 244:518.955 JLINK_IsHalted()
T3AD4 244:518.990 - 0.039ms returns TRUE
T3AD4 244:719.014 JLINK_IsHalted()
T3AD4 244:719.047 - 0.036ms returns TRUE
T3AD4 244:919.060 JLINK_IsHalted()
T3AD4 244:919.753 - 0.717ms returns TRUE
T3670 245:057.582 JLINK_ReadMemHW(0x400E0A08, 0x0004 Bytes, ...)
T3670 245:057.635   CPU_ReadMem(4 bytes @ 0x400E0A08)
T3670 245:058.490   Data:  00 00 00 00
T3670 245:058.523 - 0.947ms returns 0
T3670 245:058.667 JLINK_ReadMemHW(0x400E0C08, 0x0004 Bytes, ...)
T3670 245:058.689   CPU_ReadMem(4 bytes @ 0x400E0C08)
T3670 245:059.307   Data:  00 00 00 00
T3670 245:059.328 - 0.664ms returns 0
T3670 245:060.815 JLINK_ReadMemHW(0x400E0C08, 0x0004 Bytes, ...)
T3670 245:060.868   CPU_ReadMem(4 bytes @ 0x400E0C08)
T3670 245:061.633   Data:  00 00 00 00
T3670 245:061.666 - 0.855ms returns 0
T3670 245:069.042 JLINK_ReadMemHW(0x400E0C08, 0x0004 Bytes, ...)
T3670 245:069.116   CPU_ReadMem(4 bytes @ 0x400E0C08)
T3670 245:069.932   Data:  00 00 00 00
T3670 245:069.964 - 0.926ms returns 0
T3670 245:085.237 JLINK_ReadMemHW(0x400E0C08, 0x0004 Bytes, ...)
T3670 245:085.289   CPU_ReadMem(4 bytes @ 0x400E0C08)
T3670 245:086.101   Data:  00 00 00 00
T3670 245:086.133 - 0.900ms returns 0
T3AD4 245:119.066 JLINK_IsHalted()
T3AD4 245:119.099 - 0.037ms returns TRUE
T3670 245:150.254 JLINK_ReadMemHW(0x400E0C08, 0x0004 Bytes, ...)
T3670 245:150.309   CPU_ReadMem(4 bytes @ 0x400E0C08)
T3670 245:151.088   Data:  00 00 00 00
T3670 245:151.135 - 0.885ms returns 0
T3AD4 245:319.728 JLINK_IsHalted()
T3AD4 245:319.763 - 0.039ms returns TRUE
T3670 245:407.160 JLINK_ReadMemHW(0x400E0C08, 0x0004 Bytes, ...)
T3670 245:407.200   CPU_ReadMem(4 bytes @ 0x400E0C08)
T3670 245:407.928   Data:  00 00 00 00
T3670 245:407.961 - 0.805ms returns 0
T3AD4 245:520.518 JLINK_IsHalted()
T3AD4 245:521.155 - 0.661ms returns TRUE
T3AD4 245:720.707 JLINK_IsHalted()
T3AD4 245:720.753 - 0.050ms returns TRUE
T3AD4 245:920.812 JLINK_IsHalted()
T3AD4 245:920.857 - 0.048ms returns TRUE
T3AD4 246:121.613 JLINK_IsHalted()
T3AD4 246:122.334 - 0.746ms returns TRUE
T3AD4 246:327.029 JLINK_IsHalted()
T3AD4 246:327.061 - 0.036ms returns TRUE
T3670 246:409.481 JLINK_ReadMemHW(0x400E0C08, 0x0004 Bytes, ...)
T3670 246:409.525   CPU_ReadMem(4 bytes @ 0x400E0C08)
T3670 246:409.964   Data:  00 00 00 00
T3670 246:409.983 - 0.505ms returns 0
T3670 246:410.087 JLINK_ReadMemHW(0x400E0A08, 0x0004 Bytes, ...)
T3670 246:410.102   CPU_ReadMem(4 bytes @ 0x400E0A08)
T3670 246:410.544   Data:  00 00 00 00
T3670 246:410.561 - 0.478ms returns 0
T3670 246:413.598 JLINK_ReadMemHW(0x400E0A08, 0x0004 Bytes, ...)
T3670 246:413.631   CPU_ReadMem(4 bytes @ 0x400E0A08)
T3670 246:414.113   Data:  00 00 00 00
T3670 246:414.153 - 0.559ms returns 0
T3670 246:418.159 JLINK_ReadMemHW(0x400E0A08, 0x0004 Bytes, ...)
T3670 246:418.201   CPU_ReadMem(4 bytes @ 0x400E0A08)
T3670 246:418.956   Data:  00 00 00 00
T3670 246:418.989 - 0.834ms returns 0
T3670 246:435.146 JLINK_ReadMemHW(0x400E0A08, 0x0004 Bytes, ...)
T3670 246:435.200   CPU_ReadMem(4 bytes @ 0x400E0A08)
T3670 246:436.025   Data:  00 00 00 00
T3670 246:436.059 - 0.917ms returns 0
T3670 246:500.890 JLINK_ReadMemHW(0x400E0A08, 0x0004 Bytes, ...)
T3670 246:500.944   CPU_ReadMem(4 bytes @ 0x400E0A08)
T3670 246:501.752   Data:  00 00 00 00
T3670 246:501.798 - 0.912ms returns 0
T3AD4 246:527.374 JLINK_IsHalted()
T3AD4 246:527.418 - 0.048ms returns TRUE
T3AD4 246:729.044 JLINK_IsHalted()
T3AD4 246:729.632 - 0.612ms returns TRUE
T3670 246:759.464 JLINK_ReadMemHW(0x400E0A08, 0x0004 Bytes, ...)
T3670 246:759.538   CPU_ReadMem(4 bytes @ 0x400E0A08)
T3670 246:760.312   Data:  00 00 00 00
T3670 246:760.357 - 0.897ms returns 0
T3AD4 246:929.894 JLINK_IsHalted()
T3AD4 246:929.936 - 0.046ms returns TRUE
T3AD4 247:131.505 JLINK_IsHalted()
T3AD4 247:131.549 - 0.048ms returns TRUE
T3AD4 247:336.793 JLINK_IsHalted()
T3AD4 247:337.219 - 0.437ms returns TRUE
T3AD4 247:539.027 JLINK_IsHalted()
T3AD4 247:539.061 - 0.037ms returns TRUE
T3AD4 247:739.785 JLINK_IsHalted()
T3AD4 247:739.811 - 0.031ms returns TRUE
T3670 247:760.964 JLINK_ReadMemHW(0x400E0A08, 0x0004 Bytes, ...)
T3670 247:761.006   CPU_ReadMem(4 bytes @ 0x400E0A08)
T3670 247:761.751   Data:  00 00 00 00
T3670 247:761.784 - 0.824ms returns 0
T3670 247:761.877 JLINK_ReadMemHW(0x400E0C08, 0x0004 Bytes, ...)
T3670 247:761.897   CPU_ReadMem(4 bytes @ 0x400E0C08)
T3670 247:762.484   Data:  00 00 00 00
T3670 247:762.509 - 0.636ms returns 0
T3670 247:763.791 JLINK_ReadMemHW(0x400E0C08, 0x0004 Bytes, ...)
T3670 247:763.832   CPU_ReadMem(4 bytes @ 0x400E0C08)
T3670 247:764.576   Data:  00 00 00 00
T3670 247:764.611 - 0.824ms returns 0
T3670 247:769.742 JLINK_ReadMemHW(0x400E0C08, 0x0004 Bytes, ...)
T3670 247:769.796   CPU_ReadMem(4 bytes @ 0x400E0C08)
T3670 247:770.435   Data:  00 00 00 00
T3670 247:770.453 - 0.715ms returns 0
T3670 247:786.328 JLINK_ReadMemHW(0x400E0C08, 0x0004 Bytes, ...)
T3670 247:786.383   CPU_ReadMem(4 bytes @ 0x400E0C08)
T3670 247:787.188   Data:  00 00 00 00
T3670 247:787.221 - 0.897ms returns 0
T3670 247:858.124 JLINK_ReadMemHW(0x400E0C08, 0x0004 Bytes, ...)
T3670 247:858.172   CPU_ReadMem(4 bytes @ 0x400E0C08)
T3670 247:858.690   Data:  00 00 00 00
T3670 247:858.720 - 0.603ms returns 0
T3AD4 247:940.739 JLINK_IsHalted()
T3AD4 247:941.107 - 0.377ms returns TRUE
T3670 248:114.481 JLINK_ReadMemHW(0x400E0C08, 0x0004 Bytes, ...)
T3670 248:114.552   CPU_ReadMem(4 bytes @ 0x400E0C08)
T3670 248:115.081   Data:  01 00 00 00
T3670 248:115.110 - 0.635ms returns 0
T3670 248:115.148 JLINK_ReadMemHW(0x400E0A08, 0x0004 Bytes, ...)
T3670 248:115.163   CPU_ReadMem(4 bytes @ 0x400E0A08)
T3670 248:115.960   Data:  00 00 00 00
T3670 248:115.993 - 0.849ms returns 0
T3670 248:117.615 JLINK_ReadMemHW(0x400E0A08, 0x0004 Bytes, ...)
T3670 248:117.660   CPU_ReadMem(4 bytes @ 0x400E0A08)
T3670 248:118.484   Data:  00 00 00 00
T3670 248:118.517 - 0.906ms returns 0
T3670 248:124.230 JLINK_ReadMemHW(0x400E0A08, 0x0004 Bytes, ...)
T3670 248:124.298   CPU_ReadMem(4 bytes @ 0x400E0A08)
T3670 248:124.990   Data:  00 00 00 00
T3670 248:125.034 - 0.808ms returns 0
T3670 248:140.593 JLINK_ReadMemHW(0x400E0A08, 0x0004 Bytes, ...)
T3670 248:140.644   CPU_ReadMem(4 bytes @ 0x400E0A08)
T3670 248:141.341   Data:  00 00 00 00
T3670 248:141.363 - 0.774ms returns 0
T3AD4 248:145.526 JLINK_IsHalted()
T3AD4 248:145.620 - 0.104ms returns TRUE
T3670 248:206.615 JLINK_ReadMemHW(0x400E0A08, 0x0004 Bytes, ...)
T3670 248:206.724   CPU_ReadMem(4 bytes @ 0x400E0A08)
T3670 248:207.433   Data:  00 00 00 00
T3670 248:207.453 - 0.842ms returns 0
T3AD4 248:347.020 JLINK_IsHalted()
T3AD4 248:347.073 - 0.058ms returns TRUE
T3670 248:468.133 JLINK_ReadMemHW(0x400E0A08, 0x0004 Bytes, ...)
T3670 248:468.198   CPU_ReadMem(4 bytes @ 0x400E0A08)
T3670 248:468.695   Data:  00 00 00 00
T3670 248:468.723 - 0.596ms returns 0
T3AD4 248:547.140 JLINK_IsHalted()
T3AD4 248:547.608 - 0.478ms returns TRUE
T3AD4 248:748.919 JLINK_IsHalted()
T3AD4 248:748.992 - 0.080ms returns TRUE
T3AD4 248:949.047 JLINK_IsHalted()
T3AD4 248:949.080 - 0.037ms returns TRUE
T3AD4 249:149.736 JLINK_IsHalted()
T3AD4 249:150.184 - 0.463ms returns TRUE
T3AD4 249:350.024 JLINK_IsHalted()
T3AD4 249:350.057 - 0.037ms returns TRUE
T3670 249:469.028 JLINK_ReadMemHW(0x400E0A08, 0x0004 Bytes, ...)
T3670 249:469.071   CPU_ReadMem(4 bytes @ 0x400E0A08)
T3670 249:469.826   Data:  01 00 00 00
T3670 249:469.872 - 0.848ms returns 0
T3AD4 249:550.686 JLINK_IsHalted()
T3AD4 249:550.731 - 0.049ms returns TRUE
T3670 249:551.614 JLINK_ResetPullsRESET(ON)
T3670 249:551.637 - 0.030ms
T3670 249:551.656 JLINK_ResetNoHalt()
T3670 249:552.824   TotalIRLen = 4, IRPrint = 0x01
T3670 249:553.388   JTAG chain detection found 1 devices:
T3670 249:553.429    #0 Id: 0x4BA00477, IRLen: 04, CoreSight JTAG-DP
T3670 249:557.745   Old FW that does not support reading DPIDR via DAP jobs
T3670 249:561.518   DPv0 detected
T3670 249:561.556   AP map detection skipped. Manually configured AP map found.
T3670 249:561.582   AP[0]: AHB-AP (IDR: Not set)
T3670 249:566.374   AP[0]: Core found
T3670 249:566.409   AP[0]: AHB-AP ROM base: 0xE00FF000
T3670 249:568.867   CPUID register: 0x410FC241. Implementer code: 0x41 (ARM)
T3670 249:568.894   Found Cortex-M4 r0p1, Little endian.
T3670 249:569.050   -- Max. mem block: 0x00001F48
T3670 249:569.073   CPU_ReadMem(4 bytes @ 0xE000EDF0)
T3670 249:569.560   CPU_ReadMem(4 bytes @ 0xE0002000)
T3670 249:570.069   FPUnit: 6 code (BP) slots and 2 literal slots
T3670 249:570.086   CPU_ReadMem(4 bytes @ 0xE000EDFC)
T3670 249:570.528   CPU_ReadMem(4 bytes @ 0xE0001000)
T3670 249:571.033   CPU_ReadMem(4 bytes @ 0xE000ED88)
T3670 249:571.554   CPU_WriteMem(4 bytes @ 0xE000ED88)
T3670 249:571.950   CPU_ReadMem(4 bytes @ 0xE000ED88)
T3670 249:572.392   CPU_WriteMem(4 bytes @ 0xE000ED88)
T3670 249:572.854   CoreSight components:
T3670 249:572.879   ROMTbl[0] @ E00FF000
T3670 249:572.896   CPU_ReadMem(64 bytes @ 0xE00FF000)
T3670 249:574.081   CPU_ReadMem(32 bytes @ 0xE000EFE0)
T3670 249:574.772   ROMTbl[0][0]: E000E000, CID: B105E00D, PID: 000BB000 SCS
T3670 249:574.807   CPU_WriteMem(4 bytes @ 0xE0001000)
T3670 249:575.234   CPU_ReadMem(32 bytes @ 0xE0001FE0)
T3670 249:575.952   ROMTbl[0][1]: E0001000, CID: B105E00D, PID: 003BB002 DWT
T3670 249:575.988   CPU_ReadMem(32 bytes @ 0xE0002FE0)
T3670 249:576.638   ROMTbl[0][2]: E0002000, CID: B105E00D, PID: 002BB003 FPB
T3670 249:576.674   CPU_ReadMem(32 bytes @ 0xE0000FE0)
T3670 249:577.313   ROMTbl[0][3]: E0000000, CID: B105E00D, PID: 003BB001 ITM
T3670 249:577.331   CPU_ReadMem(32 bytes @ 0xE0040FE0)
T3670 249:578.035   ROMTbl[0][4]: E0040000, CID: B105900D, PID: 000BB9A1 TPIU
T3670 249:578.062   JLINK_Reset()
T3670 249:578.170     CPU_ReadMem(16 bytes @ 0x20000000)
T3670 249:578.749     CPU_WriteMem(16 bytes @ 0x20000000)
T3670 249:579.229     CPU_ReadMem(4 bytes @ 0xE000EDFC)
T3670 249:579.708     CPU_WriteMem(4 bytes @ 0xE000EDFC)
T3670 249:580.106     CPU_ReadMem(4 bytes @ 0xE0001000)
T3670 249:580.641     CPU_WriteMem(4 bytes @ 0xE0001004)
T3670 249:596.159     CPU_WriteMem(4 bytes @ 0xE000EDFC)
T3670 249:596.859     CPU_WriteMem(16 bytes @ 0x20000000)
T3670 249:601.166     CPU_WriteMem(4 bytes @ 0xE0002000)
T3670 249:601.730     CPU_ReadMem(4 bytes @ 0xE000EDFC)
T3670 249:602.335     CPU_ReadMem(4 bytes @ 0xE0001000)
T3670 249:602.957   - 24.908ms
T3670 249:602.978   JLINK_Go()
T3670 249:602.991     CPU_ReadMem(4 bytes @ 0xE0001000)
T3670 249:603.613     CPU_WriteMem(4 bytes @ 0xE0001004)
T3670 249:604.697   - 1.732ms
T3670 249:604.716 - 53.063ms
T3670 249:605.008 JLINK_TIF_Select(JLINKARM_TIF_JTAG)
T3670 249:605.036 - 0.034ms returns 0x00
T3670 249:605.050 JLINK_ConfigJTAG(IRPre = 0, DRPre = 0)
T3670 249:605.065 - 0.020ms
T3670 249:605.095 JLINK_SetSpeed(4000)
T3670 249:605.262 - 0.185ms
T3670 249:605.290 JLINK_ResetPullsRESET(OFF)
T3670 249:605.299 - 0.013ms
T3670 249:605.310 JLINK_Connect()
T3670 249:606.764   TotalIRLen = 4, IRPrint = 0x01
T3670 249:607.478   JTAG chain detection found 1 devices:
T3670 249:607.527    #0 Id: 0x4BA00477, IRLen: 04, CoreSight JTAG-DP
T3670 249:611.925   Old FW that does not support reading DPIDR via DAP jobs
T3670 249:615.176   DPv0 detected
T3670 249:615.203   AP map detection skipped. Manually configured AP map found.
T3670 249:615.224   AP[0]: AHB-AP (IDR: Not set)
T3670 249:619.776   AP[0]: Core found
T3670 249:619.817   AP[0]: AHB-AP ROM base: 0xE00FF000
T3670 249:622.575   CPUID register: 0x410FC241. Implementer code: 0x41 (ARM)
T3670 249:622.617   Found Cortex-M4 r0p1, Little endian.
T3670 249:622.813   -- Max. mem block: 0x00001F48
T3670 249:622.846   CPU_ReadMem(4 bytes @ 0xE000EDF0)
T3670 249:623.340   CPU_ReadMem(4 bytes @ 0xE0002000)
T3670 249:623.866   FPUnit: 6 code (BP) slots and 2 literal slots
T3670 249:623.886   CPU_ReadMem(4 bytes @ 0xE000EDFC)
T3670 249:624.361   CPU_ReadMem(4 bytes @ 0xE0001000)
T3670 249:624.826   CPU_WriteMem(4 bytes @ 0xE0001000)
T3670 249:625.233   CPU_ReadMem(4 bytes @ 0xE000ED88)
T3670 249:625.718   CPU_WriteMem(4 bytes @ 0xE000ED88)
T3670 249:626.137   CPU_ReadMem(4 bytes @ 0xE000ED88)
T3670 249:626.661   CPU_WriteMem(4 bytes @ 0xE000ED88)
T3670 249:627.107   CoreSight components:
T3670 249:627.131   ROMTbl[0] @ E00FF000
T3670 249:627.144   CPU_ReadMem(64 bytes @ 0xE00FF000)
T3670 249:628.386   CPU_ReadMem(32 bytes @ 0xE000EFE0)
T3670 249:629.102   ROMTbl[0][0]: E000E000, CID: B105E00D, PID: 000BB000 SCS
T3670 249:629.126   CPU_ReadMem(32 bytes @ 0xE0001FE0)
T3670 249:629.814   ROMTbl[0][1]: E0001000, CID: B105E00D, PID: 003BB002 DWT
T3670 249:629.833   CPU_ReadMem(32 bytes @ 0xE0002FE0)
T3670 249:630.583   ROMTbl[0][2]: E0002000, CID: B105E00D, PID: 002BB003 FPB
T3670 249:630.602   CPU_ReadMem(32 bytes @ 0xE0000FE0)
T3670 249:631.298   ROMTbl[0][3]: E0000000, CID: B105E00D, PID: 003BB001 ITM
T3670 249:631.316   CPU_ReadMem(32 bytes @ 0xE0040FE0)
T3670 249:632.036   ROMTbl[0][4]: E0040000, CID: B105900D, PID: 000BB9A1 TPIU
T3670 249:632.057 - 26.751ms returns 0x00
T3670 249:632.131 JLINK_Halt()
T3670 249:635.458 - 3.337ms returns 0x00
T3670 249:635.562 JLINK_BeginDownload(Flags = 0x00000000)
T3670 249:635.573 - 0.015ms
T3670 249:635.595 JLINK_WriteMem(0x400E0A04, 0x4 Bytes, ...)
T3670 249:635.605   Data:  0B 01 00 5A
T3670 249:635.749   CPU_WriteMem(4 bytes @ 0x400E0A04)
T3670 249:636.258 - 0.672ms returns 0x4
T3670 249:636.296 JLINK_EndDownload()
T3670 249:636.307 - 0.015ms returns 0 (0x0)
T3670 249:636.317 JLINK_ReadMemHW(0x400E0A08, 0x0004 Bytes, ...)
T3670 249:636.328   CPU_ReadMem(4 bytes @ 0x400E0A08)
T3670 249:636.936   Data:  01 00 00 00
T3670 249:636.954 - 0.640ms returns 0
T3670 249:636.983 JLINK_BeginDownload(Flags = 0x00000000)
T3670 249:636.992 - 0.013ms
T3670 249:637.013 JLINK_WriteMem(0x400E0A04, 0x4 Bytes, ...)
T3670 249:637.022   Data:  0C 02 00 5A
T3670 249:637.039   CPU_WriteMem(4 bytes @ 0x400E0A04)
T3670 249:637.500 - 0.497ms returns 0x4
T3670 249:637.537 JLINK_EndDownload()
T3670 249:637.548 - 0.015ms returns 0 (0x0)
T3670 249:637.558 JLINK_ReadMemHW(0x400E0A08, 0x0004 Bytes, ...)
T3670 249:637.569   CPU_ReadMem(4 bytes @ 0x400E0A08)
T3670 249:638.042   Data:  01 00 00 00
T3670 249:638.074 - 0.519ms returns 0
T3670 249:638.121 JLINK_SetResetType(JLINKARM_CM3_RESET_TYPE_NORMAL)
T3670 249:638.131 - 0.013ms returns JLINKARM_CM3_RESET_TYPE_NORMAL
T3670 249:638.141 JLINK_Reset()
T3670 249:638.176   CPU_ReadMem(16 bytes @ 0x20000000)
T3670 249:638.761   CPU_WriteMem(16 bytes @ 0x20000000)
T3670 249:639.274   CPU_ReadMem(4 bytes @ 0xE000EDFC)
T3670 249:639.800   CPU_WriteMem(4 bytes @ 0xE000EDFC)
T3670 249:640.296   CPU_ReadMem(4 bytes @ 0xE0001000)
T3670 249:656.563   CPU_WriteMem(4 bytes @ 0xE000EDFC)
T3670 249:657.141   CPU_WriteMem(16 bytes @ 0x20000000)
T3670 249:661.091   CPU_WriteMem(4 bytes @ 0xE0002000)
T3670 249:661.659   CPU_ReadMem(4 bytes @ 0xE000EDFC)
T3670 249:662.279   CPU_ReadMem(4 bytes @ 0xE0001000)
T3670 249:662.900 - 24.769ms
T3670 249:663.952 JLINK_JTAG_GetDeviceID(DeviceIndex = 0)
T3670 249:663.973 - 0.026ms returns 1268778103
T3670 249:663.986 JLINK_ReadMemU32(0x400E0740, 0x1 Items)
T3670 249:664.001   CPU_ReadMem(4 bytes @ 0x400E0740)
T3670 249:664.520   Data:  E0 0E A7 29
T3670 249:664.539 - 0.557ms returns 1 (0x1)
T3670 249:664.569 JLINK_ReadMemU32(0x400E0744, 0x1 Items)
T3670 249:664.583   CPU_ReadMem(4 bytes @ 0x400E0744)
T3670 249:665.086   Data:  00 00 00 00
T3670 249:665.104 - 0.539ms returns 1 (0x1)
T1F00 249:672.963 JLINK_IsHalted()
T1F00 249:672.989 - 0.030ms returns TRUE
T1F00 249:673.001 JLINK_GetMOEs(...)
T1F00 249:673.014   CPU_ReadMem(4 bytes @ 0xE000ED30)
T1F00 249:673.570 - 0.582ms returns 0x01
T1F00 249:673.601 JLINK_ReadReg(R15 (PC))
T1F00 249:673.615 - 0.025ms returns 0xFFFFFFFE
T3670 249:675.086 JLINK_BeginDownload(Flags = 0x00000000)
T3670 249:675.103 - 0.021ms
T3670 249:675.123 JLINK_WriteMem(0x00400000, 0x2D80 Bytes, ...)
T3670 249:675.133   Data:  58 39 00 20 D9 08 40 00 D5 08 40 00 D5 08 40 00 ...
T3670 249:675.637   completely In flash
T3670 249:675.672    -- Read from flash cache (11648 bytes @ 0x00400000)
T3670 249:675.686 - 0.566ms returns 0x2D80
T3670 249:675.895 JLINK_WriteMem(0x00402D80, 0x854 Bytes, ...)
T3670 249:675.918   Data:  00 09 3D 00 80 25 00 00 C0 00 00 00 00 08 00 00 ...
T3670 249:675.957   completely In flash
T3670 249:675.988    -- Read from flash cache (2132 bytes @ 0x00402D80)
T3670 249:676.012 - 0.124ms returns 0x854
T1F00 249:873.737 JLINK_IsHalted()
T1F00 249:873.787 - 0.054ms returns TRUE
T3670 249:874.520 JLINK_EndDownload()
T3670 249:874.828   Old firmware which does not support pausing periodic actions during flash download
T3670 249:874.856   CPU_ReadMem(4 bytes @ 0xE000ED90)
T3670 249:875.352   CPU_ReadMem(4 bytes @ 0xE000ED94)
T3670 249:876.088    -- --------------------------------------
T3670 249:876.127   Flash bank @ 0x00400000: Default: L2 verify disabled because algorithm performs L1 verify
T3670 249:876.139    -- Start of determining dirty areas in flash cache
T3670 249:876.543    -- End of determining dirty areas
T3670 249:876.556    -- Start of preparing flash programming
T3670 249:876.571    -- Calculating RAM usage
T3670 249:876.643    -- RAM usage = 3036 Bytes
T3670 249:876.655    -- Preserving CPU registers
T3670 249:876.683    -- Preparing memory
T3670 249:876.696    -- Preparing target
T3670 250:036.533    -- Preserving target RAM temporarily used for programming
T3670 250:046.488    -- Downloading RAMCode
T3670 250:058.015    -- Preparing RAMCode
T3670 250:063.554    -- Checking target RAM
T3670 250:064.767    -- End of preparing flash programming
T3670 250:064.895   Looking for J-Link GUI Server exe at: S:\Program Files (x86)\Atmel\Studio\7.0\atbackend\JLinkGUIServer.exe
T3670 250:064.983   Looking for J-Link GUI Server exe at: \JLinkGUIServer.exe
T3670 250:366.599   Failed to connect to J-Link GUI Server.
T3670 250:371.943    -- CPU is running at 90000 kHz.
T3670 250:371.997    -- Start of comparing flash
T3670 250:372.010    -- CRC check was estimated as fastest method
T3670 250:372.026    -- Comparing range 0x400000 - 0x4035FF (27 Sectors, 13 KiB), using multi-block CRC calculation
T3670 250:376.609    -- CRC does not match for sectors 0-26
T3670 250:376.650    -- End of comparing flash
T3670 250:376.672    -- Start of erasing sectors
T3670 250:376.692    -- End of erasing sectors
T3670 250:376.710    -- Start of flash programming
T3670 250:376.729    -- Programming range 0x00400000 - 0x004035FF ( 27 Sectors, 13 KB)
T3670 250:454.753    -- End of flash programming
T3670 250:454.782    -- 0x400000 - 0x4035FF ( 27 Sectors, 13 KoB)
T3670 250:454.795    -- Start of restoring
T3670 250:454.810    -- Restoring RAMCode
T3670 250:463.132    -- Restoring target memory
T3670 250:472.644    -- Restore target
T3670 250:524.368    -- Restore memory
T3670 250:524.399    -- Restoring CPU registers
T3670 250:524.423    -- End of restoring
T3670 250:524.472    -- Bank 0 @ 0x00400000: 1 range affected (13824 bytes)
T3670 250:524.497    -- Total: 0.647s (Prepare: 0.495s, Compare: 0.004s, Erase: 0.000s, Program & Verify: 0.082s, Restore: 0.064s)
T3670 250:524.518    -- Program & Verify speed: 164 KiB/s
T3670 250:526.481 - 651.991ms returns 13824 (0x3600)
T3670 250:526.570 JLINK_ResetPullsRESET(ON)
T3670 250:526.582 - 0.015ms
T3670 250:526.592 JLINK_ResetNoHalt()
T3670 250:527.776   TotalIRLen = 4, IRPrint = 0x01
T3670 250:528.336   JTAG chain detection found 1 devices:
T3670 250:528.363    #0 Id: 0x4BA00477, IRLen: 04, CoreSight JTAG-DP
T3670 250:531.549   Old FW that does not support reading DPIDR via DAP jobs
T3670 250:534.611   DPv0 detected
T3670 250:534.651   AP map detection skipped. Manually configured AP map found.
T3670 250:534.672   AP[0]: AHB-AP (IDR: Not set)
T3670 250:538.812   AP[0]: Core found
T3670 250:538.842   AP[0]: AHB-AP ROM base: 0xE00FF000
T3670 250:541.166   CPUID register: 0x410FC241. Implementer code: 0x41 (ARM)
T3670 250:541.220   Found Cortex-M4 r0p1, Little endian.
T3670 250:541.382   -- Max. mem block: 0x00001F48
T3670 250:541.421   CPU_ReadMem(4 bytes @ 0xE000EDF0)
T3670 250:541.918   CPU_ReadMem(4 bytes @ 0xE0002000)
T3670 250:542.421   FPUnit: 6 code (BP) slots and 2 literal slots
T3670 250:542.473   CPU_ReadMem(4 bytes @ 0xE000EDFC)
T3670 250:542.929   CPU_ReadMem(4 bytes @ 0xE0001000)
T3670 250:543.476   CPU_ReadMem(4 bytes @ 0xE000ED88)
T3670 250:543.935   CPU_WriteMem(4 bytes @ 0xE000ED88)
T3670 250:544.354   CPU_ReadMem(4 bytes @ 0xE000ED88)
T3670 250:544.857   CPU_WriteMem(4 bytes @ 0xE000ED88)
T3670 250:545.265   CoreSight components:
T3670 250:545.312   ROMTbl[0] @ E00FF000
T3670 250:545.327   CPU_ReadMem(64 bytes @ 0xE00FF000)
T3670 250:546.421   CPU_ReadMem(32 bytes @ 0xE000EFE0)
T3670 250:547.056   ROMTbl[0][0]: E000E000, CID: B105E00D, PID: 000BB000 SCS
T3670 250:547.090   CPU_WriteMem(4 bytes @ 0xE0001000)
T3670 250:547.434   CPU_ReadMem(32 bytes @ 0xE0001FE0)
T3670 250:548.318   ROMTbl[0][1]: E0001000, CID: B105E00D, PID: 003BB002 DWT
T3670 250:548.350   CPU_ReadMem(32 bytes @ 0xE0002FE0)
T3670 250:549.014   ROMTbl[0][2]: E0002000, CID: B105E00D, PID: 002BB003 FPB
T3670 250:549.042   CPU_ReadMem(32 bytes @ 0xE0000FE0)
T3670 250:549.683   ROMTbl[0][3]: E0000000, CID: B105E00D, PID: 003BB001 ITM
T3670 250:549.703   CPU_ReadMem(32 bytes @ 0xE0040FE0)
T3670 250:550.361   ROMTbl[0][4]: E0040000, CID: B105900D, PID: 000BB9A1 TPIU
T3670 250:550.397   JLINK_Reset()
T3670 250:550.853     CPU_ReadMem(16 bytes @ 0x20000000)
T3670 250:551.372     CPU_WriteMem(16 bytes @ 0x20000000)
T3670 250:551.800     CPU_ReadMem(4 bytes @ 0xE000EDFC)
T3670 250:552.295     CPU_WriteMem(4 bytes @ 0xE000EDFC)
T3670 250:552.705     CPU_ReadMem(4 bytes @ 0xE0001000)
T3670 250:568.327     CPU_WriteMem(4 bytes @ 0xE000EDFC)
T3670 250:568.751     CPU_WriteMem(16 bytes @ 0x20000000)
T3670 250:572.207     CPU_WriteMem(4 bytes @ 0xE0002000)
T3670 250:572.622     CPU_ReadMem(4 bytes @ 0xE000EDFC)
T3670 250:573.066     CPU_ReadMem(4 bytes @ 0xE0001000)
T3670 250:573.503   - 23.114ms
T3670 250:573.519   JLINK_Go()
T3670 250:573.531     CPU_ReadMem(4 bytes @ 0xE0001000)
T3670 250:574.012     CPU_WriteMem(4 bytes @ 0xE0001004)
T3670 250:574.721   - 1.211ms
T3670 250:574.736 - 48.148ms
T3670 250:583.331 JLINK_Close()
T3670 250:599.144 - 15.842ms
T3670 250:599.182   
T3670 250:599.195   Closed
