T21BC 1101:898.307   SEGGER J-Link V7.52a Log File
T21BC 1101:898.411   DLL Compiled: Jul 28 2021 11:08:12
T21BC 1101:898.436   Logging started @ 2023-03-22 18:54
T21BC 1101:898.476 - 1017774.196ms
T21BC 1101:906.642 JLINK_ExecCommand("Device = AT91SAM4SD32C", ...). 
T21BC 1101:907.155   Device "ATSAM4SD32C" selected.
T21BC 1101:907.513 - 0.837ms returns 0x00
T21BC 1101:922.522 JLINK_TIF_Select(JLINKARM_TIF_JTAG)
T21BC 1101:923.721 - 1.224ms returns 0x00
T21BC 1101:923.764 JLINK_ConfigJTAG(IRPre = 0, DRPre = 0)
T21BC 1101:923.810 - 0.059ms
T21BC 1101:923.838 JLINK_SetSpeed(4000)
T21BC 1101:923.996 - 0.182ms
T21BC 1101:924.038 JLINK_ResetPullsRESET(OFF)
T21BC 1101:924.060 - 0.033ms
T21BC 1101:924.084 JLINK_Connect()
T21BC 1101:925.695   TotalIRLen = 4, IRPrint = 0x01
T21BC 1101:926.301   JTAG chain detection found 1 devices:
T21BC 1101:926.347    #0 Id: 0x4BA00477, IRLen: 04, CoreSight JTAG-DP
T21BC 1101:930.312   Old FW that does not support reading DPIDR via DAP jobs
T21BC 1101:933.564   DPv0 detected
T21BC 1101:933.591   Scanning AP map to find all available APs
T21BC 1101:936.303   AP[1]: Stopped AP scan as end of AP map has been reached
T21BC 1101:936.328   AP[0]: AHB-AP (IDR: 0x24770011)
T21BC 1101:936.350   Iterating through AP map to find AHB-AP to use
T21BC 1101:940.712   AP[0]: Core found
T21BC 1101:940.737   AP[0]: AHB-AP ROM base: 0xE00FF000
T21BC 1101:942.937   CPUID register: 0x410FC241. Implementer code: 0x41 (ARM)
T21BC 1101:942.962   Found Cortex-M4 r0p1, Little endian.
T21BC 1101:943.361   -- Max. mem block: 0x000023B8
T21BC 1101:943.477   CPU_ReadMem(4 bytes @ 0xE000EDF0)
T21BC 1101:947.093   CPU_WriteMem(4 bytes @ 0xE000EDF0)
T21BC 1101:947.491   CPU_ReadMem(4 bytes @ 0xE0002000)
T21BC 1101:948.023   FPUnit: 6 code (BP) slots and 2 literal slots
T21BC 1101:948.042   CPU_ReadMem(4 bytes @ 0xE000EDFC)
T21BC 1101:948.546   CPU_WriteMem(4 bytes @ 0xE000EDFC)
T21BC 1101:948.966   CPU_ReadMem(4 bytes @ 0xE0001000)
T21BC 1101:949.443   CPU_WriteMem(4 bytes @ 0xE0001000)
T21BC 1101:949.873   CPU_ReadMem(4 bytes @ 0xE000ED88)
T21BC 1101:950.368   CPU_WriteMem(4 bytes @ 0xE000ED88)
T21BC 1101:950.821   CPU_ReadMem(4 bytes @ 0xE000ED88)
T21BC 1101:951.317   CPU_WriteMem(4 bytes @ 0xE000ED88)
T21BC 1101:951.761   CoreSight components:
T21BC 1101:951.815   ROMTbl[0] @ E00FF000
T21BC 1101:951.829   CPU_ReadMem(64 bytes @ 0xE00FF000)
T21BC 1101:952.698   CPU_ReadMem(32 bytes @ 0xE000EFE0)
T21BC 1101:953.459   ROMTbl[0][0]: E000E000, CID: B105E00D, PID: 000BB000 SCS
T21BC 1101:953.478   CPU_ReadMem(32 bytes @ 0xE0001FE0)
T21BC 1101:954.182   ROMTbl[0][1]: E0001000, CID: B105E00D, PID: 003BB002 DWT
T21BC 1101:954.202   CPU_ReadMem(32 bytes @ 0xE0002FE0)
T21BC 1101:954.871   ROMTbl[0][2]: E0002000, CID: B105E00D, PID: 002BB003 FPB
T21BC 1101:954.890   CPU_ReadMem(32 bytes @ 0xE0000FE0)
T21BC 1101:955.558   ROMTbl[0][3]: E0000000, CID: B105E00D, PID: 003BB001 ITM
T21BC 1101:955.577   CPU_ReadMem(32 bytes @ 0xE0040FE0)
T21BC 1101:956.288   ROMTbl[0][4]: E0040000, CID: B105900D, PID: 000BB9A1 TPIU
T21BC 1101:956.310 - 32.230ms returns 0x00
T21BC 1101:956.425 JLINK_Halt()
T21BC 1101:959.665 - 3.251ms returns 0x00
T21BC 1101:959.797 JLINK_BeginDownload(Flags = 0x00000000)
T21BC 1101:959.809 - 0.016ms
T21BC 1101:959.847 JLINK_WriteMem(0x400E0A04, 0x4 Bytes, ...)
T21BC 1101:959.857   Data:  0B 01 00 5A
T21BC 1101:960.276   CPU_WriteMem(4 bytes @ 0x400E0A04)
T21BC 1101:960.836 - 1.014ms returns 0x4
T21BC 1101:960.913 JLINK_EndDownload()
T21BC 1101:960.927 - 0.018ms returns 0 (0x0)
T21BC 1101:960.938 JLINK_ReadMemHW(0x400E0A08, 0x0004 Bytes, ...)
T21BC 1101:960.952   CPU_ReadMem(4 bytes @ 0x400E0A08)
T21BC 1101:961.623   Data:  01 00 00 00
T21BC 1101:961.657 - 0.723ms returns 0
T21BC 1101:961.711 JLINK_BeginDownload(Flags = 0x00000000)
T21BC 1101:961.722 - 0.015ms
T21BC 1101:961.748 JLINK_WriteMem(0x400E0A04, 0x4 Bytes, ...)
T21BC 1101:961.758   Data:  0C 02 00 5A
T21BC 1101:961.780   CPU_WriteMem(4 bytes @ 0x400E0A04)
T21BC 1101:962.340 - 0.613ms returns 0x4
T21BC 1101:962.461 JLINK_EndDownload()
T21BC 1101:962.493 - 0.035ms returns 0 (0x0)
T21BC 1101:962.503 JLINK_ReadMemHW(0x400E0A08, 0x0004 Bytes, ...)
T21BC 1101:962.516   CPU_ReadMem(4 bytes @ 0x400E0A08)
T21BC 1101:963.011   Data:  01 00 00 00
T21BC 1101:963.030 - 0.530ms returns 0
T21BC 1101:963.063 JLINK_SetResetType(JLINKARM_CM3_RESET_TYPE_NORMAL)
T21BC 1101:963.073 - 0.014ms returns JLINKARM_CM3_RESET_TYPE_NORMAL
T21BC 1101:963.083 JLINK_Reset()
T21BC 1101:963.466   CPU_ReadMem(16 bytes @ 0x20000000)
T21BC 1101:964.137   CPU_WriteMem(16 bytes @ 0x20000000)
T21BC 1101:964.806   CPU_ReadMem(4 bytes @ 0xE000EDFC)
T21BC 1101:965.445   CPU_WriteMem(4 bytes @ 0xE000EDFC)
T21BC 1101:965.993   CPU_ReadMem(4 bytes @ 0xE0001000)
T21BC 1101:981.790   CPU_WriteMem(4 bytes @ 0xE000EDFC)
T21BC 1101:982.595   CPU_WriteMem(16 bytes @ 0x20000000)
T21BC 1101:987.081   CPU_WriteMem(4 bytes @ 0xE0002000)
T21BC 1101:987.805   CPU_ReadMem(4 bytes @ 0xE000EDFC)
T21BC 1101:988.488   CPU_ReadMem(4 bytes @ 0xE0001000)
T21BC 1101:989.291 - 26.232ms
T21BC 1101:990.818 JLINK_JTAG_GetDeviceID(DeviceIndex = 0)
T21BC 1101:990.855 - 0.042ms returns 1268778103
T21BC 1101:990.870 JLINK_ReadMemU32(0x400E0740, 0x1 Items)
T21BC 1101:990.896   CPU_ReadMem(4 bytes @ 0x400E0740)
T21BC 1101:991.452   Data:  E0 0E A7 29
T21BC 1101:991.472 - 0.605ms returns 1 (0x1)
T21BC 1101:991.504 JLINK_ReadMemU32(0x400E0744, 0x1 Items)
T21BC 1101:991.519   CPU_ReadMem(4 bytes @ 0x400E0744)
T21BC 1101:992.080   Data:  00 00 00 00
T21BC 1101:992.099 - 0.599ms returns 1 (0x1)
T21BC 1101:992.158 JLINK_BeginDownload(Flags = 0x00000000)
T21BC 1101:992.169 - 0.014ms
T21BC 1101:992.189 JLINK_WriteMem(0x400E0A04, 0x4 Bytes, ...)
T21BC 1101:992.214   Data:  05 00 00 5A
T21BC 1101:992.232   CPU_WriteMem(4 bytes @ 0x400E0A04)
T21BC 1101:992.704 - 0.525ms returns 0x4
T21BC 1101:992.752 JLINK_WriteMem(0x400E0C04, 0x4 Bytes, ...)
T21BC 1101:992.762   Data:  05 00 00 5A
T21BC 1101:992.780   CPU_WriteMem(4 bytes @ 0x400E0C04)
T21BC 1101:993.347 - 0.605ms returns 0x4
T21BC 1101:993.389 JLINK_EndDownload()
T21BC 1101:993.401 - 0.016ms returns 0 (0x0)
T21BC 1101:993.411 JLINK_ReadMemHW(0x400E0A08, 0x0004 Bytes, ...)
T21BC 1101:993.422   CPU_ReadMem(4 bytes @ 0x400E0A08)
T21BC 1101:993.967   Data:  00 00 00 00
T21BC 1101:993.986 - 0.579ms returns 0
T21BC 1101:997.016 JLINK_ReadMemHW(0x400E0A08, 0x0004 Bytes, ...)
T21BC 1101:997.053   CPU_ReadMem(4 bytes @ 0x400E0A08)
T21BC 1101:997.552   Data:  00 00 00 00
T21BC 1101:997.572 - 0.560ms returns 0
T3FB8 1101:999.986 JLINK_IsHalted()
T3FB8 1102:000.021 - 0.041ms returns TRUE
T3FB8 1102:000.034 JLINK_GetMOEs(...)
T3FB8 1102:000.047   CPU_ReadMem(4 bytes @ 0xE000ED30)
T3FB8 1102:000.765 - 0.755ms returns 0x01
T3FB8 1102:000.803 JLINK_ReadReg(R15 (PC))
T3FB8 1102:000.817 - 0.019ms returns 0x004007C8
T21BC 1102:006.237 JLINK_ReadMemHW(0x400E0A08, 0x0004 Bytes, ...)
T21BC 1102:006.279   CPU_ReadMem(4 bytes @ 0x400E0A08)
T21BC 1102:007.122   Data:  00 00 00 00
T21BC 1102:007.155 - 0.923ms returns 0
T21BC 1102:026.458 JLINK_ReadMemHW(0x400E0A08, 0x0004 Bytes, ...)
T21BC 1102:026.511   CPU_ReadMem(4 bytes @ 0x400E0A08)
T21BC 1102:027.033   Data:  00 00 00 00
T21BC 1102:027.053 - 0.599ms returns 0
T21BC 1102:091.921 JLINK_ReadMemHW(0x400E0A08, 0x0004 Bytes, ...)
T21BC 1102:091.961   CPU_ReadMem(4 bytes @ 0x400E0A08)
T21BC 1102:092.672   Data:  00 00 00 00
T21BC 1102:092.706 - 0.789ms returns 0
T3FB8 1102:206.563 JLINK_IsHalted()
T3FB8 1102:206.604 - 0.045ms returns TRUE
T21BC 1102:351.700 JLINK_ReadMemHW(0x400E0A08, 0x0004 Bytes, ...)
T21BC 1102:351.756   CPU_ReadMem(4 bytes @ 0x400E0A08)
T21BC 1102:352.528   Data:  00 00 00 00
T21BC 1102:352.562 - 0.866ms returns 0
T3FB8 1102:406.787 JLINK_IsHalted()
T3FB8 1102:406.821 - 0.039ms returns TRUE
T3FB8 1102:607.632 JLINK_IsHalted()
T3FB8 1102:608.308 - 0.713ms returns TRUE
T3FB8 1102:810.393 JLINK_IsHalted()
T3FB8 1102:810.442 - 0.053ms returns TRUE
T3FB8 1103:010.828 JLINK_IsHalted()
T3FB8 1103:010.860 - 0.037ms returns TRUE
T3FB8 1103:210.913 JLINK_IsHalted()
T3FB8 1103:211.432 - 0.541ms returns TRUE
T21BC 1103:352.469 JLINK_ReadMemHW(0x400E0A08, 0x0004 Bytes, ...)
T21BC 1103:352.525   CPU_ReadMem(4 bytes @ 0x400E0A08)
T21BC 1103:353.348   Data:  00 00 00 00
T21BC 1103:353.381 - 0.916ms returns 0
T21BC 1103:353.511 JLINK_ReadMemHW(0x400E0C08, 0x0004 Bytes, ...)
T21BC 1103:353.537   CPU_ReadMem(4 bytes @ 0x400E0C08)
T21BC 1103:354.145   Data:  00 00 00 00
T21BC 1103:354.172 - 0.665ms returns 0
T21BC 1103:356.401 JLINK_ReadMemHW(0x400E0C08, 0x0004 Bytes, ...)
T21BC 1103:356.455   CPU_ReadMem(4 bytes @ 0x400E0C08)
T21BC 1103:357.279   Data:  00 00 00 00
T21BC 1103:357.312 - 0.916ms returns 0
T21BC 1103:360.503 JLINK_ReadMemHW(0x400E0C08, 0x0004 Bytes, ...)
T21BC 1103:360.546   CPU_ReadMem(4 bytes @ 0x400E0C08)
T21BC 1103:361.116   Data:  00 00 00 00
T21BC 1103:361.147 - 0.649ms returns 0
T21BC 1103:377.316 JLINK_ReadMemHW(0x400E0C08, 0x0004 Bytes, ...)
T21BC 1103:377.358   CPU_ReadMem(4 bytes @ 0x400E0C08)
T21BC 1103:378.190   Data:  00 00 00 00
T21BC 1103:378.223 - 0.911ms returns 0
T3FB8 1103:413.008 JLINK_IsHalted()
T3FB8 1103:413.068 - 0.078ms returns TRUE
T21BC 1103:443.477 JLINK_ReadMemHW(0x400E0C08, 0x0004 Bytes, ...)
T21BC 1103:443.579   CPU_ReadMem(4 bytes @ 0x400E0C08)
T21BC 1103:444.182   Data:  00 00 00 00
T21BC 1103:444.213 - 0.740ms returns 0
T3FB8 1103:614.801 JLINK_IsHalted()
T3FB8 1103:614.835 - 0.038ms returns TRUE
T21BC 1103:706.086 JLINK_ReadMemHW(0x400E0C08, 0x0004 Bytes, ...)
T21BC 1103:706.140   CPU_ReadMem(4 bytes @ 0x400E0C08)
T21BC 1103:706.906   Data:  00 00 00 00
T21BC 1103:706.940 - 0.858ms returns 0
T3FB8 1103:815.664 JLINK_IsHalted()
T3FB8 1103:816.204 - 0.560ms returns TRUE
T3FB8 1104:016.083 JLINK_IsHalted()
T3FB8 1104:016.122 - 0.068ms returns TRUE
T3FB8 1104:216.653 JLINK_IsHalted()
T3FB8 1104:216.696 - 0.047ms returns TRUE
T3FB8 1104:416.964 JLINK_IsHalted()
T3FB8 1104:417.607 - 0.665ms returns TRUE
T3FB8 1104:624.846 JLINK_IsHalted()
T3FB8 1104:624.898 - 0.055ms returns TRUE
T21BC 1104:706.294 JLINK_ReadMemHW(0x400E0C08, 0x0004 Bytes, ...)
T21BC 1104:706.336   CPU_ReadMem(4 bytes @ 0x400E0C08)
T21BC 1104:707.142   Data:  00 00 00 00
T21BC 1104:707.177 - 0.887ms returns 0
T21BC 1104:707.313 JLINK_ReadMemHW(0x400E0A08, 0x0004 Bytes, ...)
T21BC 1104:707.361   CPU_ReadMem(4 bytes @ 0x400E0A08)
T21BC 1104:707.909   Data:  00 00 00 00
T21BC 1104:707.961 - 0.653ms returns 0
T21BC 1104:710.321 JLINK_ReadMemHW(0x400E0A08, 0x0004 Bytes, ...)
T21BC 1104:710.376   CPU_ReadMem(4 bytes @ 0x400E0A08)
T21BC 1104:711.189   Data:  00 00 00 00
T21BC 1104:711.222 - 0.905ms returns 0
T21BC 1104:716.350 JLINK_ReadMemHW(0x400E0A08, 0x0004 Bytes, ...)
T21BC 1104:716.405   CPU_ReadMem(4 bytes @ 0x400E0A08)
T21BC 1104:717.227   Data:  00 00 00 00
T21BC 1104:717.276 - 0.931ms returns 0
T21BC 1104:736.376 JLINK_ReadMemHW(0x400E0A08, 0x0004 Bytes, ...)
T21BC 1104:736.431   CPU_ReadMem(4 bytes @ 0x400E0A08)
T21BC 1104:737.228   Data:  00 00 00 00
T21BC 1104:737.262 - 0.890ms returns 0
T21BC 1104:800.935 JLINK_ReadMemHW(0x400E0A08, 0x0004 Bytes, ...)
T21BC 1104:801.015   CPU_ReadMem(4 bytes @ 0x400E0A08)
T21BC 1104:801.566   Data:  00 00 00 00
T21BC 1104:801.599 - 0.668ms returns 0
T3FB8 1104:826.431 JLINK_IsHalted()
T3FB8 1104:826.476 - 0.049ms returns TRUE
T3FB8 1105:027.540 JLINK_IsHalted()
T3FB8 1105:028.290 - 0.791ms returns TRUE
T21BC 1105:057.579 JLINK_ReadMemHW(0x400E0A08, 0x0004 Bytes, ...)
T21BC 1105:057.622   CPU_ReadMem(4 bytes @ 0x400E0A08)
T21BC 1105:058.375   Data:  00 00 00 00
T21BC 1105:058.409 - 0.834ms returns 0
T3FB8 1105:229.840 JLINK_IsHalted()
T3FB8 1105:229.872 - 0.036ms returns TRUE
T3FB8 1105:436.176 JLINK_IsHalted()
T3FB8 1105:436.208 - 0.036ms returns TRUE
T3FB8 1105:636.740 JLINK_IsHalted()
T3FB8 1105:637.234 - 0.507ms returns TRUE
T3FB8 1105:837.252 JLINK_IsHalted()
T3FB8 1105:837.287 - 0.052ms returns TRUE
T3FB8 1106:037.533 JLINK_IsHalted()
T3FB8 1106:037.567 - 0.039ms returns TRUE
T21BC 1106:061.123 JLINK_ReadMemHW(0x400E0A08, 0x0004 Bytes, ...)
T21BC 1106:061.183   CPU_ReadMem(4 bytes @ 0x400E0A08)
T21BC 1106:062.006   Data:  00 00 00 00
T21BC 1106:062.040 - 0.921ms returns 0
T21BC 1106:062.151 JLINK_ReadMemHW(0x400E0C08, 0x0004 Bytes, ...)
T21BC 1106:062.173   CPU_ReadMem(4 bytes @ 0x400E0C08)
T21BC 1106:062.780   Data:  00 00 00 00
T21BC 1106:062.804 - 0.657ms returns 0
T21BC 1106:066.156 JLINK_ReadMemHW(0x400E0C08, 0x0004 Bytes, ...)
T21BC 1106:066.211   CPU_ReadMem(4 bytes @ 0x400E0C08)
T21BC 1106:066.984   Data:  00 00 00 00
T21BC 1106:067.018 - 0.866ms returns 0
T21BC 1106:071.288 JLINK_ReadMemHW(0x400E0C08, 0x0004 Bytes, ...)
T21BC 1106:071.344   CPU_ReadMem(4 bytes @ 0x400E0C08)
T21BC 1106:072.152   Data:  00 00 00 00
T21BC 1106:072.185 - 0.901ms returns 0
T21BC 1106:091.863 JLINK_ReadMemHW(0x400E0C08, 0x0004 Bytes, ...)
T21BC 1106:091.917   CPU_ReadMem(4 bytes @ 0x400E0C08)
T21BC 1106:092.691   Data:  00 00 00 00
T21BC 1106:092.725 - 0.866ms returns 0
T21BC 1106:156.791 JLINK_ReadMemHW(0x400E0C08, 0x0004 Bytes, ...)
T21BC 1106:156.836   CPU_ReadMem(4 bytes @ 0x400E0C08)
T21BC 1106:157.577   Data:  00 00 00 00
T21BC 1106:157.611 - 0.823ms returns 0
T3FB8 1106:239.068 JLINK_IsHalted()
T3FB8 1106:239.689 - 0.658ms returns TRUE
T21BC 1106:416.972 JLINK_ReadMemHW(0x400E0C08, 0x0004 Bytes, ...)
T21BC 1106:417.038   CPU_ReadMem(4 bytes @ 0x400E0C08)
T21BC 1106:417.817   Data:  00 00 00 00
T21BC 1106:417.850 - 0.883ms returns 0
T3FB8 1106:444.227 JLINK_IsHalted()
T3FB8 1106:444.272 - 0.049ms returns TRUE
T3FB8 1106:645.199 JLINK_IsHalted()
T3FB8 1106:645.247 - 0.052ms returns TRUE
T3FB8 1106:846.417 JLINK_IsHalted()
T3FB8 1106:847.072 - 0.679ms returns TRUE
T3FB8 1107:046.489 JLINK_IsHalted()
T3FB8 1107:046.534 - 0.049ms returns TRUE
T3FB8 1107:247.653 JLINK_IsHalted()
T3FB8 1107:247.725 - 0.076ms returns TRUE
T21BC 1107:419.584 JLINK_ReadMemHW(0x400E0C08, 0x0004 Bytes, ...)
T21BC 1107:419.638   CPU_ReadMem(4 bytes @ 0x400E0C08)
T21BC 1107:420.413   Data:  01 00 00 00
T21BC 1107:420.447 - 0.866ms returns 0
T21BC 1107:420.472 JLINK_ReadMemHW(0x400E0A08, 0x0004 Bytes, ...)
T21BC 1107:420.489   CPU_ReadMem(4 bytes @ 0x400E0A08)
T21BC 1107:421.296   Data:  00 00 00 00
T21BC 1107:421.329 - 0.861ms returns 0
T21BC 1107:424.653 JLINK_ReadMemHW(0x400E0A08, 0x0004 Bytes, ...)
T21BC 1107:424.706   CPU_ReadMem(4 bytes @ 0x400E0A08)
T21BC 1107:425.263   Data:  00 00 00 00
T21BC 1107:425.283 - 0.634ms returns 0
T21BC 1107:429.885 JLINK_ReadMemHW(0x400E0A08, 0x0004 Bytes, ...)
T21BC 1107:429.939   CPU_ReadMem(4 bytes @ 0x400E0A08)
T21BC 1107:430.715   Data:  00 00 00 00
T21BC 1107:430.749 - 0.868ms returns 0
T21BC 1107:447.302 JLINK_ReadMemHW(0x400E0A08, 0x0004 Bytes, ...)
T21BC 1107:447.345   CPU_ReadMem(4 bytes @ 0x400E0A08)
T21BC 1107:448.154   Data:  00 00 00 00
T21BC 1107:448.187 - 0.889ms returns 0
T3FB8 1107:450.130 JLINK_IsHalted()
T3FB8 1107:450.833 - 0.727ms returns TRUE
T21BC 1107:516.269 JLINK_ReadMemHW(0x400E0A08, 0x0004 Bytes, ...)
T21BC 1107:516.326   CPU_ReadMem(4 bytes @ 0x400E0A08)
T21BC 1107:517.139   Data:  00 00 00 00
T21BC 1107:517.173 - 0.908ms returns 0
T3FB8 1107:655.761 JLINK_IsHalted()
T3FB8 1107:655.821 - 0.063ms returns TRUE
T21BC 1107:773.353 JLINK_ReadMemHW(0x400E0A08, 0x0004 Bytes, ...)
T21BC 1107:773.442   CPU_ReadMem(4 bytes @ 0x400E0A08)
T21BC 1107:774.036   Data:  01 00 00 00
T21BC 1107:774.069 - 0.720ms returns 0
T3FB8 1107:856.414 JLINK_IsHalted()
T3FB8 1107:856.459 - 0.049ms returns TRUE
T21BC 1107:857.398 JLINK_ResetPullsRESET(ON)
T21BC 1107:857.444 - 0.069ms
T21BC 1107:857.478 JLINK_ResetNoHalt()
T21BC 1107:859.061   TotalIRLen = 4, IRPrint = 0x01
T21BC 1107:859.907   JTAG chain detection found 1 devices:
T21BC 1107:859.958    #0 Id: 0x4BA00477, IRLen: 04, CoreSight JTAG-DP
T21BC 1107:865.098   Old FW that does not support reading DPIDR via DAP jobs
T21BC 1107:868.892   DPv0 detected
T21BC 1107:868.922   AP map detection skipped. Manually configured AP map found.
T21BC 1107:868.944   AP[0]: AHB-AP (IDR: Not set)
T21BC 1107:873.206   AP[0]: Core found
T21BC 1107:873.299   AP[0]: AHB-AP ROM base: 0xE00FF000
T21BC 1107:875.543   CPUID register: 0x410FC241. Implementer code: 0x41 (ARM)
T21BC 1107:875.570   Found Cortex-M4 r0p1, Little endian.
T21BC 1107:875.758   -- Max. mem block: 0x00001F48
T21BC 1107:875.793   CPU_ReadMem(4 bytes @ 0xE000EDF0)
T21BC 1107:876.288   CPU_ReadMem(4 bytes @ 0xE0002000)
T21BC 1107:876.812   FPUnit: 6 code (BP) slots and 2 literal slots
T21BC 1107:876.829   CPU_ReadMem(4 bytes @ 0xE000EDFC)
T21BC 1107:877.288   CPU_ReadMem(4 bytes @ 0xE0001000)
T21BC 1107:877.772   CPU_ReadMem(4 bytes @ 0xE000ED88)
T21BC 1107:878.336   CPU_WriteMem(4 bytes @ 0xE000ED88)
T21BC 1107:878.723   CPU_ReadMem(4 bytes @ 0xE000ED88)
T21BC 1107:879.197   CPU_WriteMem(4 bytes @ 0xE000ED88)
T21BC 1107:879.640   CoreSight components:
T21BC 1107:879.663   ROMTbl[0] @ E00FF000
T21BC 1107:879.694   CPU_ReadMem(64 bytes @ 0xE00FF000)
T21BC 1107:880.818   CPU_ReadMem(32 bytes @ 0xE000EFE0)
T21BC 1107:881.544   ROMTbl[0][0]: E000E000, CID: B105E00D, PID: 000BB000 SCS
T21BC 1107:881.561   CPU_WriteMem(4 bytes @ 0xE0001000)
T21BC 1107:881.978   CPU_ReadMem(32 bytes @ 0xE0001FE0)
T21BC 1107:882.681   ROMTbl[0][1]: E0001000, CID: B105E00D, PID: 003BB002 DWT
T21BC 1107:882.716   CPU_ReadMem(32 bytes @ 0xE0002FE0)
T21BC 1107:883.407   ROMTbl[0][2]: E0002000, CID: B105E00D, PID: 002BB003 FPB
T21BC 1107:883.427   CPU_ReadMem(32 bytes @ 0xE0000FE0)
T21BC 1107:884.166   ROMTbl[0][3]: E0000000, CID: B105E00D, PID: 003BB001 ITM
T21BC 1107:884.214   CPU_ReadMem(32 bytes @ 0xE0040FE0)
T21BC 1107:885.009   ROMTbl[0][4]: E0040000, CID: B105900D, PID: 000BB9A1 TPIU
T21BC 1107:885.034   JLINK_Reset()
T21BC 1107:885.163     CPU_ReadMem(16 bytes @ 0x20000000)
T21BC 1107:885.727     CPU_WriteMem(16 bytes @ 0x20000000)
T21BC 1107:886.224     CPU_ReadMem(4 bytes @ 0xE000EDFC)
T21BC 1107:886.751     CPU_WriteMem(4 bytes @ 0xE000EDFC)
T21BC 1107:887.183     CPU_ReadMem(4 bytes @ 0xE0001000)
T21BC 1107:887.754     CPU_WriteMem(4 bytes @ 0xE0001004)
T21BC 1107:903.210     CPU_WriteMem(4 bytes @ 0xE000EDFC)
T21BC 1107:903.912     CPU_WriteMem(16 bytes @ 0x20000000)
T21BC 1107:908.300     CPU_WriteMem(4 bytes @ 0xE0002000)
T21BC 1107:908.994     CPU_ReadMem(4 bytes @ 0xE000EDFC)
T21BC 1107:909.817     CPU_ReadMem(4 bytes @ 0xE0001000)
T21BC 1107:910.610   - 25.600ms
T21BC 1107:910.644   JLINK_Go()
T21BC 1107:910.658     CPU_ReadMem(4 bytes @ 0xE0001000)
T21BC 1107:911.453     CPU_WriteMem(4 bytes @ 0xE0001004)
T21BC 1107:912.458   - 1.826ms
T21BC 1107:912.477 - 55.003ms
T21BC 1107:912.764 JLINK_TIF_Select(JLINKARM_TIF_JTAG)
T21BC 1107:912.798 - 0.043ms returns 0x00
T21BC 1107:912.834 JLINK_ConfigJTAG(IRPre = 0, DRPre = 0)
T21BC 1107:912.847 - 0.021ms
T21BC 1107:912.866 JLINK_SetSpeed(4000)
T21BC 1107:913.048 - 0.207ms
T21BC 1107:913.085 JLINK_ResetPullsRESET(OFF)
T21BC 1107:913.096 - 0.015ms
T21BC 1107:913.121 JLINK_Connect()
T21BC 1107:914.460   TotalIRLen = 4, IRPrint = 0x01
T21BC 1107:915.131   JTAG chain detection found 1 devices:
T21BC 1107:915.159    #0 Id: 0x4BA00477, IRLen: 04, CoreSight JTAG-DP
T21BC 1107:919.440   Old FW that does not support reading DPIDR via DAP jobs
T21BC 1107:922.676   DPv0 detected
T21BC 1107:922.702   AP map detection skipped. Manually configured AP map found.
T21BC 1107:922.738   AP[0]: AHB-AP (IDR: Not set)
T21BC 1107:926.977   AP[0]: Core found
T21BC 1107:927.001   AP[0]: AHB-AP ROM base: 0xE00FF000
T21BC 1107:929.237   CPUID register: 0x410FC241. Implementer code: 0x41 (ARM)
T21BC 1107:929.265   Found Cortex-M4 r0p1, Little endian.
T21BC 1107:929.462   -- Max. mem block: 0x00001F48
T21BC 1107:929.486   CPU_ReadMem(4 bytes @ 0xE000EDF0)
T21BC 1107:929.968   CPU_ReadMem(4 bytes @ 0xE0002000)
T21BC 1107:930.463   FPUnit: 6 code (BP) slots and 2 literal slots
T21BC 1107:930.483   CPU_ReadMem(4 bytes @ 0xE000EDFC)
T21BC 1107:930.930   CPU_ReadMem(4 bytes @ 0xE0001000)
T21BC 1107:931.411   CPU_WriteMem(4 bytes @ 0xE0001000)
T21BC 1107:931.799   CPU_ReadMem(4 bytes @ 0xE000ED88)
T21BC 1107:932.334   CPU_WriteMem(4 bytes @ 0xE000ED88)
T21BC 1107:932.723   CPU_ReadMem(4 bytes @ 0xE000ED88)
T21BC 1107:933.200   CPU_WriteMem(4 bytes @ 0xE000ED88)
T21BC 1107:933.641   CoreSight components:
T21BC 1107:933.680   ROMTbl[0] @ E00FF000
T21BC 1107:933.695   CPU_ReadMem(64 bytes @ 0xE00FF000)
T21BC 1107:934.816   CPU_ReadMem(32 bytes @ 0xE000EFE0)
T21BC 1107:935.547   ROMTbl[0][0]: E000E000, CID: B105E00D, PID: 000BB000 SCS
T21BC 1107:935.581   CPU_ReadMem(32 bytes @ 0xE0001FE0)
T21BC 1107:936.298   ROMTbl[0][1]: E0001000, CID: B105E00D, PID: 003BB002 DWT
T21BC 1107:936.332   CPU_ReadMem(32 bytes @ 0xE0002FE0)
T21BC 1107:936.981   ROMTbl[0][2]: E0002000, CID: B105E00D, PID: 002BB003 FPB
T21BC 1107:937.015   CPU_ReadMem(32 bytes @ 0xE0000FE0)
T21BC 1107:937.661   ROMTbl[0][3]: E0000000, CID: B105E00D, PID: 003BB001 ITM
T21BC 1107:937.680   CPU_ReadMem(32 bytes @ 0xE0040FE0)
T21BC 1107:938.354   ROMTbl[0][4]: E0040000, CID: B105900D, PID: 000BB9A1 TPIU
T21BC 1107:938.375 - 25.259ms returns 0x00
T21BC 1107:938.445 JLINK_Halt()
T21BC 1107:941.714 - 3.280ms returns 0x00
T21BC 1107:941.831 JLINK_BeginDownload(Flags = 0x00000000)
T21BC 1107:941.842 - 0.016ms
T21BC 1107:941.864 JLINK_WriteMem(0x400E0A04, 0x4 Bytes, ...)
T21BC 1107:941.874   Data:  0B 01 00 5A
T21BC 1107:941.997   CPU_WriteMem(4 bytes @ 0x400E0A04)
T21BC 1107:942.578 - 0.734ms returns 0x4
T21BC 1107:942.650 JLINK_EndDownload()
T21BC 1107:942.664 - 0.018ms returns 0 (0x0)
T21BC 1107:942.675 JLINK_ReadMemHW(0x400E0A08, 0x0004 Bytes, ...)
T21BC 1107:942.689   CPU_ReadMem(4 bytes @ 0x400E0A08)
T21BC 1107:943.454   Data:  01 00 00 00
T21BC 1107:943.488 - 0.817ms returns 0
T21BC 1107:943.543 JLINK_BeginDownload(Flags = 0x00000000)
T21BC 1107:943.553 - 0.014ms
T21BC 1107:943.582 JLINK_WriteMem(0x400E0A04, 0x4 Bytes, ...)
T21BC 1107:943.592   Data:  0C 02 00 5A
T21BC 1107:943.615   CPU_WriteMem(4 bytes @ 0x400E0A04)
T21BC 1107:944.105 - 0.537ms returns 0x4
T21BC 1107:944.158 JLINK_EndDownload()
T21BC 1107:944.171 - 0.017ms returns 0 (0x0)
T21BC 1107:944.182 JLINK_ReadMemHW(0x400E0A08, 0x0004 Bytes, ...)
T21BC 1107:944.194   CPU_ReadMem(4 bytes @ 0x400E0A08)
T21BC 1107:944.722   Data:  01 00 00 00
T21BC 1107:944.744 - 0.566ms returns 0
T21BC 1107:944.800 JLINK_SetResetType(JLINKARM_CM3_RESET_TYPE_NORMAL)
T21BC 1107:944.811 - 0.014ms returns JLINKARM_CM3_RESET_TYPE_NORMAL
T21BC 1107:944.821 JLINK_Reset()
T21BC 1107:944.837   CPU_ReadMem(16 bytes @ 0x20000000)
T21BC 1107:945.402   CPU_WriteMem(16 bytes @ 0x20000000)
T21BC 1107:945.960   CPU_ReadMem(4 bytes @ 0xE000EDFC)
T21BC 1107:946.454   CPU_WriteMem(4 bytes @ 0xE000EDFC)
T21BC 1107:946.977   CPU_ReadMem(4 bytes @ 0xE0001000)
T21BC 1107:962.387   CPU_WriteMem(4 bytes @ 0xE000EDFC)
T21BC 1107:962.857   CPU_WriteMem(16 bytes @ 0x20000000)
T21BC 1107:967.020   CPU_WriteMem(4 bytes @ 0xE0002000)
T21BC 1107:967.813   CPU_ReadMem(4 bytes @ 0xE000EDFC)
T21BC 1107:968.467   CPU_ReadMem(4 bytes @ 0xE0001000)
T21BC 1107:969.108 - 24.299ms
T21BC 1107:970.426 JLINK_JTAG_GetDeviceID(DeviceIndex = 0)
T21BC 1107:970.445 - 0.023ms returns 1268778103
T21BC 1107:970.457 JLINK_ReadMemU32(0x400E0740, 0x1 Items)
T21BC 1107:970.489   CPU_ReadMem(4 bytes @ 0x400E0740)
T21BC 1107:971.031   Data:  E0 0E A7 29
T21BC 1107:971.049 - 0.596ms returns 1 (0x1)
T21BC 1107:971.080 JLINK_ReadMemU32(0x400E0744, 0x1 Items)
T21BC 1107:971.097   CPU_ReadMem(4 bytes @ 0x400E0744)
T21BC 1107:971.700   Data:  00 00 00 00
T21BC 1107:971.718 - 0.642ms returns 1 (0x1)
T4F24 1107:980.117 JLINK_IsHalted()
T4F24 1107:980.143 - 0.030ms returns TRUE
T4F24 1107:980.155 JLINK_GetMOEs(...)
T4F24 1107:980.169   CPU_ReadMem(4 bytes @ 0xE000ED30)
T4F24 1107:980.706 - 0.562ms returns 0x01
T4F24 1107:980.728 JLINK_ReadReg(R15 (PC))
T4F24 1107:980.741 - 0.017ms returns 0xFFFFFFFE
T21BC 1107:983.064 JLINK_BeginDownload(Flags = 0x00000000)
T21BC 1107:983.080 - 0.020ms
T21BC 1107:983.134 JLINK_WriteMem(0x00400000, 0x4000 Bytes, ...)
T21BC 1107:983.145   Data:  E0 3A 00 20 C1 0C 40 00 BD 0C 40 00 BD 0C 40 00 ...
T21BC 1107:983.645   completely In flash
T21BC 1107:983.683    -- Read from flash cache (16384 bytes @ 0x00400000)
T21BC 1107:983.698 - 0.568ms returns 0x4000
T21BC 1107:983.722 JLINK_WriteMem(0x00404000, 0x460 Bytes, ...)
T21BC 1107:983.732   Data:  02 08 3D 44 ED 1A A4 B2 B5 FB FA F0 0A FB 10 55 ...
T21BC 1107:983.746   completely In flash
T21BC 1107:983.759    -- Read from flash cache (1120 bytes @ 0x00404000)
T21BC 1107:983.771 - 0.053ms returns 0x460
T21BC 1107:984.001 JLINK_WriteMem(0x00404460, 0x8 Bytes, ...)
T21BC 1107:984.021   Data:  38 FB FF 7F 01 00 00 00
T21BC 1107:984.044   completely In flash
T21BC 1107:984.075 - 0.097ms returns 0x8
T21BC 1107:984.289 JLINK_WriteMem(0x00404468, 0x9D0 Bytes, ...)
T21BC 1107:984.310   Data:  BF F3 5F 8F 01 38 FB D1 70 47 01 00 00 00 20 00 ...
T21BC 1107:984.334   completely In flash
T21BC 1107:984.370    -- Read from flash cache (2512 bytes @ 0x00404468)
T21BC 1107:984.392 - 0.107ms returns 0x9D0
T4F24 1108:185.736 JLINK_IsHalted()
T4F24 1108:185.783 - 0.051ms returns TRUE
T21BC 1108:186.487 JLINK_EndDownload()
T21BC 1108:186.794   Old firmware which does not support pausing periodic actions during flash download
T21BC 1108:186.836   CPU_ReadMem(4 bytes @ 0xE000ED90)
T21BC 1108:187.411   CPU_ReadMem(4 bytes @ 0xE000ED94)
T21BC 1108:188.227    -- --------------------------------------
T21BC 1108:188.267   Flash bank @ 0x00400000: Default: L2 verify disabled because algorithm performs L1 verify
T21BC 1108:188.278    -- Start of determining dirty areas in flash cache
T21BC 1108:188.668    -- End of determining dirty areas
T21BC 1108:188.682    -- Start of preparing flash programming
T21BC 1108:188.696    -- Calculating RAM usage
T21BC 1108:188.767    -- RAM usage = 4060 Bytes
T21BC 1108:188.779    -- Preserving CPU registers
T21BC 1108:188.808    -- Preparing memory
T21BC 1108:188.820    -- Preparing target
T21BC 1108:349.470    -- Preserving target RAM temporarily used for programming
T21BC 1108:362.737    -- Downloading RAMCode
T21BC 1108:375.138    -- Preparing RAMCode
T21BC 1108:381.380    -- Checking target RAM
T21BC 1108:382.603    -- End of preparing flash programming
T21BC 1108:382.754   Looking for J-Link GUI Server exe at: S:\Program Files (x86)\Atmel\Studio\7.0\atbackend\JLinkGUIServer.exe
T21BC 1108:382.849   Looking for J-Link GUI Server exe at: \JLinkGUIServer.exe
T21BC 1108:682.356   Failed to connect to J-Link GUI Server.
T21BC 1108:688.081    -- CPU is running at 90000 kHz.
T21BC 1108:688.122    -- Start of comparing flash
T21BC 1108:688.139    -- CRC check was estimated as fastest method
T21BC 1108:688.160    -- Comparing range 0x400000 - 0x403FFF (32 Sectors, 16 KiB), using multi-block CRC calculation
T21BC 1108:692.574    -- CRC does not match for sectors 0-31
T21BC 1108:692.609    -- Comparing range 0x404000 - 0x404FFF (1 Sector, 4 KiB), using multi-block CRC calculation
T21BC 1108:694.556    -- CRC does not match for sector 0
T21BC 1108:694.574    -- End of comparing flash
T21BC 1108:694.588    -- Start of erasing sectors
T21BC 1108:694.600    -- End of erasing sectors
T21BC 1108:694.613    -- Start of flash programming
T21BC 1108:694.626    -- Programming range 0x00400000 - 0x00403FFF ( 32 Sectors, 16 KB)
T21BC 1108:763.727    -- Programming range 0x00404000 - 0x00404FFF (  1 Sector, 4 KB)
T21BC 1108:782.545    -- End of flash programming
T21BC 1108:782.581    -- 0x400000 - 0x403FFF ( 32 Sectors, 16 KoB)
T21BC 1108:782.593    -- 0x404000 - 0x404FFF (  1 Sector, 4 KoB)
T21BC 1108:782.606    -- Start of restoring
T21BC 1108:782.619    -- Restoring RAMCode
T21BC 1108:794.175    -- Restoring target memory
T21BC 1108:806.941    -- Restore target
T21BC 1108:859.078    -- Restore memory
T21BC 1108:859.125    -- Restoring CPU registers
T21BC 1108:859.149    -- End of restoring
T21BC 1108:859.200    -- Bank 0 @ 0x00400000: 2 ranges affected (20480 bytes)
T21BC 1108:859.224    -- Total: 0.670s (Prepare: 0.499s, Compare: 0.006s, Erase: 0.000s, Program & Verify: 0.094s, Restore: 0.069s)
T21BC 1108:859.251    -- Program & Verify speed: 212 KiB/s
T21BC 1108:861.955 - 675.509ms returns 20480 (0x5000)
T21BC 1108:862.088 JLINK_ResetPullsRESET(ON)
T21BC 1108:862.118 - 0.049ms
T21BC 1108:862.144 JLINK_ResetNoHalt()
T21BC 1108:863.453   TotalIRLen = 4, IRPrint = 0x01
T21BC 1108:864.039   JTAG chain detection found 1 devices:
T21BC 1108:864.080    #0 Id: 0x4BA00477, IRLen: 04, CoreSight JTAG-DP
T21BC 1108:868.166   Old FW that does not support reading DPIDR via DAP jobs
T21BC 1108:871.592   DPv0 detected
T21BC 1108:871.632   AP map detection skipped. Manually configured AP map found.
T21BC 1108:871.656   AP[0]: AHB-AP (IDR: Not set)
T21BC 1108:876.737   AP[0]: Core found
T21BC 1108:876.771   AP[0]: AHB-AP ROM base: 0xE00FF000
T21BC 1108:879.133   CPUID register: 0x410FC241. Implementer code: 0x41 (ARM)
T21BC 1108:879.173   Found Cortex-M4 r0p1, Little endian.
T21BC 1108:879.346   -- Max. mem block: 0x00001F48
T21BC 1108:879.385   CPU_ReadMem(4 bytes @ 0xE000EDF0)
T21BC 1108:879.836   CPU_ReadMem(4 bytes @ 0xE0002000)
T21BC 1108:880.306   FPUnit: 6 code (BP) slots and 2 literal slots
T21BC 1108:880.324   CPU_ReadMem(4 bytes @ 0xE000EDFC)
T21BC 1108:880.774   CPU_ReadMem(4 bytes @ 0xE0001000)
T21BC 1108:881.288   CPU_ReadMem(4 bytes @ 0xE000ED88)
T21BC 1108:881.769   CPU_WriteMem(4 bytes @ 0xE000ED88)
T21BC 1108:882.162   CPU_ReadMem(4 bytes @ 0xE000ED88)
T21BC 1108:882.686   CPU_WriteMem(4 bytes @ 0xE000ED88)
T21BC 1108:883.130   CoreSight components:
T21BC 1108:883.155   ROMTbl[0] @ E00FF000
T21BC 1108:883.184   CPU_ReadMem(64 bytes @ 0xE00FF000)
T21BC 1108:884.414   CPU_ReadMem(32 bytes @ 0xE000EFE0)
T21BC 1108:885.157   ROMTbl[0][0]: E000E000, CID: B105E00D, PID: 000BB000 SCS
T21BC 1108:885.174   CPU_WriteMem(4 bytes @ 0xE0001000)
T21BC 1108:885.562   CPU_ReadMem(32 bytes @ 0xE0001FE0)
T21BC 1108:886.261   ROMTbl[0][1]: E0001000, CID: B105E00D, PID: 003BB002 DWT
T21BC 1108:886.278   CPU_ReadMem(32 bytes @ 0xE0002FE0)
T21BC 1108:886.948   ROMTbl[0][2]: E0002000, CID: B105E00D, PID: 002BB003 FPB
T21BC 1108:886.968   CPU_ReadMem(32 bytes @ 0xE0000FE0)
T21BC 1108:887.642   ROMTbl[0][3]: E0000000, CID: B105E00D, PID: 003BB001 ITM
T21BC 1108:887.662   CPU_ReadMem(32 bytes @ 0xE0040FE0)
T21BC 1108:888.353   ROMTbl[0][4]: E0040000, CID: B105900D, PID: 000BB9A1 TPIU
T21BC 1108:888.378   JLINK_Reset()
T21BC 1108:888.871     CPU_ReadMem(16 bytes @ 0x20000000)
T21BC 1108:889.541     CPU_WriteMem(16 bytes @ 0x20000000)
T21BC 1108:890.127     CPU_ReadMem(4 bytes @ 0xE000EDFC)
T21BC 1108:890.742     CPU_WriteMem(4 bytes @ 0xE000EDFC)
T21BC 1108:891.175     CPU_ReadMem(4 bytes @ 0xE0001000)
T21BC 1108:908.802     CPU_WriteMem(4 bytes @ 0xE000EDFC)
T21BC 1108:909.334     CPU_WriteMem(16 bytes @ 0x20000000)
T21BC 1108:913.324     CPU_WriteMem(4 bytes @ 0xE0002000)
T21BC 1108:914.087     CPU_ReadMem(4 bytes @ 0xE000EDFC)
T21BC 1108:914.941     CPU_ReadMem(4 bytes @ 0xE0001000)
T21BC 1108:915.763   - 27.410ms
T21BC 1108:915.797   JLINK_Go()
T21BC 1108:915.811     CPU_ReadMem(4 bytes @ 0xE0001000)
T21BC 1108:916.521     CPU_WriteMem(4 bytes @ 0xE0001004)
T21BC 1108:917.718   - 1.936ms
T21BC 1108:917.740 - 55.600ms
T21BC 1108:928.475 JLINK_Close()
T21BC 1108:953.743 - 25.289ms
T21BC 1108:953.769   
T21BC 1108:953.791   Closed
