T4650 5475:282.405   SEGGER J-Link V7.52a Log File
T4650 5475:282.494   DLL Compiled: Jul 28 2021 11:08:12
T4650 5475:282.519   Logging started @ 2023-03-29 19:35
T4650 5475:282.541 - 429359.227ms
T4650 5475:289.547 JLINK_ExecCommand("Device = AT91SAM4SD32C", ...). 
T4650 5475:290.137   Device "ATSAM4SD32C" selected.
T4650 5475:290.601 - 1.025ms returns 0x00
T4650 5475:312.783 JLINK_TIF_Select(JLINKARM_TIF_JTAG)
T4650 5475:314.046 - 1.304ms returns 0x00
T4650 5475:314.105 JLINK_ConfigJTAG(IRPre = 0, DRPre = 0)
T4650 5475:314.156 - 0.065ms
T4650 5475:314.185 JLINK_SetSpeed(4000)
T4650 5475:314.331 - 0.171ms
T4650 5475:314.373 JLINK_ResetPullsRESET(OFF)
T4650 5475:314.397 - 0.034ms
T4650 5475:314.421 JLINK_Connect()
T4650 5475:316.122   TotalIRLen = 4, IRPrint = 0x01
T4650 5475:316.759   JTAG chain detection found 1 devices:
T4650 5475:316.790    #0 Id: 0x4BA00477, IRLen: 04, CoreSight JTAG-DP
T4650 5475:320.788   Old FW that does not support reading DPIDR via DAP jobs
T4650 5475:324.219   DPv0 detected
T4650 5475:324.259   Scanning AP map to find all available APs
T4650 5475:326.871   AP[1]: Stopped AP scan as end of AP map has been reached
T4650 5475:326.915   AP[0]: AHB-AP (IDR: 0x24770011)
T4650 5475:326.935   Iterating through AP map to find AHB-AP to use
T4650 5475:331.225   AP[0]: Core found
T4650 5475:331.271   AP[0]: AHB-AP ROM base: 0xE00FF000
T4650 5475:333.873   CPUID register: 0x410FC241. Implementer code: 0x41 (ARM)
T4650 5475:333.906   Found Cortex-M4 r0p1, Little endian.
T4650 5475:334.365   -- Max. mem block: 0x000023B8
T4650 5475:334.509   CPU_ReadMem(4 bytes @ 0xE000EDF0)
T4650 5475:338.087   CPU_WriteMem(4 bytes @ 0xE000EDF0)
T4650 5475:338.574   CPU_ReadMem(4 bytes @ 0xE0002000)
T4650 5475:339.142   FPUnit: 6 code (BP) slots and 2 literal slots
T4650 5475:339.161   CPU_ReadMem(4 bytes @ 0xE000EDFC)
T4650 5475:339.690   CPU_WriteMem(4 bytes @ 0xE000EDFC)
T4650 5475:340.181   CPU_ReadMem(4 bytes @ 0xE0001000)
T4650 5475:340.710   CPU_WriteMem(4 bytes @ 0xE0001000)
T4650 5475:341.116   CPU_ReadMem(4 bytes @ 0xE000ED88)
T4650 5475:341.585   CPU_WriteMem(4 bytes @ 0xE000ED88)
T4650 5475:342.046   CPU_ReadMem(4 bytes @ 0xE000ED88)
T4650 5475:342.533   CPU_WriteMem(4 bytes @ 0xE000ED88)
T4650 5475:342.966   CoreSight components:
T4650 5475:342.994   ROMTbl[0] @ E00FF000
T4650 5475:343.008   CPU_ReadMem(64 bytes @ 0xE00FF000)
T4650 5475:343.747   CPU_ReadMem(32 bytes @ 0xE000EFE0)
T4650 5475:344.421   ROMTbl[0][0]: E000E000, CID: B105E00D, PID: 000BB000 SCS
T4650 5475:344.454   CPU_ReadMem(32 bytes @ 0xE0001FE0)
T4650 5475:345.117   ROMTbl[0][1]: E0001000, CID: B105E00D, PID: 003BB002 DWT
T4650 5475:345.150   CPU_ReadMem(32 bytes @ 0xE0002FE0)
T4650 5475:345.794   ROMTbl[0][2]: E0002000, CID: B105E00D, PID: 002BB003 FPB
T4650 5475:345.826   CPU_ReadMem(32 bytes @ 0xE0000FE0)
T4650 5475:346.493   ROMTbl[0][3]: E0000000, CID: B105E00D, PID: 003BB001 ITM
T4650 5475:346.526   CPU_ReadMem(32 bytes @ 0xE0040FE0)
T4650 5475:347.166   ROMTbl[0][4]: E0040000, CID: B105900D, PID: 000BB9A1 TPIU
T4650 5475:347.202 - 32.785ms returns 0x00
T4650 5475:347.270 JLINK_Halt()
T4650 5475:350.451 - 3.193ms returns 0x00
T4650 5475:350.555 JLINK_BeginDownload(Flags = 0x00000000)
T4650 5475:350.582 - 0.031ms
T4650 5475:350.605 JLINK_WriteMem(0x400E0A04, 0x4 Bytes, ...)
T4650 5475:350.615   Data:  0B 01 00 5A
T4650 5475:350.996   CPU_WriteMem(4 bytes @ 0x400E0A04)
T4650 5475:351.405 - 0.809ms returns 0x4
T4650 5475:351.443 JLINK_EndDownload()
T4650 5475:351.454 - 0.015ms returns 0 (0x0)
T4650 5475:351.465 JLINK_ReadMemHW(0x400E0A08, 0x0004 Bytes, ...)
T4650 5475:351.477   CPU_ReadMem(4 bytes @ 0x400E0A08)
T4650 5475:352.006   Data:  01 00 00 00
T4650 5475:352.022 - 0.561ms returns 0
T4650 5475:352.050 JLINK_BeginDownload(Flags = 0x00000000)
T4650 5475:352.059 - 0.013ms
T4650 5475:352.080 JLINK_WriteMem(0x400E0A04, 0x4 Bytes, ...)
T4650 5475:352.105   Data:  0C 02 00 5A
T4650 5475:352.121   CPU_WriteMem(4 bytes @ 0x400E0A04)
T4650 5475:352.523 - 0.452ms returns 0x4
T4650 5475:352.596 JLINK_EndDownload()
T4650 5475:352.610 - 0.019ms returns 0 (0x0)
T4650 5475:352.621 JLINK_ReadMemHW(0x400E0A08, 0x0004 Bytes, ...)
T4650 5475:352.647   CPU_ReadMem(4 bytes @ 0x400E0A08)
T4650 5475:353.106   Data:  01 00 00 00
T4650 5475:353.122 - 0.505ms returns 0
T4650 5475:353.152 JLINK_SetResetType(JLINKARM_CM3_RESET_TYPE_NORMAL)
T4650 5475:353.162 - 0.014ms returns JLINKARM_CM3_RESET_TYPE_NORMAL
T4650 5475:353.173 JLINK_Reset()
T4650 5475:353.539   CPU_ReadMem(16 bytes @ 0x20000000)
T4650 5475:354.094   CPU_WriteMem(16 bytes @ 0x20000000)
T4650 5475:354.581   CPU_ReadMem(4 bytes @ 0xE000EDFC)
T4650 5475:355.030   CPU_WriteMem(4 bytes @ 0xE000EDFC)
T4650 5475:355.416   CPU_ReadMem(4 bytes @ 0xE0001000)
T4650 5475:371.136   CPU_WriteMem(4 bytes @ 0xE000EDFC)
T4650 5475:371.613   CPU_WriteMem(16 bytes @ 0x20000000)
T4650 5475:375.276   CPU_WriteMem(4 bytes @ 0xE0002000)
T4650 5475:375.736   CPU_ReadMem(4 bytes @ 0xE000EDFC)
T4650 5475:376.231   CPU_ReadMem(4 bytes @ 0xE0001000)
T4650 5475:376.775 - 23.613ms
T4650 5475:378.080 JLINK_JTAG_GetDeviceID(DeviceIndex = 0)
T4650 5475:378.107 - 0.034ms returns 1268778103
T4650 5475:378.127 JLINK_ReadMemU32(0x400E0740, 0x1 Items)
T4650 5475:378.155   CPU_ReadMem(4 bytes @ 0x400E0740)
T4650 5475:378.664   Data:  E0 0E A7 29
T4650 5475:378.684 - 0.561ms returns 1 (0x1)
T4650 5475:378.717 JLINK_ReadMemU32(0x400E0744, 0x1 Items)
T4650 5475:378.733   CPU_ReadMem(4 bytes @ 0x400E0744)
T4650 5475:379.186   Data:  00 00 00 00
T4650 5475:379.216 - 0.505ms returns 1 (0x1)
T4650 5475:379.281 JLINK_BeginDownload(Flags = 0x00000000)
T4650 5475:379.301 - 0.029ms
T4650 5475:379.346 JLINK_WriteMem(0x400E0A04, 0x4 Bytes, ...)
T4650 5475:379.364   Data:  05 00 00 5A
T4650 5475:379.397   CPU_WriteMem(4 bytes @ 0x400E0A04)
T4650 5475:379.817 - 0.485ms returns 0x4
T4650 5475:379.871 JLINK_WriteMem(0x400E0C04, 0x4 Bytes, ...)
T4650 5475:379.882   Data:  05 00 00 5A
T4650 5475:379.911   CPU_WriteMem(4 bytes @ 0x400E0C04)
T4650 5475:380.354 - 0.493ms returns 0x4
T4650 5475:380.395 JLINK_EndDownload()
T4650 5475:380.408 - 0.016ms returns 0 (0x0)
T4650 5475:380.419 JLINK_ReadMemHW(0x400E0A08, 0x0004 Bytes, ...)
T4650 5475:380.431   CPU_ReadMem(4 bytes @ 0x400E0A08)
T4650 5475:380.888   Data:  00 00 00 00
T4650 5475:380.915 - 0.502ms returns 0
T4650 5475:383.853 JLINK_ReadMemHW(0x400E0A08, 0x0004 Bytes, ...)
T4650 5475:383.878   CPU_ReadMem(4 bytes @ 0x400E0A08)
T4650 5475:384.379   Data:  00 00 00 00
T4650 5475:384.398 - 0.550ms returns 0
T3524 5475:389.822 JLINK_IsHalted()
T3524 5475:389.854 - 0.047ms returns TRUE
T3524 5475:389.868 JLINK_GetMOEs(...)
T3524 5475:389.896   CPU_ReadMem(4 bytes @ 0xE000ED30)
T3524 5475:390.382 - 0.522ms returns 0x01
T3524 5475:390.403 JLINK_ReadReg(R15 (PC))
T3524 5475:390.416 - 0.017ms returns 0x00401198
T4650 5475:390.435 JLINK_ReadMemHW(0x400E0A08, 0x0004 Bytes, ...)
T4650 5475:390.461   CPU_ReadMem(4 bytes @ 0x400E0A08)
T4650 5475:390.954   Data:  00 00 00 00
T4650 5475:390.975 - 0.544ms returns 0
T4650 5475:406.988 JLINK_ReadMemHW(0x400E0A08, 0x0004 Bytes, ...)
T4650 5475:407.037   CPU_ReadMem(4 bytes @ 0x400E0A08)
T4650 5475:407.558   Data:  00 00 00 00
T4650 5475:407.588 - 0.604ms returns 0
T4650 5475:473.172 JLINK_ReadMemHW(0x400E0A08, 0x0004 Bytes, ...)
T4650 5475:473.226   CPU_ReadMem(4 bytes @ 0x400E0A08)
T4650 5475:474.004   Data:  00 00 00 00
T4650 5475:474.038 - 0.871ms returns 0
T3524 5475:591.205 JLINK_IsHalted()
T3524 5475:591.255 - 0.055ms returns TRUE
T4650 5475:729.478 JLINK_ReadMemHW(0x400E0A08, 0x0004 Bytes, ...)
T4650 5475:729.535   CPU_ReadMem(4 bytes @ 0x400E0A08)
T4650 5475:730.347   Data:  00 00 00 00
T4650 5475:730.380 - 0.906ms returns 0
T3524 5475:794.129 JLINK_IsHalted()
T3524 5475:794.162 - 0.051ms returns TRUE
T3524 5475:995.783 JLINK_IsHalted()
T3524 5475:996.424 - 0.666ms returns TRUE
T3524 5476:196.387 JLINK_IsHalted()
T3524 5476:196.410 - 0.028ms returns TRUE
T3524 5476:397.408 JLINK_IsHalted()
T3524 5476:397.451 - 0.048ms returns TRUE
T3524 5476:598.449 JLINK_IsHalted()
T3524 5476:599.102 - 0.677ms returns TRUE
T4650 5476:734.410 JLINK_ReadMemHW(0x400E0A08, 0x0004 Bytes, ...)
T4650 5476:734.471   CPU_ReadMem(4 bytes @ 0x400E0A08)
T4650 5476:735.224   Data:  00 00 00 00
T4650 5476:735.258 - 0.852ms returns 0
T4650 5476:735.366 JLINK_ReadMemHW(0x400E0C08, 0x0004 Bytes, ...)
T4650 5476:735.388   CPU_ReadMem(4 bytes @ 0x400E0C08)
T4650 5476:736.060   Data:  00 00 00 00
T4650 5476:736.098 - 0.735ms returns 0
T4650 5476:737.156 JLINK_ReadMemHW(0x400E0C08, 0x0004 Bytes, ...)
T4650 5476:737.218   CPU_ReadMem(4 bytes @ 0x400E0C08)
T4650 5476:737.829   Data:  00 00 00 00
T4650 5476:737.858 - 0.706ms returns 0
T4650 5476:744.698 JLINK_ReadMemHW(0x400E0C08, 0x0004 Bytes, ...)
T4650 5476:744.740   CPU_ReadMem(4 bytes @ 0x400E0C08)
T4650 5476:745.565   Data:  00 00 00 00
T4650 5476:745.598 - 0.904ms returns 0
T4650 5476:765.225 JLINK_ReadMemHW(0x400E0C08, 0x0004 Bytes, ...)
T4650 5476:765.279   CPU_ReadMem(4 bytes @ 0x400E0C08)
T4650 5476:766.050   Data:  00 00 00 00
T4650 5476:766.084 - 0.864ms returns 0
T3524 5476:799.461 JLINK_IsHalted()
T3524 5476:799.507 - 0.050ms returns TRUE
T4650 5476:829.943 JLINK_ReadMemHW(0x400E0C08, 0x0004 Bytes, ...)
T4650 5476:829.998   CPU_ReadMem(4 bytes @ 0x400E0C08)
T4650 5476:830.768   Data:  00 00 00 00
T4650 5476:830.802 - 0.862ms returns 0
T3524 5476:999.601 JLINK_IsHalted()
T3524 5476:999.637 - 0.041ms returns TRUE
T4650 5477:087.699 JLINK_ReadMemHW(0x400E0C08, 0x0004 Bytes, ...)
T4650 5477:087.754   CPU_ReadMem(4 bytes @ 0x400E0C08)
T4650 5477:088.575   Data:  00 00 00 00
T4650 5477:088.608 - 0.913ms returns 0
T3524 5477:203.095 JLINK_IsHalted()
T3524 5477:203.737 - 0.668ms returns TRUE
T3524 5477:405.212 JLINK_IsHalted()
T3524 5477:405.243 - 0.035ms returns TRUE
T3524 5477:606.200 JLINK_IsHalted()
T3524 5477:606.264 - 0.081ms returns TRUE
T3524 5477:806.232 JLINK_IsHalted()
T3524 5477:806.876 - 0.668ms returns TRUE
T3524 5478:006.590 JLINK_IsHalted()
T3524 5478:006.624 - 0.039ms returns TRUE
T4650 5478:089.519 JLINK_ReadMemHW(0x400E0C08, 0x0004 Bytes, ...)
T4650 5478:089.561   CPU_ReadMem(4 bytes @ 0x400E0C08)
T4650 5478:090.397   Data:  00 00 00 00
T4650 5478:090.430 - 0.915ms returns 0
T4650 5478:090.536 JLINK_ReadMemHW(0x400E0A08, 0x0004 Bytes, ...)
T4650 5478:090.558   CPU_ReadMem(4 bytes @ 0x400E0A08)
T4650 5478:091.180   Data:  00 00 00 00
T4650 5478:091.204 - 0.671ms returns 0
T4650 5478:094.339 JLINK_ReadMemHW(0x400E0A08, 0x0004 Bytes, ...)
T4650 5478:094.425   CPU_ReadMem(4 bytes @ 0x400E0A08)
T4650 5478:095.069   Data:  00 00 00 00
T4650 5478:095.100 - 0.766ms returns 0
T4650 5478:099.487 JLINK_ReadMemHW(0x400E0A08, 0x0004 Bytes, ...)
T4650 5478:099.544   CPU_ReadMem(4 bytes @ 0x400E0A08)
T4650 5478:100.340   Data:  00 00 00 00
T4650 5478:100.373 - 0.890ms returns 0
T4650 5478:117.061 JLINK_ReadMemHW(0x400E0A08, 0x0004 Bytes, ...)
T4650 5478:117.104   CPU_ReadMem(4 bytes @ 0x400E0A08)
T4650 5478:117.925   Data:  00 00 00 00
T4650 5478:117.957 - 0.900ms returns 0
T4650 5478:184.266 JLINK_ReadMemHW(0x400E0A08, 0x0004 Bytes, ...)
T4650 5478:184.320   CPU_ReadMem(4 bytes @ 0x400E0A08)
T4650 5478:185.135   Data:  00 00 00 00
T4650 5478:185.167 - 0.905ms returns 0
T3524 5478:209.287 JLINK_IsHalted()
T3524 5478:209.312 - 0.029ms returns TRUE
T3524 5478:409.413 JLINK_IsHalted()
T3524 5478:410.104 - 0.714ms returns TRUE
T4650 5478:442.311 JLINK_ReadMemHW(0x400E0A08, 0x0004 Bytes, ...)
T4650 5478:442.365   CPU_ReadMem(4 bytes @ 0x400E0A08)
T4650 5478:443.129   Data:  00 00 00 00
T4650 5478:443.162 - 0.855ms returns 0
T3524 5478:611.544 JLINK_IsHalted()
T3524 5478:611.596 - 0.056ms returns TRUE
T3524 5478:814.798 JLINK_IsHalted()
T3524 5478:814.831 - 0.148ms returns TRUE
T3524 5479:015.986 JLINK_IsHalted()
T3524 5479:016.723 - 0.778ms returns TRUE
T3524 5479:219.532 JLINK_IsHalted()
T3524 5479:219.579 - 0.051ms returns TRUE
T3524 5479:420.163 JLINK_IsHalted()
T3524 5479:420.188 - 0.029ms returns TRUE
T4650 5479:446.096 JLINK_ReadMemHW(0x400E0A08, 0x0004 Bytes, ...)
T4650 5479:446.178   CPU_ReadMem(4 bytes @ 0x400E0A08)
T4650 5479:446.753   Data:  00 00 00 00
T4650 5479:446.771 - 0.679ms returns 0
T4650 5479:446.866 JLINK_ReadMemHW(0x400E0C08, 0x0004 Bytes, ...)
T4650 5479:446.881   CPU_ReadMem(4 bytes @ 0x400E0C08)
T4650 5479:447.486   Data:  01 00 00 00
T4650 5479:447.504 - 0.642ms returns 0
T4650 5479:447.520 JLINK_ReadMemHW(0x400E0A08, 0x0004 Bytes, ...)
T4650 5479:447.532   CPU_ReadMem(4 bytes @ 0x400E0A08)
T4650 5479:448.065   Data:  00 00 00 00
T4650 5479:448.084 - 0.568ms returns 0
T4650 5479:449.974 JLINK_ReadMemHW(0x400E0A08, 0x0004 Bytes, ...)
T4650 5479:449.997   CPU_ReadMem(4 bytes @ 0x400E0A08)
T4650 5479:450.651   Data:  00 00 00 00
T4650 5479:450.669 - 0.699ms returns 0
T4650 5479:455.448 JLINK_ReadMemHW(0x400E0A08, 0x0004 Bytes, ...)
T4650 5479:455.509   CPU_ReadMem(4 bytes @ 0x400E0A08)
T4650 5479:456.307   Data:  00 00 00 00
T4650 5479:456.341 - 0.899ms returns 0
T4650 5479:474.890 JLINK_ReadMemHW(0x400E0A08, 0x0004 Bytes, ...)
T4650 5479:474.931   CPU_ReadMem(4 bytes @ 0x400E0A08)
T4650 5479:475.744   Data:  00 00 00 00
T4650 5479:475.791 - 0.905ms returns 0
T4650 5479:538.938 JLINK_ReadMemHW(0x400E0A08, 0x0004 Bytes, ...)
T4650 5479:539.016   CPU_ReadMem(4 bytes @ 0x400E0A08)
T4650 5479:539.806   Data:  00 00 00 00
T4650 5479:539.854 - 0.919ms returns 0
T3524 5479:621.806 JLINK_IsHalted()
T3524 5479:622.430 - 0.649ms returns TRUE
T4650 5479:796.281 JLINK_ReadMemHW(0x400E0A08, 0x0004 Bytes, ...)
T4650 5479:796.330   CPU_ReadMem(4 bytes @ 0x400E0A08)
T4650 5479:796.939   Data:  00 00 00 00
T4650 5479:796.968 - 0.691ms returns 0
T3524 5479:825.992 JLINK_IsHalted()
T3524 5479:826.035 - 0.047ms returns TRUE
T3524 5480:026.307 JLINK_IsHalted()
T3524 5480:026.370 - 0.068ms returns TRUE
T3524 5480:229.509 JLINK_IsHalted()
T3524 5480:230.243 - 0.759ms returns TRUE
T3524 5480:430.792 JLINK_IsHalted()
T3524 5480:430.839 - 0.053ms returns TRUE
T3524 5480:636.167 JLINK_IsHalted()
T3524 5480:636.201 - 0.038ms returns TRUE
T4650 5480:799.494 JLINK_ReadMemHW(0x400E0A08, 0x0004 Bytes, ...)
T4650 5480:799.550   CPU_ReadMem(4 bytes @ 0x400E0A08)
T4650 5480:800.343   Data:  01 00 00 00
T4650 5480:800.383 - 0.893ms returns 0
T3524 5480:836.747 JLINK_IsHalted()
T3524 5480:837.336 - 0.613ms returns TRUE
T4650 5480:838.070 JLINK_ResetPullsRESET(ON)
T4650 5480:838.105 - 0.040ms
T4650 5480:838.117 JLINK_ResetNoHalt()
T4650 5480:839.771   TotalIRLen = 4, IRPrint = 0x01
T4650 5480:840.594   JTAG chain detection found 1 devices:
T4650 5480:840.642    #0 Id: 0x4BA00477, IRLen: 04, CoreSight JTAG-DP
T4650 5480:844.848   Old FW that does not support reading DPIDR via DAP jobs
T4650 5480:848.279   DPv0 detected
T4650 5480:848.308   AP map detection skipped. Manually configured AP map found.
T4650 5480:848.345   AP[0]: AHB-AP (IDR: Not set)
T4650 5480:853.285   AP[0]: Core found
T4650 5480:853.322   AP[0]: AHB-AP ROM base: 0xE00FF000
T4650 5480:855.649   CPUID register: 0x410FC241. Implementer code: 0x41 (ARM)
T4650 5480:855.683   Found Cortex-M4 r0p1, Little endian.
T4650 5480:855.857   -- Max. mem block: 0x00001F48
T4650 5480:855.880   CPU_ReadMem(4 bytes @ 0xE000EDF0)
T4650 5480:856.332   CPU_ReadMem(4 bytes @ 0xE0002000)
T4650 5480:856.789   FPUnit: 6 code (BP) slots and 2 literal slots
T4650 5480:856.806   CPU_ReadMem(4 bytes @ 0xE000EDFC)
T4650 5480:857.256   CPU_ReadMem(4 bytes @ 0xE0001000)
T4650 5480:857.693   CPU_ReadMem(4 bytes @ 0xE000ED88)
T4650 5480:858.129   CPU_WriteMem(4 bytes @ 0xE000ED88)
T4650 5480:858.517   CPU_ReadMem(4 bytes @ 0xE000ED88)
T4650 5480:858.978   CPU_WriteMem(4 bytes @ 0xE000ED88)
T4650 5480:859.364   CoreSight components:
T4650 5480:859.389   ROMTbl[0] @ E00FF000
T4650 5480:859.403   CPU_ReadMem(64 bytes @ 0xE00FF000)
T4650 5480:860.532   CPU_ReadMem(32 bytes @ 0xE000EFE0)
T4650 5480:861.239   ROMTbl[0][0]: E000E000, CID: B105E00D, PID: 000BB000 SCS
T4650 5480:861.274   CPU_WriteMem(4 bytes @ 0xE0001000)
T4650 5480:861.673   CPU_ReadMem(32 bytes @ 0xE0001FE0)
T4650 5480:862.508   ROMTbl[0][1]: E0001000, CID: B105E00D, PID: 003BB002 DWT
T4650 5480:862.528   CPU_ReadMem(32 bytes @ 0xE0002FE0)
T4650 5480:863.166   ROMTbl[0][2]: E0002000, CID: B105E00D, PID: 002BB003 FPB
T4650 5480:863.183   CPU_ReadMem(32 bytes @ 0xE0000FE0)
T4650 5480:863.860   ROMTbl[0][3]: E0000000, CID: B105E00D, PID: 003BB001 ITM
T4650 5480:863.891   CPU_ReadMem(32 bytes @ 0xE0040FE0)
T4650 5480:864.551   ROMTbl[0][4]: E0040000, CID: B105900D, PID: 000BB9A1 TPIU
T4650 5480:864.574   JLINK_Reset()
T4650 5480:864.664     CPU_ReadMem(16 bytes @ 0x20000000)
T4650 5480:865.217     CPU_WriteMem(16 bytes @ 0x20000000)
T4650 5480:865.763     CPU_ReadMem(4 bytes @ 0xE000EDFC)
T4650 5480:866.229     CPU_WriteMem(4 bytes @ 0xE000EDFC)
T4650 5480:866.638     CPU_ReadMem(4 bytes @ 0xE0001000)
T4650 5480:867.130     CPU_WriteMem(4 bytes @ 0xE0001004)
T4650 5480:881.779     CPU_WriteMem(4 bytes @ 0xE000EDFC)
T4650 5480:882.283     CPU_WriteMem(16 bytes @ 0x20000000)
T4650 5480:885.874     CPU_WriteMem(4 bytes @ 0xE0002000)
T4650 5480:886.418     CPU_ReadMem(4 bytes @ 0xE000EDFC)
T4650 5480:887.019     CPU_ReadMem(4 bytes @ 0xE0001000)
T4650 5480:887.616   - 23.052ms
T4650 5480:887.634   JLINK_Go()
T4650 5480:887.646     CPU_ReadMem(4 bytes @ 0xE0001000)
T4650 5480:888.181     CPU_WriteMem(4 bytes @ 0xE0001004)
T4650 5480:889.155   - 1.531ms
T4650 5480:889.174 - 51.061ms
T4650 5480:889.437 JLINK_TIF_Select(JLINKARM_TIF_JTAG)
T4650 5480:889.454 - 0.023ms returns 0x00
T4650 5480:889.470 JLINK_ConfigJTAG(IRPre = 0, DRPre = 0)
T4650 5480:889.485 - 0.019ms
T4650 5480:889.496 JLINK_SetSpeed(4000)
T4650 5480:889.629 - 0.143ms
T4650 5480:889.648 JLINK_ResetPullsRESET(OFF)
T4650 5480:889.657 - 0.012ms
T4650 5480:889.666 JLINK_Connect()
T4650 5480:890.919   TotalIRLen = 4, IRPrint = 0x01
T4650 5480:891.490   JTAG chain detection found 1 devices:
T4650 5480:891.517    #0 Id: 0x4BA00477, IRLen: 04, CoreSight JTAG-DP
T4650 5480:895.131   Old FW that does not support reading DPIDR via DAP jobs
T4650 5480:898.696   DPv0 detected
T4650 5480:898.724   AP map detection skipped. Manually configured AP map found.
T4650 5480:898.746   AP[0]: AHB-AP (IDR: Not set)
T4650 5480:903.042   AP[0]: Core found
T4650 5480:903.066   AP[0]: AHB-AP ROM base: 0xE00FF000
T4650 5480:905.340   CPUID register: 0x410FC241. Implementer code: 0x41 (ARM)
T4650 5480:905.364   Found Cortex-M4 r0p1, Little endian.
T4650 5480:905.557   -- Max. mem block: 0x00001F48
T4650 5480:905.576   CPU_ReadMem(4 bytes @ 0xE000EDF0)
T4650 5480:906.004   CPU_ReadMem(4 bytes @ 0xE0002000)
T4650 5480:906.555   FPUnit: 6 code (BP) slots and 2 literal slots
T4650 5480:906.572   CPU_ReadMem(4 bytes @ 0xE000EDFC)
T4650 5480:907.030   CPU_ReadMem(4 bytes @ 0xE0001000)
T4650 5480:907.618   CPU_WriteMem(4 bytes @ 0xE0001000)
T4650 5480:908.025   CPU_ReadMem(4 bytes @ 0xE000ED88)
T4650 5480:908.560   CPU_WriteMem(4 bytes @ 0xE000ED88)
T4650 5480:909.012   CPU_ReadMem(4 bytes @ 0xE000ED88)
T4650 5480:909.529   CPU_WriteMem(4 bytes @ 0xE000ED88)
T4650 5480:909.929   CoreSight components:
T4650 5480:909.954   ROMTbl[0] @ E00FF000
T4650 5480:909.968   CPU_ReadMem(64 bytes @ 0xE00FF000)
T4650 5480:911.160   CPU_ReadMem(32 bytes @ 0xE000EFE0)
T4650 5480:911.803   ROMTbl[0][0]: E000E000, CID: B105E00D, PID: 000BB000 SCS
T4650 5480:911.844   CPU_ReadMem(32 bytes @ 0xE0001FE0)
T4650 5480:912.539   ROMTbl[0][1]: E0001000, CID: B105E00D, PID: 003BB002 DWT
T4650 5480:912.556   CPU_ReadMem(32 bytes @ 0xE0002FE0)
T4650 5480:913.238   ROMTbl[0][2]: E0002000, CID: B105E00D, PID: 002BB003 FPB
T4650 5480:913.254   CPU_ReadMem(32 bytes @ 0xE0000FE0)
T4650 5480:913.925   ROMTbl[0][3]: E0000000, CID: B105E00D, PID: 003BB001 ITM
T4650 5480:913.942   CPU_ReadMem(32 bytes @ 0xE0040FE0)
T4650 5480:914.634   ROMTbl[0][4]: E0040000, CID: B105900D, PID: 000BB9A1 TPIU
T4650 5480:914.653 - 24.991ms returns 0x00
T4650 5480:914.712 JLINK_Halt()
T4650 5480:917.879 - 3.176ms returns 0x00
T4650 5480:917.981 JLINK_BeginDownload(Flags = 0x00000000)
T4650 5480:917.992 - 0.018ms
T4650 5480:918.021 JLINK_WriteMem(0x400E0A04, 0x4 Bytes, ...)
T4650 5480:918.031   Data:  0B 01 00 5A
T4650 5480:918.141   CPU_WriteMem(4 bytes @ 0x400E0A04)
T4650 5480:918.576 - 0.563ms returns 0x4
T4650 5480:918.610 JLINK_EndDownload()
T4650 5480:918.620 - 0.014ms returns 0 (0x0)
T4650 5480:918.630 JLINK_ReadMemHW(0x400E0A08, 0x0004 Bytes, ...)
T4650 5480:918.641   CPU_ReadMem(4 bytes @ 0x400E0A08)
T4650 5480:919.161   Data:  01 00 00 00
T4650 5480:919.177 - 0.550ms returns 0
T4650 5480:919.203 JLINK_BeginDownload(Flags = 0x00000000)
T4650 5480:919.212 - 0.013ms
T4650 5480:919.232 JLINK_WriteMem(0x400E0A04, 0x4 Bytes, ...)
T4650 5480:919.241   Data:  0C 02 00 5A
T4650 5480:919.257   CPU_WriteMem(4 bytes @ 0x400E0A04)
T4650 5480:919.712 - 0.488ms returns 0x4
T4650 5480:919.743 JLINK_EndDownload()
T4650 5480:919.754 - 0.014ms returns 0 (0x0)
T4650 5480:919.764 JLINK_ReadMemHW(0x400E0A08, 0x0004 Bytes, ...)
T4650 5480:919.775   CPU_ReadMem(4 bytes @ 0x400E0A08)
T4650 5480:920.282   Data:  01 00 00 00
T4650 5480:920.298 - 0.538ms returns 0
T4650 5480:920.327 JLINK_SetResetType(JLINKARM_CM3_RESET_TYPE_NORMAL)
T4650 5480:920.337 - 0.013ms returns JLINKARM_CM3_RESET_TYPE_NORMAL
T4650 5480:920.347 JLINK_Reset()
T4650 5480:920.359   CPU_ReadMem(16 bytes @ 0x20000000)
T4650 5480:920.915   CPU_WriteMem(16 bytes @ 0x20000000)
T4650 5480:921.430   CPU_ReadMem(4 bytes @ 0xE000EDFC)
T4650 5480:921.917   CPU_WriteMem(4 bytes @ 0xE000EDFC)
T4650 5480:922.330   CPU_ReadMem(4 bytes @ 0xE0001000)
T4650 5480:937.798   CPU_WriteMem(4 bytes @ 0xE000EDFC)
T4650 5480:938.491   CPU_WriteMem(16 bytes @ 0x20000000)
T4650 5480:942.423   CPU_WriteMem(4 bytes @ 0xE0002000)
T4650 5480:942.946   CPU_ReadMem(4 bytes @ 0xE000EDFC)
T4650 5480:943.477   CPU_ReadMem(4 bytes @ 0xE0001000)
T4650 5480:944.022 - 23.683ms
T4650 5480:945.237 JLINK_JTAG_GetDeviceID(DeviceIndex = 0)
T4650 5480:945.274 - 0.044ms returns 1268778103
T4650 5480:945.321 JLINK_ReadMemU32(0x400E0740, 0x1 Items)
T4650 5480:945.359   CPU_ReadMem(4 bytes @ 0x400E0740)
T4650 5480:945.881   Data:  E0 0E A7 29
T4650 5480:945.900 - 0.583ms returns 1 (0x1)
T4650 5480:945.931 JLINK_ReadMemU32(0x400E0744, 0x1 Items)
T4650 5480:945.946   CPU_ReadMem(4 bytes @ 0x400E0744)
T4650 5480:946.503   Data:  00 00 00 00
T4650 5480:946.522 - 0.595ms returns 1 (0x1)
T3D3C 5480:954.058 JLINK_IsHalted()
T3D3C 5480:954.090 - 0.036ms returns TRUE
T3D3C 5480:954.101 JLINK_GetMOEs(...)
T3D3C 5480:954.131   CPU_ReadMem(4 bytes @ 0xE000ED30)
T3D3C 5480:954.641 - 0.549ms returns 0x01
T3D3C 5480:954.661 JLINK_ReadReg(R15 (PC))
T3D3C 5480:954.672 - 0.016ms returns 0xFFFFFFFE
T4650 5480:957.149 JLINK_BeginDownload(Flags = 0x00000000)
T4650 5480:957.163 - 0.018ms
T4650 5480:957.200 JLINK_WriteMem(0x00400000, 0x4000 Bytes, ...)
T4650 5480:957.211   Data:  C0 3A 00 20 A1 09 40 00 9D 09 40 00 9D 09 40 00 ...
T4650 5480:957.671   completely In flash
T4650 5480:957.707    -- Read from flash cache (16384 bytes @ 0x00400000)
T4650 5480:957.721 - 0.525ms returns 0x4000
T4650 5480:957.746 JLINK_WriteMem(0x00404000, 0x14C Bytes, ...)
T4650 5480:957.756   Data:  20 20 20 20 30 30 30 30 30 30 30 30 30 30 30 30 ...
T4650 5480:957.770   completely In flash
T4650 5480:957.782    -- Read from flash cache (332 bytes @ 0x00404000)
T4650 5480:957.794 - 0.073ms returns 0x14C
T4650 5480:957.961 JLINK_WriteMem(0x0040414C, 0x8 Bytes, ...)
T4650 5480:957.973   Data:  0C FB FF 7F 01 00 00 00
T4650 5480:957.997   completely In flash
T4650 5480:958.014 - 0.057ms returns 0x8
T4650 5480:958.135 JLINK_WriteMem(0x00404154, 0x9C0 Bytes, ...)
T4650 5480:958.148   Data:  00 09 3D 00 80 25 00 00 C0 00 00 00 00 08 00 00 ...
T4650 5480:958.162   completely In flash
T4650 5480:958.182    -- Read from flash cache (2496 bytes @ 0x00404154)
T4650 5480:958.194 - 0.063ms returns 0x9C0
T3D3C 5481:156.238 JLINK_IsHalted()
T3D3C 5481:156.283 - 0.049ms returns TRUE
T4650 5481:156.938 JLINK_EndDownload()
T4650 5481:157.278   Old firmware which does not support pausing periodic actions during flash download
T4650 5481:157.312   CPU_ReadMem(4 bytes @ 0xE000ED90)
T4650 5481:157.868   CPU_ReadMem(4 bytes @ 0xE000ED94)
T4650 5481:158.594    -- --------------------------------------
T4650 5481:158.629   Flash bank @ 0x00400000: Default: L2 verify disabled because algorithm performs L1 verify
T4650 5481:158.640    -- Start of determining dirty areas in flash cache
T4650 5481:159.033    -- End of determining dirty areas
T4650 5481:159.047    -- Start of preparing flash programming
T4650 5481:159.059    -- Calculating RAM usage
T4650 5481:159.084    -- RAM usage = 4060 Bytes
T4650 5481:159.095    -- Preserving CPU registers
T4650 5481:159.122    -- Preparing memory
T4650 5481:159.134    -- Preparing target
T4650 5481:318.654    -- Preserving target RAM temporarily used for programming
T4650 5481:331.887    -- Downloading RAMCode
T4650 5481:344.288    -- Preparing RAMCode
T4650 5481:350.455    -- Checking target RAM
T4650 5481:351.781    -- End of preparing flash programming
T4650 5481:351.888   Looking for J-Link GUI Server exe at: S:\Program Files (x86)\Atmel\Studio\7.0\atbackend\JLinkGUIServer.exe
T4650 5481:351.932   Looking for J-Link GUI Server exe at: \JLinkGUIServer.exe
T4650 5481:652.406   Failed to connect to J-Link GUI Server.
T4650 5481:657.937    -- CPU is running at 90000 kHz.
T4650 5481:657.968    -- Start of comparing flash
T4650 5481:657.982    -- CRC check was estimated as fastest method
T4650 5481:657.999    -- Comparing range 0x400000 - 0x403FFF (32 Sectors, 16 KiB), using multi-block CRC calculation
T4650 5481:662.528    -- CRC does not match for sectors 0-31
T4650 5481:662.572    -- Comparing range 0x404000 - 0x404FFF (1 Sector, 4 KiB), using multi-block CRC calculation
T4650 5481:664.688    -- CRC does not match for sector 0
T4650 5481:664.708    -- End of comparing flash
T4650 5481:664.720    -- Start of erasing sectors
T4650 5481:664.732    -- End of erasing sectors
T4650 5481:664.744    -- Start of flash programming
T4650 5481:664.757    -- Programming range 0x00400000 - 0x00403FFF ( 32 Sectors, 16 KB)
T4650 5481:733.721    -- Programming range 0x00404000 - 0x00404FFF (  1 Sector, 4 KB)
T4650 5481:748.498    -- End of flash programming
T4650 5481:748.533    -- 0x400000 - 0x403FFF ( 32 Sectors, 16 KoB)
T4650 5481:748.545    -- 0x404000 - 0x404FFF (  1 Sector, 4 KoB)
T4650 5481:748.558    -- Start of restoring
T4650 5481:748.571    -- Restoring RAMCode
T4650 5481:760.129    -- Restoring target memory
T4650 5481:772.866    -- Restore target
T4650 5481:824.290    -- Restore memory
T4650 5481:824.323    -- Restoring CPU registers
T4650 5481:824.348    -- End of restoring
T4650 5481:824.400    -- Bank 0 @ 0x00400000: 2 ranges affected (20480 bytes)
T4650 5481:824.442    -- Total: 0.665s (Prepare: 0.498s, Compare: 0.006s, Erase: 0.000s, Program & Verify: 0.091s, Restore: 0.068s)
T4650 5481:824.464    -- Program & Verify speed: 220 KiB/s
T4650 5481:827.000 - 670.080ms returns 20480 (0x5000)
T4650 5481:827.910 JLINK_ResetPullsRESET(ON)
T4650 5481:827.924 - 0.018ms
T4650 5481:827.935 JLINK_ResetNoHalt()
T4650 5481:829.094   TotalIRLen = 4, IRPrint = 0x01
T4650 5481:829.601   JTAG chain detection found 1 devices:
T4650 5481:829.627    #0 Id: 0x4BA00477, IRLen: 04, CoreSight JTAG-DP
T4650 5481:833.325   Old FW that does not support reading DPIDR via DAP jobs
T4650 5481:836.601   DPv0 detected
T4650 5481:836.630   AP map detection skipped. Manually configured AP map found.
T4650 5481:836.652   AP[0]: AHB-AP (IDR: Not set)
T4650 5481:841.235   AP[0]: Core found
T4650 5481:841.273   AP[0]: AHB-AP ROM base: 0xE00FF000
T4650 5481:843.444   CPUID register: 0x410FC241. Implementer code: 0x41 (ARM)
T4650 5481:843.468   Found Cortex-M4 r0p1, Little endian.
T4650 5481:843.639   -- Max. mem block: 0x00001F48
T4650 5481:843.660   CPU_ReadMem(4 bytes @ 0xE000EDF0)
T4650 5481:844.119   CPU_ReadMem(4 bytes @ 0xE0002000)
T4650 5481:844.647   FPUnit: 6 code (BP) slots and 2 literal slots
T4650 5481:844.664   CPU_ReadMem(4 bytes @ 0xE000EDFC)
T4650 5481:845.102   CPU_ReadMem(4 bytes @ 0xE0001000)
T4650 5481:845.646   CPU_ReadMem(4 bytes @ 0xE000ED88)
T4650 5481:846.078   CPU_WriteMem(4 bytes @ 0xE000ED88)
T4650 5481:846.439   CPU_ReadMem(4 bytes @ 0xE000ED88)
T4650 5481:846.853   CPU_WriteMem(4 bytes @ 0xE000ED88)
T4650 5481:847.268   CoreSight components:
T4650 5481:847.292   ROMTbl[0] @ E00FF000
T4650 5481:847.306   CPU_ReadMem(64 bytes @ 0xE00FF000)
T4650 5481:848.485   CPU_ReadMem(32 bytes @ 0xE000EFE0)
T4650 5481:849.183   ROMTbl[0][0]: E000E000, CID: B105E00D, PID: 000BB000 SCS
T4650 5481:849.200   CPU_WriteMem(4 bytes @ 0xE0001000)
T4650 5481:849.599   CPU_ReadMem(32 bytes @ 0xE0001FE0)
T4650 5481:850.286   ROMTbl[0][1]: E0001000, CID: B105E00D, PID: 003BB002 DWT
T4650 5481:850.303   CPU_ReadMem(32 bytes @ 0xE0002FE0)
T4650 5481:851.080   ROMTbl[0][2]: E0002000, CID: B105E00D, PID: 002BB003 FPB
T4650 5481:851.099   CPU_ReadMem(32 bytes @ 0xE0000FE0)
T4650 5481:851.795   ROMTbl[0][3]: E0000000, CID: B105E00D, PID: 003BB001 ITM
T4650 5481:851.813   CPU_ReadMem(32 bytes @ 0xE0040FE0)
T4650 5481:852.522   ROMTbl[0][4]: E0040000, CID: B105900D, PID: 000BB9A1 TPIU
T4650 5481:852.562   JLINK_Reset()
T4650 5481:853.028     CPU_ReadMem(16 bytes @ 0x20000000)
T4650 5481:853.596     CPU_WriteMem(16 bytes @ 0x20000000)
T4650 5481:854.110     CPU_ReadMem(4 bytes @ 0xE000EDFC)
T4650 5481:854.630     CPU_WriteMem(4 bytes @ 0xE000EDFC)
T4650 5481:855.043     CPU_ReadMem(4 bytes @ 0xE0001000)
T4650 5481:871.917     CPU_WriteMem(4 bytes @ 0xE000EDFC)
T4650 5481:872.427     CPU_WriteMem(16 bytes @ 0x20000000)
T4650 5481:876.860     CPU_WriteMem(4 bytes @ 0xE0002000)
T4650 5481:877.562     CPU_ReadMem(4 bytes @ 0xE000EDFC)
T4650 5481:878.387     CPU_ReadMem(4 bytes @ 0xE0001000)
T4650 5481:879.231   - 26.707ms
T4650 5481:879.278   JLINK_Go()
T4650 5481:879.292     CPU_ReadMem(4 bytes @ 0xE0001000)
T4650 5481:880.105     CPU_WriteMem(4 bytes @ 0xE0001004)
T4650 5481:881.529   - 2.274ms
T4650 5481:881.559 - 53.628ms
T4650 5481:889.875 JLINK_Close()
T4650 5481:917.528 - 27.679ms
T4650 5481:917.575   
T4650 5481:917.585   Closed
