T4650 5565:964.043   SEGGER J-Link V7.52a Log File
T4650 5565:964.136   DLL Compiled: Jul 28 2021 11:08:12
T4650 5565:964.160   Logging started @ 2023-03-29 19:36
T4650 5565:964.183 - 84016.856ms
T4650 5565:972.050 JLINK_ExecCommand("Device = AT91SAM4SD32C", ...). 
T4650 5565:972.577   Device "ATSAM4SD32C" selected.
T4650 5565:972.919 - 0.839ms returns 0x00
T4650 5565:991.014 JLINK_TIF_Select(JLINKARM_TIF_JTAG)
T4650 5565:992.275 - 1.288ms returns 0x00
T4650 5565:992.320 JLINK_ConfigJTAG(IRPre = 0, DRPre = 0)
T4650 5565:992.389 - 0.083ms
T4650 5565:992.434 JLINK_SetSpeed(4000)
T4650 5565:992.570 - 0.159ms
T4650 5565:992.645 JLINK_ResetPullsRESET(OFF)
T4650 5565:992.685 - 0.050ms
T4650 5565:992.709 JLINK_Connect()
T4650 5565:994.651   TotalIRLen = 4, IRPrint = 0x01
T4650 5565:995.296   JTAG chain detection found 1 devices:
T4650 5565:995.350    #0 Id: 0x4BA00477, IRLen: 04, CoreSight JTAG-DP
T4650 5566:000.028   Old FW that does not support reading DPIDR via DAP jobs
T4650 5566:003.627   DPv0 detected
T4650 5566:003.663   Scanning AP map to find all available APs
T4650 5566:006.397   AP[1]: Stopped AP scan as end of AP map has been reached
T4650 5566:006.424   AP[0]: AHB-AP (IDR: 0x24770011)
T4650 5566:006.471   Iterating through AP map to find AHB-AP to use
T4650 5566:010.972   AP[0]: Core found
T4650 5566:011.029   AP[0]: AHB-AP ROM base: 0xE00FF000
T4650 5566:013.412   CPUID register: 0x410FC241. Implementer code: 0x41 (ARM)
T4650 5566:013.449   Found Cortex-M4 r0p1, Little endian.
T4650 5566:013.815   -- Max. mem block: 0x000023B8
T4650 5566:013.964   CPU_ReadMem(4 bytes @ 0xE000EDF0)
T4650 5566:017.559   CPU_WriteMem(4 bytes @ 0xE000EDF0)
T4650 5566:017.936   CPU_ReadMem(4 bytes @ 0xE0002000)
T4650 5566:018.434   FPUnit: 6 code (BP) slots and 2 literal slots
T4650 5566:018.454   CPU_ReadMem(4 bytes @ 0xE000EDFC)
T4650 5566:018.994   CPU_WriteMem(4 bytes @ 0xE000EDFC)
T4650 5566:019.506   CPU_ReadMem(4 bytes @ 0xE0001000)
T4650 5566:020.028   CPU_WriteMem(4 bytes @ 0xE0001000)
T4650 5566:020.503   CPU_ReadMem(4 bytes @ 0xE000ED88)
T4650 5566:021.025   CPU_WriteMem(4 bytes @ 0xE000ED88)
T4650 5566:021.503   CPU_ReadMem(4 bytes @ 0xE000ED88)
T4650 5566:022.023   CPU_WriteMem(4 bytes @ 0xE000ED88)
T4650 5566:022.495   CoreSight components:
T4650 5566:022.523   ROMTbl[0] @ E00FF000
T4650 5566:022.536   CPU_ReadMem(64 bytes @ 0xE00FF000)
T4650 5566:023.337   CPU_ReadMem(32 bytes @ 0xE000EFE0)
T4650 5566:024.074   ROMTbl[0][0]: E000E000, CID: B105E00D, PID: 000BB000 SCS
T4650 5566:024.092   CPU_ReadMem(32 bytes @ 0xE0001FE0)
T4650 5566:024.807   ROMTbl[0][1]: E0001000, CID: B105E00D, PID: 003BB002 DWT
T4650 5566:024.842   CPU_ReadMem(32 bytes @ 0xE0002FE0)
T4650 5566:025.529   ROMTbl[0][2]: E0002000, CID: B105E00D, PID: 002BB003 FPB
T4650 5566:025.548   CPU_ReadMem(32 bytes @ 0xE0000FE0)
T4650 5566:026.306   ROMTbl[0][3]: E0000000, CID: B105E00D, PID: 003BB001 ITM
T4650 5566:026.325   CPU_ReadMem(32 bytes @ 0xE0040FE0)
T4650 5566:027.034   ROMTbl[0][4]: E0040000, CID: B105900D, PID: 000BB9A1 TPIU
T4650 5566:027.075 - 34.371ms returns 0x00
T4650 5566:027.187 JLINK_Halt()
T4650 5566:030.594 - 3.430ms returns 0x00
T4650 5566:030.759 JLINK_BeginDownload(Flags = 0x00000000)
T4650 5566:030.772 - 0.016ms
T4650 5566:030.800 JLINK_WriteMem(0x400E0A04, 0x4 Bytes, ...)
T4650 5566:030.810   Data:  0B 01 00 5A
T4650 5566:031.219   CPU_WriteMem(4 bytes @ 0x400E0A04)
T4650 5566:031.686 - 0.896ms returns 0x4
T4650 5566:031.727 JLINK_EndDownload()
T4650 5566:031.739 - 0.015ms returns 0 (0x0)
T4650 5566:031.749 JLINK_ReadMemHW(0x400E0A08, 0x0004 Bytes, ...)
T4650 5566:031.761   CPU_ReadMem(4 bytes @ 0x400E0A08)
T4650 5566:032.336   Data:  01 00 00 00
T4650 5566:032.355 - 0.610ms returns 0
T4650 5566:032.385 JLINK_BeginDownload(Flags = 0x00000000)
T4650 5566:032.395 - 0.013ms
T4650 5566:032.421 JLINK_WriteMem(0x400E0A04, 0x4 Bytes, ...)
T4650 5566:032.430   Data:  0C 02 00 5A
T4650 5566:032.463   CPU_WriteMem(4 bytes @ 0x400E0A04)
T4650 5566:032.907 - 0.496ms returns 0x4
T4650 5566:032.980 JLINK_EndDownload()
T4650 5566:032.995 - 0.019ms returns 0 (0x0)
T4650 5566:033.006 JLINK_ReadMemHW(0x400E0A08, 0x0004 Bytes, ...)
T4650 5566:033.017   CPU_ReadMem(4 bytes @ 0x400E0A08)
T4650 5566:033.562   Data:  01 00 00 00
T4650 5566:033.580 - 0.578ms returns 0
T4650 5566:033.613 JLINK_SetResetType(JLINKARM_CM3_RESET_TYPE_NORMAL)
T4650 5566:033.623 - 0.013ms returns JLINKARM_CM3_RESET_TYPE_NORMAL
T4650 5566:033.633 JLINK_Reset()
T4650 5566:034.105   CPU_ReadMem(16 bytes @ 0x20000000)
T4650 5566:034.721   CPU_WriteMem(16 bytes @ 0x20000000)
T4650 5566:035.243   CPU_ReadMem(4 bytes @ 0xE000EDFC)
T4650 5566:035.768   CPU_WriteMem(4 bytes @ 0xE000EDFC)
T4650 5566:036.288   CPU_ReadMem(4 bytes @ 0xE0001000)
T4650 5566:052.170   CPU_WriteMem(4 bytes @ 0xE000EDFC)
T4650 5566:052.628   CPU_WriteMem(16 bytes @ 0x20000000)
T4650 5566:056.384   CPU_WriteMem(4 bytes @ 0xE0002000)
T4650 5566:056.825   CPU_ReadMem(4 bytes @ 0xE000EDFC)
T4650 5566:057.366   CPU_ReadMem(4 bytes @ 0xE0001000)
T4650 5566:057.878 - 24.255ms
T4650 5566:058.897 JLINK_JTAG_GetDeviceID(DeviceIndex = 0)
T4650 5566:058.918 - 0.027ms returns 1268778103
T4650 5566:058.932 JLINK_ReadMemU32(0x400E0740, 0x1 Items)
T4650 5566:058.961   CPU_ReadMem(4 bytes @ 0x400E0740)
T4650 5566:059.502   Data:  E0 0E A7 29
T4650 5566:059.520 - 0.592ms returns 1 (0x1)
T4650 5566:059.568 JLINK_ReadMemU32(0x400E0744, 0x1 Items)
T4650 5566:059.583   CPU_ReadMem(4 bytes @ 0x400E0744)
T4650 5566:060.100   Data:  00 00 00 00
T4650 5566:060.119 - 0.555ms returns 1 (0x1)
T4650 5566:060.194 JLINK_BeginDownload(Flags = 0x00000000)
T4650 5566:060.205 - 0.014ms
T4650 5566:060.229 JLINK_WriteMem(0x400E0A04, 0x4 Bytes, ...)
T4650 5566:060.238   Data:  05 00 00 5A
T4650 5566:060.256   CPU_WriteMem(4 bytes @ 0x400E0A04)
T4650 5566:060.676 - 0.456ms returns 0x4
T4650 5566:060.735 JLINK_WriteMem(0x400E0C04, 0x4 Bytes, ...)
T4650 5566:060.747   Data:  05 00 00 5A
T4650 5566:060.786   CPU_WriteMem(4 bytes @ 0x400E0C04)
T4650 5566:061.253 - 0.527ms returns 0x4
T4650 5566:061.292 JLINK_EndDownload()
T4650 5566:061.304 - 0.016ms returns 0 (0x0)
T4650 5566:061.315 JLINK_ReadMemHW(0x400E0A08, 0x0004 Bytes, ...)
T4650 5566:061.326   CPU_ReadMem(4 bytes @ 0x400E0A08)
T4650 5566:061.884   Data:  00 00 00 00
T4650 5566:061.901 - 0.590ms returns 0
T4650 5566:066.740 JLINK_ReadMemHW(0x400E0A08, 0x0004 Bytes, ...)
T4650 5566:066.760   CPU_ReadMem(4 bytes @ 0x400E0A08)
T4650 5566:067.244   Data:  00 00 00 00
T4650 5566:067.262 - 0.526ms returns 0
T07BC 5566:068.839 JLINK_IsHalted()
T07BC 5566:068.856 - 0.028ms returns TRUE
T07BC 5566:068.867 JLINK_GetMOEs(...)
T07BC 5566:068.878   CPU_ReadMem(4 bytes @ 0xE000ED30)
T07BC 5566:069.418 - 0.560ms returns 0x01
T07BC 5566:069.438 JLINK_ReadReg(R15 (PC))
T07BC 5566:069.449 - 0.015ms returns 0x004009A0
T4650 5566:072.605 JLINK_ReadMemHW(0x400E0A08, 0x0004 Bytes, ...)
T4650 5566:072.629   CPU_ReadMem(4 bytes @ 0x400E0A08)
T4650 5566:073.185   Data:  00 00 00 00
T4650 5566:073.204 - 0.603ms returns 0
T4650 5566:089.331 JLINK_ReadMemHW(0x400E0A08, 0x0004 Bytes, ...)
T4650 5566:089.353   CPU_ReadMem(4 bytes @ 0x400E0A08)
T4650 5566:089.911   Data:  00 00 00 00
T4650 5566:089.930 - 0.603ms returns 0
T4650 5566:155.166 JLINK_ReadMemHW(0x400E0A08, 0x0004 Bytes, ...)
T4650 5566:155.208   CPU_ReadMem(4 bytes @ 0x400E0A08)
T4650 5566:155.738   Data:  00 00 00 00
T4650 5566:155.758 - 0.596ms returns 0
T07BC 5566:269.503 JLINK_IsHalted()
T07BC 5566:269.536 - 0.038ms returns TRUE
T4650 5566:412.869 JLINK_ReadMemHW(0x400E0A08, 0x0004 Bytes, ...)
T4650 5566:412.923   CPU_ReadMem(4 bytes @ 0x400E0A08)
T4650 5566:413.709   Data:  00 00 00 00
T4650 5566:413.742 - 0.876ms returns 0
T07BC 5566:470.038 JLINK_IsHalted()
T07BC 5566:470.083 - 0.049ms returns TRUE
T07BC 5566:670.167 JLINK_IsHalted()
T07BC 5566:670.846 - 0.705ms returns TRUE
T07BC 5566:873.475 JLINK_IsHalted()
T07BC 5566:873.506 - 0.035ms returns TRUE
T07BC 5567:075.273 JLINK_IsHalted()
T07BC 5567:075.317 - 0.049ms returns TRUE
T07BC 5567:276.207 JLINK_IsHalted()
T07BC 5567:276.984 - 0.801ms returns TRUE
T4650 5567:414.950 JLINK_ReadMemHW(0x400E0A08, 0x0004 Bytes, ...)
T4650 5567:414.993   CPU_ReadMem(4 bytes @ 0x400E0A08)
T4650 5567:415.736   Data:  00 00 00 00
T4650 5567:415.770 - 0.824ms returns 0
T4650 5567:415.868 JLINK_ReadMemHW(0x400E0C08, 0x0004 Bytes, ...)
T4650 5567:415.891   CPU_ReadMem(4 bytes @ 0x400E0C08)
T4650 5567:416.459   Data:  00 00 00 00
T4650 5567:416.489 - 0.626ms returns 0
T4650 5567:417.102 JLINK_ReadMemHW(0x400E0C08, 0x0004 Bytes, ...)
T4650 5567:417.173   CPU_ReadMem(4 bytes @ 0x400E0C08)
T4650 5567:418.017   Data:  00 00 00 00
T4650 5567:418.063 - 0.965ms returns 0
T4650 5567:422.205 JLINK_ReadMemHW(0x400E0C08, 0x0004 Bytes, ...)
T4650 5567:422.269   CPU_ReadMem(4 bytes @ 0x400E0C08)
T4650 5567:422.829   Data:  00 00 00 00
T4650 5567:422.866 - 0.665ms returns 0
T4650 5567:439.444 JLINK_ReadMemHW(0x400E0C08, 0x0004 Bytes, ...)
T4650 5567:439.500   CPU_ReadMem(4 bytes @ 0x400E0C08)
T4650 5567:440.322   Data:  00 00 00 00
T4650 5567:440.355 - 0.914ms returns 0
T07BC 5567:479.508 JLINK_IsHalted()
T07BC 5567:479.568 - 0.064ms returns TRUE
T4650 5567:506.229 JLINK_ReadMemHW(0x400E0C08, 0x0004 Bytes, ...)
T4650 5567:506.273   CPU_ReadMem(4 bytes @ 0x400E0C08)
T4650 5567:507.064   Data:  00 00 00 00
T4650 5567:507.109 - 0.884ms returns 0
T07BC 5567:679.825 JLINK_IsHalted()
T07BC 5567:679.857 - 0.037ms returns TRUE
T4650 5567:764.681 JLINK_ReadMemHW(0x400E0C08, 0x0004 Bytes, ...)
T4650 5567:764.721   CPU_ReadMem(4 bytes @ 0x400E0C08)
T4650 5567:765.356   Data:  00 00 00 00
T4650 5567:765.398 - 0.721ms returns 0
T07BC 5567:882.683 JLINK_IsHalted()
T07BC 5567:883.321 - 0.648ms returns TRUE
T07BC 5568:085.077 JLINK_IsHalted()
T07BC 5568:085.109 - 0.036ms returns TRUE
T07BC 5568:285.999 JLINK_IsHalted()
T07BC 5568:286.033 - 0.038ms returns TRUE
T07BC 5568:486.443 JLINK_IsHalted()
T07BC 5568:487.155 - 0.738ms returns TRUE
T07BC 5568:689.879 JLINK_IsHalted()
T07BC 5568:689.913 - 0.038ms returns TRUE
T4650 5568:765.946 JLINK_ReadMemHW(0x400E0C08, 0x0004 Bytes, ...)
T4650 5568:766.003   CPU_ReadMem(4 bytes @ 0x400E0C08)
T4650 5568:766.812   Data:  00 00 00 00
T4650 5568:766.846 - 0.904ms returns 0
T4650 5568:766.944 JLINK_ReadMemHW(0x400E0A08, 0x0004 Bytes, ...)
T4650 5568:766.966   CPU_ReadMem(4 bytes @ 0x400E0A08)
T4650 5568:767.572   Data:  00 00 00 00
T4650 5568:767.594 - 0.654ms returns 0
T4650 5568:768.126 JLINK_ReadMemHW(0x400E0A08, 0x0004 Bytes, ...)
T4650 5568:768.180   CPU_ReadMem(4 bytes @ 0x400E0A08)
T4650 5568:769.000   Data:  00 00 00 00
T4650 5568:769.033 - 0.911ms returns 0
T4650 5568:773.427 JLINK_ReadMemHW(0x400E0A08, 0x0004 Bytes, ...)
T4650 5568:773.483   CPU_ReadMem(4 bytes @ 0x400E0A08)
T4650 5568:773.978   Data:  00 00 00 00
T4650 5568:774.020 - 0.597ms returns 0
T4650 5568:790.096 JLINK_ReadMemHW(0x400E0A08, 0x0004 Bytes, ...)
T4650 5568:790.150   CPU_ReadMem(4 bytes @ 0x400E0A08)
T4650 5568:790.971   Data:  00 00 00 00
T4650 5568:791.005 - 0.913ms returns 0
T4650 5568:856.227 JLINK_ReadMemHW(0x400E0A08, 0x0004 Bytes, ...)
T4650 5568:856.283   CPU_ReadMem(4 bytes @ 0x400E0A08)
T4650 5568:857.112   Data:  00 00 00 00
T4650 5568:857.145 - 0.922ms returns 0
T07BC 5568:890.738 JLINK_IsHalted()
T07BC 5568:890.783 - 0.049ms returns TRUE
T07BC 5569:093.986 JLINK_IsHalted()
T07BC 5569:094.492 - 0.539ms returns TRUE
T4650 5569:116.103 JLINK_ReadMemHW(0x400E0A08, 0x0004 Bytes, ...)
T4650 5569:116.148   CPU_ReadMem(4 bytes @ 0x400E0A08)
T4650 5569:116.933   Data:  00 00 00 00
T4650 5569:116.968 - 0.869ms returns 0
T07BC 5569:294.821 JLINK_IsHalted()
T07BC 5569:294.850 - 0.033ms returns TRUE
T07BC 5569:495.095 JLINK_IsHalted()
T07BC 5569:495.149 - 0.059ms returns TRUE
T07BC 5569:696.206 JLINK_IsHalted()
T07BC 5569:696.937 - 0.755ms returns TRUE
T07BC 5569:899.388 JLINK_IsHalted()
T07BC 5569:899.434 - 0.051ms returns TRUE
T07BC 5570:099.515 JLINK_IsHalted()
T07BC 5570:099.560 - 0.049ms returns TRUE
T4650 5570:119.493 JLINK_ReadMemHW(0x400E0A08, 0x0004 Bytes, ...)
T4650 5570:119.553   CPU_ReadMem(4 bytes @ 0x400E0A08)
T4650 5570:120.383   Data:  00 00 00 00
T4650 5570:120.417 - 0.928ms returns 0
T4650 5570:120.530 JLINK_ReadMemHW(0x400E0C08, 0x0004 Bytes, ...)
T4650 5570:120.551   CPU_ReadMem(4 bytes @ 0x400E0C08)
T4650 5570:121.214   Data:  01 00 00 00
T4650 5570:121.243 - 0.717ms returns 0
T4650 5570:121.265 JLINK_ReadMemHW(0x400E0A08, 0x0004 Bytes, ...)
T4650 5570:121.281   CPU_ReadMem(4 bytes @ 0x400E0A08)
T4650 5570:122.062   Data:  00 00 00 00
T4650 5570:122.095 - 0.833ms returns 0
T4650 5570:123.399 JLINK_ReadMemHW(0x400E0A08, 0x0004 Bytes, ...)
T4650 5570:123.454   CPU_ReadMem(4 bytes @ 0x400E0A08)
T4650 5570:124.254   Data:  00 00 00 00
T4650 5570:124.324 - 0.930ms returns 0
T4650 5570:129.500 JLINK_ReadMemHW(0x400E0A08, 0x0004 Bytes, ...)
T4650 5570:129.555   CPU_ReadMem(4 bytes @ 0x400E0A08)
T4650 5570:130.369   Data:  00 00 00 00
T4650 5570:130.403 - 0.907ms returns 0
T4650 5570:146.907 JLINK_ReadMemHW(0x400E0A08, 0x0004 Bytes, ...)
T4650 5570:146.956   CPU_ReadMem(4 bytes @ 0x400E0A08)
T4650 5570:147.447   Data:  00 00 00 00
T4650 5570:147.465 - 0.562ms returns 0
T4650 5570:212.233 JLINK_ReadMemHW(0x400E0A08, 0x0004 Bytes, ...)
T4650 5570:212.288   CPU_ReadMem(4 bytes @ 0x400E0A08)
T4650 5570:213.131   Data:  00 00 00 00
T4650 5570:213.164 - 0.934ms returns 0
T07BC 5570:300.706 JLINK_IsHalted()
T07BC 5570:301.416 - 0.734ms returns TRUE
T4650 5570:469.533 JLINK_ReadMemHW(0x400E0A08, 0x0004 Bytes, ...)
T4650 5570:469.575   CPU_ReadMem(4 bytes @ 0x400E0A08)
T4650 5570:470.375   Data:  00 00 00 00
T4650 5570:470.408 - 0.892ms returns 0
T07BC 5570:503.671 JLINK_IsHalted()
T07BC 5570:503.751 - 0.099ms returns TRUE
T07BC 5570:706.200 JLINK_IsHalted()
T07BC 5570:706.233 - 0.037ms returns TRUE
T07BC 5570:909.472 JLINK_IsHalted()
T07BC 5570:910.243 - 0.795ms returns TRUE
T07BC 5571:110.350 JLINK_IsHalted()
T07BC 5571:110.428 - 0.083ms returns TRUE
T07BC 5571:316.266 JLINK_IsHalted()
T07BC 5571:316.300 - 0.052ms returns TRUE
T4650 5571:472.090 JLINK_ReadMemHW(0x400E0A08, 0x0004 Bytes, ...)
T4650 5571:472.145   CPU_ReadMem(4 bytes @ 0x400E0A08)
T4650 5571:472.955   Data:  01 00 00 00
T4650 5571:472.988 - 0.902ms returns 0
T07BC 5571:516.549 JLINK_IsHalted()
T07BC 5571:517.211 - 0.706ms returns TRUE
T4650 5571:517.980 JLINK_ResetPullsRESET(ON)
T4650 5571:518.014 - 0.039ms
T4650 5571:518.026 JLINK_ResetNoHalt()
T4650 5571:519.525   TotalIRLen = 4, IRPrint = 0x01
T4650 5571:520.247   JTAG chain detection found 1 devices:
T4650 5571:520.287    #0 Id: 0x4BA00477, IRLen: 04, CoreSight JTAG-DP
T4650 5571:524.830   Old FW that does not support reading DPIDR via DAP jobs
T4650 5571:528.390   DPv0 detected
T4650 5571:528.419   AP map detection skipped. Manually configured AP map found.
T4650 5571:528.455   AP[0]: AHB-AP (IDR: Not set)
T4650 5571:533.419   AP[0]: Core found
T4650 5571:533.444   AP[0]: AHB-AP ROM base: 0xE00FF000
T4650 5571:535.628   CPUID register: 0x410FC241. Implementer code: 0x41 (ARM)
T4650 5571:535.653   Found Cortex-M4 r0p1, Little endian.
T4650 5571:535.829   -- Max. mem block: 0x00001F48
T4650 5571:535.849   CPU_ReadMem(4 bytes @ 0xE000EDF0)
T4650 5571:536.271   CPU_ReadMem(4 bytes @ 0xE0002000)
T4650 5571:536.808   FPUnit: 6 code (BP) slots and 2 literal slots
T4650 5571:536.824   CPU_ReadMem(4 bytes @ 0xE000EDFC)
T4650 5571:537.300   CPU_ReadMem(4 bytes @ 0xE0001000)
T4650 5571:537.821   CPU_ReadMem(4 bytes @ 0xE000ED88)
T4650 5571:538.324   CPU_WriteMem(4 bytes @ 0xE000ED88)
T4650 5571:538.756   CPU_ReadMem(4 bytes @ 0xE000ED88)
T4650 5571:539.237   CPU_WriteMem(4 bytes @ 0xE000ED88)
T4650 5571:539.748   CoreSight components:
T4650 5571:539.771   ROMTbl[0] @ E00FF000
T4650 5571:539.801   CPU_ReadMem(64 bytes @ 0xE00FF000)
T4650 5571:541.033   CPU_ReadMem(32 bytes @ 0xE000EFE0)
T4650 5571:541.754   ROMTbl[0][0]: E000E000, CID: B105E00D, PID: 000BB000 SCS
T4650 5571:541.770   CPU_WriteMem(4 bytes @ 0xE0001000)
T4650 5571:542.231   CPU_ReadMem(32 bytes @ 0xE0001FE0)
T4650 5571:543.069   ROMTbl[0][1]: E0001000, CID: B105E00D, PID: 003BB002 DWT
T4650 5571:543.088   CPU_ReadMem(32 bytes @ 0xE0002FE0)
T4650 5571:543.816   ROMTbl[0][2]: E0002000, CID: B105E00D, PID: 002BB003 FPB
T4650 5571:543.834   CPU_ReadMem(32 bytes @ 0xE0000FE0)
T4650 5571:544.498   ROMTbl[0][3]: E0000000, CID: B105E00D, PID: 003BB001 ITM
T4650 5571:544.516   CPU_ReadMem(32 bytes @ 0xE0040FE0)
T4650 5571:545.260   ROMTbl[0][4]: E0040000, CID: B105900D, PID: 000BB9A1 TPIU
T4650 5571:545.284   JLINK_Reset()
T4650 5571:545.404     CPU_ReadMem(16 bytes @ 0x20000000)
T4650 5571:545.974     CPU_WriteMem(16 bytes @ 0x20000000)
T4650 5571:546.554     CPU_ReadMem(4 bytes @ 0xE000EDFC)
T4650 5571:547.044     CPU_WriteMem(4 bytes @ 0xE000EDFC)
T4650 5571:547.481     CPU_ReadMem(4 bytes @ 0xE0001000)
T4650 5571:547.967     CPU_WriteMem(4 bytes @ 0xE0001004)
T4650 5571:564.281     CPU_WriteMem(4 bytes @ 0xE000EDFC)
T4650 5571:564.958     CPU_WriteMem(16 bytes @ 0x20000000)
T4650 5571:569.207     CPU_WriteMem(4 bytes @ 0xE0002000)
T4650 5571:569.895     CPU_ReadMem(4 bytes @ 0xE000EDFC)
T4650 5571:570.705     CPU_ReadMem(4 bytes @ 0xE0001000)
T4650 5571:571.532   - 26.272ms
T4650 5571:571.566   JLINK_Go()
T4650 5571:571.580     CPU_ReadMem(4 bytes @ 0xE0001000)
T4650 5571:572.366     CPU_WriteMem(4 bytes @ 0xE0001004)
T4650 5571:573.842   - 2.299ms
T4650 5571:573.873 - 55.850ms
T4650 5571:574.145 JLINK_TIF_Select(JLINKARM_TIF_JTAG)
T4650 5571:574.163 - 0.022ms returns 0x00
T4650 5571:574.175 JLINK_ConfigJTAG(IRPre = 0, DRPre = 0)
T4650 5571:574.183 - 0.012ms
T4650 5571:574.194 JLINK_SetSpeed(4000)
T4650 5571:574.348 - 0.166ms
T4650 5571:574.370 JLINK_ResetPullsRESET(OFF)
T4650 5571:574.378 - 0.012ms
T4650 5571:574.388 JLINK_Connect()
T4650 5571:576.077   TotalIRLen = 4, IRPrint = 0x01
T4650 5571:576.934   JTAG chain detection found 1 devices:
T4650 5571:576.967    #0 Id: 0x4BA00477, IRLen: 04, CoreSight JTAG-DP
T4650 5571:581.288   Old FW that does not support reading DPIDR via DAP jobs
T4650 5571:584.668   DPv0 detected
T4650 5571:584.694   AP map detection skipped. Manually configured AP map found.
T4650 5571:584.715   AP[0]: AHB-AP (IDR: Not set)
T4650 5571:589.732   AP[0]: Core found
T4650 5571:589.760   AP[0]: AHB-AP ROM base: 0xE00FF000
T4650 5571:591.950   CPUID register: 0x410FC241. Implementer code: 0x41 (ARM)
T4650 5571:591.974   Found Cortex-M4 r0p1, Little endian.
T4650 5571:592.145   -- Max. mem block: 0x00001F48
T4650 5571:592.180   CPU_ReadMem(4 bytes @ 0xE000EDF0)
T4650 5571:592.640   CPU_ReadMem(4 bytes @ 0xE0002000)
T4650 5571:593.182   FPUnit: 6 code (BP) slots and 2 literal slots
T4650 5571:593.199   CPU_ReadMem(4 bytes @ 0xE000EDFC)
T4650 5571:593.675   CPU_ReadMem(4 bytes @ 0xE0001000)
T4650 5571:594.153   CPU_WriteMem(4 bytes @ 0xE0001000)
T4650 5571:594.587   CPU_ReadMem(4 bytes @ 0xE000ED88)
T4650 5571:595.067   CPU_WriteMem(4 bytes @ 0xE000ED88)
T4650 5571:595.483   CPU_ReadMem(4 bytes @ 0xE000ED88)
T4650 5571:595.972   CPU_WriteMem(4 bytes @ 0xE000ED88)
T4650 5571:596.435   CoreSight components:
T4650 5571:596.459   ROMTbl[0] @ E00FF000
T4650 5571:596.473   CPU_ReadMem(64 bytes @ 0xE00FF000)
T4650 5571:597.690   CPU_ReadMem(32 bytes @ 0xE000EFE0)
T4650 5571:598.415   ROMTbl[0][0]: E000E000, CID: B105E00D, PID: 000BB000 SCS
T4650 5571:598.434   CPU_ReadMem(32 bytes @ 0xE0001FE0)
T4650 5571:599.125   ROMTbl[0][1]: E0001000, CID: B105E00D, PID: 003BB002 DWT
T4650 5571:599.144   CPU_ReadMem(32 bytes @ 0xE0002FE0)
T4650 5571:599.796   ROMTbl[0][2]: E0002000, CID: B105E00D, PID: 002BB003 FPB
T4650 5571:599.815   CPU_ReadMem(32 bytes @ 0xE0000FE0)
T4650 5571:600.502   ROMTbl[0][3]: E0000000, CID: B105E00D, PID: 003BB001 ITM
T4650 5571:600.521   CPU_ReadMem(32 bytes @ 0xE0040FE0)
T4650 5571:601.221   ROMTbl[0][4]: E0040000, CID: B105900D, PID: 000BB9A1 TPIU
T4650 5571:601.242 - 26.858ms returns 0x00
T4650 5571:601.312 JLINK_Halt()
T4650 5571:604.636 - 3.334ms returns 0x00
T4650 5571:604.744 JLINK_BeginDownload(Flags = 0x00000000)
T4650 5571:604.756 - 0.019ms
T4650 5571:604.790 JLINK_WriteMem(0x400E0A04, 0x4 Bytes, ...)
T4650 5571:604.800   Data:  0B 01 00 5A
T4650 5571:604.951   CPU_WriteMem(4 bytes @ 0x400E0A04)
T4650 5571:605.381 - 0.601ms returns 0x4
T4650 5571:605.419 JLINK_EndDownload()
T4650 5571:605.431 - 0.015ms returns 0 (0x0)
T4650 5571:605.441 JLINK_ReadMemHW(0x400E0A08, 0x0004 Bytes, ...)
T4650 5571:605.452   CPU_ReadMem(4 bytes @ 0x400E0A08)
T4650 5571:606.066   Data:  01 00 00 00
T4650 5571:606.085 - 0.648ms returns 0
T4650 5571:606.128 JLINK_BeginDownload(Flags = 0x00000000)
T4650 5571:606.138 - 0.014ms
T4650 5571:606.169 JLINK_WriteMem(0x400E0A04, 0x4 Bytes, ...)
T4650 5571:606.179   Data:  0C 02 00 5A
T4650 5571:606.200   CPU_WriteMem(4 bytes @ 0x400E0A04)
T4650 5571:606.643 - 0.484ms returns 0x4
T4650 5571:606.735 JLINK_EndDownload()
T4650 5571:606.761 - 0.029ms returns 0 (0x0)
T4650 5571:606.771 JLINK_ReadMemHW(0x400E0A08, 0x0004 Bytes, ...)
T4650 5571:606.782   CPU_ReadMem(4 bytes @ 0x400E0A08)
T4650 5571:607.405   Data:  01 00 00 00
T4650 5571:607.423 - 0.656ms returns 0
T4650 5571:607.457 JLINK_SetResetType(JLINKARM_CM3_RESET_TYPE_NORMAL)
T4650 5571:607.467 - 0.013ms returns JLINKARM_CM3_RESET_TYPE_NORMAL
T4650 5571:607.477 JLINK_Reset()
T4650 5571:607.490   CPU_ReadMem(16 bytes @ 0x20000000)
T4650 5571:608.297   CPU_WriteMem(16 bytes @ 0x20000000)
T4650 5571:609.140   CPU_ReadMem(4 bytes @ 0xE000EDFC)
T4650 5571:609.929   CPU_WriteMem(4 bytes @ 0xE000EDFC)
T4650 5571:610.606   CPU_ReadMem(4 bytes @ 0xE0001000)
T4650 5571:626.522   CPU_WriteMem(4 bytes @ 0xE000EDFC)
T4650 5571:627.220   CPU_WriteMem(16 bytes @ 0x20000000)
T4650 5571:631.386   CPU_WriteMem(4 bytes @ 0xE0002000)
T4650 5571:632.174   CPU_ReadMem(4 bytes @ 0xE000EDFC)
T4650 5571:632.864   CPU_ReadMem(4 bytes @ 0xE0001000)
T4650 5571:633.550 - 26.086ms
T4650 5571:634.999 JLINK_JTAG_GetDeviceID(DeviceIndex = 0)
T4650 5571:635.017 - 0.022ms returns 1268778103
T4650 5571:635.028 JLINK_ReadMemU32(0x400E0740, 0x1 Items)
T4650 5571:635.048   CPU_ReadMem(4 bytes @ 0x400E0740)
T4650 5571:635.538   Data:  E0 0E A7 29
T4650 5571:635.557 - 0.532ms returns 1 (0x1)
T4650 5571:635.592 JLINK_ReadMemU32(0x400E0744, 0x1 Items)
T4650 5571:635.606   CPU_ReadMem(4 bytes @ 0x400E0744)
T4650 5571:636.082   Data:  00 00 00 00
T4650 5571:636.100 - 0.512ms returns 1 (0x1)
T45F0 5571:644.559 JLINK_IsHalted()
T45F0 5571:644.599 - 0.044ms returns TRUE
T45F0 5571:644.611 JLINK_GetMOEs(...)
T45F0 5571:644.624   CPU_ReadMem(4 bytes @ 0xE000ED30)
T45F0 5571:645.134 - 0.532ms returns 0x01
T45F0 5571:645.153 JLINK_ReadReg(R15 (PC))
T45F0 5571:645.166 - 0.016ms returns 0xFFFFFFFE
T4650 5571:646.548 JLINK_BeginDownload(Flags = 0x00000000)
T4650 5571:646.576 - 0.032ms
T4650 5571:646.629 JLINK_WriteMem(0x00400000, 0x4000 Bytes, ...)
T4650 5571:646.655   Data:  C0 3A 00 20 A1 09 40 00 9D 09 40 00 9D 09 40 00 ...
T4650 5571:647.103   completely In flash
T4650 5571:647.139    -- Read from flash cache (16384 bytes @ 0x00400000)
T4650 5571:647.153 - 0.528ms returns 0x4000
T4650 5571:647.186 JLINK_WriteMem(0x00404000, 0x14C Bytes, ...)
T4650 5571:647.196   Data:  20 20 20 20 30 30 30 30 30 30 30 30 30 30 30 30 ...
T4650 5571:647.209   completely In flash
T4650 5571:647.222    -- Read from flash cache (332 bytes @ 0x00404000)
T4650 5571:647.233 - 0.051ms returns 0x14C
T4650 5571:647.466 JLINK_WriteMem(0x0040414C, 0x8 Bytes, ...)
T4650 5571:647.486   Data:  0C FB FF 7F 01 00 00 00
T4650 5571:647.525   completely In flash
T4650 5571:647.541 - 0.081ms returns 0x8
T4650 5571:647.682 JLINK_WriteMem(0x00404154, 0x9C0 Bytes, ...)
T4650 5571:647.695   Data:  00 09 3D 00 80 25 00 00 C0 00 00 00 00 08 00 00 ...
T4650 5571:647.709   completely In flash
T4650 5571:647.738    -- Read from flash cache (2496 bytes @ 0x00404154)
T4650 5571:647.750 - 0.072ms returns 0x9C0
T45F0 5571:846.215 JLINK_IsHalted()
T45F0 5571:846.247 - 0.037ms returns TRUE
T4650 5571:847.109 JLINK_EndDownload()
T4650 5571:847.390   Old firmware which does not support pausing periodic actions during flash download
T4650 5571:847.423   CPU_ReadMem(4 bytes @ 0xE000ED90)
T4650 5571:848.171   CPU_ReadMem(4 bytes @ 0xE000ED94)
T4650 5571:849.011    -- --------------------------------------
T4650 5571:849.045   Flash bank @ 0x00400000: Default: L2 verify disabled because algorithm performs L1 verify
T4650 5571:849.072    -- Start of determining dirty areas in flash cache
T4650 5571:849.543    -- End of determining dirty areas
T4650 5571:849.558    -- Start of preparing flash programming
T4650 5571:849.570    -- Calculating RAM usage
T4650 5571:849.587    -- RAM usage = 4060 Bytes
T4650 5571:849.598    -- Preserving CPU registers
T4650 5571:849.623    -- Preparing memory
T4650 5571:849.635    -- Preparing target
T4650 5572:010.258    -- Preserving target RAM temporarily used for programming
T4650 5572:023.420    -- Downloading RAMCode
T4650 5572:036.252    -- Preparing RAMCode
T4650 5572:043.705    -- Checking target RAM
T4650 5572:045.271    -- End of preparing flash programming
T4650 5572:045.422   Looking for J-Link GUI Server exe at: S:\Program Files (x86)\Atmel\Studio\7.0\atbackend\JLinkGUIServer.exe
T4650 5572:045.474   Looking for J-Link GUI Server exe at: \JLinkGUIServer.exe
T4650 5572:346.916   Failed to connect to J-Link GUI Server.
T4650 5572:352.724    -- CPU is running at 90000 kHz.
T4650 5572:352.760    -- Start of comparing flash
T4650 5572:352.774    -- CRC check was estimated as fastest method
T4650 5572:352.789    -- Comparing range 0x400000 - 0x403FFF (32 Sectors, 16 KiB), using multi-block CRC calculation
T4650 5572:357.374    -- CRC does not match for sectors 0-31
T4650 5572:357.410    -- Comparing range 0x404000 - 0x404FFF (1 Sector, 4 KiB), using multi-block CRC calculation
T4650 5572:359.425    -- CRC does not match for sector 0
T4650 5572:359.448    -- End of comparing flash
T4650 5572:359.461    -- Start of erasing sectors
T4650 5572:359.474    -- End of erasing sectors
T4650 5572:359.486    -- Start of flash programming
T4650 5572:359.500    -- Programming range 0x00400000 - 0x00403FFF ( 32 Sectors, 16 KB)
T4650 5572:428.890    -- Programming range 0x00404000 - 0x00404FFF (  1 Sector, 4 KB)
T4650 5572:443.118    -- End of flash programming
T4650 5572:443.152    -- 0x400000 - 0x403FFF ( 32 Sectors, 16 KoB)
T4650 5572:443.165    -- 0x404000 - 0x404FFF (  1 Sector, 4 KoB)
T4650 5572:443.178    -- Start of restoring
T4650 5572:443.190    -- Restoring RAMCode
T4650 5572:454.308    -- Restoring target memory
T4650 5572:466.936    -- Restore target
T4650 5572:518.600    -- Restore memory
T4650 5572:518.633    -- Restoring CPU registers
T4650 5572:518.657    -- End of restoring
T4650 5572:518.708    -- Bank 0 @ 0x00400000: 2 ranges affected (20480 bytes)
T4650 5572:518.756    -- Total: 0.669s (Prepare: 0.503s, Compare: 0.006s, Erase: 0.000s, Program & Verify: 0.090s, Restore: 0.068s)
T4650 5572:518.778    -- Program & Verify speed: 222 KiB/s
T4650 5572:521.263 - 674.174ms returns 20480 (0x5000)
T4650 5572:522.267 JLINK_ResetPullsRESET(ON)
T4650 5572:522.282 - 0.019ms
T4650 5572:522.292 JLINK_ResetNoHalt()
T4650 5572:523.603   TotalIRLen = 4, IRPrint = 0x01
T4650 5572:524.121   JTAG chain detection found 1 devices:
T4650 5572:524.164    #0 Id: 0x4BA00477, IRLen: 04, CoreSight JTAG-DP
T4650 5572:528.694   Old FW that does not support reading DPIDR via DAP jobs
T4650 5572:532.267   DPv0 detected
T4650 5572:532.314   AP map detection skipped. Manually configured AP map found.
T4650 5572:532.335   AP[0]: AHB-AP (IDR: Not set)
T4650 5572:536.661   AP[0]: Core found
T4650 5572:536.702   AP[0]: AHB-AP ROM base: 0xE00FF000
T4650 5572:538.988   CPUID register: 0x410FC241. Implementer code: 0x41 (ARM)
T4650 5572:539.013   Found Cortex-M4 r0p1, Little endian.
T4650 5572:539.202   -- Max. mem block: 0x00001F48
T4650 5572:539.237   CPU_ReadMem(4 bytes @ 0xE000EDF0)
T4650 5572:539.710   CPU_ReadMem(4 bytes @ 0xE0002000)
T4650 5572:540.218   FPUnit: 6 code (BP) slots and 2 literal slots
T4650 5572:540.237   CPU_ReadMem(4 bytes @ 0xE000EDFC)
T4650 5572:540.693   CPU_ReadMem(4 bytes @ 0xE0001000)
T4650 5572:541.213   CPU_ReadMem(4 bytes @ 0xE000ED88)
T4650 5572:541.730   CPU_WriteMem(4 bytes @ 0xE000ED88)
T4650 5572:542.205   CPU_ReadMem(4 bytes @ 0xE000ED88)
T4650 5572:542.633   CPU_WriteMem(4 bytes @ 0xE000ED88)
T4650 5572:543.036   CoreSight components:
T4650 5572:543.061   ROMTbl[0] @ E00FF000
T4650 5572:543.075   CPU_ReadMem(64 bytes @ 0xE00FF000)
T4650 5572:544.250   CPU_ReadMem(32 bytes @ 0xE000EFE0)
T4650 5572:544.952   ROMTbl[0][0]: E000E000, CID: B105E00D, PID: 000BB000 SCS
T4650 5572:544.971   CPU_WriteMem(4 bytes @ 0xE0001000)
T4650 5572:545.431   CPU_ReadMem(32 bytes @ 0xE0001FE0)
T4650 5572:546.163   ROMTbl[0][1]: E0001000, CID: B105E00D, PID: 003BB002 DWT
T4650 5572:546.182   CPU_ReadMem(32 bytes @ 0xE0002FE0)
T4650 5572:546.913   ROMTbl[0][2]: E0002000, CID: B105E00D, PID: 002BB003 FPB
T4650 5572:546.933   CPU_ReadMem(32 bytes @ 0xE0000FE0)
T4650 5572:547.615   ROMTbl[0][3]: E0000000, CID: B105E00D, PID: 003BB001 ITM
T4650 5572:547.634   CPU_ReadMem(32 bytes @ 0xE0040FE0)
T4650 5572:548.374   ROMTbl[0][4]: E0040000, CID: B105900D, PID: 000BB9A1 TPIU
T4650 5572:548.398   JLINK_Reset()
T4650 5572:548.954     CPU_ReadMem(16 bytes @ 0x20000000)
T4650 5572:549.577     CPU_WriteMem(16 bytes @ 0x20000000)
T4650 5572:550.136     CPU_ReadMem(4 bytes @ 0xE000EDFC)
T4650 5572:550.698     CPU_WriteMem(4 bytes @ 0xE000EDFC)
T4650 5572:551.128     CPU_ReadMem(4 bytes @ 0xE0001000)
T4650 5572:568.323     CPU_WriteMem(4 bytes @ 0xE000EDFC)
T4650 5572:568.995     CPU_WriteMem(16 bytes @ 0x20000000)
T4650 5572:573.052     CPU_WriteMem(4 bytes @ 0xE0002000)
T4650 5572:573.540     CPU_ReadMem(4 bytes @ 0xE000EDFC)
T4650 5572:574.137     CPU_ReadMem(4 bytes @ 0xE0001000)
T4650 5572:574.753   - 26.368ms
T4650 5572:574.776   JLINK_Go()
T4650 5572:574.793     CPU_ReadMem(4 bytes @ 0xE0001000)
T4650 5572:575.408     CPU_WriteMem(4 bytes @ 0xE0001004)
T4650 5572:576.564   - 1.798ms
T4650 5572:576.581 - 54.292ms
T4650 5572:584.598 JLINK_Close()
T4650 5572:600.400 - 15.830ms
T4650 5572:600.440   
T4650 5572:600.472   Closed
