T4650 5632:122.764   SEGGER J-Link V7.52a Log File
T4650 5632:122.831   DLL Compiled: Jul 28 2021 11:08:12
T4650 5632:122.856   Logging started @ 2023-03-29 19:37
T4650 5632:122.878 - 59492.643ms
T4650 5632:131.062 JLINK_ExecCommand("Device = AT91SAM4SD32C", ...). 
T4650 5632:131.588   Device "ATSAM4SD32C" selected.
T4650 5632:131.972 - 0.871ms returns 0x00
T4650 5632:147.850 JLINK_TIF_Select(JLINKARM_TIF_JTAG)
T4650 5632:149.020 - 1.195ms returns 0x00
T4650 5632:149.063 JLINK_ConfigJTAG(IRPre = 0, DRPre = 0)
T4650 5632:149.111 - 0.062ms
T4650 5632:149.139 JLINK_SetSpeed(4000)
T4650 5632:149.288 - 0.174ms
T4650 5632:149.331 JLINK_ResetPullsRESET(OFF)
T4650 5632:149.369 - 0.050ms
T4650 5632:149.395 JLINK_Connect()
T4650 5632:151.362   TotalIRLen = 4, IRPrint = 0x01
T4650 5632:151.961   JTAG chain detection found 1 devices:
T4650 5632:152.011    #0 Id: 0x4BA00477, IRLen: 04, CoreSight JTAG-DP
T4650 5632:156.617   Old FW that does not support reading DPIDR via DAP jobs
T4650 5632:160.216   DPv0 detected
T4650 5632:160.288   Scanning AP map to find all available APs
T4650 5632:163.260   AP[1]: Stopped AP scan as end of AP map has been reached
T4650 5632:163.290   AP[0]: AHB-AP (IDR: 0x24770011)
T4650 5632:163.311   Iterating through AP map to find AHB-AP to use
T4650 5632:167.805   AP[0]: Core found
T4650 5632:167.903   AP[0]: AHB-AP ROM base: 0xE00FF000
T4650 5632:170.311   CPUID register: 0x410FC241. Implementer code: 0x41 (ARM)
T4650 5632:170.374   Found Cortex-M4 r0p1, Little endian.
T4650 5632:170.803   -- Max. mem block: 0x000023B8
T4650 5632:170.936   CPU_ReadMem(4 bytes @ 0xE000EDF0)
T4650 5632:174.567   CPU_WriteMem(4 bytes @ 0xE000EDF0)
T4650 5632:175.048   CPU_ReadMem(4 bytes @ 0xE0002000)
T4650 5632:175.595   FPUnit: 6 code (BP) slots and 2 literal slots
T4650 5632:175.622   CPU_ReadMem(4 bytes @ 0xE000EDFC)
T4650 5632:176.136   CPU_WriteMem(4 bytes @ 0xE000EDFC)
T4650 5632:176.645   CPU_ReadMem(4 bytes @ 0xE0001000)
T4650 5632:177.200   CPU_WriteMem(4 bytes @ 0xE0001000)
T4650 5632:177.717   CPU_ReadMem(4 bytes @ 0xE000ED88)
T4650 5632:178.329   CPU_WriteMem(4 bytes @ 0xE000ED88)
T4650 5632:178.822   CPU_ReadMem(4 bytes @ 0xE000ED88)
T4650 5632:179.322   CPU_WriteMem(4 bytes @ 0xE000ED88)
T4650 5632:179.842   CoreSight components:
T4650 5632:179.883   ROMTbl[0] @ E00FF000
T4650 5632:179.898   CPU_ReadMem(64 bytes @ 0xE00FF000)
T4650 5632:180.728   CPU_ReadMem(32 bytes @ 0xE000EFE0)
T4650 5632:181.439   ROMTbl[0][0]: E000E000, CID: B105E00D, PID: 000BB000 SCS
T4650 5632:181.471   CPU_ReadMem(32 bytes @ 0xE0001FE0)
T4650 5632:182.185   ROMTbl[0][1]: E0001000, CID: B105E00D, PID: 003BB002 DWT
T4650 5632:182.217   CPU_ReadMem(32 bytes @ 0xE0002FE0)
T4650 5632:182.928   ROMTbl[0][2]: E0002000, CID: B105E00D, PID: 002BB003 FPB
T4650 5632:182.960   CPU_ReadMem(32 bytes @ 0xE0000FE0)
T4650 5632:183.663   ROMTbl[0][3]: E0000000, CID: B105E00D, PID: 003BB001 ITM
T4650 5632:183.695   CPU_ReadMem(32 bytes @ 0xE0040FE0)
T4650 5632:184.384   ROMTbl[0][4]: E0040000, CID: B105900D, PID: 000BB9A1 TPIU
T4650 5632:184.434 - 35.043ms returns 0x00
T4650 5632:184.560 JLINK_Halt()
T4650 5632:187.995 - 3.457ms returns 0x00
T4650 5632:188.153 JLINK_BeginDownload(Flags = 0x00000000)
T4650 5632:188.165 - 0.016ms
T4650 5632:188.188 JLINK_WriteMem(0x400E0A04, 0x4 Bytes, ...)
T4650 5632:188.198   Data:  0B 01 00 5A
T4650 5632:188.667   CPU_WriteMem(4 bytes @ 0x400E0A04)
T4650 5632:189.158 - 0.979ms returns 0x4
T4650 5632:189.197 JLINK_EndDownload()
T4650 5632:189.209 - 0.016ms returns 0 (0x0)
T4650 5632:189.220 JLINK_ReadMemHW(0x400E0A08, 0x0004 Bytes, ...)
T4650 5632:189.231   CPU_ReadMem(4 bytes @ 0x400E0A08)
T4650 5632:189.782   Data:  01 00 00 00
T4650 5632:189.800 - 0.584ms returns 0
T4650 5632:189.830 JLINK_BeginDownload(Flags = 0x00000000)
T4650 5632:189.839 - 0.013ms
T4650 5632:189.860 JLINK_WriteMem(0x400E0A04, 0x4 Bytes, ...)
T4650 5632:189.869   Data:  0C 02 00 5A
T4650 5632:189.886   CPU_WriteMem(4 bytes @ 0x400E0A04)
T4650 5632:190.334 - 0.485ms returns 0x4
T4650 5632:190.430 JLINK_EndDownload()
T4650 5632:190.445 - 0.019ms returns 0 (0x0)
T4650 5632:190.455 JLINK_ReadMemHW(0x400E0A08, 0x0004 Bytes, ...)
T4650 5632:190.466   CPU_ReadMem(4 bytes @ 0x400E0A08)
T4650 5632:190.955   Data:  01 00 00 00
T4650 5632:190.973 - 0.522ms returns 0
T4650 5632:191.008 JLINK_SetResetType(JLINKARM_CM3_RESET_TYPE_NORMAL)
T4650 5632:191.034 - 0.029ms returns JLINKARM_CM3_RESET_TYPE_NORMAL
T4650 5632:191.044 JLINK_Reset()
T4650 5632:191.443   CPU_ReadMem(16 bytes @ 0x20000000)
T4650 5632:192.057   CPU_WriteMem(16 bytes @ 0x20000000)
T4650 5632:192.591   CPU_ReadMem(4 bytes @ 0xE000EDFC)
T4650 5632:193.110   CPU_WriteMem(4 bytes @ 0xE000EDFC)
T4650 5632:193.571   CPU_ReadMem(4 bytes @ 0xE0001000)
T4650 5632:208.534   CPU_WriteMem(4 bytes @ 0xE000EDFC)
T4650 5632:209.002   CPU_WriteMem(16 bytes @ 0x20000000)
T4650 5632:212.723   CPU_WriteMem(4 bytes @ 0xE0002000)
T4650 5632:213.176   CPU_ReadMem(4 bytes @ 0xE000EDFC)
T4650 5632:213.762   CPU_ReadMem(4 bytes @ 0xE0001000)
T4650 5632:214.384 - 23.363ms
T4650 5632:215.457 JLINK_JTAG_GetDeviceID(DeviceIndex = 0)
T4650 5632:215.478 - 0.026ms returns 1268778103
T4650 5632:215.491 JLINK_ReadMemU32(0x400E0740, 0x1 Items)
T4650 5632:215.506   CPU_ReadMem(4 bytes @ 0x400E0740)
T4650 5632:216.010   Data:  E0 0E A7 29
T4650 5632:216.029 - 0.541ms returns 1 (0x1)
T4650 5632:216.058 JLINK_ReadMemU32(0x400E0744, 0x1 Items)
T4650 5632:216.072   CPU_ReadMem(4 bytes @ 0x400E0744)
T4650 5632:216.577   Data:  00 00 00 00
T4650 5632:216.595 - 0.540ms returns 1 (0x1)
T4650 5632:216.665 JLINK_BeginDownload(Flags = 0x00000000)
T4650 5632:216.676 - 0.015ms
T4650 5632:216.695 JLINK_WriteMem(0x400E0A04, 0x4 Bytes, ...)
T4650 5632:216.705   Data:  05 00 00 5A
T4650 5632:216.723   CPU_WriteMem(4 bytes @ 0x400E0A04)
T4650 5632:217.191 - 0.505ms returns 0x4
T4650 5632:217.237 JLINK_WriteMem(0x400E0C04, 0x4 Bytes, ...)
T4650 5632:217.248   Data:  05 00 00 5A
T4650 5632:217.281   CPU_WriteMem(4 bytes @ 0x400E0C04)
T4650 5632:217.727 - 0.500ms returns 0x4
T4650 5632:217.780 JLINK_EndDownload()
T4650 5632:217.791 - 0.015ms returns 0 (0x0)
T4650 5632:217.802 JLINK_ReadMemHW(0x400E0A08, 0x0004 Bytes, ...)
T4650 5632:217.826   CPU_ReadMem(4 bytes @ 0x400E0A08)
T4650 5632:218.317   Data:  00 00 00 00
T4650 5632:218.334 - 0.535ms returns 0
T4650 5632:219.415 JLINK_ReadMemHW(0x400E0A08, 0x0004 Bytes, ...)
T4650 5632:219.433   CPU_ReadMem(4 bytes @ 0x400E0A08)
T4650 5632:219.987   Data:  00 00 00 00
T4650 5632:220.004 - 0.592ms returns 0
T4650 5632:224.463 JLINK_ReadMemHW(0x400E0A08, 0x0004 Bytes, ...)
T4650 5632:224.499   CPU_ReadMem(4 bytes @ 0x400E0A08)
T4650 5632:225.045   Data:  00 00 00 00
T4650 5632:225.062 - 0.602ms returns 0
T36E0 5632:225.081 JLINK_IsHalted()
T36E0 5632:225.097 - 0.020ms returns TRUE
T36E0 5632:225.109 JLINK_GetMOEs(...)
T36E0 5632:225.120   CPU_ReadMem(4 bytes @ 0xE000ED30)
T36E0 5632:225.683 - 0.582ms returns 0x01
T36E0 5632:225.700 JLINK_ReadReg(R15 (PC))
T36E0 5632:225.712 - 0.015ms returns 0x004009A0
T4650 5632:241.394 JLINK_ReadMemHW(0x400E0A08, 0x0004 Bytes, ...)
T4650 5632:241.424   CPU_ReadMem(4 bytes @ 0x400E0A08)
T4650 5632:242.039   Data:  00 00 00 00
T4650 5632:242.057 - 0.668ms returns 0
T4650 5632:306.570 JLINK_ReadMemHW(0x400E0A08, 0x0004 Bytes, ...)
T4650 5632:306.652   CPU_ReadMem(4 bytes @ 0x400E0A08)
T4650 5632:307.259   Data:  00 00 00 00
T4650 5632:307.287 - 0.721ms returns 0
T36E0 5632:426.219 JLINK_IsHalted()
T36E0 5632:426.282 - 0.068ms returns TRUE
T4650 5632:564.539 JLINK_ReadMemHW(0x400E0A08, 0x0004 Bytes, ...)
T4650 5632:564.584   CPU_ReadMem(4 bytes @ 0x400E0A08)
T4650 5632:565.064   Data:  00 00 00 00
T4650 5632:565.090 - 0.557ms returns 0
T36E0 5632:626.853 JLINK_IsHalted()
T36E0 5632:626.892 - 0.043ms returns TRUE
T36E0 5632:828.500 JLINK_IsHalted()
T36E0 5632:829.254 - 0.778ms returns TRUE
T36E0 5633:029.511 JLINK_IsHalted()
T36E0 5633:029.556 - 0.049ms returns TRUE
T36E0 5633:230.517 JLINK_IsHalted()
T36E0 5633:230.550 - 0.037ms returns TRUE
T36E0 5633:432.016 JLINK_IsHalted()
T36E0 5633:432.831 - 0.839ms returns TRUE
T4650 5633:566.051 JLINK_ReadMemHW(0x400E0A08, 0x0004 Bytes, ...)
T4650 5633:566.110   CPU_ReadMem(4 bytes @ 0x400E0A08)
T4650 5633:566.737   Data:  00 00 00 00
T4650 5633:566.767 - 0.720ms returns 0
T4650 5633:566.871 JLINK_ReadMemHW(0x400E0C08, 0x0004 Bytes, ...)
T4650 5633:566.894   CPU_ReadMem(4 bytes @ 0x400E0C08)
T4650 5633:567.532   Data:  00 00 00 00
T4650 5633:567.554 - 0.687ms returns 0
T4650 5633:568.749 JLINK_ReadMemHW(0x400E0C08, 0x0004 Bytes, ...)
T4650 5633:568.802   CPU_ReadMem(4 bytes @ 0x400E0C08)
T4650 5633:569.587   Data:  00 00 00 00
T4650 5633:569.620 - 0.875ms returns 0
T4650 5633:576.184 JLINK_ReadMemHW(0x400E0C08, 0x0004 Bytes, ...)
T4650 5633:576.253   CPU_ReadMem(4 bytes @ 0x400E0C08)
T4650 5633:577.074   Data:  00 00 00 00
T4650 5633:577.107 - 0.927ms returns 0
T4650 5633:595.032 JLINK_ReadMemHW(0x400E0C08, 0x0004 Bytes, ...)
T4650 5633:595.085   CPU_ReadMem(4 bytes @ 0x400E0C08)
T4650 5633:595.828   Data:  00 00 00 00
T4650 5633:595.860 - 0.832ms returns 0
T36E0 5633:636.213 JLINK_IsHalted()
T36E0 5633:636.247 - 0.038ms returns TRUE
T4650 5633:659.525 JLINK_ReadMemHW(0x400E0C08, 0x0004 Bytes, ...)
T4650 5633:659.579   CPU_ReadMem(4 bytes @ 0x400E0C08)
T4650 5633:660.396   Data:  00 00 00 00
T4650 5633:660.442 - 0.921ms returns 0
T36E0 5633:836.219 JLINK_IsHalted()
T36E0 5633:836.254 - 0.052ms returns TRUE
T4650 5633:917.303 JLINK_ReadMemHW(0x400E0C08, 0x0004 Bytes, ...)
T4650 5633:917.394   CPU_ReadMem(4 bytes @ 0x400E0C08)
T4650 5633:918.012   Data:  00 00 00 00
T4650 5633:918.045 - 0.747ms returns 0
T36E0 5634:038.379 JLINK_IsHalted()
T36E0 5634:038.860 - 0.501ms returns TRUE
T36E0 5634:239.475 JLINK_IsHalted()
T36E0 5634:239.519 - 0.049ms returns TRUE
T36E0 5634:440.235 JLINK_IsHalted()
T36E0 5634:440.280 - 0.049ms returns TRUE
T36E0 5634:643.208 JLINK_IsHalted()
T36E0 5634:643.996 - 0.812ms returns TRUE
T36E0 5634:846.239 JLINK_IsHalted()
T36E0 5634:846.333 - 0.099ms returns TRUE
T4650 5634:919.480 JLINK_ReadMemHW(0x400E0C08, 0x0004 Bytes, ...)
T4650 5634:919.535   CPU_ReadMem(4 bytes @ 0x400E0C08)
T4650 5634:920.353   Data:  00 00 00 00
T4650 5634:920.386 - 0.910ms returns 0
T4650 5634:920.493 JLINK_ReadMemHW(0x400E0A08, 0x0004 Bytes, ...)
T4650 5634:920.523   CPU_ReadMem(4 bytes @ 0x400E0A08)
T4650 5634:921.174   Data:  00 00 00 00
T4650 5634:921.204 - 0.715ms returns 0
T4650 5634:922.390 JLINK_ReadMemHW(0x400E0A08, 0x0004 Bytes, ...)
T4650 5634:922.461   CPU_ReadMem(4 bytes @ 0x400E0A08)
T4650 5634:923.080   Data:  00 00 00 00
T4650 5634:923.111 - 0.726ms returns 0
T4650 5634:929.476 JLINK_ReadMemHW(0x400E0A08, 0x0004 Bytes, ...)
T4650 5634:929.532   CPU_ReadMem(4 bytes @ 0x400E0A08)
T4650 5634:930.272   Data:  00 00 00 00
T4650 5634:930.305 - 0.832ms returns 0
T4650 5634:949.213 JLINK_ReadMemHW(0x400E0A08, 0x0004 Bytes, ...)
T4650 5634:949.275   CPU_ReadMem(4 bytes @ 0x400E0A08)
T4650 5634:950.110   Data:  00 00 00 00
T4650 5634:950.146 - 0.938ms returns 0
T4650 5635:015.840 JLINK_ReadMemHW(0x400E0A08, 0x0004 Bytes, ...)
T4650 5635:015.907   CPU_ReadMem(4 bytes @ 0x400E0A08)
T4650 5635:016.694   Data:  00 00 00 00
T4650 5635:016.728 - 0.892ms returns 0
T36E0 5635:047.403 JLINK_IsHalted()
T36E0 5635:047.450 - 0.052ms returns TRUE
T36E0 5635:249.104 JLINK_IsHalted()
T36E0 5635:249.787 - 0.721ms returns TRUE
T4650 5635:272.237 JLINK_ReadMemHW(0x400E0A08, 0x0004 Bytes, ...)
T4650 5635:272.291   CPU_ReadMem(4 bytes @ 0x400E0A08)
T4650 5635:273.090   Data:  00 00 00 00
T4650 5635:273.124 - 0.891ms returns 0
T36E0 5635:449.502 JLINK_IsHalted()
T36E0 5635:449.547 - 0.049ms returns TRUE
T36E0 5635:649.979 JLINK_IsHalted()
T36E0 5635:650.023 - 0.049ms returns TRUE
T36E0 5635:851.814 JLINK_IsHalted()
T36E0 5635:852.508 - 0.718ms returns TRUE
T36E0 5636:053.516 JLINK_IsHalted()
T36E0 5636:053.548 - 0.036ms returns TRUE
T36E0 5636:256.336 JLINK_IsHalted()
T36E0 5636:256.367 - 0.035ms returns TRUE
T4650 5636:274.337 JLINK_ReadMemHW(0x400E0A08, 0x0004 Bytes, ...)
T4650 5636:274.399   CPU_ReadMem(4 bytes @ 0x400E0A08)
T4650 5636:274.964   Data:  00 00 00 00
T4650 5636:274.984 - 0.652ms returns 0
T4650 5636:275.063 JLINK_ReadMemHW(0x400E0C08, 0x0004 Bytes, ...)
T4650 5636:275.078   CPU_ReadMem(4 bytes @ 0x400E0C08)
T4650 5636:275.613   Data:  01 00 00 00
T4650 5636:275.631 - 0.571ms returns 0
T4650 5636:275.646 JLINK_ReadMemHW(0x400E0A08, 0x0004 Bytes, ...)
T4650 5636:275.659   CPU_ReadMem(4 bytes @ 0x400E0A08)
T4650 5636:276.436   Data:  00 00 00 00
T4650 5636:276.470 - 0.827ms returns 0
T4650 5636:279.489 JLINK_ReadMemHW(0x400E0A08, 0x0004 Bytes, ...)
T4650 5636:279.531   CPU_ReadMem(4 bytes @ 0x400E0A08)
T4650 5636:280.236   Data:  00 00 00 00
T4650 5636:280.270 - 0.786ms returns 0
T4650 5636:284.558 JLINK_ReadMemHW(0x400E0A08, 0x0004 Bytes, ...)
T4650 5636:284.614   CPU_ReadMem(4 bytes @ 0x400E0A08)
T4650 5636:285.381   Data:  00 00 00 00
T4650 5636:285.414 - 0.860ms returns 0
T4650 5636:304.826 JLINK_ReadMemHW(0x400E0A08, 0x0004 Bytes, ...)
T4650 5636:304.905   CPU_ReadMem(4 bytes @ 0x400E0A08)
T4650 5636:305.445   Data:  00 00 00 00
T4650 5636:305.474 - 0.651ms returns 0
T4650 5636:369.458 JLINK_ReadMemHW(0x400E0A08, 0x0004 Bytes, ...)
T4650 5636:369.513   CPU_ReadMem(4 bytes @ 0x400E0A08)
T4650 5636:370.348   Data:  00 00 00 00
T4650 5636:370.381 - 0.926ms returns 0
T36E0 5636:459.519 JLINK_IsHalted()
T36E0 5636:460.209 - 0.715ms returns TRUE
T4650 5636:627.160 JLINK_ReadMemHW(0x400E0A08, 0x0004 Bytes, ...)
T4650 5636:627.214   CPU_ReadMem(4 bytes @ 0x400E0A08)
T4650 5636:628.014   Data:  00 00 00 00
T4650 5636:628.075 - 0.919ms returns 0
T36E0 5636:666.228 JLINK_IsHalted()
T36E0 5636:666.290 - 0.067ms returns TRUE
T36E0 5636:867.043 JLINK_IsHalted()
T36E0 5636:867.084 - 0.060ms returns TRUE
T36E0 5637:069.476 JLINK_IsHalted()
T36E0 5637:070.186 - 0.734ms returns TRUE
T36E0 5637:271.790 JLINK_IsHalted()
T36E0 5637:271.845 - 0.060ms returns TRUE
T36E0 5637:474.916 JLINK_IsHalted()
T36E0 5637:474.972 - 0.062ms returns TRUE
T4650 5637:629.466 JLINK_ReadMemHW(0x400E0A08, 0x0004 Bytes, ...)
T4650 5637:629.527   CPU_ReadMem(4 bytes @ 0x400E0A08)
T4650 5637:630.348   Data:  01 00 00 00
T4650 5637:630.382 - 0.920ms returns 0
T36E0 5637:675.685 JLINK_IsHalted()
T36E0 5637:676.376 - 0.714ms returns TRUE
T4650 5637:677.134 JLINK_ResetPullsRESET(ON)
T4650 5637:677.160 - 0.033ms
T4650 5637:677.177 JLINK_ResetNoHalt()
T4650 5637:678.824   TotalIRLen = 4, IRPrint = 0x01
T4650 5637:679.618   JTAG chain detection found 1 devices:
T4650 5637:679.667    #0 Id: 0x4BA00477, IRLen: 04, CoreSight JTAG-DP
T4650 5637:685.416   Old FW that does not support reading DPIDR via DAP jobs
T4650 5637:689.270   DPv0 detected
T4650 5637:689.301   AP map detection skipped. Manually configured AP map found.
T4650 5637:689.323   AP[0]: AHB-AP (IDR: Not set)
T4650 5637:693.796   AP[0]: Core found
T4650 5637:693.837   AP[0]: AHB-AP ROM base: 0xE00FF000
T4650 5637:696.090   CPUID register: 0x410FC241. Implementer code: 0x41 (ARM)
T4650 5637:696.115   Found Cortex-M4 r0p1, Little endian.
T4650 5637:696.322   -- Max. mem block: 0x00001F48
T4650 5637:696.343   CPU_ReadMem(4 bytes @ 0xE000EDF0)
T4650 5637:696.766   CPU_ReadMem(4 bytes @ 0xE0002000)
T4650 5637:697.346   FPUnit: 6 code (BP) slots and 2 literal slots
T4650 5637:697.363   CPU_ReadMem(4 bytes @ 0xE000EDFC)
T4650 5637:697.907   CPU_ReadMem(4 bytes @ 0xE0001000)
T4650 5637:698.402   CPU_ReadMem(4 bytes @ 0xE000ED88)
T4650 5637:698.949   CPU_WriteMem(4 bytes @ 0xE000ED88)
T4650 5637:699.343   CPU_ReadMem(4 bytes @ 0xE000ED88)
T4650 5637:699.837   CPU_WriteMem(4 bytes @ 0xE000ED88)
T4650 5637:700.267   CoreSight components:
T4650 5637:700.291   ROMTbl[0] @ E00FF000
T4650 5637:700.305   CPU_ReadMem(64 bytes @ 0xE00FF000)
T4650 5637:701.477   CPU_ReadMem(32 bytes @ 0xE000EFE0)
T4650 5637:702.204   ROMTbl[0][0]: E000E000, CID: B105E00D, PID: 000BB000 SCS
T4650 5637:702.221   CPU_WriteMem(4 bytes @ 0xE0001000)
T4650 5637:702.642   CPU_ReadMem(32 bytes @ 0xE0001FE0)
T4650 5637:703.360   ROMTbl[0][1]: E0001000, CID: B105E00D, PID: 003BB002 DWT
T4650 5637:703.392   CPU_ReadMem(32 bytes @ 0xE0002FE0)
T4650 5637:704.135   ROMTbl[0][2]: E0002000, CID: B105E00D, PID: 002BB003 FPB
T4650 5637:704.157   CPU_ReadMem(32 bytes @ 0xE0000FE0)
T4650 5637:704.810   ROMTbl[0][3]: E0000000, CID: B105E00D, PID: 003BB001 ITM
T4650 5637:704.831   CPU_ReadMem(32 bytes @ 0xE0040FE0)
T4650 5637:705.506   ROMTbl[0][4]: E0040000, CID: B105900D, PID: 000BB9A1 TPIU
T4650 5637:705.531   JLINK_Reset()
T4650 5637:705.658     CPU_ReadMem(16 bytes @ 0x20000000)
T4650 5637:706.270     CPU_WriteMem(16 bytes @ 0x20000000)
T4650 5637:706.823     CPU_ReadMem(4 bytes @ 0xE000EDFC)
T4650 5637:707.347     CPU_WriteMem(4 bytes @ 0xE000EDFC)
T4650 5637:707.807     CPU_ReadMem(4 bytes @ 0xE0001000)
T4650 5637:708.333     CPU_WriteMem(4 bytes @ 0xE0001004)
T4650 5637:724.354     CPU_WriteMem(4 bytes @ 0xE000EDFC)
T4650 5637:725.127     CPU_WriteMem(16 bytes @ 0x20000000)
T4650 5637:729.465     CPU_WriteMem(4 bytes @ 0xE0002000)
T4650 5637:730.220     CPU_ReadMem(4 bytes @ 0xE000EDFC)
T4650 5637:731.040     CPU_ReadMem(4 bytes @ 0xE0001000)
T4650 5637:731.854   - 26.348ms
T4650 5637:731.889   JLINK_Go()
T4650 5637:731.903     CPU_ReadMem(4 bytes @ 0xE0001000)
T4650 5637:732.445     CPU_WriteMem(4 bytes @ 0xE0001004)
T4650 5637:733.662   - 1.797ms
T4650 5637:733.693 - 56.520ms
T4650 5637:733.961 JLINK_TIF_Select(JLINKARM_TIF_JTAG)
T4650 5637:733.993 - 0.036ms returns 0x00
T4650 5637:734.005 JLINK_ConfigJTAG(IRPre = 0, DRPre = 0)
T4650 5637:734.014 - 0.013ms
T4650 5637:734.025 JLINK_SetSpeed(4000)
T4650 5637:734.171 - 0.159ms
T4650 5637:734.194 JLINK_ResetPullsRESET(OFF)
T4650 5637:734.203 - 0.012ms
T4650 5637:734.213 JLINK_Connect()
T4650 5637:735.935   TotalIRLen = 4, IRPrint = 0x01
T4650 5637:736.670   JTAG chain detection found 1 devices:
T4650 5637:736.703    #0 Id: 0x4BA00477, IRLen: 04, CoreSight JTAG-DP
T4650 5637:741.153   Old FW that does not support reading DPIDR via DAP jobs
T4650 5637:744.594   DPv0 detected
T4650 5637:744.639   AP map detection skipped. Manually configured AP map found.
T4650 5637:744.663   AP[0]: AHB-AP (IDR: Not set)
T4650 5637:748.991   AP[0]: Core found
T4650 5637:749.032   AP[0]: AHB-AP ROM base: 0xE00FF000
T4650 5637:751.359   CPUID register: 0x410FC241. Implementer code: 0x41 (ARM)
T4650 5637:751.398   Found Cortex-M4 r0p1, Little endian.
T4650 5637:751.568   -- Max. mem block: 0x00001F48
T4650 5637:751.589   CPU_ReadMem(4 bytes @ 0xE000EDF0)
T4650 5637:752.023   CPU_ReadMem(4 bytes @ 0xE0002000)
T4650 5637:752.564   FPUnit: 6 code (BP) slots and 2 literal slots
T4650 5637:752.581   CPU_ReadMem(4 bytes @ 0xE000EDFC)
T4650 5637:753.061   CPU_ReadMem(4 bytes @ 0xE0001000)
T4650 5637:753.535   CPU_WriteMem(4 bytes @ 0xE0001000)
T4650 5637:753.945   CPU_ReadMem(4 bytes @ 0xE000ED88)
T4650 5637:754.440   CPU_WriteMem(4 bytes @ 0xE000ED88)
T4650 5637:754.948   CPU_ReadMem(4 bytes @ 0xE000ED88)
T4650 5637:755.439   CPU_WriteMem(4 bytes @ 0xE000ED88)
T4650 5637:756.004   CoreSight components:
T4650 5637:756.028   ROMTbl[0] @ E00FF000
T4650 5637:756.070   CPU_ReadMem(64 bytes @ 0xE00FF000)
T4650 5637:757.146   CPU_ReadMem(32 bytes @ 0xE000EFE0)
T4650 5637:757.881   ROMTbl[0][0]: E000E000, CID: B105E00D, PID: 000BB000 SCS
T4650 5637:757.900   CPU_ReadMem(32 bytes @ 0xE0001FE0)
T4650 5637:758.639   ROMTbl[0][1]: E0001000, CID: B105E00D, PID: 003BB002 DWT
T4650 5637:758.657   CPU_ReadMem(32 bytes @ 0xE0002FE0)
T4650 5637:759.386   ROMTbl[0][2]: E0002000, CID: B105E00D, PID: 002BB003 FPB
T4650 5637:759.405   CPU_ReadMem(32 bytes @ 0xE0000FE0)
T4650 5637:760.201   ROMTbl[0][3]: E0000000, CID: B105E00D, PID: 003BB001 ITM
T4650 5637:760.220   CPU_ReadMem(32 bytes @ 0xE0040FE0)
T4650 5637:761.024   ROMTbl[0][4]: E0040000, CID: B105900D, PID: 000BB9A1 TPIU
T4650 5637:761.044 - 26.836ms returns 0x00
T4650 5637:761.121 JLINK_Halt()
T4650 5637:764.434 - 3.323ms returns 0x00
T4650 5637:764.543 JLINK_BeginDownload(Flags = 0x00000000)
T4650 5637:764.555 - 0.019ms
T4650 5637:764.584 JLINK_WriteMem(0x400E0A04, 0x4 Bytes, ...)
T4650 5637:764.593   Data:  0B 01 00 5A
T4650 5637:764.741   CPU_WriteMem(4 bytes @ 0x400E0A04)
T4650 5637:765.227 - 0.653ms returns 0x4
T4650 5637:765.266 JLINK_EndDownload()
T4650 5637:765.277 - 0.015ms returns 0 (0x0)
T4650 5637:765.288 JLINK_ReadMemHW(0x400E0A08, 0x0004 Bytes, ...)
T4650 5637:765.299   CPU_ReadMem(4 bytes @ 0x400E0A08)
T4650 5637:765.799   Data:  01 00 00 00
T4650 5637:765.817 - 0.534ms returns 0
T4650 5637:765.847 JLINK_BeginDownload(Flags = 0x00000000)
T4650 5637:765.857 - 0.013ms
T4650 5637:765.877 JLINK_WriteMem(0x400E0A04, 0x4 Bytes, ...)
T4650 5637:765.886   Data:  0C 02 00 5A
T4650 5637:765.903   CPU_WriteMem(4 bytes @ 0x400E0A04)
T4650 5637:766.375 - 0.508ms returns 0x4
T4650 5637:766.412 JLINK_EndDownload()
T4650 5637:766.428 - 0.020ms returns 0 (0x0)
T4650 5637:766.460 JLINK_ReadMemHW(0x400E0A08, 0x0004 Bytes, ...)
T4650 5637:766.471   CPU_ReadMem(4 bytes @ 0x400E0A08)
T4650 5637:767.174   Data:  01 00 00 00
T4650 5637:767.193 - 0.736ms returns 0
T4650 5637:767.225 JLINK_SetResetType(JLINKARM_CM3_RESET_TYPE_NORMAL)
T4650 5637:767.235 - 0.013ms returns JLINKARM_CM3_RESET_TYPE_NORMAL
T4650 5637:767.245 JLINK_Reset()
T4650 5637:767.258   CPU_ReadMem(16 bytes @ 0x20000000)
T4650 5637:767.964   CPU_WriteMem(16 bytes @ 0x20000000)
T4650 5637:768.580   CPU_ReadMem(4 bytes @ 0xE000EDFC)
T4650 5637:769.392   CPU_WriteMem(4 bytes @ 0xE000EDFC)
T4650 5637:770.057   CPU_ReadMem(4 bytes @ 0xE0001000)
T4650 5637:785.661   CPU_WriteMem(4 bytes @ 0xE000EDFC)
T4650 5637:786.367   CPU_WriteMem(16 bytes @ 0x20000000)
T4650 5637:790.832   CPU_WriteMem(4 bytes @ 0xE0002000)
T4650 5637:791.579   CPU_ReadMem(4 bytes @ 0xE000EDFC)
T4650 5637:792.383   CPU_ReadMem(4 bytes @ 0xE0001000)
T4650 5637:792.944 - 25.716ms
T4650 5637:794.353 JLINK_JTAG_GetDeviceID(DeviceIndex = 0)
T4650 5637:794.371 - 0.022ms returns 1268778103
T4650 5637:794.383 JLINK_ReadMemU32(0x400E0740, 0x1 Items)
T4650 5637:794.403   CPU_ReadMem(4 bytes @ 0x400E0740)
T4650 5637:794.937   Data:  E0 0E A7 29
T4650 5637:794.956 - 0.577ms returns 1 (0x1)
T4650 5637:794.985 JLINK_ReadMemU32(0x400E0744, 0x1 Items)
T4650 5637:795.000   CPU_ReadMem(4 bytes @ 0x400E0744)
T4650 5637:795.503   Data:  00 00 00 00
T4650 5637:795.522 - 0.540ms returns 1 (0x1)
T4650 5637:805.723 JLINK_BeginDownload(Flags = 0x00000000)
T4650 5637:805.747 - 0.027ms
T4650 5637:805.767 JLINK_WriteMem(0x00400000, 0x4000 Bytes, ...)
T4650 5637:805.800   Data:  C0 3A 00 20 A1 09 40 00 9D 09 40 00 9D 09 40 00 ...
T4650 5637:806.245   completely In flash
T4650 5637:806.282    -- Read from flash cache (16384 bytes @ 0x00400000)
T4650 5637:806.296 - 0.533ms returns 0x4000
T4650 5637:806.320 JLINK_WriteMem(0x00404000, 0x14C Bytes, ...)
T4650 5637:806.330   Data:  20 20 20 20 30 30 30 30 30 30 30 30 30 30 30 30 ...
T4650 5637:806.343   completely In flash
T4650 5637:806.355    -- Read from flash cache (332 bytes @ 0x00404000)
T4650 5637:806.367 - 0.050ms returns 0x14C
T4650 5637:806.588 JLINK_WriteMem(0x0040414C, 0x8 Bytes, ...)
T4650 5637:806.608   Data:  0C FB FF 7F 01 00 00 00
T4650 5637:806.630   completely In flash
T4650 5637:806.648 - 0.065ms returns 0x8
T0DCC 5637:806.718 JLINK_IsHalted()
T0DCC 5637:806.736 - 0.024ms returns TRUE
T0DCC 5637:806.752 JLINK_GetMOEs(...)
T0DCC 5637:806.765   CPU_ReadMem(4 bytes @ 0xE000ED30)
T0DCC 5637:807.339 - 0.596ms returns 0x01
T0DCC 5637:807.360 JLINK_ReadReg(R15 (PC))
T0DCC 5637:807.649   Old firmware which does not support pausing periodic actions during flash download
T0DCC 5637:807.670   CPU_ReadMem(4 bytes @ 0xE000ED90)
T0DCC 5637:808.188   CPU_ReadMem(4 bytes @ 0xE000ED94)
T0DCC 5637:808.883    -- --------------------------------------
T0DCC 5637:808.917   Flash bank @ 0x00400000: Default: L2 verify disabled because algorithm performs L1 verify
T0DCC 5637:808.929    -- Start of determining dirty areas in flash cache
T0DCC 5637:809.331    -- End of determining dirty areas
T0DCC 5637:809.350    -- Start of preparing flash programming
T0DCC 5637:809.369    -- Calculating RAM usage
T0DCC 5637:809.386    -- RAM usage = 4060 Bytes
T0DCC 5637:809.398    -- Preserving CPU registers
T0DCC 5637:809.424    -- Preparing memory
T0DCC 5637:809.436    -- Preparing target
T0DCC 5637:969.301    -- Preserving target RAM temporarily used for programming
T0DCC 5637:982.569    -- Downloading RAMCode
T0DCC 5637:995.150    -- Preparing RAMCode
T0DCC 5638:001.934    -- Checking target RAM
T0DCC 5638:003.447    -- End of preparing flash programming
T0DCC 5638:003.577   Looking for J-Link GUI Server exe at: S:\Program Files (x86)\Atmel\Studio\7.0\atbackend\JLinkGUIServer.exe
T0DCC 5638:003.624   Looking for J-Link GUI Server exe at: \JLinkGUIServer.exe
T0DCC 5638:305.881   Failed to connect to J-Link GUI Server.
T0DCC 5638:309.974    -- CPU is running at 90000 kHz.
T0DCC 5638:310.015    -- Start of comparing flash
T0DCC 5638:310.035    -- CRC check was estimated as fastest method
T0DCC 5638:310.058    -- Comparing range 0x400000 - 0x403FFF (32 Sectors, 16 KiB), using multi-block CRC calculation
T0DCC 5638:314.731    -- CRC does not match for sectors 0-31
T0DCC 5638:314.779    -- Comparing range 0x404000 - 0x404FFF (1 Sector, 4 KiB), using multi-block CRC calculation
T0DCC 5638:316.966    -- CRC does not match for sector 0
T0DCC 5638:316.996    -- End of comparing flash
T0DCC 5638:317.009    -- Start of erasing sectors
T0DCC 5638:317.023    -- End of erasing sectors
T0DCC 5638:317.035    -- Start of flash programming
T0DCC 5638:317.050    -- Programming range 0x00400000 - 0x00403FFF ( 32 Sectors, 16 KB)
T0DCC 5638:386.791    -- Programming range 0x00404000 - 0x00404FFF (  1 Sector, 4 KB)
T0DCC 5638:391.637    -- End of flash programming
T0DCC 5638:391.671    -- 0x400000 - 0x403FFF ( 32 Sectors, 16 KoB)
T0DCC 5638:391.684    -- 0x404000 - 0x404FFF (  1 Sector, 4 KoB)
T0DCC 5638:391.696    -- Start of restoring
T0DCC 5638:391.709    -- Restoring RAMCode
T0DCC 5638:402.213    -- Restoring target memory
T0DCC 5638:414.902    -- Restore target
T0DCC 5638:466.166    -- Restore memory
T0DCC 5638:466.222    -- Restoring CPU registers
T0DCC 5638:466.244    -- End of restoring
T0DCC 5638:466.294    -- Bank 0 @ 0x00400000: 2 ranges affected (20480 bytes)
T0DCC 5638:466.336    -- Total: 0.656s (Prepare: 0.500s, Compare: 0.006s, Erase: 0.000s, Program & Verify: 0.080s, Restore: 0.068s)
T0DCC 5638:466.357    -- Program & Verify speed: 250 KiB/s
T0DCC 5638:468.953 - 661.617ms returns 0xFFFFFFFE
T4650 5638:469.011 JLINK_WriteMem(0x00404154, 0x9C0 Bytes, ...)
T4650 5638:469.042   Data:  00 09 3D 00 80 25 00 00 C0 00 00 00 00 08 00 00 ...
T4650 5638:469.068   completely In flash
T4650 5638:469.101    -- Read from flash cache (2496 bytes @ 0x00404154)
T4650 5638:469.128 - 0.120ms returns 0x9C0
T0DCC 5638:669.248 JLINK_IsHalted()
T0DCC 5638:669.884 - 0.660ms returns TRUE
T4650 5638:670.887 JLINK_EndDownload()
T4650 5638:671.180   Old firmware which does not support pausing periodic actions during flash download
T4650 5638:671.205   CPU_ReadMem(4 bytes @ 0xE000ED90)
T4650 5638:671.976   CPU_ReadMem(4 bytes @ 0xE000ED94)
T4650 5638:672.713    -- --------------------------------------
T4650 5638:672.747   Flash bank @ 0x00400000: Default: L2 verify disabled because algorithm performs L1 verify
T4650 5638:672.760    -- Start of determining dirty areas in flash cache
T4650 5638:673.161    -- End of determining dirty areas
T4650 5638:673.176    -- Start of preparing flash programming
T4650 5638:673.188    -- Calculating RAM usage
T4650 5638:673.206    -- RAM usage = 3036 Bytes
T4650 5638:673.218    -- Preserving CPU registers
T4650 5638:673.244    -- Preparing memory
T4650 5638:673.257    -- Preparing target
T4650 5638:833.350    -- Preserving target RAM temporarily used for programming
T4650 5638:843.528    -- Downloading RAMCode
T4650 5638:855.657    -- Preparing RAMCode
T4650 5638:862.475    -- End of preparing flash programming
T4650 5638:868.814    -- CPU is running at 90000 kHz.
T4650 5638:868.848    -- Start of comparing flash
T4650 5638:868.878    -- CRC check was estimated as fastest method
T4650 5638:868.894    -- Comparing range 0x404000 - 0x404FFF (1 Sector, 4 KiB), using multi-block CRC calculation
T4650 5638:872.450    -- CRC does not match for sector 0
T4650 5638:872.474    -- End of comparing flash
T4650 5638:872.486    -- Start of erasing sectors
T4650 5638:872.500    -- Erasing range 0x00404000 - 0x00404FFF (  1 Sector, 4 KB)
T4650 5638:899.447    -- End of erasing sectors
T4650 5638:899.481    -- Start of flash programming
T4650 5638:899.495    -- Programming range 0x00404000 - 0x00404FFF (  1 Sector, 4 KB)
T4650 5638:914.102    -- End of flash programming
T4650 5638:914.137    -- 0x404000 - 0x404FFF (  1 Sector, 4 KoB)
T4650 5638:914.150    -- Start of restoring
T4650 5638:914.162    -- Restoring RAMCode
T4650 5638:922.365    -- Restoring target memory
T4650 5638:931.963    -- Restore target
T4650 5638:983.476    -- Restore memory
T4650 5638:983.534    -- Restoring CPU registers
T4650 5638:983.563    -- End of restoring
T4650 5638:983.617    -- Bank 0 @ 0x00400000: 1 range affected (4096 bytes)
T4650 5638:983.684    -- Total: 0.310s (Prepare: 0.195s, Compare: 0.003s, Erase: 0.026s, Program & Verify: 0.018s, Restore: 0.065s)
T4650 5638:983.739    -- Program & Verify speed: 222 KiB/s
T4650 5638:985.981 - 315.108ms returns 4096 (0x1000)
T4650 5638:986.038 JLINK_ResetPullsRESET(ON)
T4650 5638:986.048 - 0.014ms
T4650 5638:986.058 JLINK_ResetNoHalt()
T4650 5638:987.372   TotalIRLen = 4, IRPrint = 0x01
T4650 5638:987.988   JTAG chain detection found 1 devices:
T4650 5638:988.015    #0 Id: 0x4BA00477, IRLen: 04, CoreSight JTAG-DP
T4650 5638:992.076   Old FW that does not support reading DPIDR via DAP jobs
T4650 5638:995.478   DPv0 detected
T4650 5638:995.520   AP map detection skipped. Manually configured AP map found.
T4650 5638:995.541   AP[0]: AHB-AP (IDR: Not set)
T4650 5639:000.720   AP[0]: Core found
T4650 5639:000.762   AP[0]: AHB-AP ROM base: 0xE00FF000
T4650 5639:003.309   CPUID register: 0x410FC241. Implementer code: 0x41 (ARM)
T4650 5639:003.341   Found Cortex-M4 r0p1, Little endian.
T4650 5639:003.533   -- Max. mem block: 0x00001F48
T4650 5639:003.555   CPU_ReadMem(4 bytes @ 0xE000EDF0)
T4650 5639:004.067   CPU_ReadMem(4 bytes @ 0xE0002000)
T4650 5639:004.616   FPUnit: 6 code (BP) slots and 2 literal slots
T4650 5639:004.633   CPU_ReadMem(4 bytes @ 0xE000EDFC)
T4650 5639:005.095   CPU_ReadMem(4 bytes @ 0xE0001000)
T4650 5639:005.580   CPU_ReadMem(4 bytes @ 0xE000ED88)
T4650 5639:006.072   CPU_WriteMem(4 bytes @ 0xE000ED88)
T4650 5639:006.539   CPU_ReadMem(4 bytes @ 0xE000ED88)
T4650 5639:007.043   CPU_WriteMem(4 bytes @ 0xE000ED88)
T4650 5639:007.500   CoreSight components:
T4650 5639:007.524   ROMTbl[0] @ E00FF000
T4650 5639:007.553   CPU_ReadMem(64 bytes @ 0xE00FF000)
T4650 5639:008.724   CPU_ReadMem(32 bytes @ 0xE000EFE0)
T4650 5639:009.458   ROMTbl[0][0]: E000E000, CID: B105E00D, PID: 000BB000 SCS
T4650 5639:009.477   CPU_WriteMem(4 bytes @ 0xE0001000)
T4650 5639:009.930   CPU_ReadMem(32 bytes @ 0xE0001FE0)
T4650 5639:010.609   ROMTbl[0][1]: E0001000, CID: B105E00D, PID: 003BB002 DWT
T4650 5639:010.628   CPU_ReadMem(32 bytes @ 0xE0002FE0)
T4650 5639:011.315   ROMTbl[0][2]: E0002000, CID: B105E00D, PID: 002BB003 FPB
T4650 5639:011.334   CPU_ReadMem(32 bytes @ 0xE0000FE0)
T4650 5639:012.097   ROMTbl[0][3]: E0000000, CID: B105E00D, PID: 003BB001 ITM
T4650 5639:012.116   CPU_ReadMem(32 bytes @ 0xE0040FE0)
T4650 5639:012.826   ROMTbl[0][4]: E0040000, CID: B105900D, PID: 000BB9A1 TPIU
T4650 5639:012.851   JLINK_Reset()
T4650 5639:012.967     CPU_ReadMem(16 bytes @ 0x20000000)
T4650 5639:013.487     CPU_WriteMem(16 bytes @ 0x20000000)
T4650 5639:014.041     CPU_ReadMem(4 bytes @ 0xE000EDFC)
T4650 5639:014.566     CPU_WriteMem(4 bytes @ 0xE000EDFC)
T4650 5639:015.016     CPU_ReadMem(4 bytes @ 0xE0001000)
T4650 5639:031.659     CPU_WriteMem(4 bytes @ 0xE000EDFC)
T4650 5639:032.241     CPU_WriteMem(16 bytes @ 0x20000000)
T4650 5639:036.275     CPU_WriteMem(4 bytes @ 0xE0002000)
T4650 5639:036.962     CPU_ReadMem(4 bytes @ 0xE000EDFC)
T4650 5639:037.768     CPU_ReadMem(4 bytes @ 0xE0001000)
T4650 5639:038.548   - 25.722ms
T4650 5639:038.583   JLINK_Go()
T4650 5639:038.597     CPU_ReadMem(4 bytes @ 0xE0001000)
T4650 5639:039.375     CPU_WriteMem(4 bytes @ 0xE0001004)
T4650 5639:040.483   - 1.914ms
T4650 5639:040.503 - 54.449ms
T4650 5639:047.600 JLINK_Close()
T4650 5639:061.912 - 14.339ms
T4650 5639:061.946   
T4650 5639:061.957   Closed
