T4650 5845:589.847   SEGGER J-Link V7.52a Log File
T4650 5845:589.949   DLL Compiled: Jul 28 2021 11:08:12
T4650 5845:589.974   Logging started @ 2023-03-29 19:41
T4650 5845:589.996 - 8731.853ms
T4650 5845:598.247 JLINK_ExecCommand("Device = AT91SAM4SD32C", ...). 
T4650 5845:598.738   Device "ATSAM4SD32C" selected.
T4650 5845:599.075 - 0.801ms returns 0x00
T4650 5845:652.114 JLINK_TIF_Select(JLINKARM_TIF_JTAG)
T4650 5845:653.172 - 1.125ms returns 0x00
T4650 5845:653.265 JLINK_ConfigJTAG(IRPre = 0, DRPre = 0)
T4650 5845:653.344 - 0.097ms
T4650 5845:653.377 JLINK_SetSpeed(4000)
T4650 5845:653.498 - 0.142ms
T4650 5845:653.536 JLINK_ResetPullsRESET(OFF)
T4650 5845:653.560 - 0.035ms
T4650 5845:653.586 JLINK_Connect()
T4650 5845:657.033   TotalIRLen = 4, IRPrint = 0x01
T4650 5845:657.632   JTAG chain detection found 1 devices:
T4650 5845:657.675    #0 Id: 0x4BA00477, IRLen: 04, CoreSight JTAG-DP
T4650 5845:661.917   Old FW that does not support reading DPIDR via DAP jobs
T4650 5845:666.120   DPv0 detected
T4650 5845:666.160   Scanning AP map to find all available APs
T4650 5845:669.177   AP[1]: Stopped AP scan as end of AP map has been reached
T4650 5845:669.212   AP[0]: AHB-AP (IDR: 0x24770011)
T4650 5845:669.234   Iterating through AP map to find AHB-AP to use
T4650 5845:673.837   AP[0]: Core found
T4650 5845:673.881   AP[0]: AHB-AP ROM base: 0xE00FF000
T4650 5845:676.270   CPUID register: 0x410FC241. Implementer code: 0x41 (ARM)
T4650 5845:676.300   Found Cortex-M4 r0p1, Little endian.
T4650 5845:676.692   -- Max. mem block: 0x000023B8
T4650 5845:676.854   CPU_ReadMem(4 bytes @ 0xE000EDF0)
T4650 5845:680.430   CPU_WriteMem(4 bytes @ 0xE000EDF0)
T4650 5845:680.804   CPU_ReadMem(4 bytes @ 0xE0002000)
T4650 5845:681.284   FPUnit: 6 code (BP) slots and 2 literal slots
T4650 5845:681.303   CPU_ReadMem(4 bytes @ 0xE000EDFC)
T4650 5845:681.836   CPU_WriteMem(4 bytes @ 0xE000EDFC)
T4650 5845:682.254   CPU_ReadMem(4 bytes @ 0xE0001000)
T4650 5845:682.748   CPU_WriteMem(4 bytes @ 0xE0001000)
T4650 5845:683.152   CPU_ReadMem(4 bytes @ 0xE000ED88)
T4650 5845:683.636   CPU_WriteMem(4 bytes @ 0xE000ED88)
T4650 5845:684.124   CPU_ReadMem(4 bytes @ 0xE000ED88)
T4650 5845:684.569   CPU_WriteMem(4 bytes @ 0xE000ED88)
T4650 5845:684.981   CoreSight components:
T4650 5845:685.008   ROMTbl[0] @ E00FF000
T4650 5845:685.038   CPU_ReadMem(64 bytes @ 0xE00FF000)
T4650 5845:685.833   CPU_ReadMem(32 bytes @ 0xE000EFE0)
T4650 5845:686.530   ROMTbl[0][0]: E000E000, CID: B105E00D, PID: 000BB000 SCS
T4650 5845:686.549   CPU_ReadMem(32 bytes @ 0xE0001FE0)
T4650 5845:687.245   ROMTbl[0][1]: E0001000, CID: B105E00D, PID: 003BB002 DWT
T4650 5845:687.262   CPU_ReadMem(32 bytes @ 0xE0002FE0)
T4650 5845:687.982   ROMTbl[0][2]: E0002000, CID: B105E00D, PID: 002BB003 FPB
T4650 5845:687.999   CPU_ReadMem(32 bytes @ 0xE0000FE0)
T4650 5845:688.643   ROMTbl[0][3]: E0000000, CID: B105E00D, PID: 003BB001 ITM
T4650 5845:688.660   CPU_ReadMem(32 bytes @ 0xE0040FE0)
T4650 5845:689.371   ROMTbl[0][4]: E0040000, CID: B105900D, PID: 000BB9A1 TPIU
T4650 5845:689.391 - 35.809ms returns 0x00
T4650 5845:689.440 JLINK_Halt()
T4650 5845:692.632 - 3.200ms returns 0x00
T4650 5845:692.761 JLINK_BeginDownload(Flags = 0x00000000)
T4650 5845:692.772 - 0.014ms
T4650 5845:692.793 JLINK_WriteMem(0x400E0A04, 0x4 Bytes, ...)
T4650 5845:692.802   Data:  0B 01 00 5A
T4650 5845:693.141   CPU_WriteMem(4 bytes @ 0x400E0A04)
T4650 5845:693.535 - 0.750ms returns 0x4
T4650 5845:693.569 JLINK_EndDownload()
T4650 5845:693.580 - 0.015ms returns 0 (0x0)
T4650 5845:693.590 JLINK_ReadMemHW(0x400E0A08, 0x0004 Bytes, ...)
T4650 5845:693.601   CPU_ReadMem(4 bytes @ 0x400E0A08)
T4650 5845:694.078   Data:  01 00 00 00
T4650 5845:694.094 - 0.508ms returns 0
T4650 5845:694.121 JLINK_BeginDownload(Flags = 0x00000000)
T4650 5845:694.130 - 0.013ms
T4650 5845:694.150 JLINK_WriteMem(0x400E0A04, 0x4 Bytes, ...)
T4650 5845:694.159   Data:  0C 02 00 5A
T4650 5845:694.175   CPU_WriteMem(4 bytes @ 0x400E0A04)
T4650 5845:694.638 - 0.496ms returns 0x4
T4650 5845:694.669 JLINK_EndDownload()
T4650 5845:694.730 - 0.065ms returns 0 (0x0)
T4650 5845:694.741 JLINK_ReadMemHW(0x400E0A08, 0x0004 Bytes, ...)
T4650 5845:694.752   CPU_ReadMem(4 bytes @ 0x400E0A08)
T4650 5845:695.258   Data:  01 00 00 00
T4650 5845:695.275 - 0.537ms returns 0
T4650 5845:695.304 JLINK_SetResetType(JLINKARM_CM3_RESET_TYPE_NORMAL)
T4650 5845:695.314 - 0.013ms returns JLINKARM_CM3_RESET_TYPE_NORMAL
T4650 5845:695.324 JLINK_Reset()
T4650 5845:695.722   CPU_ReadMem(16 bytes @ 0x20000000)
T4650 5845:696.290   CPU_WriteMem(16 bytes @ 0x20000000)
T4650 5845:696.853   CPU_ReadMem(4 bytes @ 0xE000EDFC)
T4650 5845:697.369   CPU_WriteMem(4 bytes @ 0xE000EDFC)
T4650 5845:697.854   CPU_ReadMem(4 bytes @ 0xE0001000)
T4650 5845:712.908   CPU_WriteMem(4 bytes @ 0xE000EDFC)
T4650 5845:713.394   CPU_WriteMem(16 bytes @ 0x20000000)
T4650 5845:717.135   CPU_WriteMem(4 bytes @ 0xE0002000)
T4650 5845:717.594   CPU_ReadMem(4 bytes @ 0xE000EDFC)
T4650 5845:718.111   CPU_ReadMem(4 bytes @ 0xE0001000)
T4650 5845:718.768 - 23.454ms
T4650 5845:719.827 JLINK_JTAG_GetDeviceID(DeviceIndex = 0)
T4650 5845:719.848 - 0.028ms returns 1268778103
T4650 5845:719.864 JLINK_ReadMemU32(0x400E0740, 0x1 Items)
T4650 5845:719.881   CPU_ReadMem(4 bytes @ 0x400E0740)
T4650 5845:720.352   Data:  E0 0E A7 29
T4650 5845:720.370 - 0.510ms returns 1 (0x1)
T4650 5845:720.400 JLINK_ReadMemU32(0x400E0744, 0x1 Items)
T4650 5845:720.430   CPU_ReadMem(4 bytes @ 0x400E0744)
T4650 5845:720.868   Data:  00 00 00 00
T4650 5845:720.887 - 0.490ms returns 1 (0x1)
T4650 5845:720.959 JLINK_BeginDownload(Flags = 0x00000000)
T4650 5845:720.970 - 0.015ms
T4650 5845:720.990 JLINK_WriteMem(0x400E0A04, 0x4 Bytes, ...)
T4650 5845:720.999   Data:  05 00 00 5A
T4650 5845:721.017   CPU_WriteMem(4 bytes @ 0x400E0A04)
T4650 5845:721.460 - 0.480ms returns 0x4
T4650 5845:721.522 JLINK_WriteMem(0x400E0C04, 0x4 Bytes, ...)
T4650 5845:721.533   Data:  05 00 00 5A
T4650 5845:721.551   CPU_WriteMem(4 bytes @ 0x400E0C04)
T4650 5845:722.002 - 0.490ms returns 0x4
T4650 5845:722.041 JLINK_EndDownload()
T4650 5845:722.068 - 0.031ms returns 0 (0x0)
T4650 5845:722.079 JLINK_ReadMemHW(0x400E0A08, 0x0004 Bytes, ...)
T4650 5845:722.090   CPU_ReadMem(4 bytes @ 0x400E0A08)
T4650 5845:722.569   Data:  00 00 00 00
T4650 5845:722.601 - 0.526ms returns 0
T4650 5845:726.026 JLINK_ReadMemHW(0x400E0A08, 0x0004 Bytes, ...)
T4650 5845:726.046   CPU_ReadMem(4 bytes @ 0x400E0A08)
T4650 5845:726.640   Data:  00 00 00 00
T4650 5845:726.658 - 0.636ms returns 0
T1094 5845:729.327 JLINK_IsHalted()
T1094 5845:729.343 - 0.028ms returns TRUE
T1094 5845:729.355 JLINK_GetMOEs(...)
T1094 5845:729.365   CPU_ReadMem(4 bytes @ 0xE000ED30)
T1094 5845:729.905 - 0.560ms returns 0x01
T1094 5845:729.924 JLINK_ReadReg(R15 (PC))
T1094 5845:729.935 - 0.015ms returns 0x004009A0
T4650 5845:730.309 JLINK_ReadMemHW(0x400E0A08, 0x0004 Bytes, ...)
T4650 5845:730.346   CPU_ReadMem(4 bytes @ 0x400E0A08)
T4650 5845:730.867   Data:  00 00 00 00
T4650 5845:730.886 - 0.581ms returns 0
T4650 5845:746.329 JLINK_ReadMemHW(0x400E0A08, 0x0004 Bytes, ...)
T4650 5845:746.355   CPU_ReadMem(4 bytes @ 0x400E0A08)
T4650 5845:746.919   Data:  00 00 00 00
T4650 5845:746.938 - 0.613ms returns 0
T4650 5845:814.062 JLINK_ReadMemHW(0x400E0A08, 0x0004 Bytes, ...)
T4650 5845:814.116   CPU_ReadMem(4 bytes @ 0x400E0A08)
T4650 5845:814.921   Data:  00 00 00 00
T4650 5845:814.955 - 0.897ms returns 0
T1094 5845:929.634 JLINK_IsHalted()
T1094 5845:929.687 - 0.058ms returns TRUE
T4650 5846:072.416 JLINK_ReadMemHW(0x400E0A08, 0x0004 Bytes, ...)
T4650 5846:072.473   CPU_ReadMem(4 bytes @ 0x400E0A08)
T4650 5846:073.235   Data:  00 00 00 00
T4650 5846:073.269 - 0.857ms returns 0
T1094 5846:131.464 JLINK_IsHalted()
T1094 5846:131.498 - 0.039ms returns TRUE
T1094 5846:334.035 JLINK_IsHalted()
T1094 5846:334.491 - 0.467ms returns TRUE
T1094 5846:535.764 JLINK_IsHalted()
T1094 5846:535.798 - 0.051ms returns TRUE
T1094 5846:736.240 JLINK_IsHalted()
T1094 5846:736.273 - 0.037ms returns TRUE
T1094 5846:936.497 JLINK_IsHalted()
T1094 5846:936.969 - 0.482ms returns TRUE
T4650 5847:075.051 JLINK_ReadMemHW(0x400E0A08, 0x0004 Bytes, ...)
T4650 5847:075.108   CPU_ReadMem(4 bytes @ 0x400E0A08)
T4650 5847:075.915   Data:  00 00 00 00
T4650 5847:075.948 - 0.901ms returns 0
T4650 5847:076.065 JLINK_ReadMemHW(0x400E0C08, 0x0004 Bytes, ...)
T4650 5847:076.126   CPU_ReadMem(4 bytes @ 0x400E0C08)
T4650 5847:076.786   Data:  00 00 00 00
T4650 5847:076.816 - 0.756ms returns 0
T4650 5847:078.300 JLINK_ReadMemHW(0x400E0C08, 0x0004 Bytes, ...)
T4650 5847:078.365   CPU_ReadMem(4 bytes @ 0x400E0C08)
T4650 5847:079.128   Data:  00 00 00 00
T4650 5847:079.162 - 0.866ms returns 0
T4650 5847:085.080 JLINK_ReadMemHW(0x400E0C08, 0x0004 Bytes, ...)
T4650 5847:085.134   CPU_ReadMem(4 bytes @ 0x400E0C08)
T4650 5847:085.935   Data:  00 00 00 00
T4650 5847:085.969 - 0.893ms returns 0
T4650 5847:103.645 JLINK_ReadMemHW(0x400E0C08, 0x0004 Bytes, ...)
T4650 5847:103.699   CPU_ReadMem(4 bytes @ 0x400E0C08)
T4650 5847:104.503   Data:  00 00 00 00
T4650 5847:104.536 - 0.895ms returns 0
T1094 5847:137.492 JLINK_IsHalted()
T1094 5847:137.538 - 0.050ms returns TRUE
T4650 5847:168.975 JLINK_ReadMemHW(0x400E0C08, 0x0004 Bytes, ...)
T4650 5847:169.035   CPU_ReadMem(4 bytes @ 0x400E0C08)
T4650 5847:169.808   Data:  00 00 00 00
T4650 5847:169.848 - 0.877ms returns 0
T1094 5847:339.390 JLINK_IsHalted()
T1094 5847:339.435 - 0.049ms returns TRUE
T4650 5847:426.211 JLINK_ReadMemHW(0x400E0C08, 0x0004 Bytes, ...)
T4650 5847:426.264   CPU_ReadMem(4 bytes @ 0x400E0C08)
T4650 5847:427.043   Data:  00 00 00 00
T4650 5847:427.077 - 0.869ms returns 0
T1094 5847:539.982 JLINK_IsHalted()
T1094 5847:540.420 - 0.450ms returns TRUE
T1094 5847:741.241 JLINK_IsHalted()
T1094 5847:741.285 - 0.048ms returns TRUE
T1094 5847:944.364 JLINK_IsHalted()
T1094 5847:944.413 - 0.066ms returns TRUE
T1094 5848:146.205 JLINK_IsHalted()
T1094 5848:146.876 - 0.695ms returns TRUE
T1094 5848:347.419 JLINK_IsHalted()
T1094 5848:347.456 - 0.042ms returns TRUE
T4650 5848:430.025 JLINK_ReadMemHW(0x400E0C08, 0x0004 Bytes, ...)
T4650 5848:430.075   CPU_ReadMem(4 bytes @ 0x400E0C08)
T4650 5848:430.582   Data:  00 00 00 00
T4650 5848:430.614 - 0.594ms returns 0
T4650 5848:430.714 JLINK_ReadMemHW(0x400E0A08, 0x0004 Bytes, ...)
T4650 5848:430.730   CPU_ReadMem(4 bytes @ 0x400E0A08)
T4650 5848:431.154   Data:  00 00 00 00
T4650 5848:431.173 - 0.463ms returns 0
T4650 5848:436.028 JLINK_ReadMemHW(0x400E0A08, 0x0004 Bytes, ...)
T4650 5848:436.067   CPU_ReadMem(4 bytes @ 0x400E0A08)
T4650 5848:436.546   Data:  00 00 00 00
T4650 5848:436.564 - 0.540ms returns 0
T4650 5848:441.043 JLINK_ReadMemHW(0x400E0A08, 0x0004 Bytes, ...)
T4650 5848:441.078   CPU_ReadMem(4 bytes @ 0x400E0A08)
T4650 5848:441.878   Data:  00 00 00 00
T4650 5848:441.911 - 0.871ms returns 0
T4650 5848:458.412 JLINK_ReadMemHW(0x400E0A08, 0x0004 Bytes, ...)
T4650 5848:458.466   CPU_ReadMem(4 bytes @ 0x400E0A08)
T4650 5848:459.273   Data:  00 00 00 00
T4650 5848:459.307 - 0.899ms returns 0
T4650 5848:523.169 JLINK_ReadMemHW(0x400E0A08, 0x0004 Bytes, ...)
T4650 5848:523.223   CPU_ReadMem(4 bytes @ 0x400E0A08)
T4650 5848:524.044   Data:  00 00 00 00
T4650 5848:524.076 - 0.911ms returns 0
T1094 5848:549.434 JLINK_IsHalted()
T1094 5848:549.480 - 0.051ms returns TRUE
T1094 5848:749.478 JLINK_IsHalted()
T1094 5848:750.134 - 0.680ms returns TRUE
T4650 5848:781.808 JLINK_ReadMemHW(0x400E0A08, 0x0004 Bytes, ...)
T4650 5848:781.865   CPU_ReadMem(4 bytes @ 0x400E0A08)
T4650 5848:782.695   Data:  00 00 00 00
T4650 5848:782.728 - 0.923ms returns 0
T1094 5848:951.771 JLINK_IsHalted()
T1094 5848:951.851 - 0.109ms returns TRUE
T1094 5849:153.013 JLINK_IsHalted()
T1094 5849:153.052 - 0.043ms returns TRUE
T1094 5849:355.717 JLINK_IsHalted()
T1094 5849:356.265 - 0.559ms returns TRUE
T1094 5849:556.213 JLINK_IsHalted()
T1094 5849:556.260 - 0.051ms returns TRUE
T1094 5849:758.508 JLINK_IsHalted()
T1094 5849:758.561 - 0.061ms returns TRUE
T4650 5849:785.421 JLINK_ReadMemHW(0x400E0A08, 0x0004 Bytes, ...)
T4650 5849:785.480   CPU_ReadMem(4 bytes @ 0x400E0A08)
T4650 5849:786.323   Data:  00 00 00 00
T4650 5849:786.359 - 0.941ms returns 0
T4650 5849:786.457 JLINK_ReadMemHW(0x400E0C08, 0x0004 Bytes, ...)
T4650 5849:786.489   CPU_ReadMem(4 bytes @ 0x400E0C08)
T4650 5849:787.081   Data:  00 00 00 00
T4650 5849:787.104 - 0.651ms returns 0
T4650 5849:789.270 JLINK_ReadMemHW(0x400E0C08, 0x0004 Bytes, ...)
T4650 5849:789.348   CPU_ReadMem(4 bytes @ 0x400E0C08)
T4650 5849:790.200   Data:  00 00 00 00
T4650 5849:790.233 - 0.967ms returns 0
T4650 5849:795.684 JLINK_ReadMemHW(0x400E0C08, 0x0004 Bytes, ...)
T4650 5849:795.738   CPU_ReadMem(4 bytes @ 0x400E0C08)
T4650 5849:796.551   Data:  00 00 00 00
T4650 5849:796.585 - 0.905ms returns 0
T4650 5849:811.735 JLINK_ReadMemHW(0x400E0C08, 0x0004 Bytes, ...)
T4650 5849:811.790   CPU_ReadMem(4 bytes @ 0x400E0C08)
T4650 5849:812.609   Data:  00 00 00 00
T4650 5849:812.642 - 0.911ms returns 0
T4650 5849:877.937 JLINK_ReadMemHW(0x400E0C08, 0x0004 Bytes, ...)
T4650 5849:877.991   CPU_ReadMem(4 bytes @ 0x400E0C08)
T4650 5849:878.792   Data:  00 00 00 00
T4650 5849:878.826 - 0.892ms returns 0
T1094 5849:959.438 JLINK_IsHalted()
T1094 5849:960.117 - 0.705ms returns TRUE
T4650 5850:134.363 JLINK_ReadMemHW(0x400E0C08, 0x0004 Bytes, ...)
T4650 5850:134.391   CPU_ReadMem(4 bytes @ 0x400E0C08)
T4650 5850:135.000   Data:  01 00 00 00
T4650 5850:135.018 - 0.659ms returns 0
T4650 5850:135.036 JLINK_ReadMemHW(0x400E0A08, 0x0004 Bytes, ...)
T4650 5850:135.049   CPU_ReadMem(4 bytes @ 0x400E0A08)
T4650 5850:135.559   Data:  00 00 00 00
T4650 5850:135.578 - 0.546ms returns 0
T4650 5850:136.941 JLINK_ReadMemHW(0x400E0A08, 0x0004 Bytes, ...)
T4650 5850:136.984   CPU_ReadMem(4 bytes @ 0x400E0A08)
T4650 5850:137.527   Data:  00 00 00 00
T4650 5850:137.545 - 0.608ms returns 0
T4650 5850:142.526 JLINK_ReadMemHW(0x400E0A08, 0x0004 Bytes, ...)
T4650 5850:142.546   CPU_ReadMem(4 bytes @ 0x400E0A08)
T4650 5850:143.173   Data:  00 00 00 00
T4650 5850:143.192 - 0.669ms returns 0
T1094 5850:159.464 JLINK_IsHalted()
T1094 5850:159.506 - 0.046ms returns TRUE
T4650 5850:159.575 JLINK_ReadMemHW(0x400E0A08, 0x0004 Bytes, ...)
T4650 5850:159.602   CPU_ReadMem(4 bytes @ 0x400E0A08)
T4650 5850:160.403   Data:  01 00 00 00
T4650 5850:160.438 - 0.867ms returns 0
T1094 5850:362.562 JLINK_IsHalted()
T1094 5850:362.607 - 0.049ms returns TRUE
T4650 5850:363.301 JLINK_ResetPullsRESET(ON)
T4650 5850:363.335 - 0.038ms
T4650 5850:363.347 JLINK_ResetNoHalt()
T4650 5850:364.850   TotalIRLen = 4, IRPrint = 0x01
T4650 5850:365.521   JTAG chain detection found 1 devices:
T4650 5850:365.565    #0 Id: 0x4BA00477, IRLen: 04, CoreSight JTAG-DP
T4650 5850:370.163   Old FW that does not support reading DPIDR via DAP jobs
T4650 5850:373.513   DPv0 detected
T4650 5850:373.541   AP map detection skipped. Manually configured AP map found.
T4650 5850:373.582   AP[0]: AHB-AP (IDR: Not set)
T4650 5850:378.275   AP[0]: Core found
T4650 5850:378.303   AP[0]: AHB-AP ROM base: 0xE00FF000
T4650 5850:380.823   CPUID register: 0x410FC241. Implementer code: 0x41 (ARM)
T4650 5850:380.850   Found Cortex-M4 r0p1, Little endian.
T4650 5850:381.061   -- Max. mem block: 0x00001F48
T4650 5850:381.082   CPU_ReadMem(4 bytes @ 0xE000EDF0)
T4650 5850:381.559   CPU_ReadMem(4 bytes @ 0xE0002000)
T4650 5850:382.013   FPUnit: 6 code (BP) slots and 2 literal slots
T4650 5850:382.030   CPU_ReadMem(4 bytes @ 0xE000EDFC)
T4650 5850:382.521   CPU_ReadMem(4 bytes @ 0xE0001000)
T4650 5850:383.091   CPU_ReadMem(4 bytes @ 0xE000ED88)
T4650 5850:383.587   CPU_WriteMem(4 bytes @ 0xE000ED88)
T4650 5850:384.100   CPU_ReadMem(4 bytes @ 0xE000ED88)
T4650 5850:384.542   CPU_WriteMem(4 bytes @ 0xE000ED88)
T4650 5850:385.007   CoreSight components:
T4650 5850:385.049   ROMTbl[0] @ E00FF000
T4650 5850:385.064   CPU_ReadMem(64 bytes @ 0xE00FF000)
T4650 5850:386.343   CPU_ReadMem(32 bytes @ 0xE000EFE0)
T4650 5850:387.014   ROMTbl[0][0]: E000E000, CID: B105E00D, PID: 000BB000 SCS
T4650 5850:387.032   CPU_WriteMem(4 bytes @ 0xE0001000)
T4650 5850:387.546   CPU_ReadMem(32 bytes @ 0xE0001FE0)
T4650 5850:388.285   ROMTbl[0][1]: E0001000, CID: B105E00D, PID: 003BB002 DWT
T4650 5850:388.304   CPU_ReadMem(32 bytes @ 0xE0002FE0)
T4650 5850:388.986   ROMTbl[0][2]: E0002000, CID: B105E00D, PID: 002BB003 FPB
T4650 5850:389.005   CPU_ReadMem(32 bytes @ 0xE0000FE0)
T4650 5850:389.733   ROMTbl[0][3]: E0000000, CID: B105E00D, PID: 003BB001 ITM
T4650 5850:389.766   CPU_ReadMem(32 bytes @ 0xE0040FE0)
T4650 5850:390.447   ROMTbl[0][4]: E0040000, CID: B105900D, PID: 000BB9A1 TPIU
T4650 5850:390.471   JLINK_Reset()
T4650 5850:390.606     CPU_ReadMem(16 bytes @ 0x20000000)
T4650 5850:391.225     CPU_WriteMem(16 bytes @ 0x20000000)
T4650 5850:391.775     CPU_ReadMem(4 bytes @ 0xE000EDFC)
T4650 5850:392.264     CPU_WriteMem(4 bytes @ 0xE000EDFC)
T4650 5850:392.681     CPU_ReadMem(4 bytes @ 0xE0001000)
T4650 5850:393.268     CPU_WriteMem(4 bytes @ 0xE0001004)
T4650 5850:408.600     CPU_WriteMem(4 bytes @ 0xE000EDFC)
T4650 5850:409.357     CPU_WriteMem(16 bytes @ 0x20000000)
T4650 5850:413.552     CPU_WriteMem(4 bytes @ 0xE0002000)
T4650 5850:414.245     CPU_ReadMem(4 bytes @ 0xE000EDFC)
T4650 5850:415.037     CPU_ReadMem(4 bytes @ 0xE0001000)
T4650 5850:415.825   - 25.379ms
T4650 5850:415.860   JLINK_Go()
T4650 5850:415.873     CPU_ReadMem(4 bytes @ 0xE0001000)
T4650 5850:416.698     CPU_WriteMem(4 bytes @ 0xE0001004)
T4650 5850:418.114   - 2.279ms
T4650 5850:418.144 - 54.801ms
T4650 5850:418.421 JLINK_TIF_Select(JLINKARM_TIF_JTAG)
T4650 5850:418.437 - 0.019ms returns 0x00
T4650 5850:418.448 JLINK_ConfigJTAG(IRPre = 0, DRPre = 0)
T4650 5850:418.457 - 0.013ms
T4650 5850:418.467 JLINK_SetSpeed(4000)
T4650 5850:418.621 - 0.167ms
T4650 5850:418.643 JLINK_ResetPullsRESET(OFF)
T4650 5850:418.651 - 0.012ms
T4650 5850:418.661 JLINK_Connect()
T4650 5850:420.216   TotalIRLen = 4, IRPrint = 0x01
T4650 5850:420.983   JTAG chain detection found 1 devices:
T4650 5850:421.032    #0 Id: 0x4BA00477, IRLen: 04, CoreSight JTAG-DP
T4650 5850:425.149   Old FW that does not support reading DPIDR via DAP jobs
T4650 5850:428.917   DPv0 detected
T4650 5850:428.944   AP map detection skipped. Manually configured AP map found.
T4650 5850:428.965   AP[0]: AHB-AP (IDR: Not set)
T4650 5850:433.595   AP[0]: Core found
T4650 5850:433.642   AP[0]: AHB-AP ROM base: 0xE00FF000
T4650 5850:435.974   CPUID register: 0x410FC241. Implementer code: 0x41 (ARM)
T4650 5850:436.014   Found Cortex-M4 r0p1, Little endian.
T4650 5850:436.227   -- Max. mem block: 0x00001F48
T4650 5850:436.250   CPU_ReadMem(4 bytes @ 0xE000EDF0)
T4650 5850:436.755   CPU_ReadMem(4 bytes @ 0xE0002000)
T4650 5850:437.369   FPUnit: 6 code (BP) slots and 2 literal slots
T4650 5850:437.388   CPU_ReadMem(4 bytes @ 0xE000EDFC)
T4650 5850:437.863   CPU_ReadMem(4 bytes @ 0xE0001000)
T4650 5850:438.432   CPU_WriteMem(4 bytes @ 0xE0001000)
T4650 5850:438.871   CPU_ReadMem(4 bytes @ 0xE000ED88)
T4650 5850:439.394   CPU_WriteMem(4 bytes @ 0xE000ED88)
T4650 5850:439.849   CPU_ReadMem(4 bytes @ 0xE000ED88)
T4650 5850:440.310   CPU_WriteMem(4 bytes @ 0xE000ED88)
T4650 5850:440.767   CoreSight components:
T4650 5850:440.792   ROMTbl[0] @ E00FF000
T4650 5850:440.821   CPU_ReadMem(64 bytes @ 0xE00FF000)
T4650 5850:442.021   CPU_ReadMem(32 bytes @ 0xE000EFE0)
T4650 5850:442.758   ROMTbl[0][0]: E000E000, CID: B105E00D, PID: 000BB000 SCS
T4650 5850:442.777   CPU_ReadMem(32 bytes @ 0xE0001FE0)
T4650 5850:443.442   ROMTbl[0][1]: E0001000, CID: B105E00D, PID: 003BB002 DWT
T4650 5850:443.461   CPU_ReadMem(32 bytes @ 0xE0002FE0)
T4650 5850:444.139   ROMTbl[0][2]: E0002000, CID: B105E00D, PID: 002BB003 FPB
T4650 5850:444.158   CPU_ReadMem(32 bytes @ 0xE0000FE0)
T4650 5850:444.871   ROMTbl[0][3]: E0000000, CID: B105E00D, PID: 003BB001 ITM
T4650 5850:444.890   CPU_ReadMem(32 bytes @ 0xE0040FE0)
T4650 5850:445.537   ROMTbl[0][4]: E0040000, CID: B105900D, PID: 000BB9A1 TPIU
T4650 5850:445.558 - 26.901ms returns 0x00
T4650 5850:445.629 JLINK_Halt()
T4650 5850:448.939 - 3.320ms returns 0x00
T4650 5850:449.059 JLINK_BeginDownload(Flags = 0x00000000)
T4650 5850:449.073 - 0.017ms
T4650 5850:449.095 JLINK_WriteMem(0x400E0A04, 0x4 Bytes, ...)
T4650 5850:449.104   Data:  0B 01 00 5A
T4650 5850:449.243   CPU_WriteMem(4 bytes @ 0x400E0A04)
T4650 5850:449.823 - 0.753ms returns 0x4
T4650 5850:449.904 JLINK_EndDownload()
T4650 5850:449.919 - 0.019ms returns 0 (0x0)
T4650 5850:449.930 JLINK_ReadMemHW(0x400E0A08, 0x0004 Bytes, ...)
T4650 5850:449.945   CPU_ReadMem(4 bytes @ 0x400E0A08)
T4650 5850:450.697   Data:  01 00 00 00
T4650 5850:450.730 - 0.804ms returns 0
T4650 5850:450.786 JLINK_BeginDownload(Flags = 0x00000000)
T4650 5850:450.796 - 0.014ms
T4650 5850:450.823 JLINK_WriteMem(0x400E0A04, 0x4 Bytes, ...)
T4650 5850:450.834   Data:  0C 02 00 5A
T4650 5850:450.857   CPU_WriteMem(4 bytes @ 0x400E0A04)
T4650 5850:451.328 - 0.519ms returns 0x4
T4650 5850:451.382 JLINK_EndDownload()
T4650 5850:451.395 - 0.017ms returns 0 (0x0)
T4650 5850:451.406 JLINK_ReadMemHW(0x400E0A08, 0x0004 Bytes, ...)
T4650 5850:451.419   CPU_ReadMem(4 bytes @ 0x400E0A08)
T4650 5850:452.117   Data:  01 00 00 00
T4650 5850:452.150 - 0.748ms returns 0
T4650 5850:452.215 JLINK_SetResetType(JLINKARM_CM3_RESET_TYPE_NORMAL)
T4650 5850:452.226 - 0.014ms returns JLINKARM_CM3_RESET_TYPE_NORMAL
T4650 5850:452.236 JLINK_Reset()
T4650 5850:452.254   CPU_ReadMem(16 bytes @ 0x20000000)
T4650 5850:453.177   CPU_WriteMem(16 bytes @ 0x20000000)
T4650 5850:453.990   CPU_ReadMem(4 bytes @ 0xE000EDFC)
T4650 5850:454.787   CPU_WriteMem(4 bytes @ 0xE000EDFC)
T4650 5850:455.257   CPU_ReadMem(4 bytes @ 0xE0001000)
T4650 5850:470.824   CPU_WriteMem(4 bytes @ 0xE000EDFC)
T4650 5850:471.300   CPU_WriteMem(16 bytes @ 0x20000000)
T4650 5850:474.995   CPU_WriteMem(4 bytes @ 0xE0002000)
T4650 5850:475.482   CPU_ReadMem(4 bytes @ 0xE000EDFC)
T4650 5850:476.013   CPU_ReadMem(4 bytes @ 0xE0001000)
T4650 5850:476.541 - 24.315ms
T4650 5850:477.749 JLINK_JTAG_GetDeviceID(DeviceIndex = 0)
T4650 5850:477.771 - 0.027ms returns 1268778103
T4650 5850:477.784 JLINK_ReadMemU32(0x400E0740, 0x1 Items)
T4650 5850:477.807   CPU_ReadMem(4 bytes @ 0x400E0740)
T4650 5850:478.295   Data:  E0 0E A7 29
T4650 5850:478.314 - 0.534ms returns 1 (0x1)
T4650 5850:478.367 JLINK_ReadMemU32(0x400E0744, 0x1 Items)
T4650 5850:478.382   CPU_ReadMem(4 bytes @ 0x400E0744)
T4650 5850:478.870   Data:  00 00 00 00
T4650 5850:478.902 - 0.538ms returns 1 (0x1)
T3AE0 5850:487.202 JLINK_IsHalted()
T3AE0 5850:487.246 - 0.050ms returns TRUE
T3AE0 5850:487.259 JLINK_GetMOEs(...)
T3AE0 5850:487.273   CPU_ReadMem(4 bytes @ 0xE000ED30)
T3AE0 5850:487.905 - 0.669ms returns 0x01
T3AE0 5850:487.939 JLINK_ReadReg(R15 (PC))
T3AE0 5850:487.952 - 0.032ms returns 0xFFFFFFFE
T4650 5850:491.750 JLINK_BeginDownload(Flags = 0x00000000)
T4650 5850:491.779 - 0.033ms
T4650 5850:491.812 JLINK_WriteMem(0x00400000, 0x4000 Bytes, ...)
T4650 5850:491.848   Data:  88 3E 00 20 41 12 40 00 3D 12 40 00 3D 12 40 00 ...
T4650 5850:492.551   completely In flash
T4650 5850:492.589    -- Read from flash cache (16384 bytes @ 0x00400000)
T4650 5850:492.605 - 0.797ms returns 0x4000
T4650 5850:492.634 JLINK_WriteMem(0x00404000, 0x2B94 Bytes, ...)
T4650 5850:492.659   Data:  40 D0 D0 68 E8 60 43 F0 01 02 85 60 62 60 E3 50 ...
T4650 5850:492.674   completely In flash
T4650 5850:492.711    -- Read from flash cache (11156 bytes @ 0x00404000)
T4650 5850:492.744 - 0.119ms returns 0x2B94
T4650 5850:493.032 JLINK_WriteMem(0x00406B94, 0x8 Bytes, ...)
T4650 5850:493.054   Data:  C0 F2 FF 7F 01 00 00 00
T4650 5850:493.080   completely In flash
T4650 5850:493.103 - 0.078ms returns 0x8
T4650 5850:493.335 JLINK_WriteMem(0x00406B9C, 0x9B8 Bytes, ...)
T4650 5850:493.357   Data:  F0 00 00 00 40 01 00 00 00 09 3D 00 10 00 00 20 ...
T4650 5850:493.434   completely In flash
T4650 5850:493.465    -- Read from flash cache (2488 bytes @ 0x00406B9C)
T4650 5850:493.489 - 0.162ms returns 0x9B8
T3AE0 5850:687.307 JLINK_IsHalted()
T3AE0 5850:687.352 - 0.049ms returns TRUE
T4650 5850:688.278 JLINK_EndDownload()
T4650 5850:688.626   Old firmware which does not support pausing periodic actions during flash download
T4650 5850:688.651   CPU_ReadMem(4 bytes @ 0xE000ED90)
T4650 5850:689.397   CPU_ReadMem(4 bytes @ 0xE000ED94)
T4650 5850:690.247    -- --------------------------------------
T4650 5850:690.282   Flash bank @ 0x00400000: Default: L2 verify disabled because algorithm performs L1 verify
T4650 5850:690.293    -- Start of determining dirty areas in flash cache
T4650 5850:690.678    -- End of determining dirty areas
T4650 5850:690.691    -- Start of preparing flash programming
T4650 5850:690.703    -- Calculating RAM usage
T4650 5850:690.719    -- RAM usage = 4060 Bytes
T4650 5850:690.731    -- Preserving CPU registers
T4650 5850:690.757    -- Preparing memory
T4650 5850:690.769    -- Preparing target
T4650 5850:852.007    -- Preserving target RAM temporarily used for programming
T4650 5850:865.294    -- Downloading RAMCode
T4650 5850:877.859    -- Preparing RAMCode
T4650 5850:884.903    -- Checking target RAM
T4650 5850:886.192    -- End of preparing flash programming
T4650 5850:886.320   Looking for J-Link GUI Server exe at: S:\Program Files (x86)\Atmel\Studio\7.0\atbackend\JLinkGUIServer.exe
T4650 5850:886.367   Looking for J-Link GUI Server exe at: \JLinkGUIServer.exe
T4650 5851:186.618   Failed to connect to J-Link GUI Server.
T4650 5851:191.776    -- CPU is running at 90000 kHz.
T4650 5851:191.824    -- Start of comparing flash
T4650 5851:191.853    -- CRC check was estimated as fastest method
T4650 5851:191.870    -- Comparing range 0x400000 - 0x403FFF (32 Sectors, 16 KiB), using multi-block CRC calculation
T4650 5851:196.382    -- CRC does not match for sectors 0-31
T4650 5851:196.427    -- Comparing range 0x404000 - 0x407FFF (4 Sectors, 16 KiB), using multi-block CRC calculation
T4650 5851:199.313    -- CRC does not match for sectors 0-3
T4650 5851:199.341    -- End of comparing flash
T4650 5851:199.354    -- Start of erasing sectors
T4650 5851:199.367    -- End of erasing sectors
T4650 5851:199.378    -- Start of flash programming
T4650 5851:199.392    -- Programming range 0x00400000 - 0x00403FFF ( 32 Sectors, 16 KB)
T4650 5851:270.526    -- Programming range 0x00404000 - 0x00407FFF (  4 Sectors, 16 KB)
T4650 5851:336.402    -- End of flash programming
T4650 5851:336.433    -- 0x400000 - 0x403FFF ( 32 Sectors, 16 KoB)
T4650 5851:336.445    -- 0x404000 - 0x407FFF (  4 Sectors, 16 KoB)
T4650 5851:336.458    -- Start of restoring
T4650 5851:336.470    -- Restoring RAMCode
T4650 5851:346.484    -- Restoring target memory
T4650 5851:359.146    -- Restore target
T4650 5851:411.478    -- Restore memory
T4650 5851:411.566    -- Restoring CPU registers
T4650 5851:411.608    -- End of restoring
T4650 5851:411.724    -- Bank 0 @ 0x00400000: 2 ranges affected (32768 bytes)
T4650 5851:411.757    -- Total: 0.720s (Prepare: 0.501s, Compare: 0.007s, Erase: 0.000s, Program & Verify: 0.143s, Restore: 0.069s)
T4650 5851:411.783    -- Program & Verify speed: 224 KiB/s
T4650 5851:414.151 - 725.897ms returns 32768 (0x8000)
T4650 5851:414.330 JLINK_ResetPullsRESET(ON)
T4650 5851:414.362 - 0.037ms
T4650 5851:414.374 JLINK_ResetNoHalt()
T4650 5851:415.818   TotalIRLen = 4, IRPrint = 0x01
T4650 5851:416.473   JTAG chain detection found 1 devices:
T4650 5851:416.501    #0 Id: 0x4BA00477, IRLen: 04, CoreSight JTAG-DP
T4650 5851:420.803   Old FW that does not support reading DPIDR via DAP jobs
T4650 5851:424.217   DPv0 detected
T4650 5851:424.258   AP map detection skipped. Manually configured AP map found.
T4650 5851:424.280   AP[0]: AHB-AP (IDR: Not set)
T4650 5851:429.074   AP[0]: Core found
T4650 5851:429.110   AP[0]: AHB-AP ROM base: 0xE00FF000
T4650 5851:431.373   CPUID register: 0x410FC241. Implementer code: 0x41 (ARM)
T4650 5851:431.438   Found Cortex-M4 r0p1, Little endian.
T4650 5851:431.669   -- Max. mem block: 0x00001F48
T4650 5851:431.703   CPU_ReadMem(4 bytes @ 0xE000EDF0)
T4650 5851:432.218   CPU_ReadMem(4 bytes @ 0xE0002000)
T4650 5851:432.782   FPUnit: 6 code (BP) slots and 2 literal slots
T4650 5851:432.821   CPU_ReadMem(4 bytes @ 0xE000EDFC)
T4650 5851:433.320   CPU_ReadMem(4 bytes @ 0xE0001000)
T4650 5851:433.834   CPU_ReadMem(4 bytes @ 0xE000ED88)
T4650 5851:434.394   CPU_WriteMem(4 bytes @ 0xE000ED88)
T4650 5851:434.830   CPU_ReadMem(4 bytes @ 0xE000ED88)
T4650 5851:435.416   CPU_WriteMem(4 bytes @ 0xE000ED88)
T4650 5851:435.855   CoreSight components:
T4650 5851:435.880   ROMTbl[0] @ E00FF000
T4650 5851:435.895   CPU_ReadMem(64 bytes @ 0xE00FF000)
T4650 5851:437.069   CPU_ReadMem(32 bytes @ 0xE000EFE0)
T4650 5851:437.811   ROMTbl[0][0]: E000E000, CID: B105E00D, PID: 000BB000 SCS
T4650 5851:437.830   CPU_WriteMem(4 bytes @ 0xE0001000)
T4650 5851:438.234   CPU_ReadMem(32 bytes @ 0xE0001FE0)
T4650 5851:438.953   ROMTbl[0][1]: E0001000, CID: B105E00D, PID: 003BB002 DWT
T4650 5851:438.972   CPU_ReadMem(32 bytes @ 0xE0002FE0)
T4650 5851:439.617   ROMTbl[0][2]: E0002000, CID: B105E00D, PID: 002BB003 FPB
T4650 5851:439.636   CPU_ReadMem(32 bytes @ 0xE0000FE0)
T4650 5851:440.329   ROMTbl[0][3]: E0000000, CID: B105E00D, PID: 003BB001 ITM
T4650 5851:440.346   CPU_ReadMem(32 bytes @ 0xE0040FE0)
T4650 5851:440.980   ROMTbl[0][4]: E0040000, CID: B105900D, PID: 000BB9A1 TPIU
T4650 5851:441.002   JLINK_Reset()
T4650 5851:441.413     CPU_ReadMem(16 bytes @ 0x20000000)
T4650 5851:442.025     CPU_WriteMem(16 bytes @ 0x20000000)
T4650 5851:442.491     CPU_ReadMem(4 bytes @ 0xE000EDFC)
T4650 5851:442.999     CPU_WriteMem(4 bytes @ 0xE000EDFC)
T4650 5851:443.395     CPU_ReadMem(4 bytes @ 0xE0001000)
T4650 5851:459.704     CPU_WriteMem(4 bytes @ 0xE000EDFC)
T4650 5851:460.449     CPU_WriteMem(16 bytes @ 0x20000000)
T4650 5851:464.728     CPU_WriteMem(4 bytes @ 0xE0002000)
T4650 5851:465.288     CPU_ReadMem(4 bytes @ 0xE000EDFC)
T4650 5851:465.906     CPU_ReadMem(4 bytes @ 0xE0001000)
T4650 5851:466.462   - 25.470ms
T4650 5851:466.480   JLINK_Go()
T4650 5851:466.493     CPU_ReadMem(4 bytes @ 0xE0001000)
T4650 5851:467.025     CPU_WriteMem(4 bytes @ 0xE0001004)
T4650 5851:467.875   - 1.406ms
T4650 5851:467.892 - 53.521ms
T4650 5851:480.439 JLINK_Close()
T4650 5851:494.311 - 13.897ms
T4650 5851:494.342   
T4650 5851:494.366   Closed
