T18D4 1047:841.664   SEGGER J-Link V7.52a Log File
T18D4 1047:841.764   DLL Compiled: Jul 28 2021 11:08:12
T18D4 1047:841.789   Logging started @ 2023-03-22 19:22
T18D4 1047:841.842 - 55549.160ms
T18D4 1047:849.109 JLINK_ExecCommand("Device = AT91SAM4SD32C", ...). 
T18D4 1047:849.658   Device "ATSAM4SD32C" selected.
T18D4 1047:850.058 - 0.910ms returns 0x00
T18D4 1047:871.672 JLINK_TIF_Select(JLINKARM_TIF_JTAG)
T18D4 1047:872.574 - 0.923ms returns 0x00
T18D4 1047:872.612 JLINK_ConfigJTAG(IRPre = 0, DRPre = 0)
T18D4 1047:872.662 - 0.064ms
T18D4 1047:872.691 JLINK_SetSpeed(4000)
T18D4 1047:872.811 - 0.161ms
T18D4 1047:872.869 JLINK_ResetPullsRESET(OFF)
T18D4 1047:872.906 - 0.047ms
T18D4 1047:872.930 JLINK_Connect()
T18D4 1047:874.412   TotalIRLen = 4, IRPrint = 0x01
T18D4 1047:875.002   JTAG chain detection found 1 devices:
T18D4 1047:875.028    #0 Id: 0x4BA00477, IRLen: 04, CoreSight JTAG-DP
T18D4 1047:879.386   Old FW that does not support reading DPIDR via DAP jobs
T18D4 1047:883.323   DPv0 detected
T18D4 1047:883.363   Scanning AP map to find all available APs
T18D4 1047:885.889   AP[1]: Stopped AP scan as end of AP map has been reached
T18D4 1047:885.921   AP[0]: AHB-AP (IDR: 0x24770011)
T18D4 1047:885.943   Iterating through AP map to find AHB-AP to use
T18D4 1047:890.281   AP[0]: Core found
T18D4 1047:890.310   AP[0]: AHB-AP ROM base: 0xE00FF000
T18D4 1047:892.501   CPUID register: 0x410FC241. Implementer code: 0x41 (ARM)
T18D4 1047:892.529   Found Cortex-M4 r0p1, Little endian.
T18D4 1047:892.895   -- Max. mem block: 0x000023B8
T18D4 1047:893.012   CPU_ReadMem(4 bytes @ 0xE000EDF0)
T18D4 1047:896.572   CPU_WriteMem(4 bytes @ 0xE000EDF0)
T18D4 1047:896.938   CPU_ReadMem(4 bytes @ 0xE0002000)
T18D4 1047:897.463   FPUnit: 6 code (BP) slots and 2 literal slots
T18D4 1047:897.498   CPU_ReadMem(4 bytes @ 0xE000EDFC)
T18D4 1047:898.001   CPU_WriteMem(4 bytes @ 0xE000EDFC)
T18D4 1047:898.506   CPU_ReadMem(4 bytes @ 0xE0001000)
T18D4 1047:899.118   CPU_WriteMem(4 bytes @ 0xE0001000)
T18D4 1047:899.558   CPU_ReadMem(4 bytes @ 0xE000ED88)
T18D4 1047:900.103   CPU_WriteMem(4 bytes @ 0xE000ED88)
T18D4 1047:900.589   CPU_ReadMem(4 bytes @ 0xE000ED88)
T18D4 1047:901.102   CPU_WriteMem(4 bytes @ 0xE000ED88)
T18D4 1047:901.617   CoreSight components:
T18D4 1047:901.644   ROMTbl[0] @ E00FF000
T18D4 1047:901.658   CPU_ReadMem(64 bytes @ 0xE00FF000)
T18D4 1047:902.487   CPU_ReadMem(32 bytes @ 0xE000EFE0)
T18D4 1047:903.210   ROMTbl[0][0]: E000E000, CID: B105E00D, PID: 000BB000 SCS
T18D4 1047:903.231   CPU_ReadMem(32 bytes @ 0xE0001FE0)
T18D4 1047:903.941   ROMTbl[0][1]: E0001000, CID: B105E00D, PID: 003BB002 DWT
T18D4 1047:903.957   CPU_ReadMem(32 bytes @ 0xE0002FE0)
T18D4 1047:904.666   ROMTbl[0][2]: E0002000, CID: B105E00D, PID: 002BB003 FPB
T18D4 1047:904.682   CPU_ReadMem(32 bytes @ 0xE0000FE0)
T18D4 1047:905.429   ROMTbl[0][3]: E0000000, CID: B105E00D, PID: 003BB001 ITM
T18D4 1047:905.446   CPU_ReadMem(32 bytes @ 0xE0040FE0)
T18D4 1047:906.154   ROMTbl[0][4]: E0040000, CID: B105900D, PID: 000BB9A1 TPIU
T18D4 1047:906.173 - 33.248ms returns 0x00
T18D4 1047:906.250 JLINK_Halt()
T18D4 1047:909.552 - 3.311ms returns 0x00
T18D4 1047:909.647 JLINK_BeginDownload(Flags = 0x00000000)
T18D4 1047:909.658 - 0.015ms
T18D4 1047:909.680 JLINK_WriteMem(0x400E0A04, 0x4 Bytes, ...)
T18D4 1047:909.689   Data:  0B 01 00 5A
T18D4 1047:910.066   CPU_WriteMem(4 bytes @ 0x400E0A04)
T18D4 1047:910.551 - 0.880ms returns 0x4
T18D4 1047:910.586 JLINK_EndDownload()
T18D4 1047:910.597 - 0.014ms returns 0 (0x0)
T18D4 1047:910.607 JLINK_ReadMemHW(0x400E0A08, 0x0004 Bytes, ...)
T18D4 1047:910.618   CPU_ReadMem(4 bytes @ 0x400E0A08)
T18D4 1047:911.093   Data:  01 00 00 00
T18D4 1047:911.109 - 0.506ms returns 0
T18D4 1047:911.136 JLINK_BeginDownload(Flags = 0x00000000)
T18D4 1047:911.145 - 0.013ms
T18D4 1047:911.166 JLINK_WriteMem(0x400E0A04, 0x4 Bytes, ...)
T18D4 1047:911.175   Data:  0C 02 00 5A
T18D4 1047:911.207   CPU_WriteMem(4 bytes @ 0x400E0A04)
T18D4 1047:911.599 - 0.442ms returns 0x4
T18D4 1047:911.669 JLINK_EndDownload()
T18D4 1047:911.683 - 0.018ms returns 0 (0x0)
T18D4 1047:911.693 JLINK_ReadMemHW(0x400E0A08, 0x0004 Bytes, ...)
T18D4 1047:911.704   CPU_ReadMem(4 bytes @ 0x400E0A08)
T18D4 1047:912.192   Data:  01 00 00 00
T18D4 1047:912.208 - 0.519ms returns 0
T18D4 1047:912.238 JLINK_SetResetType(JLINKARM_CM3_RESET_TYPE_NORMAL)
T18D4 1047:912.248 - 0.013ms returns JLINKARM_CM3_RESET_TYPE_NORMAL
T18D4 1047:912.258 JLINK_Reset()
T18D4 1047:912.636   CPU_ReadMem(16 bytes @ 0x20000000)
T18D4 1047:913.245   CPU_WriteMem(16 bytes @ 0x20000000)
T18D4 1047:913.843   CPU_ReadMem(4 bytes @ 0xE000EDFC)
T18D4 1047:914.326   CPU_WriteMem(4 bytes @ 0xE000EDFC)
T18D4 1047:914.743   CPU_ReadMem(4 bytes @ 0xE0001000)
T18D4 1047:930.184   CPU_WriteMem(4 bytes @ 0xE000EDFC)
T18D4 1047:930.655   CPU_WriteMem(16 bytes @ 0x20000000)
T18D4 1047:934.166   CPU_WriteMem(4 bytes @ 0xE0002000)
T18D4 1047:934.595   CPU_ReadMem(4 bytes @ 0xE000EDFC)
T18D4 1047:935.135   CPU_ReadMem(4 bytes @ 0xE0001000)
T18D4 1047:935.732 - 23.503ms
T18D4 1047:937.181 JLINK_JTAG_GetDeviceID(DeviceIndex = 0)
T18D4 1047:937.200 - 0.039ms returns 1268778103
T18D4 1047:937.229 JLINK_ReadMemU32(0x400E0740, 0x1 Items)
T18D4 1047:937.249   CPU_ReadMem(4 bytes @ 0x400E0740)
T18D4 1047:937.757   Data:  E0 0E A7 29
T18D4 1047:937.775 - 0.550ms returns 1 (0x1)
T18D4 1047:937.810 JLINK_ReadMemU32(0x400E0744, 0x1 Items)
T18D4 1047:937.824   CPU_ReadMem(4 bytes @ 0x400E0744)
T18D4 1047:938.369   Data:  00 00 00 00
T18D4 1047:938.386 - 0.580ms returns 1 (0x1)
T18D4 1047:938.439 JLINK_BeginDownload(Flags = 0x00000000)
T18D4 1047:938.450 - 0.014ms
T18D4 1047:938.468 JLINK_WriteMem(0x400E0A04, 0x4 Bytes, ...)
T18D4 1047:938.491   Data:  05 00 00 5A
T18D4 1047:938.508   CPU_WriteMem(4 bytes @ 0x400E0A04)
T18D4 1047:938.901 - 0.441ms returns 0x4
T18D4 1047:938.942 JLINK_WriteMem(0x400E0C04, 0x4 Bytes, ...)
T18D4 1047:938.952   Data:  05 00 00 5A
T18D4 1047:938.968   CPU_WriteMem(4 bytes @ 0x400E0C04)
T18D4 1047:939.448 - 0.514ms returns 0x4
T18D4 1047:939.481 JLINK_EndDownload()
T18D4 1047:939.492 - 0.014ms returns 0 (0x0)
T18D4 1047:939.503 JLINK_ReadMemHW(0x400E0A08, 0x0004 Bytes, ...)
T18D4 1047:939.513   CPU_ReadMem(4 bytes @ 0x400E0A08)
T18D4 1047:940.090   Data:  00 00 00 00
T18D4 1047:940.106 - 0.607ms returns 0
T18D4 1047:942.823 JLINK_ReadMemHW(0x400E0A08, 0x0004 Bytes, ...)
T18D4 1047:942.842   CPU_ReadMem(4 bytes @ 0x400E0A08)
T18D4 1047:943.375   Data:  00 00 00 00
T18D4 1047:943.391 - 0.572ms returns 0
T4790 1047:946.907 JLINK_IsHalted()
T4790 1047:946.922 - 0.044ms returns TRUE
T4790 1047:946.933 JLINK_GetMOEs(...)
T4790 1047:946.957   CPU_ReadMem(4 bytes @ 0xE000ED30)
T4790 1047:947.500 - 0.576ms returns 0x01
T4790 1047:947.519 JLINK_ReadReg(R15 (PC))
T4790 1047:947.532 - 0.032ms returns 0x00400CC0
T18D4 1047:948.965 JLINK_ReadMemHW(0x400E0A08, 0x0004 Bytes, ...)
T18D4 1047:948.986   CPU_ReadMem(4 bytes @ 0x400E0A08)
T18D4 1047:949.649   Data:  00 00 00 00
T18D4 1047:949.667 - 0.706ms returns 0
T18D4 1047:965.960 JLINK_ReadMemHW(0x400E0A08, 0x0004 Bytes, ...)
T18D4 1047:965.985   CPU_ReadMem(4 bytes @ 0x400E0A08)
T18D4 1047:966.525   Data:  00 00 00 00
T18D4 1047:966.543 - 0.587ms returns 0
T18D4 1048:031.089 JLINK_ReadMemHW(0x400E0A08, 0x0004 Bytes, ...)
T18D4 1048:031.146   CPU_ReadMem(4 bytes @ 0x400E0A08)
T18D4 1048:031.721   Data:  00 00 00 00
T18D4 1048:031.745 - 0.661ms returns 0
T4790 1048:148.793 JLINK_IsHalted()
T4790 1048:148.818 - 0.029ms returns TRUE
T18D4 1048:289.060 JLINK_ReadMemHW(0x400E0A08, 0x0004 Bytes, ...)
T18D4 1048:289.104   CPU_ReadMem(4 bytes @ 0x400E0A08)
T18D4 1048:289.896   Data:  00 00 00 00
T18D4 1048:289.929 - 0.873ms returns 0
T4790 1048:351.253 JLINK_IsHalted()
T4790 1048:351.302 - 0.054ms returns TRUE
T4790 1048:552.842 JLINK_IsHalted()
T4790 1048:553.354 - 0.522ms returns TRUE
T4790 1048:753.877 JLINK_IsHalted()
T4790 1048:753.906 - 0.033ms returns TRUE
T4790 1048:953.972 JLINK_IsHalted()
T4790 1048:954.034 - 0.066ms returns TRUE
T4790 1049:154.183 JLINK_IsHalted()
T4790 1049:154.669 - 0.495ms returns TRUE
T18D4 1049:291.891 JLINK_ReadMemHW(0x400E0A08, 0x0004 Bytes, ...)
T18D4 1049:291.945   CPU_ReadMem(4 bytes @ 0x400E0A08)
T18D4 1049:292.737   Data:  00 00 00 00
T18D4 1049:292.771 - 0.884ms returns 0
T18D4 1049:292.937 JLINK_ReadMemHW(0x400E0C08, 0x0004 Bytes, ...)
T18D4 1049:292.960   CPU_ReadMem(4 bytes @ 0x400E0C08)
T18D4 1049:293.547   Data:  00 00 00 00
T18D4 1049:293.580 - 0.647ms returns 0
T18D4 1049:294.045 JLINK_ReadMemHW(0x400E0C08, 0x0004 Bytes, ...)
T18D4 1049:294.101   CPU_ReadMem(4 bytes @ 0x400E0C08)
T18D4 1049:294.911   Data:  00 00 00 00
T18D4 1049:294.943 - 0.902ms returns 0
T18D4 1049:302.801 JLINK_ReadMemHW(0x400E0C08, 0x0004 Bytes, ...)
T18D4 1049:302.841   CPU_ReadMem(4 bytes @ 0x400E0C08)
T18D4 1049:303.617   Data:  00 00 00 00
T18D4 1049:303.650 - 0.853ms returns 0
T18D4 1049:322.992 JLINK_ReadMemHW(0x400E0C08, 0x0004 Bytes, ...)
T18D4 1049:323.046   CPU_ReadMem(4 bytes @ 0x400E0C08)
T18D4 1049:323.813   Data:  00 00 00 00
T18D4 1049:323.846 - 0.858ms returns 0
T4790 1049:354.241 JLINK_IsHalted()
T4790 1049:354.275 - 0.039ms returns TRUE
T18D4 1049:389.918 JLINK_ReadMemHW(0x400E0C08, 0x0004 Bytes, ...)
T18D4 1049:389.976   CPU_ReadMem(4 bytes @ 0x400E0C08)
T18D4 1049:390.576   Data:  00 00 00 00
T18D4 1049:390.604 - 0.690ms returns 0
T4790 1049:555.125 JLINK_IsHalted()
T4790 1049:555.158 - 0.037ms returns TRUE
T18D4 1049:649.224 JLINK_ReadMemHW(0x400E0C08, 0x0004 Bytes, ...)
T18D4 1049:649.275   CPU_ReadMem(4 bytes @ 0x400E0C08)
T18D4 1049:649.773   Data:  00 00 00 00
T18D4 1049:649.804 - 0.586ms returns 0
T4790 1049:756.122 JLINK_IsHalted()
T4790 1049:756.659 - 0.547ms returns TRUE
T4790 1049:961.133 JLINK_IsHalted()
T4790 1049:961.176 - 0.047ms returns TRUE
T4790 1050:163.096 JLINK_IsHalted()
T4790 1050:163.141 - 0.049ms returns TRUE
T4790 1050:363.428 JLINK_IsHalted()
T4790 1050:363.925 - 0.508ms returns TRUE
T4790 1050:564.179 JLINK_IsHalted()
T4790 1050:564.243 - 0.068ms returns TRUE
T18D4 1050:651.535 JLINK_ReadMemHW(0x400E0C08, 0x0004 Bytes, ...)
T18D4 1050:651.587   CPU_ReadMem(4 bytes @ 0x400E0C08)
T18D4 1050:652.368   Data:  00 00 00 00
T18D4 1050:652.413 - 0.882ms returns 0
T18D4 1050:652.520 JLINK_ReadMemHW(0x400E0A08, 0x0004 Bytes, ...)
T18D4 1050:652.541   CPU_ReadMem(4 bytes @ 0x400E0A08)
T18D4 1050:653.107   Data:  00 00 00 00
T18D4 1050:653.129 - 0.613ms returns 0
T18D4 1050:654.021 JLINK_ReadMemHW(0x400E0A08, 0x0004 Bytes, ...)
T18D4 1050:654.092   CPU_ReadMem(4 bytes @ 0x400E0A08)
T18D4 1050:654.918   Data:  00 00 00 00
T18D4 1050:654.951 - 0.933ms returns 0
T18D4 1050:661.553 JLINK_ReadMemHW(0x400E0A08, 0x0004 Bytes, ...)
T18D4 1050:661.648   CPU_ReadMem(4 bytes @ 0x400E0A08)
T18D4 1050:662.187   Data:  00 00 00 00
T18D4 1050:662.217 - 0.668ms returns 0
T18D4 1050:678.507 JLINK_ReadMemHW(0x400E0A08, 0x0004 Bytes, ...)
T18D4 1050:678.560   CPU_ReadMem(4 bytes @ 0x400E0A08)
T18D4 1050:679.385   Data:  00 00 00 00
T18D4 1050:679.418 - 0.915ms returns 0
T18D4 1050:743.956 JLINK_ReadMemHW(0x400E0A08, 0x0004 Bytes, ...)
T18D4 1050:744.004   CPU_ReadMem(4 bytes @ 0x400E0A08)
T18D4 1050:744.522   Data:  00 00 00 00
T18D4 1050:744.541 - 0.589ms returns 0
T4790 1050:767.287 JLINK_IsHalted()
T4790 1050:767.321 - 0.038ms returns TRUE
T4790 1050:968.486 JLINK_IsHalted()
T4790 1050:968.993 - 0.516ms returns TRUE
T18D4 1051:000.858 JLINK_ReadMemHW(0x400E0A08, 0x0004 Bytes, ...)
T18D4 1051:000.901   CPU_ReadMem(4 bytes @ 0x400E0A08)
T18D4 1051:001.450   Data:  00 00 00 00
T18D4 1051:001.469 - 0.615ms returns 0
T4790 1051:170.312 JLINK_IsHalted()
T4790 1051:170.343 - 0.036ms returns TRUE
T4790 1051:370.476 JLINK_IsHalted()
T4790 1051:370.520 - 0.062ms returns TRUE
T4790 1051:573.076 JLINK_IsHalted()
T4790 1051:573.769 - 0.717ms returns TRUE
T4790 1051:773.708 JLINK_IsHalted()
T4790 1051:773.740 - 0.040ms returns TRUE
T4790 1051:974.692 JLINK_IsHalted()
T4790 1051:974.719 - 0.033ms returns TRUE
T18D4 1052:002.718 JLINK_ReadMemHW(0x400E0A08, 0x0004 Bytes, ...)
T18D4 1052:002.773   CPU_ReadMem(4 bytes @ 0x400E0A08)
T18D4 1052:003.300   Data:  00 00 00 00
T18D4 1052:003.329 - 0.622ms returns 0
T18D4 1052:003.479 JLINK_ReadMemHW(0x400E0C08, 0x0004 Bytes, ...)
T18D4 1052:003.526   CPU_ReadMem(4 bytes @ 0x400E0C08)
T18D4 1052:004.108   Data:  00 00 00 00
T18D4 1052:004.144 - 0.669ms returns 0
T18D4 1052:007.009 JLINK_ReadMemHW(0x400E0C08, 0x0004 Bytes, ...)
T18D4 1052:007.074   CPU_ReadMem(4 bytes @ 0x400E0C08)
T18D4 1052:007.700   Data:  00 00 00 00
T18D4 1052:008.184 - 1.192ms returns 0
T18D4 1052:013.689 JLINK_ReadMemHW(0x400E0C08, 0x0004 Bytes, ...)
T18D4 1052:013.762   CPU_ReadMem(4 bytes @ 0x400E0C08)
T18D4 1052:014.283   Data:  00 00 00 00
T18D4 1052:014.311 - 0.629ms returns 0
T18D4 1052:033.682 JLINK_ReadMemHW(0x400E0C08, 0x0004 Bytes, ...)
T18D4 1052:033.725   CPU_ReadMem(4 bytes @ 0x400E0C08)
T18D4 1052:034.249   Data:  00 00 00 00
T18D4 1052:034.268 - 0.590ms returns 0
T18D4 1052:099.074 JLINK_ReadMemHW(0x400E0C08, 0x0004 Bytes, ...)
T18D4 1052:099.128   CPU_ReadMem(4 bytes @ 0x400E0C08)
T18D4 1052:099.590   Data:  00 00 00 00
T18D4 1052:099.610 - 0.540ms returns 0
T4790 1052:176.885 JLINK_IsHalted()
T4790 1052:177.576 - 0.716ms returns TRUE
T18D4 1052:355.850 JLINK_ReadMemHW(0x400E0C08, 0x0004 Bytes, ...)
T18D4 1052:355.925   CPU_ReadMem(4 bytes @ 0x400E0C08)
T18D4 1052:356.463   Data:  00 00 00 00
T18D4 1052:356.496 - 0.650ms returns 0
T4790 1052:377.452 JLINK_IsHalted()
T4790 1052:377.497 - 0.048ms returns TRUE
T4790 1052:581.537 JLINK_IsHalted()
T4790 1052:581.601 - 0.070ms returns TRUE
T4790 1052:782.010 JLINK_IsHalted()
T4790 1052:782.455 - 0.494ms returns TRUE
T4790 1052:982.440 JLINK_IsHalted()
T4790 1052:982.497 - 0.063ms returns TRUE
T4790 1053:183.056 JLINK_IsHalted()
T4790 1053:183.101 - 0.049ms returns TRUE
T18D4 1053:355.886 JLINK_ReadMemHW(0x400E0C08, 0x0004 Bytes, ...)
T18D4 1053:355.929   CPU_ReadMem(4 bytes @ 0x400E0C08)
T18D4 1053:356.718   Data:  01 00 00 00
T18D4 1053:356.750 - 0.868ms returns 0
T18D4 1053:356.775 JLINK_ReadMemHW(0x400E0A08, 0x0004 Bytes, ...)
T18D4 1053:356.792   CPU_ReadMem(4 bytes @ 0x400E0A08)
T18D4 1053:357.613   Data:  00 00 00 00
T18D4 1053:357.648 - 0.876ms returns 0
T18D4 1053:359.399 JLINK_ReadMemHW(0x400E0A08, 0x0004 Bytes, ...)
T18D4 1053:359.441   CPU_ReadMem(4 bytes @ 0x400E0A08)
T18D4 1053:360.063   Data:  00 00 00 00
T18D4 1053:360.081 - 0.686ms returns 0
T18D4 1053:365.989 JLINK_ReadMemHW(0x400E0A08, 0x0004 Bytes, ...)
T18D4 1053:366.008   CPU_ReadMem(4 bytes @ 0x400E0A08)
T18D4 1053:366.635   Data:  00 00 00 00
T18D4 1053:366.653 - 0.667ms returns 0
T4790 1053:383.224 JLINK_IsHalted()
T4790 1053:383.902 - 0.704ms returns TRUE
T18D4 1053:383.982 JLINK_ReadMemHW(0x400E0A08, 0x0004 Bytes, ...)
T18D4 1053:384.008   CPU_ReadMem(4 bytes @ 0x400E0A08)
T18D4 1053:384.795   Data:  00 00 00 00
T18D4 1053:384.828 - 0.850ms returns 0
T18D4 1053:449.432 JLINK_ReadMemHW(0x400E0A08, 0x0004 Bytes, ...)
T18D4 1053:449.486   CPU_ReadMem(4 bytes @ 0x400E0A08)
T18D4 1053:450.293   Data:  01 00 00 00
T18D4 1053:450.326 - 0.898ms returns 0
T4790 1053:584.070 JLINK_IsHalted()
T4790 1053:584.131 - 0.066ms returns TRUE
T18D4 1053:584.825 JLINK_ResetPullsRESET(ON)
T18D4 1053:584.849 - 0.031ms
T18D4 1053:584.865 JLINK_ResetNoHalt()
T18D4 1053:586.450   TotalIRLen = 4, IRPrint = 0x01
T18D4 1053:587.254   JTAG chain detection found 1 devices:
T18D4 1053:587.301    #0 Id: 0x4BA00477, IRLen: 04, CoreSight JTAG-DP
T18D4 1053:592.360   Old FW that does not support reading DPIDR via DAP jobs
T18D4 1053:596.341   DPv0 detected
T18D4 1053:596.367   AP map detection skipped. Manually configured AP map found.
T18D4 1053:596.389   AP[0]: AHB-AP (IDR: Not set)
T18D4 1053:600.946   AP[0]: Core found
T18D4 1053:600.973   AP[0]: AHB-AP ROM base: 0xE00FF000
T18D4 1053:603.080   CPUID register: 0x410FC241. Implementer code: 0x41 (ARM)
T18D4 1053:603.104   Found Cortex-M4 r0p1, Little endian.
T18D4 1053:603.274   -- Max. mem block: 0x00001F48
T18D4 1053:603.295   CPU_ReadMem(4 bytes @ 0xE000EDF0)
T18D4 1053:603.874   CPU_ReadMem(4 bytes @ 0xE0002000)
T18D4 1053:604.453   FPUnit: 6 code (BP) slots and 2 literal slots
T18D4 1053:604.472   CPU_ReadMem(4 bytes @ 0xE000EDFC)
T18D4 1053:604.929   CPU_ReadMem(4 bytes @ 0xE0001000)
T18D4 1053:605.463   CPU_ReadMem(4 bytes @ 0xE000ED88)
T18D4 1053:606.032   CPU_WriteMem(4 bytes @ 0xE000ED88)
T18D4 1053:606.407   CPU_ReadMem(4 bytes @ 0xE000ED88)
T18D4 1053:606.902   CPU_WriteMem(4 bytes @ 0xE000ED88)
T18D4 1053:607.359   CoreSight components:
T18D4 1053:607.383   ROMTbl[0] @ E00FF000
T18D4 1053:607.412   CPU_ReadMem(64 bytes @ 0xE00FF000)
T18D4 1053:608.493   CPU_ReadMem(32 bytes @ 0xE000EFE0)
T18D4 1053:609.204   ROMTbl[0][0]: E000E000, CID: B105E00D, PID: 000BB000 SCS
T18D4 1053:609.220   CPU_WriteMem(4 bytes @ 0xE0001000)
T18D4 1053:609.604   CPU_ReadMem(32 bytes @ 0xE0001FE0)
T18D4 1053:610.324   ROMTbl[0][1]: E0001000, CID: B105E00D, PID: 003BB002 DWT
T18D4 1053:610.341   CPU_ReadMem(32 bytes @ 0xE0002FE0)
T18D4 1053:610.984   ROMTbl[0][2]: E0002000, CID: B105E00D, PID: 002BB003 FPB
T18D4 1053:611.000   CPU_ReadMem(32 bytes @ 0xE0000FE0)
T18D4 1053:611.695   ROMTbl[0][3]: E0000000, CID: B105E00D, PID: 003BB001 ITM
T18D4 1053:611.714   CPU_ReadMem(32 bytes @ 0xE0040FE0)
T18D4 1053:612.407   ROMTbl[0][4]: E0040000, CID: B105900D, PID: 000BB9A1 TPIU
T18D4 1053:612.431   JLINK_Reset()
T18D4 1053:612.562     CPU_ReadMem(16 bytes @ 0x20000000)
T18D4 1053:613.108     CPU_WriteMem(16 bytes @ 0x20000000)
T18D4 1053:613.594     CPU_ReadMem(4 bytes @ 0xE000EDFC)
T18D4 1053:614.144     CPU_WriteMem(4 bytes @ 0xE000EDFC)
T18D4 1053:614.532     CPU_ReadMem(4 bytes @ 0xE0001000)
T18D4 1053:615.097     CPU_WriteMem(4 bytes @ 0xE0001004)
T18D4 1053:629.919     CPU_WriteMem(4 bytes @ 0xE000EDFC)
T18D4 1053:630.348     CPU_WriteMem(16 bytes @ 0x20000000)
T18D4 1053:633.943     CPU_WriteMem(4 bytes @ 0xE0002000)
T18D4 1053:634.379     CPU_ReadMem(4 bytes @ 0xE000EDFC)
T18D4 1053:634.947     CPU_ReadMem(4 bytes @ 0xE0001000)
T18D4 1053:635.516   - 23.095ms
T18D4 1053:635.535   JLINK_Go()
T18D4 1053:635.546     CPU_ReadMem(4 bytes @ 0xE0001000)
T18D4 1053:636.197     CPU_WriteMem(4 bytes @ 0xE0001004)
T18D4 1053:637.141   - 1.616ms
T18D4 1053:637.156 - 52.295ms
T18D4 1053:637.409 JLINK_TIF_Select(JLINKARM_TIF_JTAG)
T18D4 1053:637.426 - 0.023ms returns 0x00
T18D4 1053:637.441 JLINK_ConfigJTAG(IRPre = 0, DRPre = 0)
T18D4 1053:637.457 - 0.020ms
T18D4 1053:637.468 JLINK_SetSpeed(4000)
T18D4 1053:637.582 - 0.123ms
T18D4 1053:637.599 JLINK_ResetPullsRESET(OFF)
T18D4 1053:637.608 - 0.012ms
T18D4 1053:637.617 JLINK_Connect()
T18D4 1053:638.871   TotalIRLen = 4, IRPrint = 0x01
T18D4 1053:639.351   JTAG chain detection found 1 devices:
T18D4 1053:639.376    #0 Id: 0x4BA00477, IRLen: 04, CoreSight JTAG-DP
T18D4 1053:643.062   Old FW that does not support reading DPIDR via DAP jobs
T18D4 1053:646.275   DPv0 detected
T18D4 1053:646.304   AP map detection skipped. Manually configured AP map found.
T18D4 1053:646.325   AP[0]: AHB-AP (IDR: Not set)
T18D4 1053:650.535   AP[0]: Core found
T18D4 1053:650.560   AP[0]: AHB-AP ROM base: 0xE00FF000
T18D4 1053:652.687   CPUID register: 0x410FC241. Implementer code: 0x41 (ARM)
T18D4 1053:652.711   Found Cortex-M4 r0p1, Little endian.
T18D4 1053:652.882   -- Max. mem block: 0x00001F48
T18D4 1053:652.902   CPU_ReadMem(4 bytes @ 0xE000EDF0)
T18D4 1053:653.465   CPU_ReadMem(4 bytes @ 0xE0002000)
T18D4 1053:653.954   FPUnit: 6 code (BP) slots and 2 literal slots
T18D4 1053:653.986   CPU_ReadMem(4 bytes @ 0xE000EDFC)
T18D4 1053:654.411   CPU_ReadMem(4 bytes @ 0xE0001000)
T18D4 1053:654.895   CPU_WriteMem(4 bytes @ 0xE0001000)
T18D4 1053:655.380   CPU_ReadMem(4 bytes @ 0xE000ED88)
T18D4 1053:655.861   CPU_WriteMem(4 bytes @ 0xE000ED88)
T18D4 1053:656.379   CPU_ReadMem(4 bytes @ 0xE000ED88)
T18D4 1053:656.827   CPU_WriteMem(4 bytes @ 0xE000ED88)
T18D4 1053:657.275   CoreSight components:
T18D4 1053:657.299   ROMTbl[0] @ E00FF000
T18D4 1053:657.328   CPU_ReadMem(64 bytes @ 0xE00FF000)
T18D4 1053:658.469   CPU_ReadMem(32 bytes @ 0xE000EFE0)
T18D4 1053:659.104   ROMTbl[0][0]: E000E000, CID: B105E00D, PID: 000BB000 SCS
T18D4 1053:659.121   CPU_ReadMem(32 bytes @ 0xE0001FE0)
T18D4 1053:659.756   ROMTbl[0][1]: E0001000, CID: B105E00D, PID: 003BB002 DWT
T18D4 1053:659.773   CPU_ReadMem(32 bytes @ 0xE0002FE0)
T18D4 1053:660.482   ROMTbl[0][2]: E0002000, CID: B105E00D, PID: 002BB003 FPB
T18D4 1053:660.501   CPU_ReadMem(32 bytes @ 0xE0000FE0)
T18D4 1053:661.180   ROMTbl[0][3]: E0000000, CID: B105E00D, PID: 003BB001 ITM
T18D4 1053:661.199   CPU_ReadMem(32 bytes @ 0xE0040FE0)
T18D4 1053:661.874   ROMTbl[0][4]: E0040000, CID: B105900D, PID: 000BB9A1 TPIU
T18D4 1053:661.894 - 24.281ms returns 0x00
T18D4 1053:661.942 JLINK_Halt()
T18D4 1053:665.236 - 3.304ms returns 0x00
T18D4 1053:665.358 JLINK_BeginDownload(Flags = 0x00000000)
T18D4 1053:665.369 - 0.015ms
T18D4 1053:665.392 JLINK_WriteMem(0x400E0A04, 0x4 Bytes, ...)
T18D4 1053:665.402   Data:  0B 01 00 5A
T18D4 1053:665.554   CPU_WriteMem(4 bytes @ 0x400E0A04)
T18D4 1053:666.284 - 0.915ms returns 0x4
T18D4 1053:666.361 JLINK_EndDownload()
T18D4 1053:666.375 - 0.017ms returns 0 (0x0)
T18D4 1053:666.385 JLINK_ReadMemHW(0x400E0A08, 0x0004 Bytes, ...)
T18D4 1053:666.399   CPU_ReadMem(4 bytes @ 0x400E0A08)
T18D4 1053:667.046   Data:  01 00 00 00
T18D4 1053:667.079 - 0.697ms returns 0
T18D4 1053:667.132 JLINK_BeginDownload(Flags = 0x00000000)
T18D4 1053:667.143 - 0.014ms
T18D4 1053:667.168 JLINK_WriteMem(0x400E0A04, 0x4 Bytes, ...)
T18D4 1053:667.178   Data:  0C 02 00 5A
T18D4 1053:667.200   CPU_WriteMem(4 bytes @ 0x400E0A04)
T18D4 1053:667.712 - 0.557ms returns 0x4
T18D4 1053:667.764 JLINK_EndDownload()
T18D4 1053:667.776 - 0.016ms returns 0 (0x0)
T18D4 1053:667.787 JLINK_ReadMemHW(0x400E0A08, 0x0004 Bytes, ...)
T18D4 1053:667.800   CPU_ReadMem(4 bytes @ 0x400E0A08)
T18D4 1053:668.469   Data:  01 00 00 00
T18D4 1053:668.502 - 0.719ms returns 0
T18D4 1053:668.561 JLINK_SetResetType(JLINKARM_CM3_RESET_TYPE_NORMAL)
T18D4 1053:668.571 - 0.014ms returns JLINKARM_CM3_RESET_TYPE_NORMAL
T18D4 1053:668.581 JLINK_Reset()
T18D4 1053:668.599   CPU_ReadMem(16 bytes @ 0x20000000)
T18D4 1053:669.419   CPU_WriteMem(16 bytes @ 0x20000000)
T18D4 1053:669.989   CPU_ReadMem(4 bytes @ 0xE000EDFC)
T18D4 1053:670.532   CPU_WriteMem(4 bytes @ 0xE000EDFC)
T18D4 1053:671.103   CPU_ReadMem(4 bytes @ 0xE0001000)
T18D4 1053:687.415   CPU_WriteMem(4 bytes @ 0xE000EDFC)
T18D4 1053:687.862   CPU_WriteMem(16 bytes @ 0x20000000)
T18D4 1053:691.604   CPU_WriteMem(4 bytes @ 0xE0002000)
T18D4 1053:692.072   CPU_ReadMem(4 bytes @ 0xE000EDFC)
T18D4 1053:692.642   CPU_ReadMem(4 bytes @ 0xE0001000)
T18D4 1053:693.198 - 24.626ms
T18D4 1053:694.424 JLINK_JTAG_GetDeviceID(DeviceIndex = 0)
T18D4 1053:694.449 - 0.032ms returns 1268778103
T18D4 1053:694.467 JLINK_ReadMemU32(0x400E0740, 0x1 Items)
T18D4 1053:694.495   CPU_ReadMem(4 bytes @ 0x400E0740)
T18D4 1053:694.959   Data:  E0 0E A7 29
T18D4 1053:694.977 - 0.514ms returns 1 (0x1)
T18D4 1053:695.008 JLINK_ReadMemU32(0x400E0744, 0x1 Items)
T18D4 1053:695.023   CPU_ReadMem(4 bytes @ 0x400E0744)
T18D4 1053:695.528   Data:  00 00 00 00
T18D4 1053:695.546 - 0.541ms returns 1 (0x1)
T18D4 1053:706.031 JLINK_BeginDownload(Flags = 0x00000000)
T18D4 1053:706.054 - 0.027ms
T18D4 1053:706.075 JLINK_WriteMem(0x00400000, 0x4000 Bytes, ...)
T18D4 1053:706.109   Data:  D0 3A 00 20 81 09 40 00 7D 09 40 00 7D 09 40 00 ...
T18D4 1053:706.611   completely In flash
T18D4 1053:706.649    -- Read from flash cache (16384 bytes @ 0x00400000)
T18D4 1053:706.663 - 0.592ms returns 0x4000
T18D4 1053:706.688 JLINK_WriteMem(0x00404000, 0x390 Bytes, ...)
T18D4 1053:706.698   Data:  02 FA 01 F2 00 FA 01 FA 08 D9 ED 18 09 F1 FF 30 ...
T18D4 1053:706.711   completely In flash
T18D4 1053:706.724    -- Read from flash cache (912 bytes @ 0x00404000)
T18D4 1053:706.737 - 0.052ms returns 0x390
T18D4 1053:706.922 JLINK_WriteMem(0x00404390, 0x8 Bytes, ...)
T18D4 1053:706.939   Data:  48 FA FF 7F 01 00 00 00
T18D4 1053:707.032   completely In flash
T18D4 1053:707.043 - 0.125ms returns 0x8
T18D4 1053:707.169 JLINK_WriteMem(0x00404398, 0x9C0 Bytes, ...)
T18D4 1053:707.182   Data:  00 09 3D 00 80 25 00 00 C0 00 00 00 00 08 00 00 ...
T18D4 1053:707.195   completely In flash
T18D4 1053:707.225    -- Read from flash cache (2496 bytes @ 0x00404398)
T18D4 1053:707.237 - 0.072ms returns 0x9C0
T49B0 1053:709.719 JLINK_IsHalted()
T49B0 1053:709.745 - 0.030ms returns TRUE
T49B0 1053:709.757 JLINK_GetMOEs(...)
T49B0 1053:709.770   CPU_ReadMem(4 bytes @ 0xE000ED30)
T49B0 1053:710.265 - 0.519ms returns 0x01
T49B0 1053:710.297 JLINK_ReadReg(R15 (PC))
T49B0 1053:710.594   Old firmware which does not support pausing periodic actions during flash download
T49B0 1053:710.615   CPU_ReadMem(4 bytes @ 0xE000ED90)
T49B0 1053:711.125   CPU_ReadMem(4 bytes @ 0xE000ED94)
T49B0 1053:711.660    -- --------------------------------------
T49B0 1053:711.685   Flash bank @ 0x00400000: Default: L2 verify disabled because algorithm performs L1 verify
T49B0 1053:711.698    -- Start of determining dirty areas in flash cache
T49B0 1053:712.112    -- End of determining dirty areas
T49B0 1053:712.126    -- Start of preparing flash programming
T49B0 1053:712.142    -- Calculating RAM usage
T49B0 1053:712.214    -- RAM usage = 4060 Bytes
T49B0 1053:712.226    -- Preserving CPU registers
T49B0 1053:712.252    -- Preparing memory
T49B0 1053:712.265    -- Preparing target
T49B0 1053:871.937    -- Preserving target RAM temporarily used for programming
T49B0 1053:885.076    -- Downloading RAMCode
T49B0 1053:896.651    -- Preparing RAMCode
T49B0 1053:902.577    -- Checking target RAM
T49B0 1053:903.856    -- End of preparing flash programming
T49B0 1053:904.011   Looking for J-Link GUI Server exe at: S:\Program Files (x86)\Atmel\Studio\7.0\atbackend\JLinkGUIServer.exe
T49B0 1053:904.108   Looking for J-Link GUI Server exe at: \JLinkGUIServer.exe
T49B0 1054:205.801   Failed to connect to J-Link GUI Server.
T49B0 1054:213.043    -- CPU is running at 90000 kHz.
T49B0 1054:213.071    -- Start of comparing flash
T49B0 1054:213.085    -- CRC check was estimated as fastest method
T49B0 1054:213.101    -- Comparing range 0x400000 - 0x403FFF (32 Sectors, 16 KiB), using multi-block CRC calculation
T49B0 1054:217.373    -- CRC does not match for sectors 0-31
T49B0 1054:217.400    -- Comparing range 0x404000 - 0x404FFF (1 Sector, 4 KiB), using multi-block CRC calculation
T49B0 1054:219.264    -- CRC does not match for sector 0
T49B0 1054:219.284    -- End of comparing flash
T49B0 1054:219.298    -- Start of erasing sectors
T49B0 1054:219.311    -- End of erasing sectors
T49B0 1054:219.323    -- Start of flash programming
T49B0 1054:219.337    -- Programming range 0x00400000 - 0x00403FFF ( 32 Sectors, 16 KB)
T49B0 1054:288.769    -- Programming range 0x00404000 - 0x00404FFF (  1 Sector, 4 KB)
T49B0 1054:307.815    -- End of flash programming
T49B0 1054:307.850    -- 0x400000 - 0x403FFF ( 32 Sectors, 16 KoB)
T49B0 1054:307.862    -- 0x404000 - 0x404FFF (  1 Sector, 4 KoB)
T49B0 1054:307.875    -- Start of restoring
T49B0 1054:307.887    -- Restoring RAMCode
T49B0 1054:319.080    -- Restoring target memory
T49B0 1054:331.679    -- Restore target
T49B0 1054:383.272    -- Restore memory
T49B0 1054:383.303    -- Restoring CPU registers
T49B0 1054:383.327    -- End of restoring
T49B0 1054:383.378    -- Bank 0 @ 0x00400000: 2 ranges affected (20480 bytes)
T49B0 1054:383.409    -- Total: 0.671s (Prepare: 0.500s, Compare: 0.006s, Erase: 0.000s, Program & Verify: 0.095s, Restore: 0.068s)
T49B0 1054:383.446    -- Program & Verify speed: 210 KiB/s
T49B0 1054:384.430 - 674.154ms returns 0xFFFFFFFE
T18D4 1054:385.368 JLINK_EndDownload()
T18D4 1054:385.391 - 0.027ms returns 0 (0x0)
T18D4 1054:385.430 JLINK_ResetPullsRESET(ON)
T18D4 1054:385.454 - 0.028ms
T18D4 1054:385.464 JLINK_ResetNoHalt()
T18D4 1054:386.515   TotalIRLen = 4, IRPrint = 0x01
T18D4 1054:387.088   JTAG chain detection found 1 devices:
T18D4 1054:387.143    #0 Id: 0x4BA00477, IRLen: 04, CoreSight JTAG-DP
T18D4 1054:391.390   Old FW that does not support reading DPIDR via DAP jobs
T18D4 1054:395.048   DPv0 detected
T18D4 1054:395.111   AP map detection skipped. Manually configured AP map found.
T18D4 1054:395.138   AP[0]: AHB-AP (IDR: Not set)
T18D4 1054:399.855   AP[0]: Core found
T18D4 1054:399.894   AP[0]: AHB-AP ROM base: 0xE00FF000
T18D4 1054:402.079   CPUID register: 0x410FC241. Implementer code: 0x41 (ARM)
T18D4 1054:402.105   Found Cortex-M4 r0p1, Little endian.
T18D4 1054:402.287   -- Max. mem block: 0x00001F48
T18D4 1054:402.308   CPU_ReadMem(4 bytes @ 0xE000EDF0)
T18D4 1054:402.796   CPU_ReadMem(4 bytes @ 0xE0002000)
T18D4 1054:403.340   FPUnit: 6 code (BP) slots and 2 literal slots
T18D4 1054:403.356   CPU_ReadMem(4 bytes @ 0xE000EDFC)
T18D4 1054:403.826   CPU_ReadMem(4 bytes @ 0xE0001000)
T18D4 1054:404.313   CPU_ReadMem(4 bytes @ 0xE000ED88)
T18D4 1054:404.830   CPU_WriteMem(4 bytes @ 0xE000ED88)
T18D4 1054:405.214   CPU_ReadMem(4 bytes @ 0xE000ED88)
T18D4 1054:405.724   CPU_WriteMem(4 bytes @ 0xE000ED88)
T18D4 1054:406.118   CoreSight components:
T18D4 1054:406.159   ROMTbl[0] @ E00FF000
T18D4 1054:406.173   CPU_ReadMem(64 bytes @ 0xE00FF000)
T18D4 1054:407.326   CPU_ReadMem(32 bytes @ 0xE000EFE0)
T18D4 1054:408.052   ROMTbl[0][0]: E000E000, CID: B105E00D, PID: 000BB000 SCS
T18D4 1054:408.069   CPU_WriteMem(4 bytes @ 0xE0001000)
T18D4 1054:408.470   CPU_ReadMem(32 bytes @ 0xE0001FE0)
T18D4 1054:409.098   ROMTbl[0][1]: E0001000, CID: B105E00D, PID: 003BB002 DWT
T18D4 1054:409.115   CPU_ReadMem(32 bytes @ 0xE0002FE0)
T18D4 1054:409.819   ROMTbl[0][2]: E0002000, CID: B105E00D, PID: 002BB003 FPB
T18D4 1054:409.838   CPU_ReadMem(32 bytes @ 0xE0000FE0)
T18D4 1054:410.537   ROMTbl[0][3]: E0000000, CID: B105E00D, PID: 003BB001 ITM
T18D4 1054:410.556   CPU_ReadMem(32 bytes @ 0xE0040FE0)
T18D4 1054:411.246   ROMTbl[0][4]: E0040000, CID: B105900D, PID: 000BB9A1 TPIU
T18D4 1054:411.287   JLINK_Reset()
T18D4 1054:411.826     CPU_ReadMem(16 bytes @ 0x20000000)
T18D4 1054:412.377     CPU_WriteMem(16 bytes @ 0x20000000)
T18D4 1054:412.918     CPU_ReadMem(4 bytes @ 0xE000EDFC)
T18D4 1054:413.392     CPU_WriteMem(4 bytes @ 0xE000EDFC)
T18D4 1054:413.789     CPU_ReadMem(4 bytes @ 0xE0001000)
T18D4 1054:430.367     CPU_WriteMem(4 bytes @ 0xE000EDFC)
T18D4 1054:431.123     CPU_WriteMem(16 bytes @ 0x20000000)
T18D4 1054:435.638     CPU_WriteMem(4 bytes @ 0xE0002000)
T18D4 1054:436.191     CPU_ReadMem(4 bytes @ 0xE000EDFC)
T18D4 1054:436.995     CPU_ReadMem(4 bytes @ 0xE0001000)
T18D4 1054:437.801   - 26.537ms
T18D4 1054:437.835   JLINK_Go()
T18D4 1054:437.849     CPU_ReadMem(4 bytes @ 0xE0001000)
T18D4 1054:438.412     CPU_WriteMem(4 bytes @ 0xE0001004)
T18D4 1054:439.535   - 1.715ms
T18D4 1054:439.556 - 54.096ms
T18D4 1054:452.751 JLINK_Close()
T18D4 1054:464.595 - 11.872ms
T18D4 1054:464.630   
T18D4 1054:464.642   Closed
